Log file open, 09/06/17 16:11:02
LogInit:Display: Running engine for game: LIF_TG
LogPlatformFile: Not using cached read wrapper
LogInit:Display: RandInit(-69905095) SRandInit(-69905092).
LogTaskGraph: Started task graph with 4 named threads and 7 total threads with 1 sets of task threads.
LogStats: Stats thread started at 0.237560
LogInit: Version: 4.12.5-3039270+++UE4+Release-4.12
LogInit: API Version: 2992821
LogInit: Net Version: 3039270
LogDevObjectVersion: Number of dev versions registered: 13
LogDevObjectVersion:   Dev-Blueprints (B0D832E4-1F89-4F0D-ACCF-7EB736FD4AA2): 3
LogDevObjectVersion:   Dev-Build (E1C64328-A22C-4D53-A36C-8E866417BD8C): 0
LogDevObjectVersion:   Dev-Core (375EC13C-06E4-48FB-B500-84F0262A717E): 1
LogDevObjectVersion:   Dev-Editor (E4B068ED-F494-42E9-A231-DA0B2E46BB41): 2
LogDevObjectVersion:   Dev-Framework (CFFC743F-43B0-4480-9391-14DF171D2073): 6
LogDevObjectVersion:   Dev-Mobile (B02B49B5-BB20-44E9-A304-32B752E40360): 0
LogDevObjectVersion:   Dev-Networking (A4E4105C-59A1-49B5-A7C5-40C4547EDFEE): 0
LogDevObjectVersion:   Dev-Online (39C831C9-5AE6-47DC-9A44-9C173E1C8E7C): 0
LogDevObjectVersion:   Dev-Physics (78F01B33-EBEA-4F98-B9B4-84EACCB95AA2): 0
LogDevObjectVersion:   Dev-Platform (6631380F-2D4D-43E0-8009-CF276956A95A): 0
LogDevObjectVersion:   Dev-Rendering (12F88B9F-8875-4AFC-A67C-D90C383ABD29): 2
LogDevObjectVersion:   Dev-Sequencer (7B5AE74C-D270-4C10-A958-57980B212A5A): 0
LogDevObjectVersion:   Dev-VR (D7296918-1DD6-4BDD-9DE2-64A83CC13884): 0
LogInit: Compiled (64-bit): Jul  6 2016 09:09:46
LogInit: Compiled with Visual C++: 19.00.23026.00
LogInit: Build Configuration: Development
LogInit: Branch Name: ++UE4+Release-4.12
LogInit: Command line:  
LogInit: Base directory: C:/Program Files/Epic Games/UE_4.12/Engine/Binaries/Win64/
LogInit: Installed Engine Build: 1
LogInit: Using libcurl 7.41.0
LogInit:  - built for x86_64-pc-win32
LogInit:  - supports SSL with WinSSL
LogInit:  - other features:
LogInit:      CURL_VERSION_SSL
LogInit:      CURL_VERSION_IPV6
LogInit:      CURL_VERSION_ASYNCHDNS
LogInit:      CURL_VERSION_LARGEFILE
LogInit:      CURL_VERSION_IDN
LogInit:  CurlRequestOptions (configurable via config and command line):
LogInit:  - bVerifyPeer = true  - Libcurl will verify peer certificate
LogInit:  - bUseHttpProxy = false  - Libcurl will NOT use HTTP proxy
LogInit:  - bDontReuseConnections = false  - Libcurl will reuse connections
LogInit:  - CertBundlePath = nullptr  - Libcurl will use whatever was configured at build time.
LogInit: Presizing for max 8388607 objects, including 0 objects not considered by GC, pre-allocating 0 bytes for permanent pool.
LogInit: Object subsystem initialized
[2017.09.06-21.11.02:518][  0]LogInit: Selected Device Profile: [Windows]
[2017.09.06-21.11.02:518][  0]LogInit: Applying CVar settings loaded from the selected device profile: [Windows]
[2017.09.06-21.11.02:603][  0]LogInit: Computer: ACDEC
[2017.09.06-21.11.02:603][  0]LogInit: User: estebancarranza
[2017.09.06-21.11.02:603][  0]LogInit: CPU Page size=65536, Cores=4
[2017.09.06-21.11.02:603][  0]LogInit: High frequency timer resolution =1.852018 MHz
[2017.09.06-21.11.02:603][  0]LogMemory: Memory total: Physical=10.9GB (11GB approx)
[2017.09.06-21.11.02:603][  0]LogMemory: Platform Memory Stats for Windows
[2017.09.06-21.11.02:603][  0]LogMemory: Process Physical Memory: 188.78 MB used, 188.78 MB peak
[2017.09.06-21.11.02:603][  0]LogMemory: Process Virtual Memory: 194.85 MB used, 194.85 MB peak
[2017.09.06-21.11.02:603][  0]LogMemory: Physical Memory: 5583.32 MB used, 11210.26 MB total
[2017.09.06-21.11.02:603][  0]LogMemory: Virtual Memory: 531.33 MB used, 134217728.00 MB total
[2017.09.06-21.11.04:046][  0]LogD3D11RHI: D3D11 adapters:
[2017.09.06-21.11.04:082][  0]LogD3D11RHI:    0. 'AMD Radeon(TM) R6 Graphics' (Feature Level 11_0)
[2017.09.06-21.11.04:082][  0]LogD3D11RHI:       989/0/3840 MB DedicatedVideo/DedicatedSystem/SharedSystem, Outputs:2, VendorId:0x1002
[2017.09.06-21.11.04:086][  0]LogD3D11RHI:    1. 'Microsoft Basic Render Driver' (Feature Level 11_0)
[2017.09.06-21.11.04:086][  0]LogD3D11RHI:       0/0/256 MB DedicatedVideo/DedicatedSystem/SharedSystem, Outputs:0, VendorId:0x1414
[2017.09.06-21.11.04:086][  0]LogD3D11RHI: Chosen D3D11 Adapter: 0
[2017.09.06-21.11.04:101][  0]LogD3D11RHI: Creating new Direct3DDevice
[2017.09.06-21.11.04:101][  0]LogD3D11RHI:     GPU DeviceId: 0x130a (for the marketing name, search the web for "GPU Device Id")
[2017.09.06-21.11.04:101][  0]LogWindows: EnumDisplayDevices:
[2017.09.06-21.11.04:101][  0]LogWindows:    0. 'AMD Radeon(TM) R6 Graphics' (P:1 D:1)
[2017.09.06-21.11.04:102][  0]LogWindows:    1. 'AMD Radeon(TM) R6 Graphics' (P:0 D:1)
[2017.09.06-21.11.04:103][  0]LogWindows:    2. 'AMD Radeon(TM) R6 Graphics' (P:0 D:0)
[2017.09.06-21.11.04:104][  0]LogWindows:    3. 'AMD Radeon(TM) R6 Graphics' (P:0 D:0)
[2017.09.06-21.11.04:105][  0]LogWindows: DebugString: FoundDriverCount:4 
[2017.09.06-21.11.04:105][  0]LogD3D11RHI:     Adapter Name: AMD Radeon(TM) R6 Graphics
[2017.09.06-21.11.04:105][  0]LogD3D11RHI:   Driver Version: Crimson ReLive 16.12.2 (internal:21.19.407.0, unified:21.19.407.0)
[2017.09.06-21.11.04:105][  0]LogD3D11RHI:      Driver Date: 12-23-2016
[2017.09.06-21.11.04:105][  0]LogRHI: Texture pool is 692 MB (70% of 989 MB)
[2017.09.06-21.11.04:132][  0]LogD3D11RHI: Async texture creation disabled: no driver support
[2017.09.06-21.11.04:150][  0]LogD3D11RHI: GPU Timing Frequency: 100.000000 (Debug: 2 1)
[2017.09.06-21.11.04:151][  0]LogShaderCompilers: Guid format shader working directory is -33 characters bigger than the processId version (../../../../../../Users/esteban.carranza/Twicky_LIF_The_Game/SharePoint/LIF/Lif/LIF_TG/Intermediate/Shaders/WorkingDirectory/2520/).
[2017.09.06-21.11.04:152][  0]LogShaderCompilers: Cleaned the shader compiler working directory 'C:/Users/ESTEBA~1.CAR/AppData/Local/Temp/UnrealShaderWorkingDir/1F8D738F47D09E74587319BB3A1C83B5/'.
[2017.09.06-21.11.04:152][  0]LogShaderCompilers:Display: Using Local Shader Compiler.
[2017.09.06-21.11.07:825][  0]LogTemp:Display: Loaded TP AllDesktopTargetPlatform
[2017.09.06-21.11.07:857][  0]LogTemp:Display: Loaded TP WindowsClientTargetPlatform
[2017.09.06-21.11.07:895][  0]LogTemp:Display: Loaded TP WindowsNoEditorTargetPlatform
[2017.09.06-21.11.07:933][  0]LogTemp:Display: Loaded TP WindowsServerTargetPlatform
[2017.09.06-21.11.07:972][  0]LogTemp:Display: Loaded TP WindowsTargetPlatform
[2017.09.06-21.11.08:011][  0]LogTemp:Display: Loaded TP AndroidTargetPlatform
[2017.09.06-21.11.08:047][  0]LogTemp:Display: Loaded TP Android_ASTCTargetPlatform
[2017.09.06-21.11.08:084][  0]LogTemp:Display: Loaded TP Android_ATCTargetPlatform
[2017.09.06-21.11.08:131][  0]LogTemp:Display: Loaded TP Android_DXTTargetPlatform
[2017.09.06-21.11.08:183][  0]LogTemp:Display: Loaded TP Android_ETC1TargetPlatform
[2017.09.06-21.11.08:225][  0]LogTemp:Display: Loaded TP Android_ETC2TargetPlatform
[2017.09.06-21.11.08:300][  0]LogTemp:Display: Loaded TP Android_MultiTargetPlatform
[2017.09.06-21.11.08:300][  0]LogTemp:Display: Loaded TP Android_PVRTCTargetPlatform
[2017.09.06-21.11.08:306][  0]LogTemp:Display: Loaded TP HTML5TargetPlatform
[2017.09.06-21.11.08:378][  0]LogTemp:Display: Loaded TP IOSTargetPlatform
[2017.09.06-21.11.08:418][  0]LogTemp:Display: Loaded TP TVOSTargetPlatform
[2017.09.06-21.11.08:449][  0]LogTemp:Display: Loaded TP LinuxNoEditorTargetPlatform
[2017.09.06-21.11.08:484][  0]LogTemp:Display: Loaded TP LinuxServerTargetPlatform
[2017.09.06-21.11.08:521][  0]LogTemp:Display: Loaded TP LinuxTargetPlatform
[2017.09.06-21.11.08:521][  0]LogTargetPlatformManager:Display: Building Assets For Windows
[2017.09.06-21.11.08:886][  0]LogDerivedDataCache:Display: Max Cache Size: 512 MB
[2017.09.06-21.11.09:099][  0]LogDerivedDataCache: Loaded boot cache 0.21s 48MB C:/Users/esteban.carranza/AppData/Local/UnrealEngine/4.12/DerivedDataCache/Boot.ddc.
[2017.09.06-21.11.09:101][  0]LogDerivedDataCache:Display: Loaded Boot cache: C:/Users/esteban.carranza/AppData/Local/UnrealEngine/4.12/DerivedDataCache/Boot.ddc
[2017.09.06-21.11.09:102][  0]LogDerivedDataCache: FDerivedDataBackendGraph:  Pak pak cache file ../../../../../../Users/esteban.carranza/Twicky_LIF_The_Game/SharePoint/LIF/Lif/LIF_TG/DerivedDataCache/DDC.ddp not found, will not use a pak cache.
[2017.09.06-21.11.09:102][  0]LogDerivedDataCache: Unable to find inner node Pak for hierarchical cache Hierarchy.
[2017.09.06-21.11.09:102][  0]LogDerivedDataCache: FDerivedDataBackendGraph:  CompressedPak pak cache file ../../../../../../Users/esteban.carranza/Twicky_LIF_The_Game/SharePoint/LIF/Lif/LIF_TG/DerivedDataCache/Compressed.ddp not found, will not use a pak cache.
[2017.09.06-21.11.09:102][  0]LogDerivedDataCache: Unable to find inner node CompressedPak for hierarchical cache Hierarchy.
[2017.09.06-21.11.09:150][  0]LogDerivedDataCache:Display: Pak cache opened for reading ../../../Engine/DerivedDataCache/Compressed.ddp.
[2017.09.06-21.11.09:166][  0]LogDerivedDataCache: Using Local data cache path C:/Users/esteban.carranza/AppData/Local/UnrealEngine/Common/DerivedDataCache: Writable
[2017.09.06-21.11.09:838][  0]LogInit: Selected Device Profile: [Windows]
[2017.09.06-21.11.09:839][  0]LogContentStreaming: Texture pool size is 0.00 MB
[2017.09.06-21.11.10:517][  0]LogMeshUtilities: No automatic mesh reduction module available
[2017.09.06-21.11.10:517][  0]LogMeshUtilities: No automatic mesh merging module available
[2017.09.06-21.11.10:517][  0]LogMeshUtilities: No distributed automatic mesh merging module available
[2017.09.06-21.11.11:555][  0]LogAssetRegistry: FAssetRegistry took 0.0240 seconds to start up
[2017.09.06-21.11.11:666][  0]LogPackageLocalizationCache: Processed 3 localized package path(s) for 1 prioritized culture(s) in 0.097031 seconds
[2017.09.06-21.11.11:687][  0]LogUObjectArray: 28739 objects as part of root set at end of initial load.
[2017.09.06-21.11.11:688][  0]LogUObjectAllocator: 5855624 out of 0 bytes used by permanent object pool.
[2017.09.06-21.11.11:688][  0]LogUObjectArray: CloseDisregardForGC: 0/0 objects in disregard for GC pool
[2017.09.06-21.11.11:733][  0]LogInit: WinSock: version 1.1 (2.2), MaxSocks=32767, MaxUdp=65467
[2017.09.06-21.11.12:552][  0]LogSlate: SlateFontCache - WITH_FREETYPE: 1, WITH_HARFBUZZ: 1
[2017.09.06-21.11.12:552][  0]LogSlate: SlateFontCache - WITH_FREETYPE: 1, WITH_HARFBUZZ: 1
[2017.09.06-21.11.16:345][  0]LogUdpMessaging: Initializing bridge on interface 0.0.0.0:0 to multicast group 230.0.0.1:6666.
[2017.09.06-21.11.17:242][  0]SourceControl: Info Source control is disabled
[2017.09.06-21.11.17:246][  0]SourceControl: Info Source control is disabled
[2017.09.06-21.11.17:287][  0]SourceControl: Info Source control is disabled
[2017.09.06-21.11.17:328][  0]SourceControl: Info Source control is disabled
[2017.09.06-21.11.18:271][  0]LogEngine: Initializing Engine...
[2017.09.06-21.11.18:274][  0]LogHMD: SteamVR failed to initialize.  Err: 110
[2017.09.06-21.11.18:278][  0]LogHMD: SteamVR failed to initialize.  Err: 110
[2017.09.06-21.11.18:866][  0]LogAIModule: Creating AISystem for world NewWorld
[2017.09.06-21.11.18:880][  0]LogInit: XAudio2 using 'Altavoces (Realtek High Definition Audio)' : 2 channels at 48 kHz using 32 bits per sample (channel mask 0x3)
[2017.09.06-21.11.18:915][  0]LogInit: FAudioDevice initialized.
[2017.09.06-21.11.19:027][  0]LogDerivedDataCache: Saved boot cache 0.11s 48MB C:/Users/esteban.carranza/AppData/Local/UnrealEngine/4.12/DerivedDataCache/Boot.ddc.
[2017.09.06-21.11.19:053][  0]LogInit: Texture streaming: Enabled
[2017.09.06-21.11.19:177][  0]LogInit: Transaction tracking system initialized
[2017.09.06-21.11.19:314][  0]BlueprintLog: New page: Editor Load
[2017.09.06-21.11.19:762][  0]LocalizationService: Info Localization service is disabled
[2017.09.06-21.11.22:382][  0]LogConsoleResponse:Display: 
[2017.09.06-21.11.22:810][  0]LogCook:Display: Max memory allowance for cook 8192mb
[2017.09.06-21.11.22:811][  0]LogCook:Display: Mobile HDR setting 1
[2017.09.06-21.11.22:999][  0]LogFileCache: Scanning file cache for directory 'C:/Users/esteban.carranza/Twicky_LIF_The_Game/SharePoint/LIF/Lif/LIF_TG/Content/' took 0.03s
[2017.09.06-21.11.23:325][  0]SourceControl: Info Source control is disabled
[2017.09.06-21.11.23:325][  0]Cmd: MAP LOAD FILE="../../../../../../Users/esteban.carranza/Twicky_LIF_The_Game/SharePoint/LIF/Lif/LIF_TG/Content/Proyecto/Menu/Main_Menu.umap" TEMPLATE=0 SHOWPROGRESS=1 FEATURELEVEL=3
[2017.09.06-21.11.23:327][  0]LightingResults: New page: Lighting Build
[2017.09.06-21.11.23:339][  0]MapCheck: New page: Map Check
[2017.09.06-21.11.23:339][  0]LightingResults: New page: Lighting Build
[2017.09.06-21.11.26:480][  0]LogLinker:Warning: Can't find file '/Game/Proyecto/imagenes_con_licencia/Grass_e68_500x500/Grass_3004322071_69bedc5e68_o_500x500'
[2017.09.06-21.11.26:480][  0]LogLinker:Warning: Can't find file for asset '/Game/Proyecto/imagenes_con_licencia/Grass_e68_500x500/Grass_3004322071_69bedc5e68_o_500x500' while loading ../../../../../../Users/esteban.carranza/Twicky_LIF_The_Game/SharePoint/LIF/Lif/LIF_TG/Content/Proyecto/Menu/MenuPrincipal.uasset.
[2017.09.06-21.11.26:480][  0]LoadErrors:Error: Error /Game/Proyecto/Menu/MenuPrincipal : Can't find file for asset. /Game/Proyecto/imagenes_con_licencia/Grass_e68_500x500/Grass_3004322071_69bedc5e68_o_500x500
[2017.09.06-21.11.26:481][  0]LogLinker:Warning: Can't find file '/Game/Proyecto/imagenes_con_licencia/Ground_38f_500x500/Ground_3088247128_e5ebfc738f_o_500x500'
[2017.09.06-21.11.26:481][  0]LogLinker:Warning: Can't find file for asset '/Game/Proyecto/imagenes_con_licencia/Ground_38f_500x500/Ground_3088247128_e5ebfc738f_o_500x500' while loading ../../../../../../Users/esteban.carranza/Twicky_LIF_The_Game/SharePoint/LIF/Lif/LIF_TG/Content/Proyecto/Menu/MenuPrincipal.uasset.
[2017.09.06-21.11.26:482][  0]LoadErrors:Error: Error /Game/Proyecto/Menu/MenuPrincipal : Can't find file for asset. /Game/Proyecto/imagenes_con_licencia/Ground_38f_500x500/Ground_3088247128_e5ebfc738f_o_500x500
[2017.09.06-21.11.26:482][  0]LogLinker:Warning: Can't find file '/Game/Proyecto/imagenes_con_licencia/Playground_Ground_Cover_Texture_500x500/Playground_Ground_Cover_Texture'
[2017.09.06-21.11.26:483][  0]LogLinker:Warning: Can't find file for asset '/Game/Proyecto/imagenes_con_licencia/Playground_Ground_Cover_Texture_500x500/Playground_Ground_Cover_Texture' while loading ../../../../../../Users/esteban.carranza/Twicky_LIF_The_Game/SharePoint/LIF/Lif/LIF_TG/Content/Proyecto/Menu/MenuPrincipal.uasset.
[2017.09.06-21.11.26:483][  0]LoadErrors:Error: Error /Game/Proyecto/Menu/MenuPrincipal : Can't find file for asset. /Game/Proyecto/imagenes_con_licencia/Playground_Ground_Cover_Texture_500x500/Playground_Ground_Cover_Texture
[2017.09.06-21.11.26:512][  0]LogLinker:Warning: Can't find file '/Game/Proyecto/imagenes_con_licencia/Grass_e68_500x500/Grass_3004322071_69bedc5e68_o_500x500'
[2017.09.06-21.11.26:512][  0]LogLinker:Warning: Can't find file for asset '/Game/Proyecto/imagenes_con_licencia/Grass_e68_500x500/Grass_3004322071_69bedc5e68_o_500x500' while loading ../../../../../../Users/esteban.carranza/Twicky_LIF_The_Game/SharePoint/LIF/Lif/LIF_TG/Content/Proyecto/Menu/MenuPrincipal.uasset.
[2017.09.06-21.11.26:512][  0]LoadErrors:Error: Error /Game/Proyecto/Menu/MenuPrincipal : Can't find file for asset. /Game/Proyecto/imagenes_con_licencia/Grass_e68_500x500/Grass_3004322071_69bedc5e68_o_500x500
[2017.09.06-21.11.26:513][  0]LogLinker:Warning: Can't find file '/Game/Proyecto/imagenes_con_licencia/Ground_38f_500x500/Ground_3088247128_e5ebfc738f_o_500x500'
[2017.09.06-21.11.26:513][  0]LogLinker:Warning: Can't find file for asset '/Game/Proyecto/imagenes_con_licencia/Ground_38f_500x500/Ground_3088247128_e5ebfc738f_o_500x500' while loading ../../../../../../Users/esteban.carranza/Twicky_LIF_The_Game/SharePoint/LIF/Lif/LIF_TG/Content/Proyecto/Menu/MenuPrincipal.uasset.
[2017.09.06-21.11.26:513][  0]LoadErrors:Error: Error /Game/Proyecto/Menu/MenuPrincipal : Can't find file for asset. /Game/Proyecto/imagenes_con_licencia/Ground_38f_500x500/Ground_3088247128_e5ebfc738f_o_500x500
[2017.09.06-21.11.26:514][  0]LogLinker:Warning: Can't find file '/Game/Proyecto/imagenes_con_licencia/Playground_Ground_Cover_Texture_500x500/Playground_Ground_Cover_Texture'
[2017.09.06-21.11.26:514][  0]LogLinker:Warning: Can't find file for asset '/Game/Proyecto/imagenes_con_licencia/Playground_Ground_Cover_Texture_500x500/Playground_Ground_Cover_Texture' while loading ../../../../../../Users/esteban.carranza/Twicky_LIF_The_Game/SharePoint/LIF/Lif/LIF_TG/Content/Proyecto/Menu/MenuPrincipal.uasset.
[2017.09.06-21.11.26:514][  0]LoadErrors:Error: Error /Game/Proyecto/Menu/MenuPrincipal : Can't find file for asset. /Game/Proyecto/imagenes_con_licencia/Playground_Ground_Cover_Texture_500x500/Playground_Ground_Cover_Texture
[2017.09.06-21.11.26:526][  0]LogLinker:Warning: Can't find file '/Game/Proyecto/imagenes_con_licencia/Grass_e68_500x500/Grass_3004322071_69bedc5e68_o_500x500'
[2017.09.06-21.11.26:527][  0]LogLinker:Warning: Can't find file for asset '/Game/Proyecto/imagenes_con_licencia/Grass_e68_500x500/Grass_3004322071_69bedc5e68_o_500x500' while loading ../../../../../../Users/esteban.carranza/Twicky_LIF_The_Game/SharePoint/LIF/Lif/LIF_TG/Content/Proyecto/Menu/Main_Menu.umap.
[2017.09.06-21.11.26:528][  0]LoadErrors:Error: Error /Game/Proyecto/Menu/Main_Menu : Can't find file for asset. /Game/Proyecto/imagenes_con_licencia/Grass_e68_500x500/Grass_3004322071_69bedc5e68_o_500x500
[2017.09.06-21.11.26:528][  0]LogLinker:Warning: Can't find file '/Game/Proyecto/imagenes_con_licencia/Ground_38f_500x500/Ground_3088247128_e5ebfc738f_o_500x500'
[2017.09.06-21.11.26:530][  0]LogLinker:Warning: Can't find file for asset '/Game/Proyecto/imagenes_con_licencia/Ground_38f_500x500/Ground_3088247128_e5ebfc738f_o_500x500' while loading ../../../../../../Users/esteban.carranza/Twicky_LIF_The_Game/SharePoint/LIF/Lif/LIF_TG/Content/Proyecto/Menu/Main_Menu.umap.
[2017.09.06-21.11.26:530][  0]LoadErrors:Error: Error /Game/Proyecto/Menu/Main_Menu : Can't find file for asset. /Game/Proyecto/imagenes_con_licencia/Ground_38f_500x500/Ground_3088247128_e5ebfc738f_o_500x500
[2017.09.06-21.11.26:531][  0]LogLinker:Warning: Can't find file '/Game/Proyecto/imagenes_con_licencia/Playground_Ground_Cover_Texture_500x500/Playground_Ground_Cover_Texture'
[2017.09.06-21.11.26:532][  0]LogLinker:Warning: Can't find file for asset '/Game/Proyecto/imagenes_con_licencia/Playground_Ground_Cover_Texture_500x500/Playground_Ground_Cover_Texture' while loading ../../../../../../Users/esteban.carranza/Twicky_LIF_The_Game/SharePoint/LIF/Lif/LIF_TG/Content/Proyecto/Menu/Main_Menu.umap.
[2017.09.06-21.11.26:532][  0]LoadErrors:Error: Error /Game/Proyecto/Menu/Main_Menu : Can't find file for asset. /Game/Proyecto/imagenes_con_licencia/Playground_Ground_Cover_Texture_500x500/Playground_Ground_Cover_Texture
[2017.09.06-21.11.26:533][  0]LogLinker:Warning: Can't find file '/Game/Proyecto/imagenes_con_licencia/Grass_e68_500x500/Grass_3004322071_69bedc5e68_o_500x500'
[2017.09.06-21.11.26:533][  0]LogLinker:Warning: Can't find file for asset '/Game/Proyecto/imagenes_con_licencia/Grass_e68_500x500/Grass_3004322071_69bedc5e68_o_500x500' while loading ../../../../../../Users/esteban.carranza/Twicky_LIF_The_Game/SharePoint/LIF/Lif/LIF_TG/Content/Proyecto/Menu/Main_Menu.umap.
[2017.09.06-21.11.26:534][  0]LoadErrors:Error: Error /Game/Proyecto/Menu/Main_Menu : Can't find file for asset. /Game/Proyecto/imagenes_con_licencia/Grass_e68_500x500/Grass_3004322071_69bedc5e68_o_500x500
[2017.09.06-21.11.26:534][  0]LogLinker:Warning: Can't find file '/Game/Proyecto/imagenes_con_licencia/Ground_38f_500x500/Ground_3088247128_e5ebfc738f_o_500x500'
[2017.09.06-21.11.26:534][  0]LogLinker:Warning: Can't find file for asset '/Game/Proyecto/imagenes_con_licencia/Ground_38f_500x500/Ground_3088247128_e5ebfc738f_o_500x500' while loading ../../../../../../Users/esteban.carranza/Twicky_LIF_The_Game/SharePoint/LIF/Lif/LIF_TG/Content/Proyecto/Menu/Main_Menu.umap.
[2017.09.06-21.11.26:535][  0]LoadErrors:Error: Error /Game/Proyecto/Menu/Main_Menu : Can't find file for asset. /Game/Proyecto/imagenes_con_licencia/Ground_38f_500x500/Ground_3088247128_e5ebfc738f_o_500x500
[2017.09.06-21.11.26:535][  0]LogLinker:Warning: Can't find file '/Game/Proyecto/imagenes_con_licencia/Playground_Ground_Cover_Texture_500x500/Playground_Ground_Cover_Texture'
[2017.09.06-21.11.26:535][  0]LogLinker:Warning: Can't find file for asset '/Game/Proyecto/imagenes_con_licencia/Playground_Ground_Cover_Texture_500x500/Playground_Ground_Cover_Texture' while loading ../../../../../../Users/esteban.carranza/Twicky_LIF_The_Game/SharePoint/LIF/Lif/LIF_TG/Content/Proyecto/Menu/Main_Menu.umap.
[2017.09.06-21.11.26:536][  0]LoadErrors:Error: Error /Game/Proyecto/Menu/Main_Menu : Can't find file for asset. /Game/Proyecto/imagenes_con_licencia/Playground_Ground_Cover_Texture_500x500/Playground_Ground_Cover_Texture
[2017.09.06-21.11.26:605][  0]LogLinker:Warning: Can't find file '/Game/Proyecto/imagenes_con_licencia/Playground_Ground_Cover_Texture_500x500/Playground_Ground_Cover_Texture'
[2017.09.06-21.11.26:605][  0]LoadErrors: Info Failed to load /Game/Proyecto/imagenes_con_licencia/Playground_Ground_Cover_Texture_500x500/Playground_Ground_Cover_Texture.Playground_Ground_Cover_Texture Referenced by Image_0
[2017.09.06-21.11.26:606][  0]LogLinker:Warning: Can't find file for asset '/Game/Proyecto/imagenes_con_licencia/Playground_Ground_Cover_Texture_500x500/Playground_Ground_Cover_Texture' while loading ../../../../../../Users/esteban.carranza/Twicky_LIF_The_Game/SharePoint/LIF/Lif/LIF_TG/Content/Proyecto/Menu/Main_Menu.umap.
[2017.09.06-21.11.26:607][  0]LoadErrors: Info Failed to load /Game/Proyecto/imagenes_con_licencia/Playground_Ground_Cover_Texture_500x500/Playground_Ground_Cover_Texture.Playground_Ground_Cover_Texture Referenced by Image_0
[2017.09.06-21.11.26:607][  0]LoadErrors:Error: Error /Game/Proyecto/Menu/Main_Menu : Can't find file for asset. /Game/Proyecto/imagenes_con_licencia/Playground_Ground_Cover_Texture_500x500/Playground_Ground_Cover_Texture
[2017.09.06-21.11.26:616][  0]LogLinker:Warning: Can't find file '/Game/Proyecto/imagenes_con_licencia/Ground_38f_500x500/Ground_3088247128_e5ebfc738f_o_500x500'
[2017.09.06-21.11.26:616][  0]LoadErrors: Info Failed to load /Game/Proyecto/imagenes_con_licencia/Ground_38f_500x500/Ground_3088247128_e5ebfc738f_o_500x500.Ground_3088247128_e5ebfc738f_o_500x500 Referenced by Image_80
[2017.09.06-21.11.26:617][  0]LogLinker:Warning: Can't find file for asset '/Game/Proyecto/imagenes_con_licencia/Ground_38f_500x500/Ground_3088247128_e5ebfc738f_o_500x500' while loading ../../../../../../Users/esteban.carranza/Twicky_LIF_The_Game/SharePoint/LIF/Lif/LIF_TG/Content/Proyecto/Menu/Main_Menu.umap.
[2017.09.06-21.11.26:617][  0]LoadErrors: Info Failed to load /Game/Proyecto/imagenes_con_licencia/Ground_38f_500x500/Ground_3088247128_e5ebfc738f_o_500x500.Ground_3088247128_e5ebfc738f_o_500x500 Referenced by Image_80
[2017.09.06-21.11.26:617][  0]LoadErrors:Error: Error /Game/Proyecto/Menu/Main_Menu : Can't find file for asset. /Game/Proyecto/imagenes_con_licencia/Ground_38f_500x500/Ground_3088247128_e5ebfc738f_o_500x500
[2017.09.06-21.11.26:622][  0]LogLinker:Warning: Can't find file '/Game/Proyecto/imagenes_con_licencia/Grass_e68_500x500/Grass_3004322071_69bedc5e68_o_500x500'
[2017.09.06-21.11.26:622][  0]LoadErrors: Info Failed to load /Game/Proyecto/imagenes_con_licencia/Grass_e68_500x500/Grass_3004322071_69bedc5e68_o_500x500.Grass_3004322071_69bedc5e68_o_500x500 Referenced by Image_83
[2017.09.06-21.11.26:623][  0]LogLinker:Warning: Can't find file for asset '/Game/Proyecto/imagenes_con_licencia/Grass_e68_500x500/Grass_3004322071_69bedc5e68_o_500x500' while loading ../../../../../../Users/esteban.carranza/Twicky_LIF_The_Game/SharePoint/LIF/Lif/LIF_TG/Content/Proyecto/Menu/Main_Menu.umap.
[2017.09.06-21.11.26:624][  0]LoadErrors: Info Failed to load /Game/Proyecto/imagenes_con_licencia/Grass_e68_500x500/Grass_3004322071_69bedc5e68_o_500x500.Grass_3004322071_69bedc5e68_o_500x500 Referenced by Image_83
[2017.09.06-21.11.26:624][  0]LoadErrors:Error: Error /Game/Proyecto/Menu/Main_Menu : Can't find file for asset. /Game/Proyecto/imagenes_con_licencia/Grass_e68_500x500/Grass_3004322071_69bedc5e68_o_500x500
[2017.09.06-21.11.27:237][  0]LogLinker:Warning: Can't find file '/Game/Proyecto/imagenes_con_licencia/Playground_Ground_Cover_Texture_500x500/Playground_Ground_Cover_Texture'
[2017.09.06-21.11.27:237][  0]LoadErrors: Info Failed to load /Game/Proyecto/imagenes_con_licencia/Playground_Ground_Cover_Texture_500x500/Playground_Ground_Cover_Texture.Playground_Ground_Cover_Texture Referenced by Image_0
[2017.09.06-21.11.27:238][  0]LogLinker:Warning: Can't find file for asset '/Game/Proyecto/imagenes_con_licencia/Playground_Ground_Cover_Texture_500x500/Playground_Ground_Cover_Texture' while loading NULL.
[2017.09.06-21.11.27:238][  0]LoadErrors: Info Failed to load /Game/Proyecto/imagenes_con_licencia/Playground_Ground_Cover_Texture_500x500/Playground_Ground_Cover_Texture.Playground_Ground_Cover_Texture Referenced by Image_0
[2017.09.06-21.11.27:244][  0]LogLinker:Warning: Can't find file '/Game/Proyecto/imagenes_con_licencia/Ground_38f_500x500/Ground_3088247128_e5ebfc738f_o_500x500'
[2017.09.06-21.11.27:245][  0]LoadErrors: Info Failed to load /Game/Proyecto/imagenes_con_licencia/Ground_38f_500x500/Ground_3088247128_e5ebfc738f_o_500x500.Ground_3088247128_e5ebfc738f_o_500x500 Referenced by Image_80
[2017.09.06-21.11.27:245][  0]LogLinker:Warning: Can't find file for asset '/Game/Proyecto/imagenes_con_licencia/Ground_38f_500x500/Ground_3088247128_e5ebfc738f_o_500x500' while loading NULL.
[2017.09.06-21.11.27:245][  0]LoadErrors: Info Failed to load /Game/Proyecto/imagenes_con_licencia/Ground_38f_500x500/Ground_3088247128_e5ebfc738f_o_500x500.Ground_3088247128_e5ebfc738f_o_500x500 Referenced by Image_80
[2017.09.06-21.11.27:251][  0]LogLinker:Warning: Can't find file '/Game/Proyecto/imagenes_con_licencia/Grass_e68_500x500/Grass_3004322071_69bedc5e68_o_500x500'
[2017.09.06-21.11.27:251][  0]LoadErrors: Info Failed to load /Game/Proyecto/imagenes_con_licencia/Grass_e68_500x500/Grass_3004322071_69bedc5e68_o_500x500.Grass_3004322071_69bedc5e68_o_500x500 Referenced by Image_83
[2017.09.06-21.11.27:252][  0]LogLinker:Warning: Can't find file for asset '/Game/Proyecto/imagenes_con_licencia/Grass_e68_500x500/Grass_3004322071_69bedc5e68_o_500x500' while loading NULL.
[2017.09.06-21.11.27:252][  0]LoadErrors: Info Failed to load /Game/Proyecto/imagenes_con_licencia/Grass_e68_500x500/Grass_3004322071_69bedc5e68_o_500x500.Grass_3004322071_69bedc5e68_o_500x500 Referenced by Image_83
[2017.09.06-21.11.29:204][  0]LogAIModule: Creating AISystem for world Main_Menu
[2017.09.06-21.11.29:211][  0]LogEditorServer: Finished looking for orphan Actors (0.002 secs)
[2017.09.06-21.11.29:215][  0]Cmd: MAP CHECKDEP NOCLEARLOG
[2017.09.06-21.11.29:736][  0]MapCheck: Info Map check complete: 0 Error(s), 0 Warning(s), took 520.814ms to complete.
[2017.09.06-21.11.29:736][  0]LogFileHelpers: Loading map 'Main_Menu' took 6.411
[2017.09.06-21.11.30:111][  0]LogCollectionManager: Loaded 0 collections in 0.012636 seconds
[2017.09.06-21.11.30:197][  0]LogFileCache: Scanning file cache for directory 'C:/Users/esteban.carranza/Twicky_LIF_The_Game/SharePoint/LIF/Lif/LIF_TG/Saved/Collections/' took 0.01s
[2017.09.06-21.11.30:197][  0]LogFileCache: Scanning file cache for directory 'C:/Users/esteban.carranza/Twicky_LIF_The_Game/SharePoint/LIF/Lif/LIF_TG/Content/Developers/estebancarranza/Collections/' took 0.01s
[2017.09.06-21.11.30:197][  0]LogFileCache: Scanning file cache for directory 'C:/Users/esteban.carranza/Twicky_LIF_The_Game/SharePoint/LIF/Lif/LIF_TG/Content/Collections/' took 0.01s
[2017.09.06-21.11.30:198][  0]LogCollectionManager: Rebuilt the GUID cache for 0 collections in 0.000009 seconds
[2017.09.06-21.11.30:236][  0]LogContentBrowser: Native class hierarchy populated in 0.0379 seconds. Added 2047 classes and 369 folders.
[2017.09.06-21.11.30:254][  0]LogStats: UGameplayTagsManager::ConstructGameplayTagTree: Construct from data asset -  0.000 s
[2017.09.06-21.11.30:255][  0]LogStats: UGameplayTagsManager::ConstructGameplayTagTree: GameplayTagTreeChangedEvent.Broadcast -  0.000 s
[2017.09.06-21.11.30:257][  0]LogContentBrowser: Native class hierarchy updated for 'GameplayTags' in 0.0022 seconds. Added 12 classes and 0 folders.
[2017.09.06-21.11.30:287][  0]LogContentBrowser: Native class hierarchy updated for 'WidgetCarousel' in 0.0014 seconds. Added 0 classes and 0 folders.
[2017.09.06-21.11.30:534][  0]LogContentBrowser: Native class hierarchy updated for 'AddContentDialog' in 0.0017 seconds. Added 0 classes and 0 folders.
[2017.09.06-21.11.30:567][  0]LogContentBrowser: Native class hierarchy updated for 'SceneOutliner' in 0.0014 seconds. Added 1 classes and 2 folders.
[2017.09.06-21.11.30:870][  0]LogCrashTracker: Crashtracker disabled due to settings.
[2017.09.06-21.11.30:942][  0]LogUObjectGlobals:Warning: Failed to find object 'Class None.'
[2017.09.06-21.11.30:995][  0]LogContentBrowser: Native class hierarchy updated for 'HierarchicalLODOutliner' in 0.0020 seconds. Added 1 classes and 2 folders.
[2017.09.06-21.11.30:998][  0]LogLoad: Full Startup: 31.92 seconds (BP compile: 1.48 seconds)
[2017.09.06-21.11.30:998][  0]LogExternalProfiler: No external profilers were discovered.  External profiling features will not be available.
[2017.09.06-21.11.31:342][  0]LogOcInput: OculusInput pre-init called
[2017.09.06-21.11.31:400][  0]LogContentStreaming: Texture pool size now 200 MB
[2017.09.06-21.11.33:014][  5]LogAssetRegistry: Asset discovery search completed in 21.4830 seconds
[2017.09.06-21.11.33:014][  5]LogCollectionManager: Rebuilt the object cache for 0 collections in 0.000002 seconds (found 0 objects)
[2017.09.06-21.11.33:014][  5]LogCollectionManager: Fixed up redirectors for 0 collections in 0.000052 seconds (updated 0 objects)
[2017.09.06-21.12.17:143][173]LogRenderer: Reallocating scene render targets to support 700x340 (Frame:2).
[2017.09.06-21.37.09:302][953]LogContentBrowser: Native class hierarchy updated for 'TextureEditor' in 0.0022 seconds. Added 1 classes and 2 folders.
[2017.09.06-21.45.07:086][743]LogContentBrowser: Native class hierarchy updated for 'BlueprintGraph' in 0.0030 seconds. Added 111 classes and 0 folders.
[2017.09.06-22.18.43:386][807]LogFileHelpers: Editor autosave (incl. sublevels) for '/Game/Proyecto/Menu/Main_Menu' took 0.333
[2017.09.06-22.18.43:410][807]OBJ SavePackage: Generating thumbnails for [1] asset(s) in package [/Game/FirstPersonBP/Blueprints/FirstPersonCharacter] ([1] browsable assets)...
[2017.09.06-22.18.43:453][807]OBJ SavePackage:     Rendered thumbnail for [Blueprint /Game/FirstPersonBP/Blueprints/FirstPersonCharacter.FirstPersonCharacter]
[2017.09.06-22.18.43:453][807]OBJ SavePackage: Finished generating thumbnails for package [/Game/FirstPersonBP/Blueprints/FirstPersonCharacter]
[2017.09.06-22.18.44:836][807]LogSavePackage: Save=1289.53ms
[2017.09.06-22.18.44:836][807]LogSavePackage: Moving '../../../../../../Users/esteban.carranza/Twicky_LIF_The_Game/SharePoint/LIF/Lif/LIF_TG/Saved/FirstPersonCharacter_Auto175249593404AABC695B6A69D228F47DE.tmp' to '../../../../../../Users/esteban.carranza/Twicky_LIF_The_Game/SharePoint/LIF/Lif/LIF_TG/Saved/Autosaves/Game/FirstPersonBP/Blueprints/FirstPersonCharacter_Auto1.uasset'
[2017.09.06-22.18.44:854][807]LogSavePackage:Display: Finished SavePackage ../../../../../../Users/esteban.carranza/Twicky_LIF_The_Game/SharePoint/LIF/Lif/LIF_TG/Saved/Autosaves/Game/FirstPersonBP/Blueprints/FirstPersonCharacter_Auto1.uasset
[2017.09.06-22.18.44:854][807]LogFileHelpers: Auto-saving content packages took 1.465
[2017.09.06-22.55.09:050][ 47]LogAIModule: Creating AISystem for world lvl_GANAR
[2017.09.06-22.55.12:143][ 47]LogSavePackage: Save=1104.60ms
[2017.09.06-22.55.12:143][ 47]LogSavePackage: Moving '../../../../../../Users/esteban.carranza/Twicky_LIF_The_Game/SharePoint/LIF/Lif/LIF_TG/Saved/FirstPersonCharacter44C1B1E94B7F0E76113599B1C4CB7A15.tmp' to '../../../../../../Users/esteban.carranza/Twicky_LIF_The_Game/SharePoint/LIF/Lif/LIF_TG/Content/FirstPersonBP/Blueprints/FirstPersonCharacter.uasset'
[2017.09.06-22.55.12:192][ 47]LogSavePackage:Display: Finished SavePackage ../../../../../../Users/esteban.carranza/Twicky_LIF_The_Game/SharePoint/LIF/Lif/LIF_TG/Content/FirstPersonBP/Blueprints/FirstPersonCharacter.uasset
[2017.09.06-22.55.12:195][ 47]Cmd: MAP LOAD FILE="../../../../../../Users/esteban.carranza/Twicky_LIF_The_Game/SharePoint/LIF/Lif/LIF_TG/Content/Proyecto/Ganaste/lvl_GANAR.umap" TEMPLATE=0 SHOWPROGRESS=1 FEATURELEVEL=3
[2017.09.06-22.55.12:195][ 47]LightingResults: New page: Lighting Build
[2017.09.06-22.55.12:198][ 47]LoadErrors: New page: Loading map: lvl_GANAR.umap
[2017.09.06-22.55.12:199][ 47]MapCheck: New page: Map Check
[2017.09.06-22.55.12:199][ 47]LightingResults: New page: Lighting Build
[2017.09.06-22.55.12:640][ 47]LogEditorServer: Finished looking for orphan Actors (0.000 secs)
[2017.09.06-22.55.12:757][ 47]Cmd: MAP CHECKDEP NOCLEARLOG
[2017.09.06-22.55.13:217][ 47]MapCheck: Info Map check complete: 0 Error(s), 0 Warning(s), took 459.459ms to complete.
[2017.09.06-22.55.13:220][ 47]LogFileHelpers: Loading map 'lvl_GANAR' took 1.027
[2017.09.06-22.55.14:424][ 97]LogText:Warning: Failed to parse argument "GameModeName" as a number (using "0" as a fallback). Please check your format string for errors: "GameMode: Edit {GameModeName}".
[2017.09.06-22.55.14:424][ 97]LogText:Warning: Failed to parse argument "GameModeName" as a number (using "0" as a fallback). Please check your format string for errors: "GameMode: Edit {GameModeName}".
[2017.09.06-23.08.41:406][229]LogWindowsTextInputMethodSystem:Display: IME system now deactivated.
[2017.09.06-23.08.41:915][230]Cmd: QUIT_EDITOR
[2017.09.06-23.08.42:189][230]LogExit: Preparing to exit.
[2017.09.06-23.08.43:631][230]LogExit: Editor shut down
[2017.09.06-23.08.43:632][230]LogExit: Transaction tracking system shut down
[2017.09.06-23.08.44:554][230]LogObj: Freed 0b from 0 cluster array pools.
[2017.09.06-23.08.44:554][230]LogExit: Object subsystem successfully closed.
[2017.09.06-23.08.44:584][230]LogD3D11RHI: Shutdown
[2017.09.06-23.08.44:585][230]LogD3D11RHI: CleanupD3DDevice
[2017.09.06-23.08.44:683][230]LogD3D11RHI: ~FD3D11DynamicRHI
[2017.09.06-23.08.44:779][230]LogModuleManager: Shutting down and abandoning module SequencerWidgets (217)
[2017.09.06-23.08.44:779][230]LogModuleManager: Shutting down and abandoning module BlueprintGraph (216)
[2017.09.06-23.08.44:779][230]LogModuleManager: Shutting down and abandoning module TextureEditor (215)
[2017.09.06-23.08.44:779][230]LogModuleManager: Shutting down and abandoning module HierarchicalLODOutliner (214)
[2017.09.06-23.08.44:779][230]LogModuleManager: Shutting down and abandoning module ExternalImagePicker (213)
[2017.09.06-23.08.44:779][230]LogModuleManager: Shutting down and abandoning module CrashTracker (212)
[2017.09.06-23.08.44:779][230]LogModuleManager: Shutting down and abandoning module SceneOutliner (211)
[2017.09.06-23.08.44:779][230]LogModuleManager: Shutting down and abandoning module WidgetCarousel (210)
[2017.09.06-23.08.44:779][230]LogModuleManager: Shutting down and abandoning module AddContentDialog (209)
[2017.09.06-23.08.44:783][230]LogModuleManager: Shutting down and abandoning module GameplayTags (208)
[2017.09.06-23.08.44:783][230]LogModuleManager: Shutting down and abandoning module EditorWidgets (207)
[2017.09.06-23.08.44:783][230]LogModuleManager: Shutting down and abandoning module CollectionManager (206)
[2017.09.06-23.08.44:784][230]LogModuleManager: Shutting down and abandoning module StatsViewer (205)
[2017.09.06-23.08.44:784][230]LogModuleManager: Shutting down and abandoning module FoliageEdit (204)
[2017.09.06-23.08.44:784][230]LogModuleManager: Shutting down and abandoning module LandscapeEditor (203)
[2017.09.06-23.08.44:784][230]LogModuleManager: Shutting down and abandoning module SceneDepthPickerMode (202)
[2017.09.06-23.08.44:784][230]LogModuleManager: Shutting down and abandoning module ActorPickerMode (201)
[2017.09.06-23.08.44:784][230]LogModuleManager: Shutting down and abandoning module GeometryMode (200)
[2017.09.06-23.08.44:784][230]LogModuleManager: Shutting down and abandoning module TextureAlignMode (199)
[2017.09.06-23.08.44:785][230]LogModuleManager: Shutting down and abandoning module BspMode (198)
[2017.09.06-23.08.44:785][230]LogModuleManager: Shutting down and abandoning module HardwareSurvey (197)
[2017.09.06-23.08.44:785][230]LogModuleManager: Shutting down and abandoning module SequenceRecorderSections (196)
[2017.09.06-23.08.44:785][230]LogModuleManager: Shutting down and abandoning module SequenceRecorder (195)
[2017.09.06-23.08.44:785][230]LogModuleManager: Shutting down and abandoning module AutomationWorker (194)
[2017.09.06-23.08.44:785][230]LogModuleManager: Shutting down and abandoning module MatineeToLevelSequence (193)
[2017.09.06-23.08.44:785][230]LogModuleManager: Shutting down and abandoning module PlacementMode (192)
[2017.09.06-23.08.44:785][230]LogModuleManager: Shutting down and abandoning module LevelSequenceEditor (191)
[2017.09.06-23.08.44:786][230]LogModuleManager: Shutting down and abandoning module CharacterAI (190)
[2017.09.06-23.08.44:786][230]LogModuleManager: Shutting down and abandoning module SmartSnapping (189)
[2017.09.06-23.08.44:786][230]LogModuleManager: Shutting down and abandoning module SessionServices (188)
[2017.09.06-23.08.44:786][230]LogModuleManager: Shutting down and abandoning module ViewportSnapping (187)
[2017.09.06-23.08.44:786][230]LogModuleManager: Shutting down and abandoning module LogVisualizer (186)
[2017.09.06-23.08.44:786][230]LogModuleManager: Shutting down and abandoning module GameProjectGeneration (185)
[2017.09.06-23.08.44:787][230]LogModuleManager: Shutting down and abandoning module IntroTutorials (184)
[2017.09.06-23.08.44:787][230]LogModuleManager: Shutting down and abandoning module EditorLiveStreaming (183)
[2017.09.06-23.08.44:787][230]LogModuleManager: Shutting down and abandoning module IOSPlatformEditor (182)
[2017.09.06-23.08.44:787][230]LogModuleManager: Shutting down and abandoning module HTML5PlatformEditor (181)
[2017.09.06-23.08.44:787][230]LogModuleManager: Shutting down and abandoning module AndroidDeviceDetection (180)
[2017.09.06-23.08.45:713][230]LogModuleManager: Shutting down and abandoning module AndroidPlatformEditor (179)
[2017.09.06-23.08.45:713][230]LogModuleManager: Shutting down and abandoning module IOSRuntimeSettings (178)
[2017.09.06-23.08.45:714][230]LogModuleManager: Shutting down and abandoning module AndroidRuntimeSettings (177)
[2017.09.06-23.08.45:718][230]LogModuleManager: Shutting down and abandoning module MergeActors (176)
[2017.09.06-23.08.45:718][230]LogModuleManager: Shutting down and abandoning module SizeMap (175)
[2017.09.06-23.08.45:718][230]LogModuleManager: Shutting down and abandoning module TreeMap (174)
[2017.09.06-23.08.45:718][230]LogModuleManager: Shutting down and abandoning module ReferenceViewer (173)
[2017.09.06-23.08.45:718][230]LogModuleManager: Shutting down and abandoning module LocalizationService (172)
[2017.09.06-23.08.45:718][230]LogModuleManager: Shutting down and abandoning module LocalizationDashboard (171)
[2017.09.06-23.08.45:719][230]LogModuleManager: Shutting down and abandoning module HardwareTargeting (170)
[2017.09.06-23.08.45:719][230]LogModuleManager: Shutting down and abandoning module DeviceProfileEditor (169)
[2017.09.06-23.08.45:719][230]LogModuleManager: Shutting down and abandoning module UndoHistory (168)
[2017.09.06-23.08.45:719][230]LogModuleManager: Shutting down and abandoning module UserFeedback (167)
[2017.09.06-23.08.45:719][230]LogModuleManager: Shutting down and abandoning module XmlParser (166)
[2017.09.06-23.08.45:719][230]LogModuleManager: Shutting down and abandoning module Blutility (165)
[2017.09.06-23.08.45:719][230]LogModuleManager: Shutting down and abandoning module ProjectTargetPlatformEditor (164)
[2017.09.06-23.08.45:720][230]LogModuleManager: Shutting down and abandoning module ProjectSettingsViewer (163)
[2017.09.06-23.08.45:720][230]LogModuleManager: Shutting down and abandoning module InputBindingEditor (162)
[2017.09.06-23.08.45:723][230]LogModuleManager: Shutting down and abandoning module EditorSettingsViewer (161)
[2017.09.06-23.08.45:725][230]LogModuleManager: Shutting down and abandoning module SettingsEditor (160)
[2017.09.06-23.08.45:725][230]LogModuleManager: Shutting down and abandoning module ProjectLauncher (159)
[2017.09.06-23.08.45:777][230]LogModuleManager: Shutting down and abandoning module SessionFrontend (158)
[2017.09.06-23.08.45:777][230]LogModuleManager: Shutting down and abandoning module ProfilerClient (157)
[2017.09.06-23.08.45:777][230]LogModuleManager: Shutting down and abandoning module TargetDeviceServices (156)
[2017.09.06-23.08.45:778][230]LogModuleManager: Shutting down and abandoning module DeviceManager (155)
[2017.09.06-23.08.45:850][230]LogModuleManager: Shutting down and abandoning module AutomationController (154)
[2017.09.06-23.08.45:850][230]LogModuleManager: Shutting down and abandoning module AutomationWindow (153)
[2017.09.06-23.08.45:851][230]LogModuleManager: Shutting down and abandoning module Layers (152)
[2017.09.06-23.08.45:851][230]LogModuleManager: Shutting down and abandoning module ComponentVisualizers (151)
[2017.09.06-23.08.45:851][230]LogModuleManager: Shutting down and abandoning module DetailCustomizations (150)
[2017.09.06-23.08.45:852][230]LogModuleManager: Shutting down and abandoning module PackagesDialog (149)
[2017.09.06-23.08.45:857][230]LogModuleManager: Shutting down and abandoning module Persona (148)
[2017.09.06-23.08.45:857][230]LogModuleManager: Shutting down and abandoning module Kismet (147)
[2017.09.06-23.08.45:859][230]LogModuleManager: Shutting down and abandoning module GraphEditor (146)
[2017.09.06-23.08.45:859][230]LogModuleManager: Shutting down and abandoning module ClassViewer (145)
[2017.09.06-23.08.45:859][230]LogModuleManager: Shutting down and abandoning module Toolbox (144)
[2017.09.06-23.08.45:859][230]LogModuleManager: Shutting down and abandoning module ModuleUI (143)
[2017.09.06-23.08.45:859][230]LogModuleManager: Shutting down and abandoning module MovieSceneTools (142)
[2017.09.06-23.08.45:859][230]LogModuleManager: Shutting down and abandoning module OutputLog (141)
[2017.09.06-23.08.45:859][230]LogModuleManager: Shutting down and abandoning module GammaUI (140)
[2017.09.06-23.08.45:860][230]LogModuleManager: Shutting down and abandoning module Documentation (139)
[2017.09.06-23.08.45:860][230]LogModuleManager: Shutting down and abandoning module StreamingPauseRendering (138)
[2017.09.06-23.08.45:860][230]LogModuleManager: Shutting down and abandoning module AnalyticsET (137)
[2017.09.06-23.08.45:860][230]LogModuleManager: Shutting down and abandoning module Analytics (136)
[2017.09.06-23.08.45:860][230]LogModuleManager: Shutting down and abandoning module PortalServices (135)
[2017.09.06-23.08.45:860][230]LogModuleManager: Shutting down and abandoning module PortalRpc (134)
[2017.09.06-23.08.45:860][230]LogModuleManager: Shutting down and abandoning module MessagingRpc (133)
[2017.09.06-23.08.45:860][230]LogModuleManager: Shutting down and abandoning module GameplayDebugger (132)
[2017.09.06-23.08.45:861][230]LogModuleManager: Shutting down and abandoning module AITestSuite (131)
[2017.09.06-23.08.45:861][230]LogModuleManager: Shutting down and abandoning module AIModule (130)
[2017.09.06-23.08.45:861][230]LogModuleManager: Shutting down and abandoning module ProfilerService (129)
[2017.09.06-23.08.46:039][230]LogModuleManager: Shutting down and abandoning module TaskGraph (128)
[2017.09.06-23.08.46:039][230]LogModuleManager: Shutting down and abandoning module SlateRemote (127)
[2017.09.06-23.08.46:039][230]LogModuleManager: Shutting down and abandoning module SteamVRController (126)
[2017.09.06-23.08.46:040][230]LogModuleManager: Shutting down and abandoning module SteamVR (125)
[2017.09.06-23.08.46:040][230]LogModuleManager: Shutting down and abandoning module ProceduralMeshComponent (124)
[2017.09.06-23.08.46:040][230]LogModuleManager: Shutting down and abandoning module OculusLibrary (123)
[2017.09.06-23.08.46:040][230]LogModuleManager: Shutting down and abandoning module OculusInput (122)
[2017.09.06-23.08.46:040][230]LogModuleManager: Shutting down and abandoning module CustomMeshComponent (121)
[2017.09.06-23.08.46:040][230]LogModuleManager: Shutting down and abandoning module CableComponent (120)
[2017.09.06-23.08.46:040][230]LogModuleManager: Shutting down and abandoning module ArchVisCharacter (119)
[2017.09.06-23.08.46:040][230]LogModuleManager: Shutting down and abandoning module MediaPlayerEditor (118)
[2017.09.06-23.08.46:040][230]LogModuleManager: Shutting down and abandoning module HTML5Networking (117)
[2017.09.06-23.08.46:040][230]LogModuleManager: Shutting down and abandoning module SuperSearch (116)
[2017.09.06-23.08.46:040][230]LogModuleManager: Shutting down and abandoning module SuperSearchEditor (115)
[2017.09.06-23.08.46:040][230]LogModuleManager: Shutting down and abandoning module SpeedTreeImporter (114)
[2017.09.06-23.08.46:040][230]LogModuleManager: Shutting down and abandoning module PluginBrowser (113)
[2017.09.06-23.08.46:040][230]LogModuleManager: Shutting down and abandoning module EpicSurvey (112)
[2017.09.06-23.08.46:040][230]LogModuleManager: Shutting down and abandoning module DesktopPlatform (111)
[2017.09.06-23.08.46:041][230]LogModuleManager: Shutting down and abandoning module VisualStudioSourceCodeAccess (110)
[2017.09.06-23.08.46:041][230]LogModuleManager: Shutting down and abandoning module UObjectPlugin (109)
[2017.09.06-23.08.46:041][230]LogModuleManager: Shutting down and abandoning module SubversionSourceControl (108)
[2017.09.06-23.08.46:041][230]LogModuleManager: Shutting down and abandoning module PerforceSourceControl (107)
[2017.09.06-23.08.46:041][230]LogModuleManager: Shutting down and abandoning module SourceControl (106)
[2017.09.06-23.08.46:041][230]LogModuleManager: Shutting down and abandoning module GitSourceControl (105)
[2017.09.06-23.08.46:041][230]LogModuleManager: Shutting down and abandoning module LightPropagationVolumeEditor (104)
[2017.09.06-23.08.46:041][230]LogModuleManager: Shutting down and abandoning module PaperTiledImporter (103)
[2017.09.06-23.08.46:041][230]LogModuleManager: Shutting down and abandoning module PaperSpriteSheetImporter (102)
[2017.09.06-23.08.46:041][230]LogModuleManager: Shutting down and abandoning module MeshPaint (101)
[2017.09.06-23.08.46:042][230]LogModuleManager: Shutting down and abandoning module PixelInspectorModule (100)
[2017.09.06-23.08.46:042][230]LogModuleManager: Shutting down and abandoning module HotReload (99)
[2017.09.06-23.08.46:043][230]LogModuleManager: Shutting down and abandoning module MainFrame (98)
[2017.09.06-23.08.46:044][230]LogModuleManager: Shutting down and abandoning module LevelEditor (97)
[2017.09.06-23.08.46:045][230]LogModuleManager: Shutting down and abandoning module ContentBrowser (96)
[2017.09.06-23.08.46:048][230]LogModuleManager: Shutting down and abandoning module Paper2DEditor (95)
[2017.09.06-23.08.46:048][230]LogModuleManager: Shutting down and abandoning module UdpMessaging (94)
[2017.09.06-23.08.46:149][230]LogModuleManager: Shutting down and abandoning module LightPropagationVolumeRuntime (93)
[2017.09.06-23.08.46:149][230]LogModuleManager: Shutting down and abandoning module Paper2D (92)
[2017.09.06-23.08.46:149][230]LogModuleManager: Shutting down and abandoning module WindowsMoviePlayer (91)
[2017.09.06-23.08.46:149][230]LogModuleManager: Shutting down and abandoning module Media (90)
[2017.09.06-23.08.46:149][230]LogModuleManager: Shutting down and abandoning module WmfMedia (89)
[2017.09.06-23.08.46:150][230]LogModuleManager: Shutting down and abandoning module MediaAssets (88)
[2017.09.06-23.08.46:150][230]LogModuleManager: Shutting down and abandoning module GameLiveStreaming (87)
[2017.09.06-23.08.46:150][230]LogModuleManager: Shutting down and abandoning module GameplayTagsEditor (86)
[2017.09.06-23.08.46:150][230]LogModuleManager: Shutting down and abandoning module OnlineBlueprintSupport (85)
[2017.09.06-23.08.46:150][230]LogModuleManager: Shutting down and abandoning module VREditor (84)
[2017.09.06-23.08.46:150][230]LogModuleManager: Shutting down and abandoning module GameplayTasksEditor (83)
[2017.09.06-23.08.46:150][230]LogModuleManager: Shutting down and abandoning module PropertyEditor (82)
[2017.09.06-23.08.46:151][230]LogModuleManager: Shutting down and abandoning module BehaviorTreeEditor (81)
[2017.09.06-23.08.46:151][230]LogModuleManager: Shutting down and abandoning module FunctionalTesting (80)
[2017.09.06-23.08.46:151][230]LogModuleManager: Shutting down and abandoning module CollisionAnalyzer (79)
[2017.09.06-23.08.46:151][230]LogModuleManager: Shutting down and abandoning module Sequencer (78)
[2017.09.06-23.08.46:151][230]LogModuleManager: Shutting down and abandoning module WorkspaceMenuStructure (77)
[2017.09.06-23.08.46:151][230]LogModuleManager: Shutting down and abandoning module MessageLog (76)
[2017.09.06-23.08.46:151][230]LogModuleManager: Shutting down and abandoning module AssetTools (75)
[2017.09.06-23.08.46:151][230]LogModuleManager: Shutting down and abandoning module UMGEditor (74)
[2017.09.06-23.08.46:152][230]LogModuleManager: Shutting down and abandoning module UMG (73)
[2017.09.06-23.08.46:152][230]LogModuleManager: Shutting down and abandoning module SlateReflector (72)
[2017.09.06-23.08.46:152][230]LogModuleManager: Shutting down and abandoning module Slate (71)
[2017.09.06-23.08.46:152][230]LogModuleManager: Shutting down and abandoning module EditorStyle (70)
[2017.09.06-23.08.46:165][230]LogModuleManager: Shutting down and abandoning module SourceCodeAccess (69)
[2017.09.06-23.08.46:165][230]LogModuleManager: Shutting down and abandoning module HeadMountedDisplay (68)
[2017.09.06-23.08.46:165][230]LogModuleManager: Shutting down and abandoning module XAudio2 (67)
[2017.09.06-23.08.46:165][230]LogModuleManager: Shutting down and abandoning module Networking (65)
[2017.09.06-23.08.46:166][230]LogModuleManager: Shutting down and abandoning module Core (64)
[2017.09.06-23.08.46:166][230]LogModuleManager: Shutting down and abandoning module DirectoryWatcher (63)
[2017.09.06-23.08.46:168][230]LogModuleManager: Shutting down and abandoning module AssetRegistry (62)
[2017.09.06-23.08.46:601][230]LogModuleManager: Shutting down and abandoning module KismetCompiler (61)
[2017.09.06-23.08.46:602][230]LogModuleManager: Shutting down and abandoning module PhysXFormats (60)
[2017.09.06-23.08.46:602][230]LogModuleManager: Shutting down and abandoning module MeshUtilities (59)
[2017.09.06-23.08.46:602][230]LogModuleManager: Shutting down and abandoning module DerivedDataCache (58)
[2017.09.06-23.08.46:617][230]LogDerivedDataCache: Shutdown
[2017.09.06-23.08.46:618][230]LogModuleManager: Shutting down and abandoning module VulkanShaderFormat (57)
[2017.09.06-23.08.46:618][230]LogModuleManager: Shutting down and abandoning module ShaderFormatOpenGL (56)
[2017.09.06-23.08.46:618][230]LogModuleManager: Shutting down and abandoning module ShaderFormatD3D (55)
[2017.09.06-23.08.46:619][230]LogModuleManager: Shutting down and abandoning module MetalShaderFormat (54)
[2017.09.06-23.08.46:619][230]LogModuleManager: Shutting down and abandoning module TextureFormatUncompressed (53)
[2017.09.06-23.08.46:619][230]LogModuleManager: Shutting down and abandoning module TextureFormatPVR (52)
[2017.09.06-23.08.46:619][230]LogModuleManager: Shutting down and abandoning module TextureFormatIntelISPCTexComp (51)
[2017.09.06-23.08.46:619][230]LogModuleManager: Shutting down and abandoning module TextureFormatDXT (50)
[2017.09.06-23.08.46:620][230]LogModuleManager: Shutting down and abandoning module ImageWrapper (49)
[2017.09.06-23.08.46:620][230]LogModuleManager: Shutting down and abandoning module TextureFormatASTC (48)
[2017.09.06-23.08.46:620][230]LogModuleManager: Shutting down and abandoning module TextureFormatAndroid (47)
[2017.09.06-23.08.46:620][230]LogModuleManager: Shutting down and abandoning module AudioFormatOpus (46)
[2017.09.06-23.08.46:620][230]LogModuleManager: Shutting down and abandoning module AudioFormatOgg (45)
[2017.09.06-23.08.46:620][230]LogModuleManager: Shutting down and abandoning module AudioFormatADPCM (44)
[2017.09.06-23.08.46:620][230]LogModuleManager: Shutting down and abandoning module LinuxTargetPlatform (43)
[2017.09.06-23.08.46:620][230]LogModuleManager: Shutting down and abandoning module LinuxServerTargetPlatform (42)
[2017.09.06-23.08.46:620][230]LogModuleManager: Shutting down and abandoning module LinuxNoEditorTargetPlatform (41)
[2017.09.06-23.08.46:620][230]LogModuleManager: Shutting down and abandoning module TVOSTargetPlatform (40)
[2017.09.06-23.08.46:620][230]LogModuleManager: Shutting down and abandoning module Messaging (39)
[2017.09.06-23.08.46:620][230]LogModuleManager: Shutting down and abandoning module IOSTargetPlatform (38)
[2017.09.06-23.08.46:621][230]LogModuleManager: Shutting down and abandoning module HTML5TargetPlatform (37)
[2017.09.06-23.08.46:621][230]LogModuleManager: Shutting down and abandoning module Android_PVRTCTargetPlatform (36)
[2017.09.06-23.08.46:621][230]LogModuleManager: Shutting down and abandoning module Android_MultiTargetPlatform (35)
[2017.09.06-23.08.46:621][230]LogModuleManager: Shutting down and abandoning module Android_ETC2TargetPlatform (34)
[2017.09.06-23.08.46:621][230]LogModuleManager: Shutting down and abandoning module Android_ETC1TargetPlatform (33)
[2017.09.06-23.08.46:621][230]LogModuleManager: Shutting down and abandoning module Android_DXTTargetPlatform (32)
[2017.09.06-23.08.46:621][230]LogModuleManager: Shutting down and abandoning module Android_ATCTargetPlatform (31)
[2017.09.06-23.08.46:621][230]LogModuleManager: Shutting down and abandoning module Android_ASTCTargetPlatform (30)
[2017.09.06-23.08.46:621][230]LogModuleManager: Shutting down and abandoning module AndroidTargetPlatform (29)
[2017.09.06-23.08.46:621][230]LogModuleManager: Shutting down and abandoning module WindowsTargetPlatform (28)
[2017.09.06-23.08.46:621][230]LogModuleManager: Shutting down and abandoning module WindowsServerTargetPlatform (27)
[2017.09.06-23.08.46:621][230]LogModuleManager: Shutting down and abandoning module WindowsNoEditorTargetPlatform (26)
[2017.09.06-23.08.46:621][230]LogModuleManager: Shutting down and abandoning module WindowsClientTargetPlatform (25)
[2017.09.06-23.08.46:621][230]LogModuleManager: Shutting down and abandoning module AllDesktopTargetPlatform (24)
[2017.09.06-23.08.46:621][230]LogModuleManager: Shutting down and abandoning module TargetPlatform (23)
[2017.09.06-23.08.46:621][230]LogModuleManager: Shutting down and abandoning module InputCore (22)
[2017.09.06-23.08.46:622][230]LogModuleManager: Shutting down and abandoning module Settings (21)
[2017.09.06-23.08.46:622][230]LogModuleManager: Shutting down and abandoning module OnlineSubsystem (19)
[2017.09.06-23.08.46:622][230]LogModuleManager: Shutting down and abandoning module HTTP (18)
[2017.09.06-23.08.50:662][230]LogModuleManager: Shutting down and abandoning module XMPP (17)
[2017.09.06-23.08.50:663][230]LogModuleManager: Shutting down and abandoning module OculusRift (16)
[2017.09.06-23.08.50:663][230]LogModuleManager: Shutting down and abandoning module ExampleDeviceProfileSelector (15)
[2017.09.06-23.08.50:663][230]LogModuleManager: Shutting down and abandoning module TextureCompressor (14)
[2017.09.06-23.08.50:663][230]LogModuleManager: Shutting down and abandoning module ShaderCore (13)
[2017.09.06-23.08.50:663][230]LogModuleManager: Shutting down and abandoning module Landscape (12)
[2017.09.06-23.08.50:663][230]LogModuleManager: Shutting down and abandoning module SlateRHIRenderer (11)
[2017.09.06-23.08.50:680][230]LogModuleManager: Shutting down and abandoning module OpenGLDrv (10)
[2017.09.06-23.08.50:680][230]LogModuleManager: Shutting down and abandoning module D3D11RHI (9)
[2017.09.06-23.08.50:680][230]LogModuleManager: Shutting down and abandoning module AnimGraphRuntime (8)
[2017.09.06-23.08.50:680][230]LogModuleManager: Shutting down and abandoning module Renderer (7)
[2017.09.06-23.08.50:680][230]LogModuleManager: Shutting down and abandoning module Engine (6)
[2017.09.06-23.08.50:681][230]LogModuleManager: Shutting down and abandoning module CoreUObject (5)
[2017.09.06-23.08.50:681][230]LogModuleManager: Shutting down and abandoning module NetworkFile (4)
[2017.09.06-23.08.50:681][230]LogModuleManager: Shutting down and abandoning module StreamingFile (3)
[2017.09.06-23.08.50:681][230]LogModuleManager: Shutting down and abandoning module SandboxFile (2)
[2017.09.06-23.08.50:681][230]LogModuleManager: Shutting down and abandoning module PakFile (1)
[2017.09.06-23.08.50:686][230]LogExit: Exiting.
[2017.09.06-23.08.50:745][230]Log file closed, 09/06/17 18:08:50
