Log file open, 09/06/17 13:27:51
LogInit:Display: Running engine for game: LIF_TG
LogPlatformFile: Not using cached read wrapper
LogInit:Display: RandInit(-1024053469) SRandInit(-1024053465).
LogTaskGraph: Started task graph with 4 named threads and 7 total threads with 1 sets of task threads.
LogStats: Stats thread started at 0.246110
LogInit: Version: 4.12.5-3039270+++UE4+Release-4.12
LogInit: API Version: 2992821
LogInit: Net Version: 3039270
LogDevObjectVersion: Number of dev versions registered: 13
LogDevObjectVersion:   Dev-Blueprints (B0D832E4-1F89-4F0D-ACCF-7EB736FD4AA2): 3
LogDevObjectVersion:   Dev-Build (E1C64328-A22C-4D53-A36C-8E866417BD8C): 0
LogDevObjectVersion:   Dev-Core (375EC13C-06E4-48FB-B500-84F0262A717E): 1
LogDevObjectVersion:   Dev-Editor (E4B068ED-F494-42E9-A231-DA0B2E46BB41): 2
LogDevObjectVersion:   Dev-Framework (CFFC743F-43B0-4480-9391-14DF171D2073): 6
LogDevObjectVersion:   Dev-Mobile (B02B49B5-BB20-44E9-A304-32B752E40360): 0
LogDevObjectVersion:   Dev-Networking (A4E4105C-59A1-49B5-A7C5-40C4547EDFEE): 0
LogDevObjectVersion:   Dev-Online (39C831C9-5AE6-47DC-9A44-9C173E1C8E7C): 0
LogDevObjectVersion:   Dev-Physics (78F01B33-EBEA-4F98-B9B4-84EACCB95AA2): 0
LogDevObjectVersion:   Dev-Platform (6631380F-2D4D-43E0-8009-CF276956A95A): 0
LogDevObjectVersion:   Dev-Rendering (12F88B9F-8875-4AFC-A67C-D90C383ABD29): 2
LogDevObjectVersion:   Dev-Sequencer (7B5AE74C-D270-4C10-A958-57980B212A5A): 0
LogDevObjectVersion:   Dev-VR (D7296918-1DD6-4BDD-9DE2-64A83CC13884): 0
LogInit: Compiled (64-bit): Jul  6 2016 09:09:46
LogInit: Compiled with Visual C++: 19.00.23026.00
LogInit: Build Configuration: Development
LogInit: Branch Name: ++UE4+Release-4.12
LogInit: Command line:  
LogInit: Base directory: C:/Program Files/Epic Games/UE_4.12/Engine/Binaries/Win64/
LogInit: Installed Engine Build: 1
LogInit: Using libcurl 7.41.0
LogInit:  - built for x86_64-pc-win32
LogInit:  - supports SSL with WinSSL
LogInit:  - other features:
LogInit:      CURL_VERSION_SSL
LogInit:      CURL_VERSION_IPV6
LogInit:      CURL_VERSION_ASYNCHDNS
LogInit:      CURL_VERSION_LARGEFILE
LogInit:      CURL_VERSION_IDN
LogInit:  CurlRequestOptions (configurable via config and command line):
LogInit:  - bVerifyPeer = true  - Libcurl will verify peer certificate
LogInit:  - bUseHttpProxy = false  - Libcurl will NOT use HTTP proxy
LogInit:  - bDontReuseConnections = false  - Libcurl will reuse connections
LogInit:  - CertBundlePath = nullptr  - Libcurl will use whatever was configured at build time.
LogInit: Presizing for max 8388607 objects, including 0 objects not considered by GC, pre-allocating 0 bytes for permanent pool.
LogInit: Object subsystem initialized
[2017.09.06-18.27.51:494][  0]LogInit: Selected Device Profile: [Windows]
[2017.09.06-18.27.51:494][  0]LogInit: Applying CVar settings loaded from the selected device profile: [Windows]
[2017.09.06-18.27.51:553][  0]LogInit: Computer: ACDEC
[2017.09.06-18.27.51:553][  0]LogInit: User: estebancarranza
[2017.09.06-18.27.51:553][  0]LogInit: CPU Page size=65536, Cores=4
[2017.09.06-18.27.51:553][  0]LogInit: High frequency timer resolution =1.852018 MHz
[2017.09.06-18.27.51:554][  0]LogMemory: Memory total: Physical=10.9GB (11GB approx)
[2017.09.06-18.27.51:554][  0]LogMemory: Platform Memory Stats for Windows
[2017.09.06-18.27.51:554][  0]LogMemory: Process Physical Memory: 188.76 MB used, 188.76 MB peak
[2017.09.06-18.27.51:554][  0]LogMemory: Process Virtual Memory: 194.92 MB used, 194.92 MB peak
[2017.09.06-18.27.51:554][  0]LogMemory: Physical Memory: 4446.00 MB used, 11210.26 MB total
[2017.09.06-18.27.51:554][  0]LogMemory: Virtual Memory: 531.33 MB used, 134217728.00 MB total
[2017.09.06-18.27.53:517][  0]LogD3D11RHI: D3D11 adapters:
[2017.09.06-18.27.53:563][  0]LogD3D11RHI:    0. 'AMD Radeon(TM) R6 Graphics' (Feature Level 11_0)
[2017.09.06-18.27.53:564][  0]LogD3D11RHI:       989/0/3840 MB DedicatedVideo/DedicatedSystem/SharedSystem, Outputs:2, VendorId:0x1002
[2017.09.06-18.27.53:568][  0]LogD3D11RHI:    1. 'Microsoft Basic Render Driver' (Feature Level 11_0)
[2017.09.06-18.27.53:568][  0]LogD3D11RHI:       0/0/256 MB DedicatedVideo/DedicatedSystem/SharedSystem, Outputs:0, VendorId:0x1414
[2017.09.06-18.27.53:568][  0]LogD3D11RHI: Chosen D3D11 Adapter: 0
[2017.09.06-18.27.53:583][  0]LogD3D11RHI: Creating new Direct3DDevice
[2017.09.06-18.27.53:583][  0]LogD3D11RHI:     GPU DeviceId: 0x130a (for the marketing name, search the web for "GPU Device Id")
[2017.09.06-18.27.53:583][  0]LogWindows: EnumDisplayDevices:
[2017.09.06-18.27.53:583][  0]LogWindows:    0. 'AMD Radeon(TM) R6 Graphics' (P:1 D:1)
[2017.09.06-18.27.53:585][  0]LogWindows:    1. 'AMD Radeon(TM) R6 Graphics' (P:0 D:1)
[2017.09.06-18.27.53:586][  0]LogWindows:    2. 'AMD Radeon(TM) R6 Graphics' (P:0 D:0)
[2017.09.06-18.27.53:587][  0]LogWindows:    3. 'AMD Radeon(TM) R6 Graphics' (P:0 D:0)
[2017.09.06-18.27.53:588][  0]LogWindows: DebugString: FoundDriverCount:4 
[2017.09.06-18.27.53:588][  0]LogD3D11RHI:     Adapter Name: AMD Radeon(TM) R6 Graphics
[2017.09.06-18.27.53:588][  0]LogD3D11RHI:   Driver Version: Crimson ReLive 16.12.2 (internal:21.19.407.0, unified:21.19.407.0)
[2017.09.06-18.27.53:588][  0]LogD3D11RHI:      Driver Date: 12-23-2016
[2017.09.06-18.27.53:588][  0]LogRHI: Texture pool is 692 MB (70% of 989 MB)
[2017.09.06-18.27.53:621][  0]LogD3D11RHI: Async texture creation disabled: no driver support
[2017.09.06-18.27.53:642][  0]LogD3D11RHI: GPU Timing Frequency: 100.000000 (Debug: 2 1)
[2017.09.06-18.27.53:643][  0]LogShaderCompilers: Guid format shader working directory is -33 characters bigger than the processId version (../../../../../../Users/esteban.carranza/Twicky_LIF_The_Game/SharePoint/LIF/Lif/LIF_TG/Intermediate/Shaders/WorkingDirectory/7632/).
[2017.09.06-18.27.53:644][  0]LogShaderCompilers: Cleaned the shader compiler working directory 'C:/Users/ESTEBA~1.CAR/AppData/Local/Temp/UnrealShaderWorkingDir/02EE8B854D9567CC30A6959BA9457D45/'.
[2017.09.06-18.27.53:644][  0]LogShaderCompilers:Display: Using Local Shader Compiler.
[2017.09.06-18.27.58:178][  0]LogTemp:Display: Loaded TP AllDesktopTargetPlatform
[2017.09.06-18.27.58:257][  0]LogTemp:Display: Loaded TP WindowsClientTargetPlatform
[2017.09.06-18.27.58:312][  0]LogTemp:Display: Loaded TP WindowsNoEditorTargetPlatform
[2017.09.06-18.27.58:366][  0]LogTemp:Display: Loaded TP WindowsServerTargetPlatform
[2017.09.06-18.27.58:417][  0]LogTemp:Display: Loaded TP WindowsTargetPlatform
[2017.09.06-18.27.58:464][  0]LogTemp:Display: Loaded TP AndroidTargetPlatform
[2017.09.06-18.27.58:517][  0]LogTemp:Display: Loaded TP Android_ASTCTargetPlatform
[2017.09.06-18.27.58:558][  0]LogTemp:Display: Loaded TP Android_ATCTargetPlatform
[2017.09.06-18.27.58:602][  0]LogTemp:Display: Loaded TP Android_DXTTargetPlatform
[2017.09.06-18.27.58:645][  0]LogTemp:Display: Loaded TP Android_ETC1TargetPlatform
[2017.09.06-18.27.58:687][  0]LogTemp:Display: Loaded TP Android_ETC2TargetPlatform
[2017.09.06-18.27.58:801][  0]LogTemp:Display: Loaded TP Android_MultiTargetPlatform
[2017.09.06-18.27.58:801][  0]LogTemp:Display: Loaded TP Android_PVRTCTargetPlatform
[2017.09.06-18.27.58:806][  0]LogTemp:Display: Loaded TP HTML5TargetPlatform
[2017.09.06-18.27.58:877][  0]LogTemp:Display: Loaded TP IOSTargetPlatform
[2017.09.06-18.27.58:917][  0]LogTemp:Display: Loaded TP TVOSTargetPlatform
[2017.09.06-18.27.58:958][  0]LogTemp:Display: Loaded TP LinuxNoEditorTargetPlatform
[2017.09.06-18.27.59:013][  0]LogTemp:Display: Loaded TP LinuxServerTargetPlatform
[2017.09.06-18.27.59:055][  0]LogTemp:Display: Loaded TP LinuxTargetPlatform
[2017.09.06-18.27.59:055][  0]LogTargetPlatformManager:Display: Building Assets For Windows
[2017.09.06-18.27.59:579][  0]LogDerivedDataCache:Display: Max Cache Size: 512 MB
[2017.09.06-18.27.59:824][  0]LogDerivedDataCache: Loaded boot cache 0.24s 48MB C:/Users/esteban.carranza/AppData/Local/UnrealEngine/4.12/DerivedDataCache/Boot.ddc.
[2017.09.06-18.27.59:826][  0]LogDerivedDataCache:Display: Loaded Boot cache: C:/Users/esteban.carranza/AppData/Local/UnrealEngine/4.12/DerivedDataCache/Boot.ddc
[2017.09.06-18.27.59:826][  0]LogDerivedDataCache: FDerivedDataBackendGraph:  Pak pak cache file ../../../../../../Users/esteban.carranza/Twicky_LIF_The_Game/SharePoint/LIF/Lif/LIF_TG/DerivedDataCache/DDC.ddp not found, will not use a pak cache.
[2017.09.06-18.27.59:826][  0]LogDerivedDataCache: Unable to find inner node Pak for hierarchical cache Hierarchy.
[2017.09.06-18.27.59:827][  0]LogDerivedDataCache: FDerivedDataBackendGraph:  CompressedPak pak cache file ../../../../../../Users/esteban.carranza/Twicky_LIF_The_Game/SharePoint/LIF/Lif/LIF_TG/DerivedDataCache/Compressed.ddp not found, will not use a pak cache.
[2017.09.06-18.27.59:827][  0]LogDerivedDataCache: Unable to find inner node CompressedPak for hierarchical cache Hierarchy.
[2017.09.06-18.27.59:900][  0]LogDerivedDataCache:Display: Pak cache opened for reading ../../../Engine/DerivedDataCache/Compressed.ddp.
[2017.09.06-18.27.59:918][  0]LogDerivedDataCache: Using Local data cache path C:/Users/esteban.carranza/AppData/Local/UnrealEngine/Common/DerivedDataCache: Writable
[2017.09.06-18.28.00:907][  0]LogInit: Selected Device Profile: [Windows]
[2017.09.06-18.28.00:909][  0]LogContentStreaming: Texture pool size is 0.00 MB
[2017.09.06-18.28.01:748][  0]LogMeshUtilities: No automatic mesh reduction module available
[2017.09.06-18.28.01:748][  0]LogMeshUtilities: No automatic mesh merging module available
[2017.09.06-18.28.01:748][  0]LogMeshUtilities: No distributed automatic mesh merging module available
[2017.09.06-18.28.02:916][  0]LogAssetRegistry: FAssetRegistry took 0.0241 seconds to start up
[2017.09.06-18.28.03:067][  0]LogPackageLocalizationCache: Processed 3 localized package path(s) for 1 prioritized culture(s) in 0.126435 seconds
[2017.09.06-18.28.03:090][  0]LogUObjectArray: 28739 objects as part of root set at end of initial load.
[2017.09.06-18.28.03:090][  0]LogUObjectAllocator: 5855632 out of 0 bytes used by permanent object pool.
[2017.09.06-18.28.03:090][  0]LogUObjectArray: CloseDisregardForGC: 0/0 objects in disregard for GC pool
[2017.09.06-18.28.03:145][  0]LogInit: WinSock: version 1.1 (2.2), MaxSocks=32767, MaxUdp=65467
[2017.09.06-18.28.04:105][  0]LogSlate: SlateFontCache - WITH_FREETYPE: 1, WITH_HARFBUZZ: 1
[2017.09.06-18.28.04:105][  0]LogSlate: SlateFontCache - WITH_FREETYPE: 1, WITH_HARFBUZZ: 1
[2017.09.06-18.28.07:588][  0]LogUdpMessaging: Initializing bridge on interface 0.0.0.0:0 to multicast group 230.0.0.1:6666.
[2017.09.06-18.28.08:598][  0]SourceControl: Info Source control is disabled
[2017.09.06-18.28.08:602][  0]SourceControl: Info Source control is disabled
[2017.09.06-18.28.08:661][  0]SourceControl: Info Source control is disabled
[2017.09.06-18.28.08:717][  0]SourceControl: Info Source control is disabled
[2017.09.06-18.28.10:070][  0]LogEngine: Initializing Engine...
[2017.09.06-18.28.10:075][  0]LogHMD: SteamVR failed to initialize.  Err: 110
[2017.09.06-18.28.10:078][  0]LogHMD: SteamVR failed to initialize.  Err: 110
[2017.09.06-18.28.10:727][  0]LogAIModule: Creating AISystem for world NewWorld
[2017.09.06-18.28.10:748][  0]LogInit: XAudio2 using 'Altavoces (Realtek High Definition Audio)' : 2 channels at 48 kHz using 32 bits per sample (channel mask 0x3)
[2017.09.06-18.28.10:787][  0]LogInit: FAudioDevice initialized.
[2017.09.06-18.28.10:905][  0]LogDerivedDataCache: Saved boot cache 0.12s 48MB C:/Users/esteban.carranza/AppData/Local/UnrealEngine/4.12/DerivedDataCache/Boot.ddc.
[2017.09.06-18.28.10:934][  0]LogInit: Texture streaming: Enabled
[2017.09.06-18.28.11:088][  0]LogInit: Transaction tracking system initialized
[2017.09.06-18.28.11:260][  0]BlueprintLog: New page: Editor Load
[2017.09.06-18.28.11:809][  0]LocalizationService: Info Localization service is disabled
[2017.09.06-18.28.14:374][  0]LogConsoleResponse:Display: 
[2017.09.06-18.28.14:852][  0]LogCook:Display: Max memory allowance for cook 8192mb
[2017.09.06-18.28.14:852][  0]LogCook:Display: Mobile HDR setting 1
[2017.09.06-18.28.15:523][  0]LogFileCache: Scanning file cache for directory 'C:/Users/esteban.carranza/Twicky_LIF_The_Game/SharePoint/LIF/Lif/LIF_TG/Content/' took 0.04s
[2017.09.06-18.28.15:523][  0]SourceControl: Info Source control is disabled
[2017.09.06-18.28.15:523][  0]Cmd: MAP LOAD FILE="../../../../../../Users/esteban.carranza/Twicky_LIF_The_Game/SharePoint/LIF/Lif/LIF_TG/Content/Proyecto/Menu/Main_Menu.umap" TEMPLATE=0 SHOWPROGRESS=1 FEATURELEVEL=3
[2017.09.06-18.28.15:525][  0]LightingResults: New page: Lighting Build
[2017.09.06-18.28.15:543][  0]MapCheck: New page: Map Check
[2017.09.06-18.28.15:544][  0]LightingResults: New page: Lighting Build
[2017.09.06-18.28.18:359][  0]LogLinker:Warning: Can't find file '/Game/Proyecto/imagenes_con_licencia/Grass_e68_500x500/Grass_3004322071_69bedc5e68_o_500x500'
[2017.09.06-18.28.18:360][  0]LogLinker:Warning: Can't find file for asset '/Game/Proyecto/imagenes_con_licencia/Grass_e68_500x500/Grass_3004322071_69bedc5e68_o_500x500' while loading ../../../../../../Users/esteban.carranza/Twicky_LIF_The_Game/SharePoint/LIF/Lif/LIF_TG/Content/Proyecto/Menu/MenuPrincipal.uasset.
[2017.09.06-18.28.18:360][  0]LoadErrors:Error: Error /Game/Proyecto/Menu/MenuPrincipal : Can't find file for asset. /Game/Proyecto/imagenes_con_licencia/Grass_e68_500x500/Grass_3004322071_69bedc5e68_o_500x500
[2017.09.06-18.28.18:360][  0]LogLinker:Warning: Can't find file '/Game/Proyecto/imagenes_con_licencia/Ground_38f_500x500/Ground_3088247128_e5ebfc738f_o_500x500'
[2017.09.06-18.28.18:361][  0]LogLinker:Warning: Can't find file for asset '/Game/Proyecto/imagenes_con_licencia/Ground_38f_500x500/Ground_3088247128_e5ebfc738f_o_500x500' while loading ../../../../../../Users/esteban.carranza/Twicky_LIF_The_Game/SharePoint/LIF/Lif/LIF_TG/Content/Proyecto/Menu/MenuPrincipal.uasset.
[2017.09.06-18.28.18:361][  0]LoadErrors:Error: Error /Game/Proyecto/Menu/MenuPrincipal : Can't find file for asset. /Game/Proyecto/imagenes_con_licencia/Ground_38f_500x500/Ground_3088247128_e5ebfc738f_o_500x500
[2017.09.06-18.28.18:362][  0]LogLinker:Warning: Can't find file '/Game/Proyecto/imagenes_con_licencia/Playground_Ground_Cover_Texture_500x500/Playground_Ground_Cover_Texture'
[2017.09.06-18.28.18:362][  0]LogLinker:Warning: Can't find file for asset '/Game/Proyecto/imagenes_con_licencia/Playground_Ground_Cover_Texture_500x500/Playground_Ground_Cover_Texture' while loading ../../../../../../Users/esteban.carranza/Twicky_LIF_The_Game/SharePoint/LIF/Lif/LIF_TG/Content/Proyecto/Menu/MenuPrincipal.uasset.
[2017.09.06-18.28.18:362][  0]LoadErrors:Error: Error /Game/Proyecto/Menu/MenuPrincipal : Can't find file for asset. /Game/Proyecto/imagenes_con_licencia/Playground_Ground_Cover_Texture_500x500/Playground_Ground_Cover_Texture
[2017.09.06-18.28.18:381][  0]LogLinker:Warning: Can't find file '/Game/Proyecto/imagenes_con_licencia/Grass_e68_500x500/Grass_3004322071_69bedc5e68_o_500x500'
[2017.09.06-18.28.18:382][  0]LogLinker:Warning: Can't find file for asset '/Game/Proyecto/imagenes_con_licencia/Grass_e68_500x500/Grass_3004322071_69bedc5e68_o_500x500' while loading ../../../../../../Users/esteban.carranza/Twicky_LIF_The_Game/SharePoint/LIF/Lif/LIF_TG/Content/Proyecto/Menu/MenuPrincipal.uasset.
[2017.09.06-18.28.18:382][  0]LoadErrors:Error: Error /Game/Proyecto/Menu/MenuPrincipal : Can't find file for asset. /Game/Proyecto/imagenes_con_licencia/Grass_e68_500x500/Grass_3004322071_69bedc5e68_o_500x500
[2017.09.06-18.28.18:382][  0]LogLinker:Warning: Can't find file '/Game/Proyecto/imagenes_con_licencia/Ground_38f_500x500/Ground_3088247128_e5ebfc738f_o_500x500'
[2017.09.06-18.28.18:383][  0]LogLinker:Warning: Can't find file for asset '/Game/Proyecto/imagenes_con_licencia/Ground_38f_500x500/Ground_3088247128_e5ebfc738f_o_500x500' while loading ../../../../../../Users/esteban.carranza/Twicky_LIF_The_Game/SharePoint/LIF/Lif/LIF_TG/Content/Proyecto/Menu/MenuPrincipal.uasset.
[2017.09.06-18.28.18:383][  0]LoadErrors:Error: Error /Game/Proyecto/Menu/MenuPrincipal : Can't find file for asset. /Game/Proyecto/imagenes_con_licencia/Ground_38f_500x500/Ground_3088247128_e5ebfc738f_o_500x500
[2017.09.06-18.28.18:383][  0]LogLinker:Warning: Can't find file '/Game/Proyecto/imagenes_con_licencia/Playground_Ground_Cover_Texture_500x500/Playground_Ground_Cover_Texture'
[2017.09.06-18.28.18:384][  0]LogLinker:Warning: Can't find file for asset '/Game/Proyecto/imagenes_con_licencia/Playground_Ground_Cover_Texture_500x500/Playground_Ground_Cover_Texture' while loading ../../../../../../Users/esteban.carranza/Twicky_LIF_The_Game/SharePoint/LIF/Lif/LIF_TG/Content/Proyecto/Menu/MenuPrincipal.uasset.
[2017.09.06-18.28.18:384][  0]LoadErrors:Error: Error /Game/Proyecto/Menu/MenuPrincipal : Can't find file for asset. /Game/Proyecto/imagenes_con_licencia/Playground_Ground_Cover_Texture_500x500/Playground_Ground_Cover_Texture
[2017.09.06-18.28.18:392][  0]LogLinker:Warning: Can't find file '/Game/Proyecto/imagenes_con_licencia/Grass_e68_500x500/Grass_3004322071_69bedc5e68_o_500x500'
[2017.09.06-18.28.18:393][  0]LogLinker:Warning: Can't find file for asset '/Game/Proyecto/imagenes_con_licencia/Grass_e68_500x500/Grass_3004322071_69bedc5e68_o_500x500' while loading ../../../../../../Users/esteban.carranza/Twicky_LIF_The_Game/SharePoint/LIF/Lif/LIF_TG/Content/Proyecto/Menu/Main_Menu.umap.
[2017.09.06-18.28.18:393][  0]LoadErrors:Error: Error /Game/Proyecto/Menu/Main_Menu : Can't find file for asset. /Game/Proyecto/imagenes_con_licencia/Grass_e68_500x500/Grass_3004322071_69bedc5e68_o_500x500
[2017.09.06-18.28.18:393][  0]LogLinker:Warning: Can't find file '/Game/Proyecto/imagenes_con_licencia/Ground_38f_500x500/Ground_3088247128_e5ebfc738f_o_500x500'
[2017.09.06-18.28.18:394][  0]LogLinker:Warning: Can't find file for asset '/Game/Proyecto/imagenes_con_licencia/Ground_38f_500x500/Ground_3088247128_e5ebfc738f_o_500x500' while loading ../../../../../../Users/esteban.carranza/Twicky_LIF_The_Game/SharePoint/LIF/Lif/LIF_TG/Content/Proyecto/Menu/Main_Menu.umap.
[2017.09.06-18.28.18:394][  0]LoadErrors:Error: Error /Game/Proyecto/Menu/Main_Menu : Can't find file for asset. /Game/Proyecto/imagenes_con_licencia/Ground_38f_500x500/Ground_3088247128_e5ebfc738f_o_500x500
[2017.09.06-18.28.18:394][  0]LogLinker:Warning: Can't find file '/Game/Proyecto/imagenes_con_licencia/Playground_Ground_Cover_Texture_500x500/Playground_Ground_Cover_Texture'
[2017.09.06-18.28.18:395][  0]LogLinker:Warning: Can't find file for asset '/Game/Proyecto/imagenes_con_licencia/Playground_Ground_Cover_Texture_500x500/Playground_Ground_Cover_Texture' while loading ../../../../../../Users/esteban.carranza/Twicky_LIF_The_Game/SharePoint/LIF/Lif/LIF_TG/Content/Proyecto/Menu/Main_Menu.umap.
[2017.09.06-18.28.18:395][  0]LoadErrors:Error: Error /Game/Proyecto/Menu/Main_Menu : Can't find file for asset. /Game/Proyecto/imagenes_con_licencia/Playground_Ground_Cover_Texture_500x500/Playground_Ground_Cover_Texture
[2017.09.06-18.28.18:395][  0]LogLinker:Warning: Can't find file '/Game/Proyecto/imagenes_con_licencia/Grass_e68_500x500/Grass_3004322071_69bedc5e68_o_500x500'
[2017.09.06-18.28.18:396][  0]LogLinker:Warning: Can't find file for asset '/Game/Proyecto/imagenes_con_licencia/Grass_e68_500x500/Grass_3004322071_69bedc5e68_o_500x500' while loading ../../../../../../Users/esteban.carranza/Twicky_LIF_The_Game/SharePoint/LIF/Lif/LIF_TG/Content/Proyecto/Menu/Main_Menu.umap.
[2017.09.06-18.28.18:396][  0]LoadErrors:Error: Error /Game/Proyecto/Menu/Main_Menu : Can't find file for asset. /Game/Proyecto/imagenes_con_licencia/Grass_e68_500x500/Grass_3004322071_69bedc5e68_o_500x500
[2017.09.06-18.28.18:396][  0]LogLinker:Warning: Can't find file '/Game/Proyecto/imagenes_con_licencia/Ground_38f_500x500/Ground_3088247128_e5ebfc738f_o_500x500'
[2017.09.06-18.28.18:397][  0]LogLinker:Warning: Can't find file for asset '/Game/Proyecto/imagenes_con_licencia/Ground_38f_500x500/Ground_3088247128_e5ebfc738f_o_500x500' while loading ../../../../../../Users/esteban.carranza/Twicky_LIF_The_Game/SharePoint/LIF/Lif/LIF_TG/Content/Proyecto/Menu/Main_Menu.umap.
[2017.09.06-18.28.18:397][  0]LoadErrors:Error: Error /Game/Proyecto/Menu/Main_Menu : Can't find file for asset. /Game/Proyecto/imagenes_con_licencia/Ground_38f_500x500/Ground_3088247128_e5ebfc738f_o_500x500
[2017.09.06-18.28.18:397][  0]LogLinker:Warning: Can't find file '/Game/Proyecto/imagenes_con_licencia/Playground_Ground_Cover_Texture_500x500/Playground_Ground_Cover_Texture'
[2017.09.06-18.28.18:398][  0]LogLinker:Warning: Can't find file for asset '/Game/Proyecto/imagenes_con_licencia/Playground_Ground_Cover_Texture_500x500/Playground_Ground_Cover_Texture' while loading ../../../../../../Users/esteban.carranza/Twicky_LIF_The_Game/SharePoint/LIF/Lif/LIF_TG/Content/Proyecto/Menu/Main_Menu.umap.
[2017.09.06-18.28.18:398][  0]LoadErrors:Error: Error /Game/Proyecto/Menu/Main_Menu : Can't find file for asset. /Game/Proyecto/imagenes_con_licencia/Playground_Ground_Cover_Texture_500x500/Playground_Ground_Cover_Texture
[2017.09.06-18.28.18:450][  0]LogLinker:Warning: Can't find file '/Game/Proyecto/imagenes_con_licencia/Playground_Ground_Cover_Texture_500x500/Playground_Ground_Cover_Texture'
[2017.09.06-18.28.18:450][  0]LoadErrors: Info Failed to load /Game/Proyecto/imagenes_con_licencia/Playground_Ground_Cover_Texture_500x500/Playground_Ground_Cover_Texture.Playground_Ground_Cover_Texture Referenced by Image_0
[2017.09.06-18.28.18:451][  0]LogLinker:Warning: Can't find file for asset '/Game/Proyecto/imagenes_con_licencia/Playground_Ground_Cover_Texture_500x500/Playground_Ground_Cover_Texture' while loading ../../../../../../Users/esteban.carranza/Twicky_LIF_The_Game/SharePoint/LIF/Lif/LIF_TG/Content/Proyecto/Menu/Main_Menu.umap.
[2017.09.06-18.28.18:451][  0]LoadErrors: Info Failed to load /Game/Proyecto/imagenes_con_licencia/Playground_Ground_Cover_Texture_500x500/Playground_Ground_Cover_Texture.Playground_Ground_Cover_Texture Referenced by Image_0
[2017.09.06-18.28.18:451][  0]LoadErrors:Error: Error /Game/Proyecto/Menu/Main_Menu : Can't find file for asset. /Game/Proyecto/imagenes_con_licencia/Playground_Ground_Cover_Texture_500x500/Playground_Ground_Cover_Texture
[2017.09.06-18.28.18:456][  0]LogLinker:Warning: Can't find file '/Game/Proyecto/imagenes_con_licencia/Ground_38f_500x500/Ground_3088247128_e5ebfc738f_o_500x500'
[2017.09.06-18.28.18:456][  0]LoadErrors: Info Failed to load /Game/Proyecto/imagenes_con_licencia/Ground_38f_500x500/Ground_3088247128_e5ebfc738f_o_500x500.Ground_3088247128_e5ebfc738f_o_500x500 Referenced by Image_80
[2017.09.06-18.28.18:457][  0]LogLinker:Warning: Can't find file for asset '/Game/Proyecto/imagenes_con_licencia/Ground_38f_500x500/Ground_3088247128_e5ebfc738f_o_500x500' while loading ../../../../../../Users/esteban.carranza/Twicky_LIF_The_Game/SharePoint/LIF/Lif/LIF_TG/Content/Proyecto/Menu/Main_Menu.umap.
[2017.09.06-18.28.18:457][  0]LoadErrors: Info Failed to load /Game/Proyecto/imagenes_con_licencia/Ground_38f_500x500/Ground_3088247128_e5ebfc738f_o_500x500.Ground_3088247128_e5ebfc738f_o_500x500 Referenced by Image_80
[2017.09.06-18.28.18:457][  0]LoadErrors:Error: Error /Game/Proyecto/Menu/Main_Menu : Can't find file for asset. /Game/Proyecto/imagenes_con_licencia/Ground_38f_500x500/Ground_3088247128_e5ebfc738f_o_500x500
[2017.09.06-18.28.18:461][  0]LogLinker:Warning: Can't find file '/Game/Proyecto/imagenes_con_licencia/Grass_e68_500x500/Grass_3004322071_69bedc5e68_o_500x500'
[2017.09.06-18.28.18:461][  0]LoadErrors: Info Failed to load /Game/Proyecto/imagenes_con_licencia/Grass_e68_500x500/Grass_3004322071_69bedc5e68_o_500x500.Grass_3004322071_69bedc5e68_o_500x500 Referenced by Image_83
[2017.09.06-18.28.18:462][  0]LogLinker:Warning: Can't find file for asset '/Game/Proyecto/imagenes_con_licencia/Grass_e68_500x500/Grass_3004322071_69bedc5e68_o_500x500' while loading ../../../../../../Users/esteban.carranza/Twicky_LIF_The_Game/SharePoint/LIF/Lif/LIF_TG/Content/Proyecto/Menu/Main_Menu.umap.
[2017.09.06-18.28.18:462][  0]LoadErrors: Info Failed to load /Game/Proyecto/imagenes_con_licencia/Grass_e68_500x500/Grass_3004322071_69bedc5e68_o_500x500.Grass_3004322071_69bedc5e68_o_500x500 Referenced by Image_83
[2017.09.06-18.28.18:462][  0]LoadErrors:Error: Error /Game/Proyecto/Menu/Main_Menu : Can't find file for asset. /Game/Proyecto/imagenes_con_licencia/Grass_e68_500x500/Grass_3004322071_69bedc5e68_o_500x500
[2017.09.06-18.28.18:913][  0]LogLinker:Warning: Can't find file '/Game/Proyecto/imagenes_con_licencia/Playground_Ground_Cover_Texture_500x500/Playground_Ground_Cover_Texture'
[2017.09.06-18.28.18:913][  0]LoadErrors: Info Failed to load /Game/Proyecto/imagenes_con_licencia/Playground_Ground_Cover_Texture_500x500/Playground_Ground_Cover_Texture.Playground_Ground_Cover_Texture Referenced by Image_0
[2017.09.06-18.28.18:914][  0]LogLinker:Warning: Can't find file for asset '/Game/Proyecto/imagenes_con_licencia/Playground_Ground_Cover_Texture_500x500/Playground_Ground_Cover_Texture' while loading NULL.
[2017.09.06-18.28.18:914][  0]LoadErrors: Info Failed to load /Game/Proyecto/imagenes_con_licencia/Playground_Ground_Cover_Texture_500x500/Playground_Ground_Cover_Texture.Playground_Ground_Cover_Texture Referenced by Image_0
[2017.09.06-18.28.18:922][  0]LogLinker:Warning: Can't find file '/Game/Proyecto/imagenes_con_licencia/Ground_38f_500x500/Ground_3088247128_e5ebfc738f_o_500x500'
[2017.09.06-18.28.18:923][  0]LoadErrors: Info Failed to load /Game/Proyecto/imagenes_con_licencia/Ground_38f_500x500/Ground_3088247128_e5ebfc738f_o_500x500.Ground_3088247128_e5ebfc738f_o_500x500 Referenced by Image_80
[2017.09.06-18.28.18:924][  0]LogLinker:Warning: Can't find file for asset '/Game/Proyecto/imagenes_con_licencia/Ground_38f_500x500/Ground_3088247128_e5ebfc738f_o_500x500' while loading NULL.
[2017.09.06-18.28.18:924][  0]LoadErrors: Info Failed to load /Game/Proyecto/imagenes_con_licencia/Ground_38f_500x500/Ground_3088247128_e5ebfc738f_o_500x500.Ground_3088247128_e5ebfc738f_o_500x500 Referenced by Image_80
[2017.09.06-18.28.18:925][  0]LogLinker:Warning: Can't find file '/Game/Proyecto/imagenes_con_licencia/Grass_e68_500x500/Grass_3004322071_69bedc5e68_o_500x500'
[2017.09.06-18.28.18:925][  0]LoadErrors: Info Failed to load /Game/Proyecto/imagenes_con_licencia/Grass_e68_500x500/Grass_3004322071_69bedc5e68_o_500x500.Grass_3004322071_69bedc5e68_o_500x500 Referenced by Image_83
[2017.09.06-18.28.18:926][  0]LogLinker:Warning: Can't find file for asset '/Game/Proyecto/imagenes_con_licencia/Grass_e68_500x500/Grass_3004322071_69bedc5e68_o_500x500' while loading NULL.
[2017.09.06-18.28.18:926][  0]LoadErrors: Info Failed to load /Game/Proyecto/imagenes_con_licencia/Grass_e68_500x500/Grass_3004322071_69bedc5e68_o_500x500.Grass_3004322071_69bedc5e68_o_500x500 Referenced by Image_83
[2017.09.06-18.28.20:333][  0]LogAIModule: Creating AISystem for world Main_Menu
[2017.09.06-18.28.20:338][  0]LogEditorServer: Finished looking for orphan Actors (0.000 secs)
[2017.09.06-18.28.20:339][  0]Cmd: MAP CHECKDEP NOCLEARLOG
[2017.09.06-18.28.20:740][  0]MapCheck: Info Map check complete: 0 Error(s), 0 Warning(s), took 400.909ms to complete.
[2017.09.06-18.28.20:741][  0]LogFileHelpers: Loading map 'Main_Menu' took 5.218
[2017.09.06-18.28.21:143][  0]LogCollectionManager: Loaded 0 collections in 0.013897 seconds
[2017.09.06-18.28.21:238][  0]LogFileCache: Scanning file cache for directory 'C:/Users/esteban.carranza/Twicky_LIF_The_Game/SharePoint/LIF/Lif/LIF_TG/Saved/Collections/' took 0.01s
[2017.09.06-18.28.21:238][  0]LogFileCache: Scanning file cache for directory 'C:/Users/esteban.carranza/Twicky_LIF_The_Game/SharePoint/LIF/Lif/LIF_TG/Content/Developers/estebancarranza/Collections/' took 0.01s
[2017.09.06-18.28.21:238][  0]LogFileCache: Scanning file cache for directory 'C:/Users/esteban.carranza/Twicky_LIF_The_Game/SharePoint/LIF/Lif/LIF_TG/Content/Collections/' took 0.01s
[2017.09.06-18.28.21:238][  0]LogCollectionManager: Rebuilt the GUID cache for 0 collections in 0.000011 seconds
[2017.09.06-18.28.21:295][  0]LogContentBrowser: Native class hierarchy populated in 0.0563 seconds. Added 2047 classes and 369 folders.
[2017.09.06-18.28.21:315][  0]LogStats: UGameplayTagsManager::ConstructGameplayTagTree: Construct from data asset -  0.000 s
[2017.09.06-18.28.21:315][  0]LogStats: UGameplayTagsManager::ConstructGameplayTagTree: GameplayTagTreeChangedEvent.Broadcast -  0.000 s
[2017.09.06-18.28.21:317][  0]LogContentBrowser: Native class hierarchy updated for 'GameplayTags' in 0.0019 seconds. Added 12 classes and 0 folders.
[2017.09.06-18.28.21:350][  0]LogContentBrowser: Native class hierarchy updated for 'WidgetCarousel' in 0.0017 seconds. Added 0 classes and 0 folders.
[2017.09.06-18.28.21:596][  0]LogContentBrowser: Native class hierarchy updated for 'AddContentDialog' in 0.0016 seconds. Added 0 classes and 0 folders.
[2017.09.06-18.28.21:617][  0]LogContentBrowser: Native class hierarchy updated for 'SceneOutliner' in 0.0017 seconds. Added 1 classes and 2 folders.
[2017.09.06-18.28.21:891][  0]LogCrashTracker: Crashtracker disabled due to settings.
[2017.09.06-18.28.21:958][  0]LogUObjectGlobals:Warning: Failed to find object 'Class None.'
[2017.09.06-18.28.22:006][  0]LogContentBrowser: Native class hierarchy updated for 'HierarchicalLODOutliner' in 0.0023 seconds. Added 1 classes and 2 folders.
[2017.09.06-18.28.22:008][  0]LogLoad: Full Startup: 34.43 seconds (BP compile: 1.31 seconds)
[2017.09.06-18.28.22:008][  0]LogExternalProfiler: No external profilers were discovered.  External profiling features will not be available.
[2017.09.06-18.28.22:023][  0]LogOcInput: OculusInput pre-init called
[2017.09.06-18.28.22:070][  0]LogContentStreaming: Texture pool size now 200 MB
[2017.09.06-18.28.22:407][  6]LogAssetRegistry: Asset discovery search completed in 19.5151 seconds
[2017.09.06-18.28.22:407][  6]LogCollectionManager: Rebuilt the object cache for 0 collections in 0.000002 seconds (found 0 objects)
[2017.09.06-18.28.22:407][  6]LogCollectionManager: Fixed up redirectors for 0 collections in 0.000084 seconds (updated 0 objects)
[2017.09.06-18.28.29:671][791]LogRenderer: Reallocating scene render targets to support 700x340 (Frame:2).
[2017.09.06-18.28.40:691][634]LogMaterial: Missing cached shader map for material mat_bosque, compiling. 
[2017.09.06-18.28.41:535][634]LogMaterial: Missing cached shader map for material mat_bosque, compiling. 
[2017.09.06-18.28.42:034][634]LogMaterial: Missing cached shader map for material mat_bosque, compiling. 
[2017.09.06-18.28.42:145][634]LogMaterial: 0.00 seconds spent updating 1 materials, 1 interfaces, 0 instances, 0 with static permutations.
[2017.09.06-18.28.42:178][634]LogMaterial: Missing cached shader map for material FMatExpressionPreview MaterialExpressionTextureSample_1, compiling. 
[2017.09.06-18.28.42:192][634]LogMaterial: Missing cached shader map for material FMatExpressionPreview MaterialExpressionTextureSample_2, compiling. 
[2017.09.06-18.28.42:207][634]LogMaterial: Missing cached shader map for material FMatExpressionPreview MaterialExpressionTextureSample_3, compiling. 
[2017.09.06-18.28.42:221][634]LogMaterial: Missing cached shader map for material FMatExpressionPreview MaterialExpressionTextureSample_4, compiling. 
[2017.09.06-18.28.42:236][634]LogMaterial: Missing cached shader map for material FMatExpressionPreview MaterialExpressionTextureSample_5, compiling. 
[2017.09.06-18.28.42:251][634]LogMaterial: Missing cached shader map for material FMatExpressionPreview MaterialExpressionTextureSample_6, compiling. 
[2017.09.06-18.28.42:265][634]LogMaterial: Missing cached shader map for material FMatExpressionPreview MaterialExpressionTextureSample_7, compiling. 
[2017.09.06-18.28.42:281][634]LogMaterial: Missing cached shader map for material FMatExpressionPreview MaterialExpressionTextureSample_8, compiling. 
[2017.09.06-18.28.42:296][634]LogMaterial: Missing cached shader map for material FMatExpressionPreview MaterialExpressionTextureSample_9, compiling. 
[2017.09.06-18.28.42:312][634]LogMaterial: Missing cached shader map for material FMatExpressionPreview MaterialExpressionTextureSample_10, compiling. 
[2017.09.06-18.28.42:324][634]LogMaterial: Missing cached shader map for material FMatExpressionPreview MaterialExpressionTextureSample_0, compiling. 
[2017.09.06-18.28.42:337][634]LogMaterial: Missing cached shader map for material FMatExpressionPreview MaterialExpressionTextureSample_11, compiling. 
[2017.09.06-18.28.42:351][634]LogMaterial: Missing cached shader map for material FMatExpressionPreview MaterialExpressionTextureSample_12, compiling. 
[2017.09.06-18.28.42:363][634]LogMaterial: Missing cached shader map for material FMatExpressionPreview MaterialExpressionTextureSample_13, compiling. 
[2017.09.06-18.28.42:375][634]LogMaterial: Missing cached shader map for material FMatExpressionPreview MaterialExpressionTextureSample_14, compiling. 
[2017.09.06-18.28.42:388][634]LogMaterial: Missing cached shader map for material FMatExpressionPreview MaterialExpressionTextureSample_15, compiling. 
[2017.09.06-18.28.42:401][634]LogMaterial: Missing cached shader map for material FMatExpressionPreview MaterialExpressionTextureSample_16, compiling. 
[2017.09.06-18.28.42:413][634]LogMaterial: Missing cached shader map for material FMatExpressionPreview MaterialExpressionTextureSample_17, compiling. 
[2017.09.06-18.28.42:424][634]LogMaterial: Missing cached shader map for material FMatExpressionPreview MaterialExpressionTextureSample_18, compiling. 
[2017.09.06-18.28.42:437][634]LogMaterial: Missing cached shader map for material FMatExpressionPreview MaterialExpressionTextureSample_19, compiling. 
[2017.09.06-18.29.17:124][985]LogMaterial: Missing cached shader map for material mat_bosque, compiling. 
[2017.09.06-18.29.17:456][985]LogMaterial: Missing cached shader map for material PreviewMaterial_0, compiling. 
[2017.09.06-18.29.18:030][985]LogMaterial: Missing cached shader map for material PreviewMaterial_0, compiling. 
[2017.09.06-18.29.18:094][985]LogMaterial: 0.00 seconds spent updating 1 materials, 1 interfaces, 0 instances, 0 with static permutations.
[2017.09.06-18.29.18:123][985]LogMaterial: Missing cached shader map for material FMatExpressionPreview MaterialExpressionTextureSample_1, compiling. 
[2017.09.06-18.29.18:134][985]LogMaterial: Missing cached shader map for material FMatExpressionPreview MaterialExpressionTextureSample_2, compiling. 
[2017.09.06-18.29.18:145][985]LogMaterial: Missing cached shader map for material FMatExpressionPreview MaterialExpressionTextureSample_3, compiling. 
[2017.09.06-18.29.18:155][985]LogMaterial: Missing cached shader map for material FMatExpressionPreview MaterialExpressionTextureSample_4, compiling. 
[2017.09.06-18.29.18:165][985]LogMaterial: Missing cached shader map for material FMatExpressionPreview MaterialExpressionTextureSample_5, compiling. 
[2017.09.06-18.29.18:175][985]LogMaterial: Missing cached shader map for material FMatExpressionPreview MaterialExpressionTextureSample_6, compiling. 
[2017.09.06-18.29.18:185][985]LogMaterial: Missing cached shader map for material FMatExpressionPreview MaterialExpressionTextureSample_7, compiling. 
[2017.09.06-18.29.18:196][985]LogMaterial: Missing cached shader map for material FMatExpressionPreview MaterialExpressionTextureSample_8, compiling. 
[2017.09.06-18.29.18:206][985]LogMaterial: Missing cached shader map for material FMatExpressionPreview MaterialExpressionTextureSample_9, compiling. 
[2017.09.06-18.29.18:216][985]LogMaterial: Missing cached shader map for material FMatExpressionPreview MaterialExpressionTextureSample_10, compiling. 
[2017.09.06-18.29.18:226][985]LogMaterial: Missing cached shader map for material FMatExpressionPreview MaterialExpressionTextureSample_0, compiling. 
[2017.09.06-18.29.18:236][985]LogMaterial: Missing cached shader map for material FMatExpressionPreview MaterialExpressionTextureSample_11, compiling. 
[2017.09.06-18.29.18:247][985]LogMaterial: Missing cached shader map for material FMatExpressionPreview MaterialExpressionTextureSample_12, compiling. 
[2017.09.06-18.29.18:258][985]LogMaterial: Missing cached shader map for material FMatExpressionPreview MaterialExpressionTextureSample_13, compiling. 
[2017.09.06-18.29.18:269][985]LogMaterial: Missing cached shader map for material FMatExpressionPreview MaterialExpressionTextureSample_14, compiling. 
[2017.09.06-18.29.18:281][985]LogMaterial: Missing cached shader map for material FMatExpressionPreview MaterialExpressionTextureSample_15, compiling. 
[2017.09.06-18.29.18:290][985]LogMaterial: Missing cached shader map for material FMatExpressionPreview MaterialExpressionTextureSample_16, compiling. 
[2017.09.06-18.29.18:302][985]LogMaterial: Missing cached shader map for material FMatExpressionPreview MaterialExpressionTextureSample_17, compiling. 
[2017.09.06-18.29.18:313][985]LogMaterial: Missing cached shader map for material FMatExpressionPreview MaterialExpressionTextureSample_18, compiling. 
[2017.09.06-18.29.18:322][985]LogMaterial: Missing cached shader map for material FMatExpressionPreview MaterialExpressionTextureSample_19, compiling. 
[2017.09.06-18.29.44:743][251]MaterialEditorStats: Info Base pass shader with static lighting: 71 instructions
[2017.09.06-18.29.44:743][251]MaterialEditorStats: Info Base pass shader with only dynamic lighting: 42 instructions
[2017.09.06-18.29.44:743][251]MaterialEditorStats: Info Vertex shader: 28 instructions
[2017.09.06-18.29.44:743][251]MaterialEditorStats: Info Texture samplers: 8/16
[2017.09.06-18.30.31:997][436]Cmd: MAP LOAD FILE="../../../../../../Users/esteban.carranza/Twicky_LIF_The_Game/SharePoint/LIF/Lif/LIF_TG/Content/Proyecto/Menu/Main_Menu.umap" TEMPLATE=0 SHOWPROGRESS=1 FEATURELEVEL=3
[2017.09.06-18.30.31:998][436]LightingResults: New page: Lighting Build
[2017.09.06-18.30.31:999][436]LoadErrors: New page: Loading map: Main_Menu.umap
[2017.09.06-18.30.32:000][436]MapCheck: New page: Map Check
[2017.09.06-18.30.32:000][436]LightingResults: New page: Lighting Build
[2017.09.06-18.30.32:098][436]LogAIModule: Creating AISystem for world Main_Menu
[2017.09.06-18.30.32:283][436]LogEditorServer: Finished looking for orphan Actors (0.000 secs)
[2017.09.06-18.30.32:375][436]Cmd: MAP CHECKDEP NOCLEARLOG
[2017.09.06-18.30.32:699][436]MapCheck: Info Map check complete: 0 Error(s), 0 Warning(s), took 323.14ms to complete.
[2017.09.06-18.30.32:701][436]LogFileHelpers: Loading map 'Main_Menu' took 0.706
[2017.09.06-18.30.46:449][513]LogWindowsTextInputMethodSystem:Display: IME system now deactivated.
[2017.09.06-18.30.46:850][514]Cmd: QUIT_EDITOR
[2017.09.06-18.30.47:083][514]LogExit: Preparing to exit.
[2017.09.06-18.30.47:850][514]LogExit: Editor shut down
[2017.09.06-18.30.47:852][514]LogExit: Transaction tracking system shut down
[2017.09.06-18.30.48:389][514]LogObj: Freed 0b from 0 cluster array pools.
[2017.09.06-18.30.48:390][514]LogExit: Object subsystem successfully closed.
[2017.09.06-18.30.48:407][514]LogD3D11RHI: Shutdown
[2017.09.06-18.30.48:407][514]LogD3D11RHI: CleanupD3DDevice
[2017.09.06-18.30.48:490][514]LogD3D11RHI: ~FD3D11DynamicRHI
[2017.09.06-18.30.48:578][514]LogModuleManager: Shutting down and abandoning module MaterialEditor (215)
[2017.09.06-18.30.48:579][514]LogModuleManager: Shutting down and abandoning module HierarchicalLODOutliner (214)
[2017.09.06-18.30.48:579][514]LogModuleManager: Shutting down and abandoning module ExternalImagePicker (213)
[2017.09.06-18.30.48:579][514]LogModuleManager: Shutting down and abandoning module CrashTracker (212)
[2017.09.06-18.30.48:579][514]LogModuleManager: Shutting down and abandoning module SceneOutliner (211)
[2017.09.06-18.30.48:579][514]LogModuleManager: Shutting down and abandoning module WidgetCarousel (210)
[2017.09.06-18.30.48:579][514]LogModuleManager: Shutting down and abandoning module AddContentDialog (209)
[2017.09.06-18.30.48:586][514]LogModuleManager: Shutting down and abandoning module GameplayTags (208)
[2017.09.06-18.30.48:587][514]LogModuleManager: Shutting down and abandoning module EditorWidgets (207)
[2017.09.06-18.30.48:587][514]LogModuleManager: Shutting down and abandoning module CollectionManager (206)
[2017.09.06-18.30.48:587][514]LogModuleManager: Shutting down and abandoning module StatsViewer (205)
[2017.09.06-18.30.48:587][514]LogModuleManager: Shutting down and abandoning module FoliageEdit (204)
[2017.09.06-18.30.48:587][514]LogModuleManager: Shutting down and abandoning module LandscapeEditor (203)
[2017.09.06-18.30.48:588][514]LogModuleManager: Shutting down and abandoning module SceneDepthPickerMode (202)
[2017.09.06-18.30.48:588][514]LogModuleManager: Shutting down and abandoning module ActorPickerMode (201)
[2017.09.06-18.30.48:588][514]LogModuleManager: Shutting down and abandoning module GeometryMode (200)
[2017.09.06-18.30.48:588][514]LogModuleManager: Shutting down and abandoning module TextureAlignMode (199)
[2017.09.06-18.30.48:588][514]LogModuleManager: Shutting down and abandoning module BspMode (198)
[2017.09.06-18.30.48:588][514]LogModuleManager: Shutting down and abandoning module HardwareSurvey (197)
[2017.09.06-18.30.48:588][514]LogModuleManager: Shutting down and abandoning module SequenceRecorderSections (196)
[2017.09.06-18.30.48:588][514]LogModuleManager: Shutting down and abandoning module SequenceRecorder (195)
[2017.09.06-18.30.48:588][514]LogModuleManager: Shutting down and abandoning module AutomationWorker (194)
[2017.09.06-18.30.48:589][514]LogModuleManager: Shutting down and abandoning module MatineeToLevelSequence (193)
[2017.09.06-18.30.48:589][514]LogModuleManager: Shutting down and abandoning module PlacementMode (192)
[2017.09.06-18.30.48:589][514]LogModuleManager: Shutting down and abandoning module LevelSequenceEditor (191)
[2017.09.06-18.30.48:589][514]LogModuleManager: Shutting down and abandoning module CharacterAI (190)
[2017.09.06-18.30.48:590][514]LogModuleManager: Shutting down and abandoning module SmartSnapping (189)
[2017.09.06-18.30.48:590][514]LogModuleManager: Shutting down and abandoning module SessionServices (188)
[2017.09.06-18.30.48:590][514]LogModuleManager: Shutting down and abandoning module ViewportSnapping (187)
[2017.09.06-18.30.48:590][514]LogModuleManager: Shutting down and abandoning module LogVisualizer (186)
[2017.09.06-18.30.48:590][514]LogModuleManager: Shutting down and abandoning module GameProjectGeneration (185)
[2017.09.06-18.30.48:590][514]LogModuleManager: Shutting down and abandoning module IntroTutorials (184)
[2017.09.06-18.30.48:590][514]LogModuleManager: Shutting down and abandoning module EditorLiveStreaming (183)
[2017.09.06-18.30.48:590][514]LogModuleManager: Shutting down and abandoning module IOSPlatformEditor (182)
[2017.09.06-18.30.48:590][514]LogModuleManager: Shutting down and abandoning module HTML5PlatformEditor (181)
[2017.09.06-18.30.48:590][514]LogModuleManager: Shutting down and abandoning module AndroidDeviceDetection (180)
[2017.09.06-18.30.49:140][514]LogModuleManager: Shutting down and abandoning module AndroidPlatformEditor (179)
[2017.09.06-18.30.49:141][514]LogModuleManager: Shutting down and abandoning module IOSRuntimeSettings (178)
[2017.09.06-18.30.49:141][514]LogModuleManager: Shutting down and abandoning module AndroidRuntimeSettings (177)
[2017.09.06-18.30.49:141][514]LogModuleManager: Shutting down and abandoning module MergeActors (176)
[2017.09.06-18.30.49:141][514]LogModuleManager: Shutting down and abandoning module SizeMap (175)
[2017.09.06-18.30.49:141][514]LogModuleManager: Shutting down and abandoning module TreeMap (174)
[2017.09.06-18.30.49:141][514]LogModuleManager: Shutting down and abandoning module ReferenceViewer (173)
[2017.09.06-18.30.49:141][514]LogModuleManager: Shutting down and abandoning module LocalizationService (172)
[2017.09.06-18.30.49:141][514]LogModuleManager: Shutting down and abandoning module LocalizationDashboard (171)
[2017.09.06-18.30.49:141][514]LogModuleManager: Shutting down and abandoning module HardwareTargeting (170)
[2017.09.06-18.30.49:141][514]LogModuleManager: Shutting down and abandoning module DeviceProfileEditor (169)
[2017.09.06-18.30.49:141][514]LogModuleManager: Shutting down and abandoning module UndoHistory (168)
[2017.09.06-18.30.49:141][514]LogModuleManager: Shutting down and abandoning module UserFeedback (167)
[2017.09.06-18.30.49:141][514]LogModuleManager: Shutting down and abandoning module XmlParser (166)
[2017.09.06-18.30.49:141][514]LogModuleManager: Shutting down and abandoning module Blutility (165)
[2017.09.06-18.30.49:141][514]LogModuleManager: Shutting down and abandoning module ProjectTargetPlatformEditor (164)
[2017.09.06-18.30.49:142][514]LogModuleManager: Shutting down and abandoning module ProjectSettingsViewer (163)
[2017.09.06-18.30.49:143][514]LogModuleManager: Shutting down and abandoning module InputBindingEditor (162)
[2017.09.06-18.30.49:143][514]LogModuleManager: Shutting down and abandoning module EditorSettingsViewer (161)
[2017.09.06-18.30.49:143][514]LogModuleManager: Shutting down and abandoning module SettingsEditor (160)
[2017.09.06-18.30.49:143][514]LogModuleManager: Shutting down and abandoning module ProjectLauncher (159)
[2017.09.06-18.30.49:143][514]LogModuleManager: Shutting down and abandoning module SessionFrontend (158)
[2017.09.06-18.30.49:143][514]LogModuleManager: Shutting down and abandoning module ProfilerClient (157)
[2017.09.06-18.30.49:143][514]LogModuleManager: Shutting down and abandoning module TargetDeviceServices (156)
[2017.09.06-18.30.49:144][514]LogModuleManager: Shutting down and abandoning module DeviceManager (155)
[2017.09.06-18.30.49:218][514]LogModuleManager: Shutting down and abandoning module AutomationController (154)
[2017.09.06-18.30.49:218][514]LogModuleManager: Shutting down and abandoning module AutomationWindow (153)
[2017.09.06-18.30.49:218][514]LogModuleManager: Shutting down and abandoning module Layers (152)
[2017.09.06-18.30.49:218][514]LogModuleManager: Shutting down and abandoning module ComponentVisualizers (151)
[2017.09.06-18.30.49:218][514]LogModuleManager: Shutting down and abandoning module DetailCustomizations (150)
[2017.09.06-18.30.49:218][514]LogModuleManager: Shutting down and abandoning module PackagesDialog (149)
[2017.09.06-18.30.49:218][514]LogModuleManager: Shutting down and abandoning module Persona (148)
[2017.09.06-18.30.49:218][514]LogModuleManager: Shutting down and abandoning module Kismet (147)
[2017.09.06-18.30.49:218][514]LogModuleManager: Shutting down and abandoning module GraphEditor (146)
[2017.09.06-18.30.49:218][514]LogModuleManager: Shutting down and abandoning module ClassViewer (145)
[2017.09.06-18.30.49:218][514]LogModuleManager: Shutting down and abandoning module Toolbox (144)
[2017.09.06-18.30.49:218][514]LogModuleManager: Shutting down and abandoning module ModuleUI (143)
[2017.09.06-18.30.49:218][514]LogModuleManager: Shutting down and abandoning module MovieSceneTools (142)
[2017.09.06-18.30.49:219][514]LogModuleManager: Shutting down and abandoning module OutputLog (141)
[2017.09.06-18.30.49:219][514]LogModuleManager: Shutting down and abandoning module GammaUI (140)
[2017.09.06-18.30.49:219][514]LogModuleManager: Shutting down and abandoning module Documentation (139)
[2017.09.06-18.30.49:219][514]LogModuleManager: Shutting down and abandoning module StreamingPauseRendering (138)
[2017.09.06-18.30.49:219][514]LogModuleManager: Shutting down and abandoning module AnalyticsET (137)
[2017.09.06-18.30.49:219][514]LogModuleManager: Shutting down and abandoning module Analytics (136)
[2017.09.06-18.30.49:219][514]LogModuleManager: Shutting down and abandoning module PortalServices (135)
[2017.09.06-18.30.49:219][514]LogModuleManager: Shutting down and abandoning module PortalRpc (134)
[2017.09.06-18.30.49:219][514]LogModuleManager: Shutting down and abandoning module MessagingRpc (133)
[2017.09.06-18.30.49:219][514]LogModuleManager: Shutting down and abandoning module GameplayDebugger (132)
[2017.09.06-18.30.49:219][514]LogModuleManager: Shutting down and abandoning module AITestSuite (131)
[2017.09.06-18.30.49:219][514]LogModuleManager: Shutting down and abandoning module AIModule (130)
[2017.09.06-18.30.49:219][514]LogModuleManager: Shutting down and abandoning module ProfilerService (129)
[2017.09.06-18.30.49:264][514]LogModuleManager: Shutting down and abandoning module TaskGraph (128)
[2017.09.06-18.30.49:264][514]LogModuleManager: Shutting down and abandoning module SlateRemote (127)
[2017.09.06-18.30.49:264][514]LogModuleManager: Shutting down and abandoning module SteamVRController (126)
[2017.09.06-18.30.49:264][514]LogModuleManager: Shutting down and abandoning module SteamVR (125)
[2017.09.06-18.30.49:264][514]LogModuleManager: Shutting down and abandoning module ProceduralMeshComponent (124)
[2017.09.06-18.30.49:264][514]LogModuleManager: Shutting down and abandoning module OculusLibrary (123)
[2017.09.06-18.30.49:265][514]LogModuleManager: Shutting down and abandoning module OculusInput (122)
[2017.09.06-18.30.49:265][514]LogModuleManager: Shutting down and abandoning module CustomMeshComponent (121)
[2017.09.06-18.30.49:265][514]LogModuleManager: Shutting down and abandoning module CableComponent (120)
[2017.09.06-18.30.49:265][514]LogModuleManager: Shutting down and abandoning module ArchVisCharacter (119)
[2017.09.06-18.30.49:265][514]LogModuleManager: Shutting down and abandoning module MediaPlayerEditor (118)
[2017.09.06-18.30.49:265][514]LogModuleManager: Shutting down and abandoning module HTML5Networking (117)
[2017.09.06-18.30.49:265][514]LogModuleManager: Shutting down and abandoning module SuperSearch (116)
[2017.09.06-18.30.49:265][514]LogModuleManager: Shutting down and abandoning module SuperSearchEditor (115)
[2017.09.06-18.30.49:265][514]LogModuleManager: Shutting down and abandoning module SpeedTreeImporter (114)
[2017.09.06-18.30.49:265][514]LogModuleManager: Shutting down and abandoning module PluginBrowser (113)
[2017.09.06-18.30.49:265][514]LogModuleManager: Shutting down and abandoning module EpicSurvey (112)
[2017.09.06-18.30.49:265][514]LogModuleManager: Shutting down and abandoning module DesktopPlatform (111)
[2017.09.06-18.30.49:265][514]LogModuleManager: Shutting down and abandoning module VisualStudioSourceCodeAccess (110)
[2017.09.06-18.30.49:265][514]LogModuleManager: Shutting down and abandoning module UObjectPlugin (109)
[2017.09.06-18.30.49:266][514]LogModuleManager: Shutting down and abandoning module SubversionSourceControl (108)
[2017.09.06-18.30.49:266][514]LogModuleManager: Shutting down and abandoning module PerforceSourceControl (107)
[2017.09.06-18.30.49:266][514]LogModuleManager: Shutting down and abandoning module SourceControl (106)
[2017.09.06-18.30.49:266][514]LogModuleManager: Shutting down and abandoning module GitSourceControl (105)
[2017.09.06-18.30.49:266][514]LogModuleManager: Shutting down and abandoning module LightPropagationVolumeEditor (104)
[2017.09.06-18.30.49:266][514]LogModuleManager: Shutting down and abandoning module PaperTiledImporter (103)
[2017.09.06-18.30.49:266][514]LogModuleManager: Shutting down and abandoning module PaperSpriteSheetImporter (102)
[2017.09.06-18.30.49:266][514]LogModuleManager: Shutting down and abandoning module MeshPaint (101)
[2017.09.06-18.30.49:266][514]LogModuleManager: Shutting down and abandoning module PixelInspectorModule (100)
[2017.09.06-18.30.49:266][514]LogModuleManager: Shutting down and abandoning module HotReload (99)
[2017.09.06-18.30.49:267][514]LogModuleManager: Shutting down and abandoning module MainFrame (98)
[2017.09.06-18.30.49:268][514]LogModuleManager: Shutting down and abandoning module LevelEditor (97)
[2017.09.06-18.30.49:269][514]LogModuleManager: Shutting down and abandoning module ContentBrowser (96)
[2017.09.06-18.30.49:270][514]LogModuleManager: Shutting down and abandoning module Paper2DEditor (95)
[2017.09.06-18.30.49:271][514]LogModuleManager: Shutting down and abandoning module UdpMessaging (94)
[2017.09.06-18.30.49:372][514]LogModuleManager: Shutting down and abandoning module LightPropagationVolumeRuntime (93)
[2017.09.06-18.30.49:372][514]LogModuleManager: Shutting down and abandoning module Paper2D (92)
[2017.09.06-18.30.49:372][514]LogModuleManager: Shutting down and abandoning module WindowsMoviePlayer (91)
[2017.09.06-18.30.49:372][514]LogModuleManager: Shutting down and abandoning module Media (90)
[2017.09.06-18.30.49:372][514]LogModuleManager: Shutting down and abandoning module WmfMedia (89)
[2017.09.06-18.30.49:372][514]LogModuleManager: Shutting down and abandoning module MediaAssets (88)
[2017.09.06-18.30.49:372][514]LogModuleManager: Shutting down and abandoning module GameLiveStreaming (87)
[2017.09.06-18.30.49:373][514]LogModuleManager: Shutting down and abandoning module GameplayTagsEditor (86)
[2017.09.06-18.30.49:373][514]LogModuleManager: Shutting down and abandoning module OnlineBlueprintSupport (85)
[2017.09.06-18.30.49:373][514]LogModuleManager: Shutting down and abandoning module VREditor (84)
[2017.09.06-18.30.49:373][514]LogModuleManager: Shutting down and abandoning module GameplayTasksEditor (83)
[2017.09.06-18.30.49:373][514]LogModuleManager: Shutting down and abandoning module PropertyEditor (82)
[2017.09.06-18.30.49:373][514]LogModuleManager: Shutting down and abandoning module BehaviorTreeEditor (81)
[2017.09.06-18.30.49:373][514]LogModuleManager: Shutting down and abandoning module FunctionalTesting (80)
[2017.09.06-18.30.49:373][514]LogModuleManager: Shutting down and abandoning module CollisionAnalyzer (79)
[2017.09.06-18.30.49:373][514]LogModuleManager: Shutting down and abandoning module Sequencer (78)
[2017.09.06-18.30.49:373][514]LogModuleManager: Shutting down and abandoning module WorkspaceMenuStructure (77)
[2017.09.06-18.30.49:373][514]LogModuleManager: Shutting down and abandoning module MessageLog (76)
[2017.09.06-18.30.49:373][514]LogModuleManager: Shutting down and abandoning module AssetTools (75)
[2017.09.06-18.30.49:374][514]LogModuleManager: Shutting down and abandoning module UMGEditor (74)
[2017.09.06-18.30.49:374][514]LogModuleManager: Shutting down and abandoning module UMG (73)
[2017.09.06-18.30.49:374][514]LogModuleManager: Shutting down and abandoning module SlateReflector (72)
[2017.09.06-18.30.49:374][514]LogModuleManager: Shutting down and abandoning module Slate (71)
[2017.09.06-18.30.49:374][514]LogModuleManager: Shutting down and abandoning module EditorStyle (70)
[2017.09.06-18.30.49:383][514]LogModuleManager: Shutting down and abandoning module SourceCodeAccess (69)
[2017.09.06-18.30.49:383][514]LogModuleManager: Shutting down and abandoning module HeadMountedDisplay (68)
[2017.09.06-18.30.49:383][514]LogModuleManager: Shutting down and abandoning module XAudio2 (67)
[2017.09.06-18.30.49:383][514]LogModuleManager: Shutting down and abandoning module Networking (65)
[2017.09.06-18.30.49:383][514]LogModuleManager: Shutting down and abandoning module Core (64)
[2017.09.06-18.30.49:383][514]LogModuleManager: Shutting down and abandoning module DirectoryWatcher (63)
[2017.09.06-18.30.49:385][514]LogModuleManager: Shutting down and abandoning module AssetRegistry (62)
[2017.09.06-18.30.49:629][514]LogModuleManager: Shutting down and abandoning module KismetCompiler (61)
[2017.09.06-18.30.49:629][514]LogModuleManager: Shutting down and abandoning module PhysXFormats (60)
[2017.09.06-18.30.49:629][514]LogModuleManager: Shutting down and abandoning module MeshUtilities (59)
[2017.09.06-18.30.49:630][514]LogModuleManager: Shutting down and abandoning module DerivedDataCache (58)
[2017.09.06-18.30.49:709][514]LogDerivedDataCache: Shutdown
[2017.09.06-18.30.49:709][514]LogModuleManager: Shutting down and abandoning module VulkanShaderFormat (57)
[2017.09.06-18.30.49:709][514]LogModuleManager: Shutting down and abandoning module ShaderFormatOpenGL (56)
[2017.09.06-18.30.49:709][514]LogModuleManager: Shutting down and abandoning module ShaderFormatD3D (55)
[2017.09.06-18.30.49:709][514]LogModuleManager: Shutting down and abandoning module MetalShaderFormat (54)
[2017.09.06-18.30.49:709][514]LogModuleManager: Shutting down and abandoning module TextureFormatUncompressed (53)
[2017.09.06-18.30.49:709][514]LogModuleManager: Shutting down and abandoning module TextureFormatPVR (52)
[2017.09.06-18.30.49:709][514]LogModuleManager: Shutting down and abandoning module TextureFormatIntelISPCTexComp (51)
[2017.09.06-18.30.49:709][514]LogModuleManager: Shutting down and abandoning module TextureFormatDXT (50)
[2017.09.06-18.30.49:709][514]LogModuleManager: Shutting down and abandoning module ImageWrapper (49)
[2017.09.06-18.30.49:710][514]LogModuleManager: Shutting down and abandoning module TextureFormatASTC (48)
[2017.09.06-18.30.49:710][514]LogModuleManager: Shutting down and abandoning module TextureFormatAndroid (47)
[2017.09.06-18.30.49:710][514]LogModuleManager: Shutting down and abandoning module AudioFormatOpus (46)
[2017.09.06-18.30.49:710][514]LogModuleManager: Shutting down and abandoning module AudioFormatOgg (45)
[2017.09.06-18.30.49:710][514]LogModuleManager: Shutting down and abandoning module AudioFormatADPCM (44)
[2017.09.06-18.30.49:710][514]LogModuleManager: Shutting down and abandoning module LinuxTargetPlatform (43)
[2017.09.06-18.30.49:710][514]LogModuleManager: Shutting down and abandoning module LinuxServerTargetPlatform (42)
[2017.09.06-18.30.49:710][514]LogModuleManager: Shutting down and abandoning module LinuxNoEditorTargetPlatform (41)
[2017.09.06-18.30.49:710][514]LogModuleManager: Shutting down and abandoning module TVOSTargetPlatform (40)
[2017.09.06-18.30.49:710][514]LogModuleManager: Shutting down and abandoning module Messaging (39)
[2017.09.06-18.30.49:710][514]LogModuleManager: Shutting down and abandoning module IOSTargetPlatform (38)
[2017.09.06-18.30.49:710][514]LogModuleManager: Shutting down and abandoning module HTML5TargetPlatform (37)
[2017.09.06-18.30.49:710][514]LogModuleManager: Shutting down and abandoning module Android_PVRTCTargetPlatform (36)
[2017.09.06-18.30.49:710][514]LogModuleManager: Shutting down and abandoning module Android_MultiTargetPlatform (35)
[2017.09.06-18.30.49:710][514]LogModuleManager: Shutting down and abandoning module Android_ETC2TargetPlatform (34)
[2017.09.06-18.30.49:710][514]LogModuleManager: Shutting down and abandoning module Android_ETC1TargetPlatform (33)
[2017.09.06-18.30.49:710][514]LogModuleManager: Shutting down and abandoning module Android_DXTTargetPlatform (32)
[2017.09.06-18.30.49:710][514]LogModuleManager: Shutting down and abandoning module Android_ATCTargetPlatform (31)
[2017.09.06-18.30.49:710][514]LogModuleManager: Shutting down and abandoning module Android_ASTCTargetPlatform (30)
[2017.09.06-18.30.49:710][514]LogModuleManager: Shutting down and abandoning module AndroidTargetPlatform (29)
[2017.09.06-18.30.49:710][514]LogModuleManager: Shutting down and abandoning module WindowsTargetPlatform (28)
[2017.09.06-18.30.49:710][514]LogModuleManager: Shutting down and abandoning module WindowsServerTargetPlatform (27)
[2017.09.06-18.30.49:711][514]LogModuleManager: Shutting down and abandoning module WindowsNoEditorTargetPlatform (26)
[2017.09.06-18.30.49:711][514]LogModuleManager: Shutting down and abandoning module WindowsClientTargetPlatform (25)
[2017.09.06-18.30.49:711][514]LogModuleManager: Shutting down and abandoning module AllDesktopTargetPlatform (24)
[2017.09.06-18.30.49:711][514]LogModuleManager: Shutting down and abandoning module TargetPlatform (23)
[2017.09.06-18.30.49:711][514]LogModuleManager: Shutting down and abandoning module InputCore (22)
[2017.09.06-18.30.49:711][514]LogModuleManager: Shutting down and abandoning module Settings (21)
[2017.09.06-18.30.49:711][514]LogModuleManager: Shutting down and abandoning module OnlineSubsystem (19)
[2017.09.06-18.30.49:711][514]LogModuleManager: Shutting down and abandoning module HTTP (18)
[2017.09.06-18.30.53:222][514]LogModuleManager: Shutting down and abandoning module XMPP (17)
[2017.09.06-18.30.53:222][514]LogModuleManager: Shutting down and abandoning module OculusRift (16)
[2017.09.06-18.30.53:223][514]LogModuleManager: Shutting down and abandoning module ExampleDeviceProfileSelector (15)
[2017.09.06-18.30.53:223][514]LogModuleManager: Shutting down and abandoning module TextureCompressor (14)
[2017.09.06-18.30.53:223][514]LogModuleManager: Shutting down and abandoning module ShaderCore (13)
[2017.09.06-18.30.53:223][514]LogModuleManager: Shutting down and abandoning module Landscape (12)
[2017.09.06-18.30.53:223][514]LogModuleManager: Shutting down and abandoning module SlateRHIRenderer (11)
[2017.09.06-18.30.53:229][514]LogModuleManager: Shutting down and abandoning module OpenGLDrv (10)
[2017.09.06-18.30.53:229][514]LogModuleManager: Shutting down and abandoning module D3D11RHI (9)
[2017.09.06-18.30.53:229][514]LogModuleManager: Shutting down and abandoning module AnimGraphRuntime (8)
[2017.09.06-18.30.53:229][514]LogModuleManager: Shutting down and abandoning module Renderer (7)
[2017.09.06-18.30.53:229][514]LogModuleManager: Shutting down and abandoning module Engine (6)
[2017.09.06-18.30.53:229][514]LogModuleManager: Shutting down and abandoning module CoreUObject (5)
[2017.09.06-18.30.53:229][514]LogModuleManager: Shutting down and abandoning module NetworkFile (4)
[2017.09.06-18.30.53:229][514]LogModuleManager: Shutting down and abandoning module StreamingFile (3)
[2017.09.06-18.30.53:229][514]LogModuleManager: Shutting down and abandoning module SandboxFile (2)
[2017.09.06-18.30.53:229][514]LogModuleManager: Shutting down and abandoning module PakFile (1)
[2017.09.06-18.30.53:234][514]LogExit: Exiting.
[2017.09.06-18.30.53:239][514]Log file closed, 09/06/17 13:30:53
