Log file open, 09/06/17 13:38:38
LogInit:Display: Running engine for game: LIF_TG
LogPlatformFile: Not using cached read wrapper
LogInit:Display: RandInit(175881748) SRandInit(175881751).
LogTaskGraph: Started task graph with 4 named threads and 7 total threads with 1 sets of task threads.
LogStats: Stats thread started at 0.192235
LogInit: Version: 4.12.5-3039270+++UE4+Release-4.12
LogInit: API Version: 2992821
LogInit: Net Version: 3039270
LogDevObjectVersion: Number of dev versions registered: 13
LogDevObjectVersion:   Dev-Blueprints (B0D832E4-1F89-4F0D-ACCF-7EB736FD4AA2): 3
LogDevObjectVersion:   Dev-Build (E1C64328-A22C-4D53-A36C-8E866417BD8C): 0
LogDevObjectVersion:   Dev-Core (375EC13C-06E4-48FB-B500-84F0262A717E): 1
LogDevObjectVersion:   Dev-Editor (E4B068ED-F494-42E9-A231-DA0B2E46BB41): 2
LogDevObjectVersion:   Dev-Framework (CFFC743F-43B0-4480-9391-14DF171D2073): 6
LogDevObjectVersion:   Dev-Mobile (B02B49B5-BB20-44E9-A304-32B752E40360): 0
LogDevObjectVersion:   Dev-Networking (A4E4105C-59A1-49B5-A7C5-40C4547EDFEE): 0
LogDevObjectVersion:   Dev-Online (39C831C9-5AE6-47DC-9A44-9C173E1C8E7C): 0
LogDevObjectVersion:   Dev-Physics (78F01B33-EBEA-4F98-B9B4-84EACCB95AA2): 0
LogDevObjectVersion:   Dev-Platform (6631380F-2D4D-43E0-8009-CF276956A95A): 0
LogDevObjectVersion:   Dev-Rendering (12F88B9F-8875-4AFC-A67C-D90C383ABD29): 2
LogDevObjectVersion:   Dev-Sequencer (7B5AE74C-D270-4C10-A958-57980B212A5A): 0
LogDevObjectVersion:   Dev-VR (D7296918-1DD6-4BDD-9DE2-64A83CC13884): 0
LogInit: Compiled (64-bit): Jul  6 2016 09:09:46
LogInit: Compiled with Visual C++: 19.00.23026.00
LogInit: Build Configuration: Development
LogInit: Branch Name: ++UE4+Release-4.12
LogInit: Command line:  
LogInit: Base directory: C:/Program Files/Epic Games/UE_4.12/Engine/Binaries/Win64/
LogInit: Installed Engine Build: 1
LogInit: Using libcurl 7.41.0
LogInit:  - built for x86_64-pc-win32
LogInit:  - supports SSL with WinSSL
LogInit:  - other features:
LogInit:      CURL_VERSION_SSL
LogInit:      CURL_VERSION_IPV6
LogInit:      CURL_VERSION_ASYNCHDNS
LogInit:      CURL_VERSION_LARGEFILE
LogInit:      CURL_VERSION_IDN
LogInit:  CurlRequestOptions (configurable via config and command line):
LogInit:  - bVerifyPeer = true  - Libcurl will verify peer certificate
LogInit:  - bUseHttpProxy = false  - Libcurl will NOT use HTTP proxy
LogInit:  - bDontReuseConnections = false  - Libcurl will reuse connections
LogInit:  - CertBundlePath = nullptr  - Libcurl will use whatever was configured at build time.
LogInit: Presizing for max 8388607 objects, including 0 objects not considered by GC, pre-allocating 0 bytes for permanent pool.
LogInit: Object subsystem initialized
[2017.09.06-18.38.38:605][  0]LogInit: Selected Device Profile: [Windows]
[2017.09.06-18.38.38:605][  0]LogInit: Applying CVar settings loaded from the selected device profile: [Windows]
[2017.09.06-18.38.38:653][  0]LogInit: Computer: ACDEC
[2017.09.06-18.38.38:653][  0]LogInit: User: estebancarranza
[2017.09.06-18.38.38:653][  0]LogInit: CPU Page size=65536, Cores=4
[2017.09.06-18.38.38:654][  0]LogInit: High frequency timer resolution =1.852018 MHz
[2017.09.06-18.38.38:654][  0]LogMemory: Memory total: Physical=10.9GB (11GB approx)
[2017.09.06-18.38.38:654][  0]LogMemory: Platform Memory Stats for Windows
[2017.09.06-18.38.38:654][  0]LogMemory: Process Physical Memory: 188.79 MB used, 188.79 MB peak
[2017.09.06-18.38.38:654][  0]LogMemory: Process Virtual Memory: 194.93 MB used, 194.93 MB peak
[2017.09.06-18.38.38:654][  0]LogMemory: Physical Memory: 5433.37 MB used, 11210.26 MB total
[2017.09.06-18.38.38:654][  0]LogMemory: Virtual Memory: 531.33 MB used, 134217728.00 MB total
[2017.09.06-18.38.40:365][  0]LogD3D11RHI: D3D11 adapters:
[2017.09.06-18.38.40:410][  0]LogD3D11RHI:    0. 'AMD Radeon(TM) R6 Graphics' (Feature Level 11_0)
[2017.09.06-18.38.40:410][  0]LogD3D11RHI:       989/0/3840 MB DedicatedVideo/DedicatedSystem/SharedSystem, Outputs:2, VendorId:0x1002
[2017.09.06-18.38.40:416][  0]LogD3D11RHI:    1. 'Microsoft Basic Render Driver' (Feature Level 11_0)
[2017.09.06-18.38.40:416][  0]LogD3D11RHI:       0/0/256 MB DedicatedVideo/DedicatedSystem/SharedSystem, Outputs:0, VendorId:0x1414
[2017.09.06-18.38.40:416][  0]LogD3D11RHI: Chosen D3D11 Adapter: 0
[2017.09.06-18.38.40:430][  0]LogD3D11RHI: Creating new Direct3DDevice
[2017.09.06-18.38.40:430][  0]LogD3D11RHI:     GPU DeviceId: 0x130a (for the marketing name, search the web for "GPU Device Id")
[2017.09.06-18.38.40:430][  0]LogWindows: EnumDisplayDevices:
[2017.09.06-18.38.40:431][  0]LogWindows:    0. 'AMD Radeon(TM) R6 Graphics' (P:1 D:1)
[2017.09.06-18.38.40:432][  0]LogWindows:    1. 'AMD Radeon(TM) R6 Graphics' (P:0 D:1)
[2017.09.06-18.38.40:433][  0]LogWindows:    2. 'AMD Radeon(TM) R6 Graphics' (P:0 D:0)
[2017.09.06-18.38.40:434][  0]LogWindows:    3. 'AMD Radeon(TM) R6 Graphics' (P:0 D:0)
[2017.09.06-18.38.40:435][  0]LogWindows: DebugString: FoundDriverCount:4 
[2017.09.06-18.38.40:435][  0]LogD3D11RHI:     Adapter Name: AMD Radeon(TM) R6 Graphics
[2017.09.06-18.38.40:435][  0]LogD3D11RHI:   Driver Version: Crimson ReLive 16.12.2 (internal:21.19.407.0, unified:21.19.407.0)
[2017.09.06-18.38.40:435][  0]LogD3D11RHI:      Driver Date: 12-23-2016
[2017.09.06-18.38.40:435][  0]LogRHI: Texture pool is 692 MB (70% of 989 MB)
[2017.09.06-18.38.40:467][  0]LogD3D11RHI: Async texture creation disabled: no driver support
[2017.09.06-18.38.40:489][  0]LogD3D11RHI: GPU Timing Frequency: 100.000000 (Debug: 2 1)
[2017.09.06-18.38.40:491][  0]LogShaderCompilers: Guid format shader working directory is -33 characters bigger than the processId version (../../../../../../Users/esteban.carranza/Twicky_LIF_The_Game/SharePoint/LIF/Lif/LIF_TG/Intermediate/Shaders/WorkingDirectory/7380/).
[2017.09.06-18.38.40:491][  0]LogShaderCompilers: Cleaned the shader compiler working directory 'C:/Users/ESTEBA~1.CAR/AppData/Local/Temp/UnrealShaderWorkingDir/E395E4A747764331631DF093438675B3/'.
[2017.09.06-18.38.40:491][  0]LogShaderCompilers:Display: Using Local Shader Compiler.
[2017.09.06-18.38.44:418][  0]LogTemp:Display: Loaded TP AllDesktopTargetPlatform
[2017.09.06-18.38.44:454][  0]LogTemp:Display: Loaded TP WindowsClientTargetPlatform
[2017.09.06-18.38.44:490][  0]LogTemp:Display: Loaded TP WindowsNoEditorTargetPlatform
[2017.09.06-18.38.44:535][  0]LogTemp:Display: Loaded TP WindowsServerTargetPlatform
[2017.09.06-18.38.44:584][  0]LogTemp:Display: Loaded TP WindowsTargetPlatform
[2017.09.06-18.38.44:626][  0]LogTemp:Display: Loaded TP AndroidTargetPlatform
[2017.09.06-18.38.44:667][  0]LogTemp:Display: Loaded TP Android_ASTCTargetPlatform
[2017.09.06-18.38.44:706][  0]LogTemp:Display: Loaded TP Android_ATCTargetPlatform
[2017.09.06-18.38.44:747][  0]LogTemp:Display: Loaded TP Android_DXTTargetPlatform
[2017.09.06-18.38.44:787][  0]LogTemp:Display: Loaded TP Android_ETC1TargetPlatform
[2017.09.06-18.38.44:829][  0]LogTemp:Display: Loaded TP Android_ETC2TargetPlatform
[2017.09.06-18.38.44:909][  0]LogTemp:Display: Loaded TP Android_MultiTargetPlatform
[2017.09.06-18.38.44:909][  0]LogTemp:Display: Loaded TP Android_PVRTCTargetPlatform
[2017.09.06-18.38.44:914][  0]LogTemp:Display: Loaded TP HTML5TargetPlatform
[2017.09.06-18.38.44:983][  0]LogTemp:Display: Loaded TP IOSTargetPlatform
[2017.09.06-18.38.45:022][  0]LogTemp:Display: Loaded TP TVOSTargetPlatform
[2017.09.06-18.38.45:062][  0]LogTemp:Display: Loaded TP LinuxNoEditorTargetPlatform
[2017.09.06-18.38.45:100][  0]LogTemp:Display: Loaded TP LinuxServerTargetPlatform
[2017.09.06-18.38.45:141][  0]LogTemp:Display: Loaded TP LinuxTargetPlatform
[2017.09.06-18.38.45:141][  0]LogTargetPlatformManager:Display: Building Assets For Windows
[2017.09.06-18.38.45:602][  0]LogDerivedDataCache:Display: Max Cache Size: 512 MB
[2017.09.06-18.38.45:821][  0]LogDerivedDataCache: Loaded boot cache 0.22s 48MB C:/Users/esteban.carranza/AppData/Local/UnrealEngine/4.12/DerivedDataCache/Boot.ddc.
[2017.09.06-18.38.45:823][  0]LogDerivedDataCache:Display: Loaded Boot cache: C:/Users/esteban.carranza/AppData/Local/UnrealEngine/4.12/DerivedDataCache/Boot.ddc
[2017.09.06-18.38.45:824][  0]LogDerivedDataCache: FDerivedDataBackendGraph:  Pak pak cache file ../../../../../../Users/esteban.carranza/Twicky_LIF_The_Game/SharePoint/LIF/Lif/LIF_TG/DerivedDataCache/DDC.ddp not found, will not use a pak cache.
[2017.09.06-18.38.45:824][  0]LogDerivedDataCache: Unable to find inner node Pak for hierarchical cache Hierarchy.
[2017.09.06-18.38.45:824][  0]LogDerivedDataCache: FDerivedDataBackendGraph:  CompressedPak pak cache file ../../../../../../Users/esteban.carranza/Twicky_LIF_The_Game/SharePoint/LIF/Lif/LIF_TG/DerivedDataCache/Compressed.ddp not found, will not use a pak cache.
[2017.09.06-18.38.45:824][  0]LogDerivedDataCache: Unable to find inner node CompressedPak for hierarchical cache Hierarchy.
[2017.09.06-18.38.45:893][  0]LogDerivedDataCache:Display: Pak cache opened for reading ../../../Engine/DerivedDataCache/Compressed.ddp.
[2017.09.06-18.38.45:911][  0]LogDerivedDataCache: Using Local data cache path C:/Users/esteban.carranza/AppData/Local/UnrealEngine/Common/DerivedDataCache: Writable
[2017.09.06-18.38.46:753][  0]LogInit: Selected Device Profile: [Windows]
[2017.09.06-18.38.46:755][  0]LogContentStreaming: Texture pool size is 0.00 MB
[2017.09.06-18.38.47:461][  0]LogMeshUtilities: No automatic mesh reduction module available
[2017.09.06-18.38.47:462][  0]LogMeshUtilities: No automatic mesh merging module available
[2017.09.06-18.38.47:462][  0]LogMeshUtilities: No distributed automatic mesh merging module available
[2017.09.06-18.38.48:514][  0]LogAssetRegistry: FAssetRegistry took 0.0235 seconds to start up
[2017.09.06-18.38.48:623][  0]LogPackageLocalizationCache: Processed 3 localized package path(s) for 1 prioritized culture(s) in 0.088979 seconds
[2017.09.06-18.38.48:645][  0]LogUObjectArray: 28739 objects as part of root set at end of initial load.
[2017.09.06-18.38.48:645][  0]LogUObjectAllocator: 5855624 out of 0 bytes used by permanent object pool.
[2017.09.06-18.38.48:645][  0]LogUObjectArray: CloseDisregardForGC: 0/0 objects in disregard for GC pool
[2017.09.06-18.38.48:696][  0]LogInit: WinSock: version 1.1 (2.2), MaxSocks=32767, MaxUdp=65467
[2017.09.06-18.38.49:573][  0]LogSlate: SlateFontCache - WITH_FREETYPE: 1, WITH_HARFBUZZ: 1
[2017.09.06-18.38.49:573][  0]LogSlate: SlateFontCache - WITH_FREETYPE: 1, WITH_HARFBUZZ: 1
[2017.09.06-18.38.52:426][  0]LogUdpMessaging: Initializing bridge on interface 0.0.0.0:0 to multicast group 230.0.0.1:6666.
[2017.09.06-18.38.53:326][  0]SourceControl: Info Source control is disabled
[2017.09.06-18.38.53:330][  0]SourceControl: Info Source control is disabled
[2017.09.06-18.38.53:385][  0]SourceControl: Info Source control is disabled
[2017.09.06-18.38.53:440][  0]SourceControl: Info Source control is disabled
[2017.09.06-18.38.54:651][  0]LogEngine: Initializing Engine...
[2017.09.06-18.38.54:655][  0]LogHMD: SteamVR failed to initialize.  Err: 110
[2017.09.06-18.38.54:660][  0]LogHMD: SteamVR failed to initialize.  Err: 110
[2017.09.06-18.38.55:231][  0]LogAIModule: Creating AISystem for world NewWorld
[2017.09.06-18.38.55:247][  0]LogInit: XAudio2 using 'Altavoces (Realtek High Definition Audio)' : 2 channels at 48 kHz using 32 bits per sample (channel mask 0x3)
[2017.09.06-18.38.55:319][  0]LogInit: FAudioDevice initialized.
[2017.09.06-18.38.55:436][  0]LogDerivedDataCache: Saved boot cache 0.12s 48MB C:/Users/esteban.carranza/AppData/Local/UnrealEngine/4.12/DerivedDataCache/Boot.ddc.
[2017.09.06-18.38.55:462][  0]LogInit: Texture streaming: Enabled
[2017.09.06-18.38.55:595][  0]LogInit: Transaction tracking system initialized
[2017.09.06-18.38.55:747][  0]BlueprintLog: New page: Editor Load
[2017.09.06-18.38.56:225][  0]LocalizationService: Info Localization service is disabled
[2017.09.06-18.38.58:366][  0]LogConsoleResponse:Display: 
[2017.09.06-18.38.58:769][  0]LogCook:Display: Max memory allowance for cook 8192mb
[2017.09.06-18.38.58:769][  0]LogCook:Display: Mobile HDR setting 1
[2017.09.06-18.38.58:993][  0]LogFileCache: Scanning file cache for directory 'C:/Users/esteban.carranza/Twicky_LIF_The_Game/SharePoint/LIF/Lif/LIF_TG/Content/' took 0.04s
[2017.09.06-18.38.59:342][  0]SourceControl: Info Source control is disabled
[2017.09.06-18.38.59:343][  0]Cmd: MAP LOAD FILE="../../../../../../Users/esteban.carranza/Twicky_LIF_The_Game/SharePoint/LIF/Lif/LIF_TG/Content/Proyecto/Menu/Main_Menu.umap" TEMPLATE=0 SHOWPROGRESS=1 FEATURELEVEL=3
[2017.09.06-18.38.59:346][  0]LightingResults: New page: Lighting Build
[2017.09.06-18.38.59:363][  0]MapCheck: New page: Map Check
[2017.09.06-18.38.59:363][  0]LightingResults: New page: Lighting Build
[2017.09.06-18.39.01:926][  0]LogLinker:Warning: Can't find file '/Game/Proyecto/imagenes_con_licencia/Grass_e68_500x500/Grass_3004322071_69bedc5e68_o_500x500'
[2017.09.06-18.39.01:927][  0]LogLinker:Warning: Can't find file for asset '/Game/Proyecto/imagenes_con_licencia/Grass_e68_500x500/Grass_3004322071_69bedc5e68_o_500x500' while loading ../../../../../../Users/esteban.carranza/Twicky_LIF_The_Game/SharePoint/LIF/Lif/LIF_TG/Content/Proyecto/Menu/MenuPrincipal.uasset.
[2017.09.06-18.39.01:927][  0]LoadErrors:Error: Error /Game/Proyecto/Menu/MenuPrincipal : Can't find file for asset. /Game/Proyecto/imagenes_con_licencia/Grass_e68_500x500/Grass_3004322071_69bedc5e68_o_500x500
[2017.09.06-18.39.01:927][  0]LogLinker:Warning: Can't find file '/Game/Proyecto/imagenes_con_licencia/Ground_38f_500x500/Ground_3088247128_e5ebfc738f_o_500x500'
[2017.09.06-18.39.01:928][  0]LogLinker:Warning: Can't find file for asset '/Game/Proyecto/imagenes_con_licencia/Ground_38f_500x500/Ground_3088247128_e5ebfc738f_o_500x500' while loading ../../../../../../Users/esteban.carranza/Twicky_LIF_The_Game/SharePoint/LIF/Lif/LIF_TG/Content/Proyecto/Menu/MenuPrincipal.uasset.
[2017.09.06-18.39.01:928][  0]LoadErrors:Error: Error /Game/Proyecto/Menu/MenuPrincipal : Can't find file for asset. /Game/Proyecto/imagenes_con_licencia/Ground_38f_500x500/Ground_3088247128_e5ebfc738f_o_500x500
[2017.09.06-18.39.01:928][  0]LogLinker:Warning: Can't find file '/Game/Proyecto/imagenes_con_licencia/Playground_Ground_Cover_Texture_500x500/Playground_Ground_Cover_Texture'
[2017.09.06-18.39.01:929][  0]LogLinker:Warning: Can't find file for asset '/Game/Proyecto/imagenes_con_licencia/Playground_Ground_Cover_Texture_500x500/Playground_Ground_Cover_Texture' while loading ../../../../../../Users/esteban.carranza/Twicky_LIF_The_Game/SharePoint/LIF/Lif/LIF_TG/Content/Proyecto/Menu/MenuPrincipal.uasset.
[2017.09.06-18.39.01:929][  0]LoadErrors:Error: Error /Game/Proyecto/Menu/MenuPrincipal : Can't find file for asset. /Game/Proyecto/imagenes_con_licencia/Playground_Ground_Cover_Texture_500x500/Playground_Ground_Cover_Texture
[2017.09.06-18.39.01:946][  0]LogLinker:Warning: Can't find file '/Game/Proyecto/imagenes_con_licencia/Grass_e68_500x500/Grass_3004322071_69bedc5e68_o_500x500'
[2017.09.06-18.39.01:947][  0]LogLinker:Warning: Can't find file for asset '/Game/Proyecto/imagenes_con_licencia/Grass_e68_500x500/Grass_3004322071_69bedc5e68_o_500x500' while loading ../../../../../../Users/esteban.carranza/Twicky_LIF_The_Game/SharePoint/LIF/Lif/LIF_TG/Content/Proyecto/Menu/MenuPrincipal.uasset.
[2017.09.06-18.39.01:947][  0]LoadErrors:Error: Error /Game/Proyecto/Menu/MenuPrincipal : Can't find file for asset. /Game/Proyecto/imagenes_con_licencia/Grass_e68_500x500/Grass_3004322071_69bedc5e68_o_500x500
[2017.09.06-18.39.01:948][  0]LogLinker:Warning: Can't find file '/Game/Proyecto/imagenes_con_licencia/Ground_38f_500x500/Ground_3088247128_e5ebfc738f_o_500x500'
[2017.09.06-18.39.01:948][  0]LogLinker:Warning: Can't find file for asset '/Game/Proyecto/imagenes_con_licencia/Ground_38f_500x500/Ground_3088247128_e5ebfc738f_o_500x500' while loading ../../../../../../Users/esteban.carranza/Twicky_LIF_The_Game/SharePoint/LIF/Lif/LIF_TG/Content/Proyecto/Menu/MenuPrincipal.uasset.
[2017.09.06-18.39.01:948][  0]LoadErrors:Error: Error /Game/Proyecto/Menu/MenuPrincipal : Can't find file for asset. /Game/Proyecto/imagenes_con_licencia/Ground_38f_500x500/Ground_3088247128_e5ebfc738f_o_500x500
[2017.09.06-18.39.01:949][  0]LogLinker:Warning: Can't find file '/Game/Proyecto/imagenes_con_licencia/Playground_Ground_Cover_Texture_500x500/Playground_Ground_Cover_Texture'
[2017.09.06-18.39.01:949][  0]LogLinker:Warning: Can't find file for asset '/Game/Proyecto/imagenes_con_licencia/Playground_Ground_Cover_Texture_500x500/Playground_Ground_Cover_Texture' while loading ../../../../../../Users/esteban.carranza/Twicky_LIF_The_Game/SharePoint/LIF/Lif/LIF_TG/Content/Proyecto/Menu/MenuPrincipal.uasset.
[2017.09.06-18.39.01:949][  0]LoadErrors:Error: Error /Game/Proyecto/Menu/MenuPrincipal : Can't find file for asset. /Game/Proyecto/imagenes_con_licencia/Playground_Ground_Cover_Texture_500x500/Playground_Ground_Cover_Texture
[2017.09.06-18.39.01:957][  0]LogLinker:Warning: Can't find file '/Game/Proyecto/imagenes_con_licencia/Grass_e68_500x500/Grass_3004322071_69bedc5e68_o_500x500'
[2017.09.06-18.39.01:957][  0]LogLinker:Warning: Can't find file for asset '/Game/Proyecto/imagenes_con_licencia/Grass_e68_500x500/Grass_3004322071_69bedc5e68_o_500x500' while loading ../../../../../../Users/esteban.carranza/Twicky_LIF_The_Game/SharePoint/LIF/Lif/LIF_TG/Content/Proyecto/Menu/Main_Menu.umap.
[2017.09.06-18.39.01:957][  0]LoadErrors:Error: Error /Game/Proyecto/Menu/Main_Menu : Can't find file for asset. /Game/Proyecto/imagenes_con_licencia/Grass_e68_500x500/Grass_3004322071_69bedc5e68_o_500x500
[2017.09.06-18.39.01:958][  0]LogLinker:Warning: Can't find file '/Game/Proyecto/imagenes_con_licencia/Ground_38f_500x500/Ground_3088247128_e5ebfc738f_o_500x500'
[2017.09.06-18.39.01:958][  0]LogLinker:Warning: Can't find file for asset '/Game/Proyecto/imagenes_con_licencia/Ground_38f_500x500/Ground_3088247128_e5ebfc738f_o_500x500' while loading ../../../../../../Users/esteban.carranza/Twicky_LIF_The_Game/SharePoint/LIF/Lif/LIF_TG/Content/Proyecto/Menu/Main_Menu.umap.
[2017.09.06-18.39.01:958][  0]LoadErrors:Error: Error /Game/Proyecto/Menu/Main_Menu : Can't find file for asset. /Game/Proyecto/imagenes_con_licencia/Ground_38f_500x500/Ground_3088247128_e5ebfc738f_o_500x500
[2017.09.06-18.39.01:959][  0]LogLinker:Warning: Can't find file '/Game/Proyecto/imagenes_con_licencia/Playground_Ground_Cover_Texture_500x500/Playground_Ground_Cover_Texture'
[2017.09.06-18.39.01:959][  0]LogLinker:Warning: Can't find file for asset '/Game/Proyecto/imagenes_con_licencia/Playground_Ground_Cover_Texture_500x500/Playground_Ground_Cover_Texture' while loading ../../../../../../Users/esteban.carranza/Twicky_LIF_The_Game/SharePoint/LIF/Lif/LIF_TG/Content/Proyecto/Menu/Main_Menu.umap.
[2017.09.06-18.39.01:959][  0]LoadErrors:Error: Error /Game/Proyecto/Menu/Main_Menu : Can't find file for asset. /Game/Proyecto/imagenes_con_licencia/Playground_Ground_Cover_Texture_500x500/Playground_Ground_Cover_Texture
[2017.09.06-18.39.01:960][  0]LogLinker:Warning: Can't find file '/Game/Proyecto/imagenes_con_licencia/Grass_e68_500x500/Grass_3004322071_69bedc5e68_o_500x500'
[2017.09.06-18.39.01:960][  0]LogLinker:Warning: Can't find file for asset '/Game/Proyecto/imagenes_con_licencia/Grass_e68_500x500/Grass_3004322071_69bedc5e68_o_500x500' while loading ../../../../../../Users/esteban.carranza/Twicky_LIF_The_Game/SharePoint/LIF/Lif/LIF_TG/Content/Proyecto/Menu/Main_Menu.umap.
[2017.09.06-18.39.01:960][  0]LoadErrors:Error: Error /Game/Proyecto/Menu/Main_Menu : Can't find file for asset. /Game/Proyecto/imagenes_con_licencia/Grass_e68_500x500/Grass_3004322071_69bedc5e68_o_500x500
[2017.09.06-18.39.01:961][  0]LogLinker:Warning: Can't find file '/Game/Proyecto/imagenes_con_licencia/Ground_38f_500x500/Ground_3088247128_e5ebfc738f_o_500x500'
[2017.09.06-18.39.01:961][  0]LogLinker:Warning: Can't find file for asset '/Game/Proyecto/imagenes_con_licencia/Ground_38f_500x500/Ground_3088247128_e5ebfc738f_o_500x500' while loading ../../../../../../Users/esteban.carranza/Twicky_LIF_The_Game/SharePoint/LIF/Lif/LIF_TG/Content/Proyecto/Menu/Main_Menu.umap.
[2017.09.06-18.39.01:961][  0]LoadErrors:Error: Error /Game/Proyecto/Menu/Main_Menu : Can't find file for asset. /Game/Proyecto/imagenes_con_licencia/Ground_38f_500x500/Ground_3088247128_e5ebfc738f_o_500x500
[2017.09.06-18.39.01:961][  0]LogLinker:Warning: Can't find file '/Game/Proyecto/imagenes_con_licencia/Playground_Ground_Cover_Texture_500x500/Playground_Ground_Cover_Texture'
[2017.09.06-18.39.01:962][  0]LogLinker:Warning: Can't find file for asset '/Game/Proyecto/imagenes_con_licencia/Playground_Ground_Cover_Texture_500x500/Playground_Ground_Cover_Texture' while loading ../../../../../../Users/esteban.carranza/Twicky_LIF_The_Game/SharePoint/LIF/Lif/LIF_TG/Content/Proyecto/Menu/Main_Menu.umap.
[2017.09.06-18.39.01:962][  0]LoadErrors:Error: Error /Game/Proyecto/Menu/Main_Menu : Can't find file for asset. /Game/Proyecto/imagenes_con_licencia/Playground_Ground_Cover_Texture_500x500/Playground_Ground_Cover_Texture
[2017.09.06-18.39.02:013][  0]LogLinker:Warning: Can't find file '/Game/Proyecto/imagenes_con_licencia/Playground_Ground_Cover_Texture_500x500/Playground_Ground_Cover_Texture'
[2017.09.06-18.39.02:013][  0]LoadErrors: Info Failed to load /Game/Proyecto/imagenes_con_licencia/Playground_Ground_Cover_Texture_500x500/Playground_Ground_Cover_Texture.Playground_Ground_Cover_Texture Referenced by Image_0
[2017.09.06-18.39.02:013][  0]LogLinker:Warning: Can't find file for asset '/Game/Proyecto/imagenes_con_licencia/Playground_Ground_Cover_Texture_500x500/Playground_Ground_Cover_Texture' while loading ../../../../../../Users/esteban.carranza/Twicky_LIF_The_Game/SharePoint/LIF/Lif/LIF_TG/Content/Proyecto/Menu/Main_Menu.umap.
[2017.09.06-18.39.02:014][  0]LoadErrors: Info Failed to load /Game/Proyecto/imagenes_con_licencia/Playground_Ground_Cover_Texture_500x500/Playground_Ground_Cover_Texture.Playground_Ground_Cover_Texture Referenced by Image_0
[2017.09.06-18.39.02:014][  0]LoadErrors:Error: Error /Game/Proyecto/Menu/Main_Menu : Can't find file for asset. /Game/Proyecto/imagenes_con_licencia/Playground_Ground_Cover_Texture_500x500/Playground_Ground_Cover_Texture
[2017.09.06-18.39.02:018][  0]LogLinker:Warning: Can't find file '/Game/Proyecto/imagenes_con_licencia/Ground_38f_500x500/Ground_3088247128_e5ebfc738f_o_500x500'
[2017.09.06-18.39.02:018][  0]LoadErrors: Info Failed to load /Game/Proyecto/imagenes_con_licencia/Ground_38f_500x500/Ground_3088247128_e5ebfc738f_o_500x500.Ground_3088247128_e5ebfc738f_o_500x500 Referenced by Image_80
[2017.09.06-18.39.02:018][  0]LogLinker:Warning: Can't find file for asset '/Game/Proyecto/imagenes_con_licencia/Ground_38f_500x500/Ground_3088247128_e5ebfc738f_o_500x500' while loading ../../../../../../Users/esteban.carranza/Twicky_LIF_The_Game/SharePoint/LIF/Lif/LIF_TG/Content/Proyecto/Menu/Main_Menu.umap.
[2017.09.06-18.39.02:018][  0]LoadErrors: Info Failed to load /Game/Proyecto/imagenes_con_licencia/Ground_38f_500x500/Ground_3088247128_e5ebfc738f_o_500x500.Ground_3088247128_e5ebfc738f_o_500x500 Referenced by Image_80
[2017.09.06-18.39.02:018][  0]LoadErrors:Error: Error /Game/Proyecto/Menu/Main_Menu : Can't find file for asset. /Game/Proyecto/imagenes_con_licencia/Ground_38f_500x500/Ground_3088247128_e5ebfc738f_o_500x500
[2017.09.06-18.39.02:022][  0]LogLinker:Warning: Can't find file '/Game/Proyecto/imagenes_con_licencia/Grass_e68_500x500/Grass_3004322071_69bedc5e68_o_500x500'
[2017.09.06-18.39.02:022][  0]LoadErrors: Info Failed to load /Game/Proyecto/imagenes_con_licencia/Grass_e68_500x500/Grass_3004322071_69bedc5e68_o_500x500.Grass_3004322071_69bedc5e68_o_500x500 Referenced by Image_83
[2017.09.06-18.39.02:023][  0]LogLinker:Warning: Can't find file for asset '/Game/Proyecto/imagenes_con_licencia/Grass_e68_500x500/Grass_3004322071_69bedc5e68_o_500x500' while loading ../../../../../../Users/esteban.carranza/Twicky_LIF_The_Game/SharePoint/LIF/Lif/LIF_TG/Content/Proyecto/Menu/Main_Menu.umap.
[2017.09.06-18.39.02:023][  0]LoadErrors: Info Failed to load /Game/Proyecto/imagenes_con_licencia/Grass_e68_500x500/Grass_3004322071_69bedc5e68_o_500x500.Grass_3004322071_69bedc5e68_o_500x500 Referenced by Image_83
[2017.09.06-18.39.02:023][  0]LoadErrors:Error: Error /Game/Proyecto/Menu/Main_Menu : Can't find file for asset. /Game/Proyecto/imagenes_con_licencia/Grass_e68_500x500/Grass_3004322071_69bedc5e68_o_500x500
[2017.09.06-18.39.02:472][  0]LogLinker:Warning: Can't find file '/Game/Proyecto/imagenes_con_licencia/Playground_Ground_Cover_Texture_500x500/Playground_Ground_Cover_Texture'
[2017.09.06-18.39.02:472][  0]LoadErrors: Info Failed to load /Game/Proyecto/imagenes_con_licencia/Playground_Ground_Cover_Texture_500x500/Playground_Ground_Cover_Texture.Playground_Ground_Cover_Texture Referenced by Image_0
[2017.09.06-18.39.02:472][  0]LogLinker:Warning: Can't find file for asset '/Game/Proyecto/imagenes_con_licencia/Playground_Ground_Cover_Texture_500x500/Playground_Ground_Cover_Texture' while loading NULL.
[2017.09.06-18.39.02:473][  0]LoadErrors: Info Failed to load /Game/Proyecto/imagenes_con_licencia/Playground_Ground_Cover_Texture_500x500/Playground_Ground_Cover_Texture.Playground_Ground_Cover_Texture Referenced by Image_0
[2017.09.06-18.39.02:476][  0]LogLinker:Warning: Can't find file '/Game/Proyecto/imagenes_con_licencia/Ground_38f_500x500/Ground_3088247128_e5ebfc738f_o_500x500'
[2017.09.06-18.39.02:476][  0]LoadErrors: Info Failed to load /Game/Proyecto/imagenes_con_licencia/Ground_38f_500x500/Ground_3088247128_e5ebfc738f_o_500x500.Ground_3088247128_e5ebfc738f_o_500x500 Referenced by Image_80
[2017.09.06-18.39.02:477][  0]LogLinker:Warning: Can't find file for asset '/Game/Proyecto/imagenes_con_licencia/Ground_38f_500x500/Ground_3088247128_e5ebfc738f_o_500x500' while loading NULL.
[2017.09.06-18.39.02:477][  0]LoadErrors: Info Failed to load /Game/Proyecto/imagenes_con_licencia/Ground_38f_500x500/Ground_3088247128_e5ebfc738f_o_500x500.Ground_3088247128_e5ebfc738f_o_500x500 Referenced by Image_80
[2017.09.06-18.39.02:478][  0]LogLinker:Warning: Can't find file '/Game/Proyecto/imagenes_con_licencia/Grass_e68_500x500/Grass_3004322071_69bedc5e68_o_500x500'
[2017.09.06-18.39.02:478][  0]LoadErrors: Info Failed to load /Game/Proyecto/imagenes_con_licencia/Grass_e68_500x500/Grass_3004322071_69bedc5e68_o_500x500.Grass_3004322071_69bedc5e68_o_500x500 Referenced by Image_83
[2017.09.06-18.39.02:479][  0]LogLinker:Warning: Can't find file for asset '/Game/Proyecto/imagenes_con_licencia/Grass_e68_500x500/Grass_3004322071_69bedc5e68_o_500x500' while loading NULL.
[2017.09.06-18.39.02:479][  0]LoadErrors: Info Failed to load /Game/Proyecto/imagenes_con_licencia/Grass_e68_500x500/Grass_3004322071_69bedc5e68_o_500x500.Grass_3004322071_69bedc5e68_o_500x500 Referenced by Image_83
[2017.09.06-18.39.03:614][  0]LogAIModule: Creating AISystem for world Main_Menu
[2017.09.06-18.39.03:619][  0]LogEditorServer: Finished looking for orphan Actors (0.000 secs)
[2017.09.06-18.39.03:620][  0]Cmd: MAP CHECKDEP NOCLEARLOG
[2017.09.06-18.39.03:984][  0]MapCheck: Info Map check complete: 0 Error(s), 0 Warning(s), took 363.385ms to complete.
[2017.09.06-18.39.03:984][  0]LogFileHelpers: Loading map 'Main_Menu' took 4.641
[2017.09.06-18.39.04:399][  0]LogCollectionManager: Loaded 0 collections in 0.013480 seconds
[2017.09.06-18.39.04:494][  0]LogFileCache: Scanning file cache for directory 'C:/Users/esteban.carranza/Twicky_LIF_The_Game/SharePoint/LIF/Lif/LIF_TG/Saved/Collections/' took 0.01s
[2017.09.06-18.39.04:495][  0]LogFileCache: Scanning file cache for directory 'C:/Users/esteban.carranza/Twicky_LIF_The_Game/SharePoint/LIF/Lif/LIF_TG/Content/Developers/estebancarranza/Collections/' took 0.01s
[2017.09.06-18.39.04:495][  0]LogFileCache: Scanning file cache for directory 'C:/Users/esteban.carranza/Twicky_LIF_The_Game/SharePoint/LIF/Lif/LIF_TG/Content/Collections/' took 0.01s
[2017.09.06-18.39.04:495][  0]LogCollectionManager: Rebuilt the GUID cache for 0 collections in 0.000011 seconds
[2017.09.06-18.39.04:533][  0]LogContentBrowser: Native class hierarchy populated in 0.0380 seconds. Added 2047 classes and 369 folders.
[2017.09.06-18.39.04:552][  0]LogStats: UGameplayTagsManager::ConstructGameplayTagTree: Construct from data asset -  0.000 s
[2017.09.06-18.39.04:553][  0]LogStats: UGameplayTagsManager::ConstructGameplayTagTree: GameplayTagTreeChangedEvent.Broadcast -  0.000 s
[2017.09.06-18.39.04:555][  0]LogContentBrowser: Native class hierarchy updated for 'GameplayTags' in 0.0019 seconds. Added 12 classes and 0 folders.
[2017.09.06-18.39.04:584][  0]LogContentBrowser: Native class hierarchy updated for 'WidgetCarousel' in 0.0015 seconds. Added 0 classes and 0 folders.
[2017.09.06-18.39.04:801][  0]LogContentBrowser: Native class hierarchy updated for 'AddContentDialog' in 0.0017 seconds. Added 0 classes and 0 folders.
[2017.09.06-18.39.04:822][  0]LogContentBrowser: Native class hierarchy updated for 'SceneOutliner' in 0.0016 seconds. Added 1 classes and 2 folders.
[2017.09.06-18.39.05:060][  0]LogCrashTracker: Crashtracker disabled due to settings.
[2017.09.06-18.39.05:133][  0]LogUObjectGlobals:Warning: Failed to find object 'Class None.'
[2017.09.06-18.39.05:179][  0]LogContentBrowser: Native class hierarchy updated for 'HierarchicalLODOutliner' in 0.0019 seconds. Added 1 classes and 2 folders.
[2017.09.06-18.39.05:180][  0]LogLoad: Full Startup: 29.64 seconds (BP compile: 1.14 seconds)
[2017.09.06-18.39.05:180][  0]LogExternalProfiler: No external profilers were discovered.  External profiling features will not be available.
[2017.09.06-18.39.05:192][  0]LogOcInput: OculusInput pre-init called
[2017.09.06-18.39.05:222][  0]LogContentStreaming: Texture pool size now 200 MB
[2017.09.06-18.39.05:535][  6]LogAssetRegistry: Asset discovery search completed in 17.0441 seconds
[2017.09.06-18.39.05:535][  6]LogCollectionManager: Rebuilt the object cache for 0 collections in 0.000001 seconds (found 0 objects)
[2017.09.06-18.39.05:535][  6]LogCollectionManager: Fixed up redirectors for 0 collections in 0.000084 seconds (updated 0 objects)
[2017.09.06-18.39.14:863][ 44]LogRenderer: Reallocating scene render targets to support 700x340 (Frame:2).
[2017.09.06-18.39.20:314][325]LogContentBrowser: Native class hierarchy updated for 'TextureEditor' in 0.0019 seconds. Added 1 classes and 2 folders.
[2017.09.06-18.39.40:389][ 52]Cmd: MODE ROTGRID=0
[2017.09.06-18.39.42:043][142]Cmd: MODE ROTGRID=1
[2017.09.06-18.39.44:761][285]LogText:Warning: Failed to parse argument "GameModeName" as a number (using "0" as a fallback). Please check your format string for errors: "GameMode: Edit {GameModeName}".
[2017.09.06-18.39.44:761][285]LogText:Warning: Failed to parse argument "GameModeName" as a number (using "0" as a fallback). Please check your format string for errors: "GameMode: Edit {GameModeName}".
[2017.09.06-18.39.47:740][331]LogContentBrowser: Native class hierarchy updated for 'BlueprintGraph' in 0.0033 seconds. Added 111 classes and 0 folders.
[2017.09.06-18.41.10:247][759]LogSavePackage: Save=375.03ms
[2017.09.06-18.41.10:248][759]LogSavePackage: Moving '../../../../../../Users/esteban.carranza/Twicky_LIF_The_Game/SharePoint/LIF/Lif/LIF_TG/Saved/Main_Menu3BFA11CF4C33166E75F621B86E4B0796.tmp' to '../../../../../../Users/esteban.carranza/Twicky_LIF_The_Game/SharePoint/LIF/Lif/LIF_TG/Content/Proyecto/Menu/Main_Menu.umap'
[2017.09.06-18.41.10:259][759]LogSavePackage:Display: Finished SavePackage ../../../../../../Users/esteban.carranza/Twicky_LIF_The_Game/SharePoint/LIF/Lif/LIF_TG/Content/Proyecto/Menu/Main_Menu.umap
[2017.09.06-18.41.12:065][827]LogSavePackage: Save=353.74ms
[2017.09.06-18.41.12:066][827]LogSavePackage: Moving '../../../../../../Users/esteban.carranza/Twicky_LIF_The_Game/SharePoint/LIF/Lif/LIF_TG/Saved/Main_Menu99C641B243951E4DDF08D19A94E919F7.tmp' to '../../../../../../Users/esteban.carranza/Twicky_LIF_The_Game/SharePoint/LIF/Lif/LIF_TG/Content/Proyecto/Menu/Main_Menu.umap'
[2017.09.06-18.41.12:078][827]LogSavePackage:Display: Finished SavePackage ../../../../../../Users/esteban.carranza/Twicky_LIF_The_Game/SharePoint/LIF/Lif/LIF_TG/Content/Proyecto/Menu/Main_Menu.umap
[2017.09.06-18.44.10:863][122]LogTexture:Display: Building textures: LIF_MENU (BGRA8)
[2017.09.06-18.44.33:526][  9]LogMaterial: Missing cached shader map for material mat_bosque, compiling. 
[2017.09.06-18.44.34:331][  9]LogMaterial: Missing cached shader map for material mat_bosque, compiling. 
[2017.09.06-18.44.34:818][  9]LogMaterial: Missing cached shader map for material mat_bosque, compiling. 
[2017.09.06-18.44.34:919][  9]LogMaterial: 0.00 seconds spent updating 1 materials, 1 interfaces, 0 instances, 0 with static permutations.
[2017.09.06-18.44.34:955][  9]LogMaterial: Missing cached shader map for material FMatExpressionPreview MaterialExpressionTextureSample_1, compiling. 
[2017.09.06-18.44.34:970][  9]LogMaterial: Missing cached shader map for material FMatExpressionPreview MaterialExpressionTextureSample_2, compiling. 
[2017.09.06-18.44.34:984][  9]LogMaterial: Missing cached shader map for material FMatExpressionPreview MaterialExpressionTextureSample_3, compiling. 
[2017.09.06-18.44.34:997][  9]LogMaterial: Missing cached shader map for material FMatExpressionPreview MaterialExpressionTextureSample_4, compiling. 
[2017.09.06-18.44.35:010][  9]LogMaterial: Missing cached shader map for material FMatExpressionPreview MaterialExpressionTextureSample_5, compiling. 
[2017.09.06-18.44.35:025][  9]LogMaterial: Missing cached shader map for material FMatExpressionPreview MaterialExpressionTextureSample_6, compiling. 
[2017.09.06-18.44.35:040][  9]LogMaterial: Missing cached shader map for material FMatExpressionPreview MaterialExpressionTextureSample_7, compiling. 
[2017.09.06-18.44.35:055][  9]LogMaterial: Missing cached shader map for material FMatExpressionPreview MaterialExpressionTextureSample_8, compiling. 
[2017.09.06-18.44.35:070][  9]LogMaterial: Missing cached shader map for material FMatExpressionPreview MaterialExpressionTextureSample_9, compiling. 
[2017.09.06-18.44.35:085][  9]LogMaterial: Missing cached shader map for material FMatExpressionPreview MaterialExpressionTextureSample_10, compiling. 
[2017.09.06-18.44.35:100][  9]LogMaterial: Missing cached shader map for material FMatExpressionPreview MaterialExpressionTextureSample_0, compiling. 
[2017.09.06-18.44.35:114][  9]LogMaterial: Missing cached shader map for material FMatExpressionPreview MaterialExpressionTextureSample_11, compiling. 
[2017.09.06-18.44.35:127][  9]LogMaterial: Missing cached shader map for material FMatExpressionPreview MaterialExpressionTextureSample_12, compiling. 
[2017.09.06-18.44.35:142][  9]LogMaterial: Missing cached shader map for material FMatExpressionPreview MaterialExpressionTextureSample_13, compiling. 
[2017.09.06-18.44.35:158][  9]LogMaterial: Missing cached shader map for material FMatExpressionPreview MaterialExpressionTextureSample_14, compiling. 
[2017.09.06-18.44.35:173][  9]LogMaterial: Missing cached shader map for material FMatExpressionPreview MaterialExpressionTextureSample_15, compiling. 
[2017.09.06-18.44.35:187][  9]LogMaterial: Missing cached shader map for material FMatExpressionPreview MaterialExpressionTextureSample_16, compiling. 
[2017.09.06-18.44.35:202][  9]LogMaterial: Missing cached shader map for material FMatExpressionPreview MaterialExpressionTextureSample_17, compiling. 
[2017.09.06-18.44.35:216][  9]LogMaterial: Missing cached shader map for material FMatExpressionPreview MaterialExpressionTextureSample_18, compiling. 
[2017.09.06-18.44.35:230][  9]LogMaterial: Missing cached shader map for material FMatExpressionPreview MaterialExpressionTextureSample_19, compiling. 
[2017.09.06-18.44.37:540][ 76]LogMaterialEditor: Saving and Compiling material mat_bosque
[2017.09.06-18.46.04:270][ 76]Cmd: OBJ SAVEPACKAGE PACKAGE="/Game/V3/Texture/mat_bosque" FILE="../../../../../../Users/esteban.carranza/Twicky_LIF_The_Game/SharePoint/LIF/Lif/LIF_TG/Content/V3/Texture/mat_bosque.uasset" SILENT=true
[2017.09.06-18.46.04:430][ 76]LogSavePackage: Save=123.34ms
[2017.09.06-18.46.04:430][ 76]LogSavePackage: Moving '../../../../../../Users/esteban.carranza/Twicky_LIF_The_Game/SharePoint/LIF/Lif/LIF_TG/Saved/mat_bosqueCDF70F974A67E1CDC64104B40E50EBA1.tmp' to '../../../../../../Users/esteban.carranza/Twicky_LIF_The_Game/SharePoint/LIF/Lif/LIF_TG/Content/V3/Texture/mat_bosque.uasset'
[2017.09.06-18.46.04:449][ 76]LogSavePackage:Display: Finished SavePackage ../../../../../../Users/esteban.carranza/Twicky_LIF_The_Game/SharePoint/LIF/Lif/LIF_TG/Content/V3/Texture/mat_bosque.uasset
[2017.09.06-18.46.04:467][ 76]MaterialEditorStats: Info Base pass shader with static lighting: 71 instructions
[2017.09.06-18.46.04:467][ 76]MaterialEditorStats: Info Base pass shader with only dynamic lighting: 42 instructions
[2017.09.06-18.46.04:467][ 76]MaterialEditorStats: Info Vertex shader: 28 instructions
[2017.09.06-18.46.04:467][ 76]MaterialEditorStats: Info Texture samplers: 8/16
[2017.09.06-18.46.14:115][386]LogMaterial: Missing cached shader map for material mat_bosque, compiling. 
[2017.09.06-18.46.14:553][386]LogMaterial: Missing cached shader map for material mat_bosque, compiling. 
[2017.09.06-18.46.15:074][386]LogAIModule: Creating AISystem for world Terrain
[2017.09.06-18.46.15:214][386]Cmd: MAP LOAD FILE="../../../../../../Users/esteban.carranza/Twicky_LIF_The_Game/SharePoint/LIF/Lif/LIF_TG/Content/V3/Terrain/Terrain.umap" TEMPLATE=0 SHOWPROGRESS=1 FEATURELEVEL=3
[2017.09.06-18.46.15:214][386]LightingResults: New page: Lighting Build
[2017.09.06-18.46.15:217][386]LoadErrors: New page: Loading map: Terrain.umap
[2017.09.06-18.46.15:218][386]MapCheck: New page: Map Check
[2017.09.06-18.46.15:218][386]LightingResults: New page: Lighting Build
[2017.09.06-18.46.15:608][386]LogEditorServer: Finished looking for orphan Actors (0.000 secs)
[2017.09.06-18.46.15:702][386]Cmd: MAP CHECKDEP NOCLEARLOG
[2017.09.06-18.46.16:078][386]MapCheck: Info Map check complete: 0 Error(s), 0 Warning(s), took 375.887ms to complete.
[2017.09.06-18.46.16:080][386]LogFileHelpers: Loading map 'Terrain' took 0.868
[2017.09.06-18.46.16:148][387]Cmd: UpdateLandscapeEditorData -warnings
[2017.09.06-18.46.16:150][387]Cmd: UpdateLandscapeEditorData
[2017.09.06-18.49.37:694][982]LogMaterial: Missing cached shader map for material mat_bosque, compiling. 
[2017.09.06-18.49.38:126][982]LogMaterial: Missing cached shader map for material mat_bosque, compiling. 
[2017.09.06-18.49.38:226][982]LogMaterial: 0.00 seconds spent updating 1 materials, 1 interfaces, 0 instances, 0 with static permutations.
[2017.09.06-18.49.38:264][982]LogMaterial: Missing cached shader map for material FMatExpressionPreview MaterialExpressionTextureSample_1, compiling. 
[2017.09.06-18.49.38:281][982]LogMaterial: Missing cached shader map for material FMatExpressionPreview MaterialExpressionTextureSample_2, compiling. 
[2017.09.06-18.49.38:296][982]LogMaterial: Missing cached shader map for material FMatExpressionPreview MaterialExpressionTextureSample_3, compiling. 
[2017.09.06-18.49.38:312][982]LogMaterial: Missing cached shader map for material FMatExpressionPreview MaterialExpressionTextureSample_4, compiling. 
[2017.09.06-18.49.38:326][982]LogMaterial: Missing cached shader map for material FMatExpressionPreview MaterialExpressionTextureSample_5, compiling. 
[2017.09.06-18.49.38:341][982]LogMaterial: Missing cached shader map for material FMatExpressionPreview MaterialExpressionTextureSample_6, compiling. 
[2017.09.06-18.49.38:357][982]LogMaterial: Missing cached shader map for material FMatExpressionPreview MaterialExpressionTextureSample_7, compiling. 
[2017.09.06-18.49.38:371][982]LogMaterial: Missing cached shader map for material FMatExpressionPreview MaterialExpressionTextureSample_8, compiling. 
[2017.09.06-18.49.38:385][982]LogMaterial: Missing cached shader map for material FMatExpressionPreview MaterialExpressionTextureSample_9, compiling. 
[2017.09.06-18.49.38:399][982]LogMaterial: Missing cached shader map for material FMatExpressionPreview MaterialExpressionTextureSample_10, compiling. 
[2017.09.06-18.49.38:413][982]LogMaterial: Missing cached shader map for material FMatExpressionPreview MaterialExpressionTextureSample_0, compiling. 
[2017.09.06-18.49.38:428][982]LogMaterial: Missing cached shader map for material FMatExpressionPreview MaterialExpressionTextureSample_11, compiling. 
[2017.09.06-18.49.38:442][982]LogMaterial: Missing cached shader map for material FMatExpressionPreview MaterialExpressionTextureSample_12, compiling. 
[2017.09.06-18.49.38:457][982]LogMaterial: Missing cached shader map for material FMatExpressionPreview MaterialExpressionTextureSample_13, compiling. 
[2017.09.06-18.49.38:471][982]LogMaterial: Missing cached shader map for material FMatExpressionPreview MaterialExpressionTextureSample_14, compiling. 
[2017.09.06-18.49.38:484][982]LogMaterial: Missing cached shader map for material FMatExpressionPreview MaterialExpressionTextureSample_15, compiling. 
[2017.09.06-18.49.38:498][982]LogMaterial: Missing cached shader map for material FMatExpressionPreview MaterialExpressionTextureSample_16, compiling. 
[2017.09.06-18.49.38:513][982]LogMaterial: Missing cached shader map for material FMatExpressionPreview MaterialExpressionTextureSample_17, compiling. 
[2017.09.06-18.49.38:527][982]LogMaterial: Missing cached shader map for material FMatExpressionPreview MaterialExpressionTextureSample_18, compiling. 
[2017.09.06-18.49.38:540][982]LogMaterial: Missing cached shader map for material FMatExpressionPreview MaterialExpressionTextureSample_19, compiling. 
[2017.09.06-18.50.11:811][910]MaterialEditorStats: Info Base pass shader with static lighting: 71 instructions
[2017.09.06-18.50.11:811][910]MaterialEditorStats: Info Base pass shader with only dynamic lighting: 42 instructions
[2017.09.06-18.50.11:811][910]MaterialEditorStats: Info Vertex shader: 28 instructions
[2017.09.06-18.50.11:811][910]MaterialEditorStats: Info Texture samplers: 8/16
[2017.09.06-18.50.45:664][827]LogMaterial: Missing cached shader map for material mat_bosque, compiling. 
[2017.09.06-18.50.45:757][827]LogMaterial: 0.00 seconds spent updating 1 materials, 1 interfaces, 0 instances, 0 with static permutations.
[2017.09.06-18.50.58:221][216]LogMaterial: Missing cached shader map for material mat_bosque, compiling. 
[2017.09.06-18.50.58:314][216]LogMaterial: 0.00 seconds spent updating 1 materials, 1 interfaces, 0 instances, 0 with static permutations.
[2017.09.06-18.51.00:305][278]LogMaterialEditor: Saving and Compiling material mat_bosque
[2017.09.06-18.51.02:593][278]LogMaterial: Missing cached shader map for material mat_bosque, compiling. 
[2017.09.06-18.51.02:788][278]LogMaterial: 0.00 seconds spent updating 1 materials, 1 interfaces, 0 instances, 0 with static permutations.
[2017.09.06-18.51.02:912][278]LogMaterial: Missing cached shader map for material mat_bosque, compiling. 
[2017.09.06-18.51.03:484][278]LogMaterial: Missing cached shader map for material mat_bosque, compiling. 
[2017.09.06-18.51.03:902][278]LogMaterial: Missing cached shader map for material mat_bosque, compiling. 
[2017.09.06-18.51.04:321][278]LogMaterial: Missing cached shader map for material mat_bosque, compiling. 
[2017.09.06-18.51.04:730][278]LogMaterial: 0.84 seconds spent updating 1 materials, 1 interfaces, 0 instances, 2 with static permutations.
[2017.09.06-18.52.17:012][278]Cmd: OBJ SAVEPACKAGE PACKAGE="/Game/V3/Texture/mat_bosque" FILE="../../../../../../Users/esteban.carranza/Twicky_LIF_The_Game/SharePoint/LIF/Lif/LIF_TG/Content/V3/Texture/mat_bosque.uasset" SILENT=true
[2017.09.06-18.52.17:129][278]LogSavePackage: Save=80.66ms
[2017.09.06-18.52.17:129][278]LogSavePackage: Moving '../../../../../../Users/esteban.carranza/Twicky_LIF_The_Game/SharePoint/LIF/Lif/LIF_TG/Saved/mat_bosqueE98D65484F4E8C586EC39D813F977744.tmp' to '../../../../../../Users/esteban.carranza/Twicky_LIF_The_Game/SharePoint/LIF/Lif/LIF_TG/Content/V3/Texture/mat_bosque.uasset'
[2017.09.06-18.52.17:151][278]LogSavePackage:Display: Finished SavePackage ../../../../../../Users/esteban.carranza/Twicky_LIF_The_Game/SharePoint/LIF/Lif/LIF_TG/Content/V3/Texture/mat_bosque.uasset
[2017.09.06-18.52.17:165][278]MaterialEditorStats: Info Base pass shader with static lighting: 99 instructions
[2017.09.06-18.52.17:165][278]MaterialEditorStats: Info Base pass shader with only dynamic lighting: 69 instructions
[2017.09.06-18.52.17:165][278]MaterialEditorStats: Info Vertex shader: 41 instructions
[2017.09.06-18.52.17:165][278]MaterialEditorStats: Info Texture samplers: 10/16
[2017.09.06-18.54.59:706][379]LogMaterial: Missing cached shader map for material mat_bosque, compiling. 
[2017.09.06-18.54.59:794][379]LogMaterial: 0.00 seconds spent updating 1 materials, 1 interfaces, 0 instances, 0 with static permutations.
[2017.09.06-18.55.02:219][453]LogMaterialEditor: Saving and Compiling material mat_bosque
[2017.09.06-18.55.03:848][453]LogMaterial: Missing cached shader map for material mat_bosque, compiling. 
[2017.09.06-18.55.03:998][453]LogMaterial: 0.00 seconds spent updating 1 materials, 1 interfaces, 0 instances, 0 with static permutations.
[2017.09.06-18.55.04:098][453]LogMaterial: Missing cached shader map for material mat_bosque, compiling. 
[2017.09.06-18.55.04:518][453]LogMaterial: Missing cached shader map for material mat_bosque, compiling. 
[2017.09.06-18.55.04:833][453]LogMaterial: Missing cached shader map for material mat_bosque, compiling. 
[2017.09.06-18.55.05:170][453]LogMaterial: Missing cached shader map for material mat_bosque, compiling. 
[2017.09.06-18.55.05:516][453]LogMaterial: 0.69 seconds spent updating 1 materials, 1 interfaces, 0 instances, 2 with static permutations.
[2017.09.06-18.56.06:800][453]Cmd: OBJ SAVEPACKAGE PACKAGE="/Game/V3/Texture/mat_bosque" FILE="../../../../../../Users/esteban.carranza/Twicky_LIF_The_Game/SharePoint/LIF/Lif/LIF_TG/Content/V3/Texture/mat_bosque.uasset" SILENT=true
[2017.09.06-18.56.06:905][453]LogSavePackage: Save=75.59ms
[2017.09.06-18.56.06:905][453]LogSavePackage: Moving '../../../../../../Users/esteban.carranza/Twicky_LIF_The_Game/SharePoint/LIF/Lif/LIF_TG/Saved/mat_bosque395213A8437E23CF6BC758A7CFE4FB02.tmp' to '../../../../../../Users/esteban.carranza/Twicky_LIF_The_Game/SharePoint/LIF/Lif/LIF_TG/Content/V3/Texture/mat_bosque.uasset'
[2017.09.06-18.56.06:927][453]LogSavePackage:Display: Finished SavePackage ../../../../../../Users/esteban.carranza/Twicky_LIF_The_Game/SharePoint/LIF/Lif/LIF_TG/Content/V3/Texture/mat_bosque.uasset
[2017.09.06-18.56.06:936][453]MaterialEditorStats: Info Base pass shader with static lighting: 99 instructions
[2017.09.06-18.56.06:936][453]MaterialEditorStats: Info Base pass shader with only dynamic lighting: 69 instructions
[2017.09.06-18.56.06:936][453]MaterialEditorStats: Info Vertex shader: 41 instructions
[2017.09.06-18.56.06:936][453]MaterialEditorStats: Info Texture samplers: 10/16
[2017.09.06-19.07.04:021][735]LogBlueprintUserMessages: Early PlayInEditor Detection: Level '/Game/V3/Terrain/Terrain.Terrain:PersistentLevel' has LevelScriptBlueprint '/Game/V3/Terrain/Terrain.Terrain:PersistentLevel.Terrain' with GeneratedClass '/Game/V3/Terrain/Terrain.Terrain_C' with ClassGeneratedBy '/Game/V3/Terrain/Terrain.Terrain:PersistentLevel.Terrain'
[2017.09.06-19.07.04:021][735]LogPlayLevel: PlayLevel: No blueprints needed recompiling
[2017.09.06-19.07.04:022][735]PIE: New page: PIE session: Terrain (Sep 6, 2017, 8:07:04 AM)
[2017.09.06-19.07.04:022][735]LogPlayLevel: Creating play world package: /Game/V3/Terrain/UEDPIE_0_Terrain
[2017.09.06-19.07.04:136][735]LogPlayLevel: PIE: StaticDuplicateObject took: (0.113942s)
[2017.09.06-19.07.04:138][735]LogAIModule: Creating AISystem for world Terrain
[2017.09.06-19.07.04:139][735]LogPlayLevel: PIE: World Init took: (0.003227s)
[2017.09.06-19.07.04:140][735]LogPlayLevel: PIE: Created PIE world by copying editor world from /Game/V3/Terrain/Terrain.Terrain to /Game/V3/Terrain/UEDPIE_0_Terrain.Terrain (0.118022s)
[2017.09.06-19.07.04:226][735]LogInit: XAudio2 using 'Altavoces (Realtek High Definition Audio)' : 2 channels at 48 kHz using 32 bits per sample (channel mask 0x3)
[2017.09.06-19.07.04:262][735]LogInit: FAudioDevice initialized.
[2017.09.06-19.07.04:440][735]LogWorld: Game class is 'FirstPersonGameMode_C'
[2017.09.06-19.07.04:464][735]LogWorld: Bringing World /Game/V3/Terrain/UEDPIE_0_Terrain.Terrain up for play (max tick rate 0) at 2017.09.06-14.07.04
[2017.09.06-19.07.04:468][735]LogWorld: Bringing up level for play took: 0.023463
[2017.09.06-19.07.04:490][735]LogContentBrowser: Native class hierarchy updated for 'MovieSceneCapture' in 0.0020 seconds. Added 11 classes and 0 folders.
[2017.09.06-19.07.04:527][735]PIE: Info Play in editor start time for /Game/V3/Terrain/UEDPIE_0_Terrain 0.633
[2017.09.06-19.07.04:528][735]LogBlueprintUserMessages: Late PlayInEditor Detection: Level '/Game/V3/Terrain/Terrain.Terrain:PersistentLevel' has LevelScriptBlueprint '/Game/V3/Terrain/Terrain.Terrain:PersistentLevel.Terrain' with GeneratedClass '/Game/V3/Terrain/Terrain.Terrain_C' with ClassGeneratedBy '/Game/V3/Terrain/Terrain.Terrain:PersistentLevel.Terrain'
[2017.09.06-19.07.40:201][780]LogBlueprintUserMessages: Early EndPlayMap Detection: Level '/Game/V3/Terrain/Terrain.Terrain:PersistentLevel' has LevelScriptBlueprint '/Game/V3/Terrain/Terrain.Terrain:PersistentLevel.Terrain' with GeneratedClass '/Game/V3/Terrain/Terrain.Terrain_C' with ClassGeneratedBy '/Game/V3/Terrain/Terrain.Terrain:PersistentLevel.Terrain'
[2017.09.06-19.07.40:267][780]LogBlueprintUserMessages: Late EndPlayMap Detection: Level '/Game/V3/Terrain/Terrain.Terrain:PersistentLevel' has LevelScriptBlueprint '/Game/V3/Terrain/Terrain.Terrain:PersistentLevel.Terrain' with GeneratedClass '/Game/V3/Terrain/Terrain.Terrain_C' with ClassGeneratedBy '/Game/V3/Terrain/Terrain.Terrain:PersistentLevel.Terrain'
[2017.09.06-19.07.51:408][137]LogWindowsTextInputMethodSystem:Display: IME system now deactivated.
[2017.09.06-19.07.51:863][138]Cmd: QUIT_EDITOR
[2017.09.06-19.07.52:381][138]LogExit: Preparing to exit.
[2017.09.06-19.07.53:019][138]LogExit: Editor shut down
[2017.09.06-19.07.53:023][138]LogExit: Transaction tracking system shut down
[2017.09.06-19.07.53:869][138]LogObj: Freed 0b from 0 cluster array pools.
[2017.09.06-19.07.53:870][138]LogExit: Object subsystem successfully closed.
[2017.09.06-19.07.53:887][138]LogD3D11RHI: Shutdown
[2017.09.06-19.07.53:887][138]LogD3D11RHI: CleanupD3DDevice
[2017.09.06-19.07.54:009][138]LogD3D11RHI: ~FD3D11DynamicRHI
[2017.09.06-19.07.54:128][138]LogModuleManager: Shutting down and abandoning module MovieSceneCapture (219)
[2017.09.06-19.07.54:128][138]LogModuleManager: Shutting down and abandoning module MaterialEditor (218)
[2017.09.06-19.07.54:128][138]LogModuleManager: Shutting down and abandoning module SequencerWidgets (217)
[2017.09.06-19.07.54:128][138]LogModuleManager: Shutting down and abandoning module BlueprintGraph (216)
[2017.09.06-19.07.54:128][138]LogModuleManager: Shutting down and abandoning module TextureEditor (215)
[2017.09.06-19.07.54:128][138]LogModuleManager: Shutting down and abandoning module HierarchicalLODOutliner (214)
[2017.09.06-19.07.54:128][138]LogModuleManager: Shutting down and abandoning module ExternalImagePicker (213)
[2017.09.06-19.07.54:128][138]LogModuleManager: Shutting down and abandoning module CrashTracker (212)
[2017.09.06-19.07.54:128][138]LogModuleManager: Shutting down and abandoning module SceneOutliner (211)
[2017.09.06-19.07.54:128][138]LogModuleManager: Shutting down and abandoning module WidgetCarousel (210)
[2017.09.06-19.07.54:128][138]LogModuleManager: Shutting down and abandoning module AddContentDialog (209)
[2017.09.06-19.07.54:134][138]LogModuleManager: Shutting down and abandoning module GameplayTags (208)
[2017.09.06-19.07.54:134][138]LogModuleManager: Shutting down and abandoning module EditorWidgets (207)
[2017.09.06-19.07.54:134][138]LogModuleManager: Shutting down and abandoning module CollectionManager (206)
[2017.09.06-19.07.54:135][138]LogModuleManager: Shutting down and abandoning module StatsViewer (205)
[2017.09.06-19.07.54:135][138]LogModuleManager: Shutting down and abandoning module FoliageEdit (204)
[2017.09.06-19.07.54:135][138]LogModuleManager: Shutting down and abandoning module LandscapeEditor (203)
[2017.09.06-19.07.54:136][138]LogModuleManager: Shutting down and abandoning module SceneDepthPickerMode (202)
[2017.09.06-19.07.54:136][138]LogModuleManager: Shutting down and abandoning module ActorPickerMode (201)
[2017.09.06-19.07.54:136][138]LogModuleManager: Shutting down and abandoning module GeometryMode (200)
[2017.09.06-19.07.54:136][138]LogModuleManager: Shutting down and abandoning module TextureAlignMode (199)
[2017.09.06-19.07.54:136][138]LogModuleManager: Shutting down and abandoning module BspMode (198)
[2017.09.06-19.07.54:136][138]LogModuleManager: Shutting down and abandoning module HardwareSurvey (197)
[2017.09.06-19.07.54:136][138]LogModuleManager: Shutting down and abandoning module SequenceRecorderSections (196)
[2017.09.06-19.07.54:136][138]LogModuleManager: Shutting down and abandoning module SequenceRecorder (195)
[2017.09.06-19.07.54:136][138]LogModuleManager: Shutting down and abandoning module AutomationWorker (194)
[2017.09.06-19.07.54:136][138]LogModuleManager: Shutting down and abandoning module MatineeToLevelSequence (193)
[2017.09.06-19.07.54:136][138]LogModuleManager: Shutting down and abandoning module PlacementMode (192)
[2017.09.06-19.07.54:137][138]LogModuleManager: Shutting down and abandoning module LevelSequenceEditor (191)
[2017.09.06-19.07.54:138][138]LogModuleManager: Shutting down and abandoning module CharacterAI (190)
[2017.09.06-19.07.54:138][138]LogModuleManager: Shutting down and abandoning module SmartSnapping (189)
[2017.09.06-19.07.54:138][138]LogModuleManager: Shutting down and abandoning module SessionServices (188)
[2017.09.06-19.07.54:138][138]LogModuleManager: Shutting down and abandoning module ViewportSnapping (187)
[2017.09.06-19.07.54:138][138]LogModuleManager: Shutting down and abandoning module LogVisualizer (186)
[2017.09.06-19.07.54:139][138]LogModuleManager: Shutting down and abandoning module GameProjectGeneration (185)
[2017.09.06-19.07.54:139][138]LogModuleManager: Shutting down and abandoning module IntroTutorials (184)
[2017.09.06-19.07.54:139][138]LogModuleManager: Shutting down and abandoning module EditorLiveStreaming (183)
[2017.09.06-19.07.54:139][138]LogModuleManager: Shutting down and abandoning module IOSPlatformEditor (182)
[2017.09.06-19.07.54:140][138]LogModuleManager: Shutting down and abandoning module HTML5PlatformEditor (181)
[2017.09.06-19.07.54:140][138]LogModuleManager: Shutting down and abandoning module AndroidDeviceDetection (180)
[2017.09.06-19.07.54:199][138]LogModuleManager: Shutting down and abandoning module AndroidPlatformEditor (179)
[2017.09.06-19.07.54:199][138]LogModuleManager: Shutting down and abandoning module IOSRuntimeSettings (178)
[2017.09.06-19.07.54:199][138]LogModuleManager: Shutting down and abandoning module AndroidRuntimeSettings (177)
[2017.09.06-19.07.54:199][138]LogModuleManager: Shutting down and abandoning module MergeActors (176)
[2017.09.06-19.07.54:199][138]LogModuleManager: Shutting down and abandoning module SizeMap (175)
[2017.09.06-19.07.54:199][138]LogModuleManager: Shutting down and abandoning module TreeMap (174)
[2017.09.06-19.07.54:199][138]LogModuleManager: Shutting down and abandoning module ReferenceViewer (173)
[2017.09.06-19.07.54:199][138]LogModuleManager: Shutting down and abandoning module LocalizationService (172)
[2017.09.06-19.07.54:199][138]LogModuleManager: Shutting down and abandoning module LocalizationDashboard (171)
[2017.09.06-19.07.54:199][138]LogModuleManager: Shutting down and abandoning module HardwareTargeting (170)
[2017.09.06-19.07.54:199][138]LogModuleManager: Shutting down and abandoning module DeviceProfileEditor (169)
[2017.09.06-19.07.54:200][138]LogModuleManager: Shutting down and abandoning module UndoHistory (168)
[2017.09.06-19.07.54:200][138]LogModuleManager: Shutting down and abandoning module UserFeedback (167)
[2017.09.06-19.07.54:200][138]LogModuleManager: Shutting down and abandoning module XmlParser (166)
[2017.09.06-19.07.54:200][138]LogModuleManager: Shutting down and abandoning module Blutility (165)
[2017.09.06-19.07.54:200][138]LogModuleManager: Shutting down and abandoning module ProjectTargetPlatformEditor (164)
[2017.09.06-19.07.54:200][138]LogModuleManager: Shutting down and abandoning module ProjectSettingsViewer (163)
[2017.09.06-19.07.54:200][138]LogModuleManager: Shutting down and abandoning module InputBindingEditor (162)
[2017.09.06-19.07.54:201][138]LogModuleManager: Shutting down and abandoning module EditorSettingsViewer (161)
[2017.09.06-19.07.54:201][138]LogModuleManager: Shutting down and abandoning module SettingsEditor (160)
[2017.09.06-19.07.54:201][138]LogModuleManager: Shutting down and abandoning module ProjectLauncher (159)
[2017.09.06-19.07.54:201][138]LogModuleManager: Shutting down and abandoning module SessionFrontend (158)
[2017.09.06-19.07.54:201][138]LogModuleManager: Shutting down and abandoning module ProfilerClient (157)
[2017.09.06-19.07.54:201][138]LogModuleManager: Shutting down and abandoning module TargetDeviceServices (156)
[2017.09.06-19.07.54:201][138]LogModuleManager: Shutting down and abandoning module DeviceManager (155)
[2017.09.06-19.07.54:267][138]LogModuleManager: Shutting down and abandoning module AutomationController (154)
[2017.09.06-19.07.54:267][138]LogModuleManager: Shutting down and abandoning module AutomationWindow (153)
[2017.09.06-19.07.54:267][138]LogModuleManager: Shutting down and abandoning module Layers (152)
[2017.09.06-19.07.54:267][138]LogModuleManager: Shutting down and abandoning module ComponentVisualizers (151)
[2017.09.06-19.07.54:267][138]LogModuleManager: Shutting down and abandoning module DetailCustomizations (150)
[2017.09.06-19.07.54:267][138]LogModuleManager: Shutting down and abandoning module PackagesDialog (149)
[2017.09.06-19.07.54:268][138]LogModuleManager: Shutting down and abandoning module Persona (148)
[2017.09.06-19.07.54:268][138]LogModuleManager: Shutting down and abandoning module Kismet (147)
[2017.09.06-19.07.54:268][138]LogModuleManager: Shutting down and abandoning module GraphEditor (146)
[2017.09.06-19.07.54:268][138]LogModuleManager: Shutting down and abandoning module ClassViewer (145)
[2017.09.06-19.07.54:268][138]LogModuleManager: Shutting down and abandoning module Toolbox (144)
[2017.09.06-19.07.54:268][138]LogModuleManager: Shutting down and abandoning module ModuleUI (143)
[2017.09.06-19.07.54:268][138]LogModuleManager: Shutting down and abandoning module MovieSceneTools (142)
[2017.09.06-19.07.54:268][138]LogModuleManager: Shutting down and abandoning module OutputLog (141)
[2017.09.06-19.07.54:268][138]LogModuleManager: Shutting down and abandoning module GammaUI (140)
[2017.09.06-19.07.54:269][138]LogModuleManager: Shutting down and abandoning module Documentation (139)
[2017.09.06-19.07.54:269][138]LogModuleManager: Shutting down and abandoning module StreamingPauseRendering (138)
[2017.09.06-19.07.54:269][138]LogModuleManager: Shutting down and abandoning module AnalyticsET (137)
[2017.09.06-19.07.54:269][138]LogModuleManager: Shutting down and abandoning module Analytics (136)
[2017.09.06-19.07.54:269][138]LogModuleManager: Shutting down and abandoning module PortalServices (135)
[2017.09.06-19.07.54:269][138]LogModuleManager: Shutting down and abandoning module PortalRpc (134)
[2017.09.06-19.07.54:269][138]LogModuleManager: Shutting down and abandoning module MessagingRpc (133)
[2017.09.06-19.07.54:269][138]LogModuleManager: Shutting down and abandoning module GameplayDebugger (132)
[2017.09.06-19.07.54:269][138]LogModuleManager: Shutting down and abandoning module AITestSuite (131)
[2017.09.06-19.07.54:269][138]LogModuleManager: Shutting down and abandoning module AIModule (130)
[2017.09.06-19.07.54:269][138]LogModuleManager: Shutting down and abandoning module ProfilerService (129)
[2017.09.06-19.07.54:446][138]LogModuleManager: Shutting down and abandoning module TaskGraph (128)
[2017.09.06-19.07.54:446][138]LogModuleManager: Shutting down and abandoning module SlateRemote (127)
[2017.09.06-19.07.54:446][138]LogModuleManager: Shutting down and abandoning module SteamVRController (126)
[2017.09.06-19.07.54:446][138]LogModuleManager: Shutting down and abandoning module SteamVR (125)
[2017.09.06-19.07.54:447][138]LogModuleManager: Shutting down and abandoning module ProceduralMeshComponent (124)
[2017.09.06-19.07.54:447][138]LogModuleManager: Shutting down and abandoning module OculusLibrary (123)
[2017.09.06-19.07.54:447][138]LogModuleManager: Shutting down and abandoning module OculusInput (122)
[2017.09.06-19.07.54:447][138]LogModuleManager: Shutting down and abandoning module CustomMeshComponent (121)
[2017.09.06-19.07.54:447][138]LogModuleManager: Shutting down and abandoning module CableComponent (120)
[2017.09.06-19.07.54:447][138]LogModuleManager: Shutting down and abandoning module ArchVisCharacter (119)
[2017.09.06-19.07.54:447][138]LogModuleManager: Shutting down and abandoning module MediaPlayerEditor (118)
[2017.09.06-19.07.54:447][138]LogModuleManager: Shutting down and abandoning module HTML5Networking (117)
[2017.09.06-19.07.54:447][138]LogModuleManager: Shutting down and abandoning module SuperSearch (116)
[2017.09.06-19.07.54:447][138]LogModuleManager: Shutting down and abandoning module SuperSearchEditor (115)
[2017.09.06-19.07.54:447][138]LogModuleManager: Shutting down and abandoning module SpeedTreeImporter (114)
[2017.09.06-19.07.54:447][138]LogModuleManager: Shutting down and abandoning module PluginBrowser (113)
[2017.09.06-19.07.54:447][138]LogModuleManager: Shutting down and abandoning module EpicSurvey (112)
[2017.09.06-19.07.54:447][138]LogModuleManager: Shutting down and abandoning module DesktopPlatform (111)
[2017.09.06-19.07.54:448][138]LogModuleManager: Shutting down and abandoning module VisualStudioSourceCodeAccess (110)
[2017.09.06-19.07.54:448][138]LogModuleManager: Shutting down and abandoning module UObjectPlugin (109)
[2017.09.06-19.07.54:448][138]LogModuleManager: Shutting down and abandoning module SubversionSourceControl (108)
[2017.09.06-19.07.54:448][138]LogModuleManager: Shutting down and abandoning module PerforceSourceControl (107)
[2017.09.06-19.07.54:448][138]LogModuleManager: Shutting down and abandoning module SourceControl (106)
[2017.09.06-19.07.54:448][138]LogModuleManager: Shutting down and abandoning module GitSourceControl (105)
[2017.09.06-19.07.54:448][138]LogModuleManager: Shutting down and abandoning module LightPropagationVolumeEditor (104)
[2017.09.06-19.07.54:448][138]LogModuleManager: Shutting down and abandoning module PaperTiledImporter (103)
[2017.09.06-19.07.54:448][138]LogModuleManager: Shutting down and abandoning module PaperSpriteSheetImporter (102)
[2017.09.06-19.07.54:448][138]LogModuleManager: Shutting down and abandoning module MeshPaint (101)
[2017.09.06-19.07.54:448][138]LogModuleManager: Shutting down and abandoning module PixelInspectorModule (100)
[2017.09.06-19.07.54:448][138]LogModuleManager: Shutting down and abandoning module HotReload (99)
[2017.09.06-19.07.54:450][138]LogModuleManager: Shutting down and abandoning module MainFrame (98)
[2017.09.06-19.07.54:450][138]LogModuleManager: Shutting down and abandoning module LevelEditor (97)
[2017.09.06-19.07.54:453][138]LogModuleManager: Shutting down and abandoning module ContentBrowser (96)
[2017.09.06-19.07.54:456][138]LogModuleManager: Shutting down and abandoning module Paper2DEditor (95)
[2017.09.06-19.07.54:457][138]LogModuleManager: Shutting down and abandoning module UdpMessaging (94)
[2017.09.06-19.07.54:558][138]LogModuleManager: Shutting down and abandoning module LightPropagationVolumeRuntime (93)
[2017.09.06-19.07.54:558][138]LogModuleManager: Shutting down and abandoning module Paper2D (92)
[2017.09.06-19.07.54:558][138]LogModuleManager: Shutting down and abandoning module WindowsMoviePlayer (91)
[2017.09.06-19.07.54:558][138]LogModuleManager: Shutting down and abandoning module Media (90)
[2017.09.06-19.07.54:558][138]LogModuleManager: Shutting down and abandoning module WmfMedia (89)
[2017.09.06-19.07.54:559][138]LogModuleManager: Shutting down and abandoning module MediaAssets (88)
[2017.09.06-19.07.54:559][138]LogModuleManager: Shutting down and abandoning module GameLiveStreaming (87)
[2017.09.06-19.07.54:559][138]LogModuleManager: Shutting down and abandoning module GameplayTagsEditor (86)
[2017.09.06-19.07.54:559][138]LogModuleManager: Shutting down and abandoning module OnlineBlueprintSupport (85)
[2017.09.06-19.07.54:559][138]LogModuleManager: Shutting down and abandoning module VREditor (84)
[2017.09.06-19.07.54:559][138]LogModuleManager: Shutting down and abandoning module GameplayTasksEditor (83)
[2017.09.06-19.07.54:559][138]LogModuleManager: Shutting down and abandoning module PropertyEditor (82)
[2017.09.06-19.07.54:559][138]LogModuleManager: Shutting down and abandoning module BehaviorTreeEditor (81)
[2017.09.06-19.07.54:560][138]LogModuleManager: Shutting down and abandoning module FunctionalTesting (80)
[2017.09.06-19.07.54:560][138]LogModuleManager: Shutting down and abandoning module CollisionAnalyzer (79)
[2017.09.06-19.07.54:560][138]LogModuleManager: Shutting down and abandoning module Sequencer (78)
[2017.09.06-19.07.54:560][138]LogModuleManager: Shutting down and abandoning module WorkspaceMenuStructure (77)
[2017.09.06-19.07.54:560][138]LogModuleManager: Shutting down and abandoning module MessageLog (76)
[2017.09.06-19.07.54:560][138]LogModuleManager: Shutting down and abandoning module AssetTools (75)
[2017.09.06-19.07.54:560][138]LogModuleManager: Shutting down and abandoning module UMGEditor (74)
[2017.09.06-19.07.54:561][138]LogModuleManager: Shutting down and abandoning module UMG (73)
[2017.09.06-19.07.54:561][138]LogModuleManager: Shutting down and abandoning module SlateReflector (72)
[2017.09.06-19.07.54:561][138]LogModuleManager: Shutting down and abandoning module Slate (71)
[2017.09.06-19.07.54:561][138]LogModuleManager: Shutting down and abandoning module EditorStyle (70)
[2017.09.06-19.07.54:573][138]LogModuleManager: Shutting down and abandoning module SourceCodeAccess (69)
[2017.09.06-19.07.54:573][138]LogModuleManager: Shutting down and abandoning module HeadMountedDisplay (68)
[2017.09.06-19.07.54:573][138]LogModuleManager: Shutting down and abandoning module XAudio2 (67)
[2017.09.06-19.07.54:573][138]LogModuleManager: Shutting down and abandoning module Networking (65)
[2017.09.06-19.07.54:573][138]LogModuleManager: Shutting down and abandoning module Core (64)
[2017.09.06-19.07.54:573][138]LogModuleManager: Shutting down and abandoning module DirectoryWatcher (63)
[2017.09.06-19.07.54:575][138]LogModuleManager: Shutting down and abandoning module AssetRegistry (62)
[2017.09.06-19.07.54:842][138]LogModuleManager: Shutting down and abandoning module KismetCompiler (61)
[2017.09.06-19.07.54:842][138]LogModuleManager: Shutting down and abandoning module PhysXFormats (60)
[2017.09.06-19.07.54:842][138]LogModuleManager: Shutting down and abandoning module MeshUtilities (59)
[2017.09.06-19.07.54:843][138]LogModuleManager: Shutting down and abandoning module DerivedDataCache (58)
[2017.09.06-19.07.54:896][138]LogDerivedDataCache: Shutdown
[2017.09.06-19.07.54:896][138]LogModuleManager: Shutting down and abandoning module VulkanShaderFormat (57)
[2017.09.06-19.07.54:896][138]LogModuleManager: Shutting down and abandoning module ShaderFormatOpenGL (56)
[2017.09.06-19.07.54:896][138]LogModuleManager: Shutting down and abandoning module ShaderFormatD3D (55)
[2017.09.06-19.07.54:896][138]LogModuleManager: Shutting down and abandoning module MetalShaderFormat (54)
[2017.09.06-19.07.54:896][138]LogModuleManager: Shutting down and abandoning module TextureFormatUncompressed (53)
[2017.09.06-19.07.54:897][138]LogModuleManager: Shutting down and abandoning module TextureFormatPVR (52)
[2017.09.06-19.07.54:897][138]LogModuleManager: Shutting down and abandoning module TextureFormatIntelISPCTexComp (51)
[2017.09.06-19.07.54:897][138]LogModuleManager: Shutting down and abandoning module TextureFormatDXT (50)
[2017.09.06-19.07.54:897][138]LogModuleManager: Shutting down and abandoning module ImageWrapper (49)
[2017.09.06-19.07.54:897][138]LogModuleManager: Shutting down and abandoning module TextureFormatASTC (48)
[2017.09.06-19.07.54:897][138]LogModuleManager: Shutting down and abandoning module TextureFormatAndroid (47)
[2017.09.06-19.07.54:897][138]LogModuleManager: Shutting down and abandoning module AudioFormatOpus (46)
[2017.09.06-19.07.54:897][138]LogModuleManager: Shutting down and abandoning module AudioFormatOgg (45)
[2017.09.06-19.07.54:897][138]LogModuleManager: Shutting down and abandoning module AudioFormatADPCM (44)
[2017.09.06-19.07.54:897][138]LogModuleManager: Shutting down and abandoning module LinuxTargetPlatform (43)
[2017.09.06-19.07.54:897][138]LogModuleManager: Shutting down and abandoning module LinuxServerTargetPlatform (42)
[2017.09.06-19.07.54:897][138]LogModuleManager: Shutting down and abandoning module LinuxNoEditorTargetPlatform (41)
[2017.09.06-19.07.54:897][138]LogModuleManager: Shutting down and abandoning module TVOSTargetPlatform (40)
[2017.09.06-19.07.54:898][138]LogModuleManager: Shutting down and abandoning module Messaging (39)
[2017.09.06-19.07.54:898][138]LogModuleManager: Shutting down and abandoning module IOSTargetPlatform (38)
[2017.09.06-19.07.54:898][138]LogModuleManager: Shutting down and abandoning module HTML5TargetPlatform (37)
[2017.09.06-19.07.54:898][138]LogModuleManager: Shutting down and abandoning module Android_PVRTCTargetPlatform (36)
[2017.09.06-19.07.54:898][138]LogModuleManager: Shutting down and abandoning module Android_MultiTargetPlatform (35)
[2017.09.06-19.07.54:898][138]LogModuleManager: Shutting down and abandoning module Android_ETC2TargetPlatform (34)
[2017.09.06-19.07.54:898][138]LogModuleManager: Shutting down and abandoning module Android_ETC1TargetPlatform (33)
[2017.09.06-19.07.54:898][138]LogModuleManager: Shutting down and abandoning module Android_DXTTargetPlatform (32)
[2017.09.06-19.07.54:898][138]LogModuleManager: Shutting down and abandoning module Android_ATCTargetPlatform (31)
[2017.09.06-19.07.54:898][138]LogModuleManager: Shutting down and abandoning module Android_ASTCTargetPlatform (30)
[2017.09.06-19.07.54:898][138]LogModuleManager: Shutting down and abandoning module AndroidTargetPlatform (29)
[2017.09.06-19.07.54:898][138]LogModuleManager: Shutting down and abandoning module WindowsTargetPlatform (28)
[2017.09.06-19.07.54:898][138]LogModuleManager: Shutting down and abandoning module WindowsServerTargetPlatform (27)
[2017.09.06-19.07.54:898][138]LogModuleManager: Shutting down and abandoning module WindowsNoEditorTargetPlatform (26)
[2017.09.06-19.07.54:898][138]LogModuleManager: Shutting down and abandoning module WindowsClientTargetPlatform (25)
[2017.09.06-19.07.54:898][138]LogModuleManager: Shutting down and abandoning module AllDesktopTargetPlatform (24)
[2017.09.06-19.07.54:898][138]LogModuleManager: Shutting down and abandoning module TargetPlatform (23)
[2017.09.06-19.07.54:898][138]LogModuleManager: Shutting down and abandoning module InputCore (22)
[2017.09.06-19.07.54:898][138]LogModuleManager: Shutting down and abandoning module Settings (21)
[2017.09.06-19.07.54:899][138]LogModuleManager: Shutting down and abandoning module OnlineSubsystem (19)
[2017.09.06-19.07.54:899][138]LogModuleManager: Shutting down and abandoning module HTTP (18)
[2017.09.06-19.07.58:947][138]LogModuleManager: Shutting down and abandoning module XMPP (17)
[2017.09.06-19.07.58:948][138]LogModuleManager: Shutting down and abandoning module OculusRift (16)
[2017.09.06-19.07.58:948][138]LogModuleManager: Shutting down and abandoning module ExampleDeviceProfileSelector (15)
[2017.09.06-19.07.58:948][138]LogModuleManager: Shutting down and abandoning module TextureCompressor (14)
[2017.09.06-19.07.58:949][138]LogModuleManager: Shutting down and abandoning module ShaderCore (13)
[2017.09.06-19.07.58:949][138]LogModuleManager: Shutting down and abandoning module Landscape (12)
[2017.09.06-19.07.58:949][138]LogModuleManager: Shutting down and abandoning module SlateRHIRenderer (11)
[2017.09.06-19.07.58:956][138]LogModuleManager: Shutting down and abandoning module OpenGLDrv (10)
[2017.09.06-19.07.58:956][138]LogModuleManager: Shutting down and abandoning module D3D11RHI (9)
[2017.09.06-19.07.58:956][138]LogModuleManager: Shutting down and abandoning module AnimGraphRuntime (8)
[2017.09.06-19.07.58:956][138]LogModuleManager: Shutting down and abandoning module Renderer (7)
[2017.09.06-19.07.58:956][138]LogModuleManager: Shutting down and abandoning module Engine (6)
[2017.09.06-19.07.58:956][138]LogModuleManager: Shutting down and abandoning module CoreUObject (5)
[2017.09.06-19.07.58:956][138]LogModuleManager: Shutting down and abandoning module NetworkFile (4)
[2017.09.06-19.07.58:956][138]LogModuleManager: Shutting down and abandoning module StreamingFile (3)
[2017.09.06-19.07.58:956][138]LogModuleManager: Shutting down and abandoning module SandboxFile (2)
[2017.09.06-19.07.58:956][138]LogModuleManager: Shutting down and abandoning module PakFile (1)
[2017.09.06-19.07.58:962][138]LogExit: Exiting.
[2017.09.06-19.07.59:046][138]Log file closed, 09/06/17 14:07:59
