Log file open, 09/06/17 19:07:09
LogInit:Display: Running engine for game: LTG1
LogPlatformFile: Not using cached read wrapper
LogInit:Display: RandInit(185351734) SRandInit(185351738).
LogTaskGraph: Started task graph with 4 named threads and 7 total threads with 1 sets of task threads.
LogStats: Stats thread started at 1.436140
LogInit: Version: 4.12.5-3039270+++UE4+Release-4.12
LogInit: API Version: 2992821
LogInit: Net Version: 3039270
LogDevObjectVersion: Number of dev versions registered: 13
LogDevObjectVersion:   Dev-Blueprints (B0D832E4-1F89-4F0D-ACCF-7EB736FD4AA2): 3
LogDevObjectVersion:   Dev-Build (E1C64328-A22C-4D53-A36C-8E866417BD8C): 0
LogDevObjectVersion:   Dev-Core (375EC13C-06E4-48FB-B500-84F0262A717E): 1
LogDevObjectVersion:   Dev-Editor (E4B068ED-F494-42E9-A231-DA0B2E46BB41): 2
LogDevObjectVersion:   Dev-Framework (CFFC743F-43B0-4480-9391-14DF171D2073): 6
LogDevObjectVersion:   Dev-Mobile (B02B49B5-BB20-44E9-A304-32B752E40360): 0
LogDevObjectVersion:   Dev-Networking (A4E4105C-59A1-49B5-A7C5-40C4547EDFEE): 0
LogDevObjectVersion:   Dev-Online (39C831C9-5AE6-47DC-9A44-9C173E1C8E7C): 0
LogDevObjectVersion:   Dev-Physics (78F01B33-EBEA-4F98-B9B4-84EACCB95AA2): 0
LogDevObjectVersion:   Dev-Platform (6631380F-2D4D-43E0-8009-CF276956A95A): 0
LogDevObjectVersion:   Dev-Rendering (12F88B9F-8875-4AFC-A67C-D90C383ABD29): 2
LogDevObjectVersion:   Dev-Sequencer (7B5AE74C-D270-4C10-A958-57980B212A5A): 0
LogDevObjectVersion:   Dev-VR (D7296918-1DD6-4BDD-9DE2-64A83CC13884): 0
LogInit: Compiled (64-bit): Jul  6 2016 09:09:46
LogInit: Compiled with Visual C++: 19.00.23026.00
LogInit: Build Configuration: Development
LogInit: Branch Name: ++UE4+Release-4.12
LogInit: Command line:  
LogInit: Base directory: C:/Program Files/Epic Games/UE_4.12/Engine/Binaries/Win64/
LogInit: Installed Engine Build: 1
LogInit: Using libcurl 7.41.0
LogInit:  - built for x86_64-pc-win32
LogInit:  - supports SSL with WinSSL
LogInit:  - other features:
LogInit:      CURL_VERSION_SSL
LogInit:      CURL_VERSION_IPV6
LogInit:      CURL_VERSION_ASYNCHDNS
LogInit:      CURL_VERSION_LARGEFILE
LogInit:      CURL_VERSION_IDN
LogInit:  CurlRequestOptions (configurable via config and command line):
LogInit:  - bVerifyPeer = true  - Libcurl will verify peer certificate
LogInit:  - bUseHttpProxy = false  - Libcurl will NOT use HTTP proxy
LogInit:  - bDontReuseConnections = false  - Libcurl will reuse connections
LogInit:  - CertBundlePath = nullptr  - Libcurl will use whatever was configured at build time.
LogInit: Presizing for max 8388607 objects, including 0 objects not considered by GC, pre-allocating 0 bytes for permanent pool.
LogInit: Object subsystem initialized
[2017.09.07-00.07.09:987][  0]LogInit: Selected Device Profile: [Windows]
[2017.09.07-00.07.09:987][  0]LogInit: Applying CVar settings loaded from the selected device profile: [Windows]
[2017.09.07-00.07.10:071][  0]LogInit: Computer: ACDEC
[2017.09.07-00.07.10:072][  0]LogInit: User: estebancarranza
[2017.09.07-00.07.10:072][  0]LogInit: CPU Page size=65536, Cores=4
[2017.09.07-00.07.10:072][  0]LogInit: High frequency timer resolution =1.852018 MHz
[2017.09.07-00.07.10:073][  0]LogMemory: Memory total: Physical=10.9GB (11GB approx)
[2017.09.07-00.07.10:073][  0]LogMemory: Platform Memory Stats for Windows
[2017.09.07-00.07.10:073][  0]LogMemory: Process Physical Memory: 188.48 MB used, 188.48 MB peak
[2017.09.07-00.07.10:073][  0]LogMemory: Process Virtual Memory: 194.85 MB used, 194.85 MB peak
[2017.09.07-00.07.10:073][  0]LogMemory: Physical Memory: 2102.46 MB used, 11210.26 MB total
[2017.09.07-00.07.10:073][  0]LogMemory: Virtual Memory: 531.33 MB used, 134217728.00 MB total
[2017.09.07-00.07.12:298][  0]LogD3D11RHI: D3D11 adapters:
[2017.09.07-00.07.12:338][  0]LogD3D11RHI:    0. 'AMD Radeon(TM) R6 Graphics' (Feature Level 11_0)
[2017.09.07-00.07.12:338][  0]LogD3D11RHI:       989/0/3840 MB DedicatedVideo/DedicatedSystem/SharedSystem, Outputs:1, VendorId:0x1002
[2017.09.07-00.07.12:343][  0]LogD3D11RHI:    1. 'Microsoft Basic Render Driver' (Feature Level 11_0)
[2017.09.07-00.07.12:343][  0]LogD3D11RHI:       0/0/256 MB DedicatedVideo/DedicatedSystem/SharedSystem, Outputs:0, VendorId:0x1414
[2017.09.07-00.07.12:343][  0]LogD3D11RHI: Chosen D3D11 Adapter: 0
[2017.09.07-00.07.12:357][  0]LogD3D11RHI: Creating new Direct3DDevice
[2017.09.07-00.07.12:357][  0]LogD3D11RHI:     GPU DeviceId: 0x130a (for the marketing name, search the web for "GPU Device Id")
[2017.09.07-00.07.12:357][  0]LogWindows: EnumDisplayDevices:
[2017.09.07-00.07.12:358][  0]LogWindows:    0. 'AMD Radeon(TM) R6 Graphics' (P:1 D:1)
[2017.09.07-00.07.12:359][  0]LogWindows:    1. 'AMD Radeon(TM) R6 Graphics' (P:0 D:0)
[2017.09.07-00.07.12:360][  0]LogWindows:    2. 'AMD Radeon(TM) R6 Graphics' (P:0 D:0)
[2017.09.07-00.07.12:361][  0]LogWindows:    3. 'AMD Radeon(TM) R6 Graphics' (P:0 D:0)
[2017.09.07-00.07.12:361][  0]LogWindows: DebugString: FoundDriverCount:4 
[2017.09.07-00.07.12:361][  0]LogD3D11RHI:     Adapter Name: AMD Radeon(TM) R6 Graphics
[2017.09.07-00.07.12:361][  0]LogD3D11RHI:   Driver Version: Crimson ReLive 16.12.2 (internal:21.19.407.0, unified:21.19.407.0)
[2017.09.07-00.07.12:361][  0]LogD3D11RHI:      Driver Date: 12-23-2016
[2017.09.07-00.07.12:361][  0]LogRHI: Texture pool is 692 MB (70% of 989 MB)
[2017.09.07-00.07.12:388][  0]LogD3D11RHI: Async texture creation disabled: no driver support
[2017.09.07-00.07.12:445][  0]LogD3D11RHI: GPU Timing Frequency: 100.000000 (Debug: 2 1)
[2017.09.07-00.07.12:512][  0]LogShaderCompilers: Guid format shader working directory is 29 characters bigger than the processId version (H:/A.DATA/UNREAL-17/LTG1/Intermediate/Shaders/WorkingDirectory/2208/).
[2017.09.07-00.07.12:513][  0]LogShaderCompilers: Cleaned the shader compiler working directory 'C:/Users/ESTEBA~1.CAR/AppData/Local/Temp/UnrealShaderWorkingDir/4C6BB2BB4DFC28F55151B79B7EF3E921/'.
[2017.09.07-00.07.12:514][  0]LogShaderCompilers:Display: Using Local Shader Compiler.
[2017.09.07-00.07.19:907][  0]LogTemp:Display: Loaded TP AllDesktopTargetPlatform
[2017.09.07-00.07.19:963][  0]LogTemp:Display: Loaded TP WindowsClientTargetPlatform
[2017.09.07-00.07.20:020][  0]LogTemp:Display: Loaded TP WindowsNoEditorTargetPlatform
[2017.09.07-00.07.20:080][  0]LogTemp:Display: Loaded TP WindowsServerTargetPlatform
[2017.09.07-00.07.20:140][  0]LogTemp:Display: Loaded TP WindowsTargetPlatform
[2017.09.07-00.07.20:192][  0]LogTemp:Display: Loaded TP AndroidTargetPlatform
[2017.09.07-00.07.20:242][  0]LogTemp:Display: Loaded TP Android_ASTCTargetPlatform
[2017.09.07-00.07.20:296][  0]LogTemp:Display: Loaded TP Android_ATCTargetPlatform
[2017.09.07-00.07.20:346][  0]LogTemp:Display: Loaded TP Android_DXTTargetPlatform
[2017.09.07-00.07.20:397][  0]LogTemp:Display: Loaded TP Android_ETC1TargetPlatform
[2017.09.07-00.07.20:446][  0]LogTemp:Display: Loaded TP Android_ETC2TargetPlatform
[2017.09.07-00.07.20:545][  0]LogTemp:Display: Loaded TP Android_MultiTargetPlatform
[2017.09.07-00.07.20:545][  0]LogTemp:Display: Loaded TP Android_PVRTCTargetPlatform
[2017.09.07-00.07.20:558][  0]LogTemp:Display: Loaded TP HTML5TargetPlatform
[2017.09.07-00.07.20:661][  0]LogTemp:Display: Loaded TP IOSTargetPlatform
[2017.09.07-00.07.20:705][  0]LogTemp:Display: Loaded TP TVOSTargetPlatform
[2017.09.07-00.07.20:751][  0]LogTemp:Display: Loaded TP LinuxNoEditorTargetPlatform
[2017.09.07-00.07.20:797][  0]LogTemp:Display: Loaded TP LinuxServerTargetPlatform
[2017.09.07-00.07.20:882][  0]LogTemp:Display: Loaded TP LinuxTargetPlatform
[2017.09.07-00.07.20:882][  0]LogTargetPlatformManager:Display: Building Assets For Windows
[2017.09.07-00.07.21:795][  0]LogDerivedDataCache:Display: Max Cache Size: 512 MB
[2017.09.07-00.07.22:229][  0]LogDerivedDataCache: Loaded boot cache 0.43s 48MB C:/Users/esteban.carranza/AppData/Local/UnrealEngine/4.12/DerivedDataCache/Boot.ddc.
[2017.09.07-00.07.22:231][  0]LogDerivedDataCache:Display: Loaded Boot cache: C:/Users/esteban.carranza/AppData/Local/UnrealEngine/4.12/DerivedDataCache/Boot.ddc
[2017.09.07-00.07.22:231][  0]LogDerivedDataCache: FDerivedDataBackendGraph:  Pak pak cache file H:/A.DATA/UNREAL-17/LTG1/DerivedDataCache/DDC.ddp not found, will not use a pak cache.
[2017.09.07-00.07.22:231][  0]LogDerivedDataCache: Unable to find inner node Pak for hierarchical cache Hierarchy.
[2017.09.07-00.07.22:231][  0]LogDerivedDataCache: FDerivedDataBackendGraph:  CompressedPak pak cache file H:/A.DATA/UNREAL-17/LTG1/DerivedDataCache/Compressed.ddp not found, will not use a pak cache.
[2017.09.07-00.07.22:232][  0]LogDerivedDataCache: Unable to find inner node CompressedPak for hierarchical cache Hierarchy.
[2017.09.07-00.07.22:314][  0]LogDerivedDataCache:Display: Pak cache opened for reading ../../../Engine/DerivedDataCache/Compressed.ddp.
[2017.09.07-00.07.22:337][  0]LogDerivedDataCache: Using Local data cache path C:/Users/esteban.carranza/AppData/Local/UnrealEngine/Common/DerivedDataCache: Writable
[2017.09.07-00.07.24:053][  0]LogInit: Selected Device Profile: [Windows]
[2017.09.07-00.07.24:064][  0]LogContentStreaming: Texture pool size is 0.00 MB
[2017.09.07-00.07.25:084][  0]LogMeshUtilities: No automatic mesh reduction module available
[2017.09.07-00.07.25:084][  0]LogMeshUtilities: No automatic mesh merging module available
[2017.09.07-00.07.25:084][  0]LogMeshUtilities: No distributed automatic mesh merging module available
[2017.09.07-00.07.26:691][  0]LogAssetRegistry: FAssetRegistry took 0.0301 seconds to start up
[2017.09.07-00.07.26:912][  0]LogPackageLocalizationCache: Processed 3 localized package path(s) for 1 prioritized culture(s) in 0.201389 seconds
[2017.09.07-00.07.26:935][  0]LogUObjectArray: 28739 objects as part of root set at end of initial load.
[2017.09.07-00.07.26:935][  0]LogUObjectAllocator: 5855624 out of 0 bytes used by permanent object pool.
[2017.09.07-00.07.26:935][  0]LogUObjectArray: CloseDisregardForGC: 0/0 objects in disregard for GC pool
[2017.09.07-00.07.26:992][  0]LogInit: WinSock: version 1.1 (2.2), MaxSocks=32767, MaxUdp=65467
[2017.09.07-00.07.28:696][  0]LogSlate: SlateFontCache - WITH_FREETYPE: 1, WITH_HARFBUZZ: 1
[2017.09.07-00.07.28:697][  0]LogSlate: SlateFontCache - WITH_FREETYPE: 1, WITH_HARFBUZZ: 1
[2017.09.07-00.07.33:879][  0]LogUdpMessaging: Initializing bridge on interface 0.0.0.0:0 to multicast group 230.0.0.1:6666.
[2017.09.07-00.07.35:127][  0]SourceControl: Info Source control is disabled
[2017.09.07-00.07.35:131][  0]SourceControl: Info Source control is disabled
[2017.09.07-00.07.35:209][  0]SourceControl: Info Source control is disabled
[2017.09.07-00.07.35:287][  0]SourceControl: Info Source control is disabled
[2017.09.07-00.07.36:900][  0]LogEngine: Initializing Engine...
[2017.09.07-00.07.36:952][  0]LogHMD: SteamVR failed to initialize.  Err: 110
[2017.09.07-00.07.36:956][  0]LogHMD: SteamVR failed to initialize.  Err: 110
[2017.09.07-00.07.37:693][  0]LogAIModule: Creating AISystem for world NewWorld
[2017.09.07-00.07.37:734][  0]LogInit: XAudio2 using 'Altavoces (Realtek High Definition Audio)' : 2 channels at 48 kHz using 32 bits per sample (channel mask 0x3)
[2017.09.07-00.07.37:830][  0]LogInit: FAudioDevice initialized.
[2017.09.07-00.07.37:951][  0]LogDerivedDataCache: Saved boot cache 0.12s 48MB C:/Users/esteban.carranza/AppData/Local/UnrealEngine/4.12/DerivedDataCache/Boot.ddc.
[2017.09.07-00.07.37:979][  0]LogInit: Texture streaming: Enabled
[2017.09.07-00.07.38:305][  0]LogInit: Transaction tracking system initialized
[2017.09.07-00.07.38:559][  0]BlueprintLog: New page: Editor Load
[2017.09.07-00.07.39:429][  0]LocalizationService: Info Localization service is disabled
[2017.09.07-00.07.41:776][  0]LogConsoleResponse:Display: 
[2017.09.07-00.07.42:471][  0]LogCook:Display: Max memory allowance for cook 8192mb
[2017.09.07-00.07.42:471][  0]LogCook:Display: Mobile HDR setting 1
[2017.09.07-00.07.43:216][  0]LogFileCache: Scanning file cache for directory 'H:/A.DATA/UNREAL-17/LTG1/Content/' took 0.03s
[2017.09.07-00.07.43:284][  0]SourceControl: Info Source control is disabled
[2017.09.07-00.07.43:288][  0]Cmd: MAP LOAD FILE="H:/A.DATA/UNREAL-17/LTG1/Content/ThirdPersonBP/Maps/ThirdPersonExampleMap.umap" TEMPLATE=0 SHOWPROGRESS=1 FEATURELEVEL=3
[2017.09.07-00.07.43:414][  0]LightingResults: New page: Lighting Build
[2017.09.07-00.07.43:440][  0]MapCheck: New page: Map Check
[2017.09.07-00.07.43:440][  0]LightingResults: New page: Lighting Build
[2017.09.07-00.07.48:559][  0]LogAIModule: Creating AISystem for world ThirdPersonExampleMap
[2017.09.07-00.07.48:635][  0]LogEditorServer: Finished looking for orphan Actors (0.000 secs)
[2017.09.07-00.07.48:641][  0]Cmd: MAP CHECKDEP NOCLEARLOG
[2017.09.07-00.07.48:942][  0]MapCheck: Info Map check complete: 0 Error(s), 0 Warning(s), took 300.905ms to complete.
[2017.09.07-00.07.48:943][  0]LogFileHelpers: Loading map 'ThirdPersonExampleMap' took 5.657
[2017.09.07-00.07.49:505][  0]LogCollectionManager: Loaded 0 collections in 0.013485 seconds
[2017.09.07-00.07.49:667][  0]LogFileCache: Scanning file cache for directory 'H:/A.DATA/UNREAL-17/LTG1/Saved/Collections/' took 0.01s
[2017.09.07-00.07.49:667][  0]LogFileCache: Scanning file cache for directory 'H:/A.DATA/UNREAL-17/LTG1/Content/Developers/estebancarranza/Collections/' took 0.01s
[2017.09.07-00.07.49:667][  0]LogFileCache: Scanning file cache for directory 'H:/A.DATA/UNREAL-17/LTG1/Content/Collections/' took 0.01s
[2017.09.07-00.07.49:669][  0]LogCollectionManager: Rebuilt the GUID cache for 0 collections in 0.000012 seconds
[2017.09.07-00.07.49:712][  0]LogContentBrowser: Native class hierarchy populated in 0.0388 seconds. Added 2047 classes and 369 folders.
[2017.09.07-00.07.49:739][  0]LogStats: UGameplayTagsManager::ConstructGameplayTagTree: Construct from data asset -  0.000 s
[2017.09.07-00.07.49:739][  0]LogStats: UGameplayTagsManager::ConstructGameplayTagTree: GameplayTagTreeChangedEvent.Broadcast -  0.000 s
[2017.09.07-00.07.49:741][  0]LogContentBrowser: Native class hierarchy updated for 'GameplayTags' in 0.0019 seconds. Added 12 classes and 0 folders.
[2017.09.07-00.07.49:773][  0]LogContentBrowser: Native class hierarchy updated for 'WidgetCarousel' in 0.0016 seconds. Added 0 classes and 0 folders.
[2017.09.07-00.07.50:209][  0]LogContentBrowser: Native class hierarchy updated for 'AddContentDialog' in 0.0018 seconds. Added 0 classes and 0 folders.
[2017.09.07-00.07.50:254][  0]LogContentBrowser: Native class hierarchy updated for 'SceneOutliner' in 0.0018 seconds. Added 1 classes and 2 folders.
[2017.09.07-00.07.50:694][  0]LogCrashTracker: Crashtracker disabled due to settings.
[2017.09.07-00.07.50:739][  0]LogUObjectGlobals:Warning: Failed to find object 'Class None.'
[2017.09.07-00.07.50:808][  0]LogContentBrowser: Native class hierarchy updated for 'HierarchicalLODOutliner' in 0.0018 seconds. Added 1 classes and 2 folders.
[2017.09.07-00.07.50:809][  0]LogLoad: Full Startup: 47.02 seconds (BP compile: 0.89 seconds)
[2017.09.07-00.07.50:809][  0]LogExternalProfiler: No external profilers were discovered.  External profiling features will not be available.
[2017.09.07-00.07.50:838][  0]LogOcInput: OculusInput pre-init called
[2017.09.07-00.07.50:889][  0]LogContentStreaming: Texture pool size now 200 MB
[2017.09.07-00.07.51:534][  0]LogRenderer: Reallocating scene render targets to support 700x340 (Frame:2).
[2017.09.07-00.07.53:172][  5]LogAssetRegistry: Asset discovery search completed in 26.5063 seconds
[2017.09.07-00.07.53:172][  5]LogCollectionManager: Rebuilt the object cache for 0 collections in 0.000002 seconds (found 0 objects)
[2017.09.07-00.07.53:182][  5]LogCollectionManager: Fixed up redirectors for 0 collections in 0.009127 seconds (updated 0 objects)
[2017.09.07-00.08.20:570][521]LogBlueprintUserMessages: Early PlayInEditor Detection: Level '/Game/ThirdPersonBP/Maps/ThirdPersonExampleMap.ThirdPersonExampleMap:PersistentLevel' has LevelScriptBlueprint '/Game/ThirdPersonBP/Maps/ThirdPersonExampleMap.ThirdPersonExampleMap:PersistentLevel.ThirdPersonExampleMap' with GeneratedClass '/Game/ThirdPersonBP/Maps/ThirdPersonExampleMap.ThirdPersonExampleMap_C' with ClassGeneratedBy '/Game/ThirdPersonBP/Maps/ThirdPersonExampleMap.ThirdPersonExampleMap:PersistentLevel.ThirdPersonExampleMap'
[2017.09.07-00.08.20:571][521]LogPlayLevel: PlayLevel: No blueprints needed recompiling
[2017.09.07-00.08.20:581][521]PIE: New page: PIE session: ThirdPersonExampleMap (Sep 6, 2017, 1:08:20 PM)
[2017.09.07-00.08.20:582][521]LogPlayLevel: Creating play world package: /Game/ThirdPersonBP/Maps/UEDPIE_0_ThirdPersonExampleMap
[2017.09.07-00.08.20:683][521]LogPlayLevel: PIE: StaticDuplicateObject took: (0.101351s)
[2017.09.07-00.08.20:686][521]LogAIModule: Creating AISystem for world ThirdPersonExampleMap
[2017.09.07-00.08.20:686][521]LogPlayLevel: PIE: World Init took: (0.003086s)
[2017.09.07-00.08.20:687][521]LogPlayLevel: PIE: Created PIE world by copying editor world from /Game/ThirdPersonBP/Maps/ThirdPersonExampleMap.ThirdPersonExampleMap to /Game/ThirdPersonBP/Maps/UEDPIE_0_ThirdPersonExampleMap.ThirdPersonExampleMap (0.105367s)
[2017.09.07-00.08.20:794][521]LogInit: XAudio2 using 'Altavoces (Realtek High Definition Audio)' : 2 channels at 48 kHz using 32 bits per sample (channel mask 0x3)
[2017.09.07-00.08.20:826][521]LogInit: FAudioDevice initialized.
[2017.09.07-00.08.21:036][521]LogWorld: Game class is 'ThirdPersonGameMode_C'
[2017.09.07-00.08.21:054][521]LogWorld: Bringing World /Game/ThirdPersonBP/Maps/UEDPIE_0_ThirdPersonExampleMap.ThirdPersonExampleMap up for play (max tick rate 60) at 2017.09.06-19.08.21
[2017.09.07-00.08.21:058][521]LogWorld: Bringing up level for play took: 0.014851
[2017.09.07-00.08.21:082][521]LogContentBrowser: Native class hierarchy updated for 'MovieSceneCapture' in 0.0019 seconds. Added 11 classes and 0 folders.
[2017.09.07-00.08.21:107][521]PIE: Info Play in editor start time for /Game/ThirdPersonBP/Maps/UEDPIE_0_ThirdPersonExampleMap 0.046
[2017.09.07-00.08.21:107][521]LogBlueprintUserMessages: Late PlayInEditor Detection: Level '/Game/ThirdPersonBP/Maps/ThirdPersonExampleMap.ThirdPersonExampleMap:PersistentLevel' has LevelScriptBlueprint '/Game/ThirdPersonBP/Maps/ThirdPersonExampleMap.ThirdPersonExampleMap:PersistentLevel.ThirdPersonExampleMap' with GeneratedClass '/Game/ThirdPersonBP/Maps/ThirdPersonExampleMap.ThirdPersonExampleMap_C' with ClassGeneratedBy '/Game/ThirdPersonBP/Maps/ThirdPersonExampleMap.ThirdPersonExampleMap:PersistentLevel.ThirdPersonExampleMap'
[2017.09.07-00.08.25:446][744]LogScript:Warning: Accessed None trying to read property CallFunc_Array_Get_Item3
	ThirdPersonCharacter_C /Game/ThirdPersonBP/Maps/UEDPIE_0_ThirdPersonExampleMap.ThirdPersonExampleMap:PersistentLevel.ThirdPersonCharacter_167
	Function /Game/ThirdPersonBP/Blueprints/ThirdPersonCharacter.ThirdPersonCharacter_C:GenericWidget:017F
[2017.09.07-00.08.25:447][744]PIE:Error: Error Blueprint Runtime Error: Accessed None trying to read property CallFunc_Array_Get_Item3 from function: 'GenericWidget' from node: Add to Viewport in graph: GenericWidget in object: ThirdPersonCharacter with description: Accessed None trying to read property CallFunc_Array_Get_Item3
[2017.09.07-00.08.25:447][744]LogScript:Warning: Accessed None trying to read property CallFunc_Array_Get_Item3
	ThirdPersonCharacter_C /Game/ThirdPersonBP/Maps/UEDPIE_0_ThirdPersonExampleMap.ThirdPersonExampleMap:PersistentLevel.ThirdPersonCharacter_167
	Function /Game/ThirdPersonBP/Blueprints/ThirdPersonCharacter.ThirdPersonCharacter_C:GenericWidget:01E1
[2017.09.07-00.08.25:447][744]PIE:Error: Error Blueprint Runtime Error: Accessed None trying to read property CallFunc_Array_Get_Item3 from function: 'GenericWidget' from node: Set Visibility in graph: GenericWidget in object: ThirdPersonCharacter with description: Accessed None trying to read property CallFunc_Array_Get_Item3
[2017.09.07-00.08.25:733][760]LogScript:Warning: Accessed None trying to read property CallFunc_Array_Get_Item3
	ThirdPersonCharacter_C /Game/ThirdPersonBP/Maps/UEDPIE_0_ThirdPersonExampleMap.ThirdPersonExampleMap:PersistentLevel.ThirdPersonCharacter_167
	Function /Game/ThirdPersonBP/Blueprints/ThirdPersonCharacter.ThirdPersonCharacter_C:GenericWidget:017F
[2017.09.07-00.08.25:734][760]PIE:Error: Error Blueprint Runtime Error: Accessed None trying to read property CallFunc_Array_Get_Item3 from function: 'GenericWidget' from node: Add to Viewport in graph: GenericWidget in object: ThirdPersonCharacter with description: Accessed None trying to read property CallFunc_Array_Get_Item3
[2017.09.07-00.08.25:734][760]LogScript:Warning: Accessed None trying to read property CallFunc_Array_Get_Item3
	ThirdPersonCharacter_C /Game/ThirdPersonBP/Maps/UEDPIE_0_ThirdPersonExampleMap.ThirdPersonExampleMap:PersistentLevel.ThirdPersonCharacter_167
	Function /Game/ThirdPersonBP/Blueprints/ThirdPersonCharacter.ThirdPersonCharacter_C:GenericWidget:01E1
[2017.09.07-00.08.25:734][760]PIE:Error: Error Blueprint Runtime Error: Accessed None trying to read property CallFunc_Array_Get_Item3 from function: 'GenericWidget' from node: Set Visibility in graph: GenericWidget in object: ThirdPersonCharacter with description: Accessed None trying to read property CallFunc_Array_Get_Item3
[2017.09.07-00.08.26:018][776]LogScript:Warning: Accessed None trying to read property CallFunc_Array_Get_Item3
	ThirdPersonCharacter_C /Game/ThirdPersonBP/Maps/UEDPIE_0_ThirdPersonExampleMap.ThirdPersonExampleMap:PersistentLevel.ThirdPersonCharacter_167
	Function /Game/ThirdPersonBP/Blueprints/ThirdPersonCharacter.ThirdPersonCharacter_C:GenericWidget:017F
[2017.09.07-00.08.26:019][776]PIE:Error: Error Blueprint Runtime Error: Accessed None trying to read property CallFunc_Array_Get_Item3 from function: 'GenericWidget' from node: Add to Viewport in graph: GenericWidget in object: ThirdPersonCharacter with description: Accessed None trying to read property CallFunc_Array_Get_Item3
[2017.09.07-00.08.26:019][776]LogScript:Warning: Accessed None trying to read property CallFunc_Array_Get_Item3
	ThirdPersonCharacter_C /Game/ThirdPersonBP/Maps/UEDPIE_0_ThirdPersonExampleMap.ThirdPersonExampleMap:PersistentLevel.ThirdPersonCharacter_167
	Function /Game/ThirdPersonBP/Blueprints/ThirdPersonCharacter.ThirdPersonCharacter_C:GenericWidget:01E1
[2017.09.07-00.08.26:019][776]PIE:Error: Error Blueprint Runtime Error: Accessed None trying to read property CallFunc_Array_Get_Item3 from function: 'GenericWidget' from node: Set Visibility in graph: GenericWidget in object: ThirdPersonCharacter with description: Accessed None trying to read property CallFunc_Array_Get_Item3
[2017.09.07-00.08.26:109][781]LogScript:Warning: Accessed None trying to read property CallFunc_Array_Get_Item3
	ThirdPersonCharacter_C /Game/ThirdPersonBP/Maps/UEDPIE_0_ThirdPersonExampleMap.ThirdPersonExampleMap:PersistentLevel.ThirdPersonCharacter_167
	Function /Game/ThirdPersonBP/Blueprints/ThirdPersonCharacter.ThirdPersonCharacter_C:GenericWidget:017F
[2017.09.07-00.08.26:109][781]PIE:Error: Error Blueprint Runtime Error: Accessed None trying to read property CallFunc_Array_Get_Item3 from function: 'GenericWidget' from node: Add to Viewport in graph: GenericWidget in object: ThirdPersonCharacter with description: Accessed None trying to read property CallFunc_Array_Get_Item3
[2017.09.07-00.08.26:110][781]LogScript:Warning: Accessed None trying to read property CallFunc_Array_Get_Item3
	ThirdPersonCharacter_C /Game/ThirdPersonBP/Maps/UEDPIE_0_ThirdPersonExampleMap.ThirdPersonExampleMap:PersistentLevel.ThirdPersonCharacter_167
	Function /Game/ThirdPersonBP/Blueprints/ThirdPersonCharacter.ThirdPersonCharacter_C:GenericWidget:01E1
[2017.09.07-00.08.26:110][781]PIE:Error: Error Blueprint Runtime Error: Accessed None trying to read property CallFunc_Array_Get_Item3 from function: 'GenericWidget' from node: Set Visibility in graph: GenericWidget in object: ThirdPersonCharacter with description: Accessed None trying to read property CallFunc_Array_Get_Item3
[2017.09.07-00.08.26:234][788]LogScript:Warning: Accessed None trying to read property CallFunc_Array_Get_Item3
	ThirdPersonCharacter_C /Game/ThirdPersonBP/Maps/UEDPIE_0_ThirdPersonExampleMap.ThirdPersonExampleMap:PersistentLevel.ThirdPersonCharacter_167
	Function /Game/ThirdPersonBP/Blueprints/ThirdPersonCharacter.ThirdPersonCharacter_C:GenericWidget:017F
[2017.09.07-00.08.26:235][788]PIE:Error: Error Blueprint Runtime Error: Accessed None trying to read property CallFunc_Array_Get_Item3 from function: 'GenericWidget' from node: Add to Viewport in graph: GenericWidget in object: ThirdPersonCharacter with description: Accessed None trying to read property CallFunc_Array_Get_Item3
[2017.09.07-00.08.26:235][788]LogScript:Warning: Accessed None trying to read property CallFunc_Array_Get_Item3
	ThirdPersonCharacter_C /Game/ThirdPersonBP/Maps/UEDPIE_0_ThirdPersonExampleMap.ThirdPersonExampleMap:PersistentLevel.ThirdPersonCharacter_167
	Function /Game/ThirdPersonBP/Blueprints/ThirdPersonCharacter.ThirdPersonCharacter_C:GenericWidget:01E1
[2017.09.07-00.08.26:235][788]PIE:Error: Error Blueprint Runtime Error: Accessed None trying to read property CallFunc_Array_Get_Item3 from function: 'GenericWidget' from node: Set Visibility in graph: GenericWidget in object: ThirdPersonCharacter with description: Accessed None trying to read property CallFunc_Array_Get_Item3
[2017.09.07-00.08.26:325][793]LogScript:Warning: Accessed None trying to read property CallFunc_Array_Get_Item3
	ThirdPersonCharacter_C /Game/ThirdPersonBP/Maps/UEDPIE_0_ThirdPersonExampleMap.ThirdPersonExampleMap:PersistentLevel.ThirdPersonCharacter_167
	Function /Game/ThirdPersonBP/Blueprints/ThirdPersonCharacter.ThirdPersonCharacter_C:GenericWidget:017F
[2017.09.07-00.08.26:326][793]PIE:Error: Error Blueprint Runtime Error: Accessed None trying to read property CallFunc_Array_Get_Item3 from function: 'GenericWidget' from node: Add to Viewport in graph: GenericWidget in object: ThirdPersonCharacter with description: Accessed None trying to read property CallFunc_Array_Get_Item3
[2017.09.07-00.08.26:326][793]LogScript:Warning: Accessed None trying to read property CallFunc_Array_Get_Item3
	ThirdPersonCharacter_C /Game/ThirdPersonBP/Maps/UEDPIE_0_ThirdPersonExampleMap.ThirdPersonExampleMap:PersistentLevel.ThirdPersonCharacter_167
	Function /Game/ThirdPersonBP/Blueprints/ThirdPersonCharacter.ThirdPersonCharacter_C:GenericWidget:01E1
[2017.09.07-00.08.26:326][793]PIE:Error: Error Blueprint Runtime Error: Accessed None trying to read property CallFunc_Array_Get_Item3 from function: 'GenericWidget' from node: Set Visibility in graph: GenericWidget in object: ThirdPersonCharacter with description: Accessed None trying to read property CallFunc_Array_Get_Item3
[2017.09.07-00.08.26:432][799]LogScript:Warning: Accessed None trying to read property CallFunc_Array_Get_Item3
	ThirdPersonCharacter_C /Game/ThirdPersonBP/Maps/UEDPIE_0_ThirdPersonExampleMap.ThirdPersonExampleMap:PersistentLevel.ThirdPersonCharacter_167
	Function /Game/ThirdPersonBP/Blueprints/ThirdPersonCharacter.ThirdPersonCharacter_C:GenericWidget:017F
[2017.09.07-00.08.26:432][799]PIE:Error: Error Blueprint Runtime Error: Accessed None trying to read property CallFunc_Array_Get_Item3 from function: 'GenericWidget' from node: Add to Viewport in graph: GenericWidget in object: ThirdPersonCharacter with description: Accessed None trying to read property CallFunc_Array_Get_Item3
[2017.09.07-00.08.26:433][799]LogScript:Warning: Accessed None trying to read property CallFunc_Array_Get_Item3
	ThirdPersonCharacter_C /Game/ThirdPersonBP/Maps/UEDPIE_0_ThirdPersonExampleMap.ThirdPersonExampleMap:PersistentLevel.ThirdPersonCharacter_167
	Function /Game/ThirdPersonBP/Blueprints/ThirdPersonCharacter.ThirdPersonCharacter_C:GenericWidget:01E1
[2017.09.07-00.08.26:433][799]PIE:Error: Error Blueprint Runtime Error: Accessed None trying to read property CallFunc_Array_Get_Item3 from function: 'GenericWidget' from node: Set Visibility in graph: GenericWidget in object: ThirdPersonCharacter with description: Accessed None trying to read property CallFunc_Array_Get_Item3
[2017.09.07-00.08.26:520][804]LogScript:Warning: Accessed None trying to read property CallFunc_Array_Get_Item3
	ThirdPersonCharacter_C /Game/ThirdPersonBP/Maps/UEDPIE_0_ThirdPersonExampleMap.ThirdPersonExampleMap:PersistentLevel.ThirdPersonCharacter_167
	Function /Game/ThirdPersonBP/Blueprints/ThirdPersonCharacter.ThirdPersonCharacter_C:GenericWidget:017F
[2017.09.07-00.08.26:521][804]PIE:Error: Error Blueprint Runtime Error: Accessed None trying to read property CallFunc_Array_Get_Item3 from function: 'GenericWidget' from node: Add to Viewport in graph: GenericWidget in object: ThirdPersonCharacter with description: Accessed None trying to read property CallFunc_Array_Get_Item3
[2017.09.07-00.08.26:521][804]LogScript:Warning: Accessed None trying to read property CallFunc_Array_Get_Item3
	ThirdPersonCharacter_C /Game/ThirdPersonBP/Maps/UEDPIE_0_ThirdPersonExampleMap.ThirdPersonExampleMap:PersistentLevel.ThirdPersonCharacter_167
	Function /Game/ThirdPersonBP/Blueprints/ThirdPersonCharacter.ThirdPersonCharacter_C:GenericWidget:01E1
[2017.09.07-00.08.26:521][804]PIE:Error: Error Blueprint Runtime Error: Accessed None trying to read property CallFunc_Array_Get_Item3 from function: 'GenericWidget' from node: Set Visibility in graph: GenericWidget in object: ThirdPersonCharacter with description: Accessed None trying to read property CallFunc_Array_Get_Item3
[2017.09.07-00.08.26:646][811]LogScript:Warning: Accessed None trying to read property CallFunc_Array_Get_Item3
	ThirdPersonCharacter_C /Game/ThirdPersonBP/Maps/UEDPIE_0_ThirdPersonExampleMap.ThirdPersonExampleMap:PersistentLevel.ThirdPersonCharacter_167
	Function /Game/ThirdPersonBP/Blueprints/ThirdPersonCharacter.ThirdPersonCharacter_C:GenericWidget:017F
[2017.09.07-00.08.26:646][811]PIE:Error: Error Blueprint Runtime Error: Accessed None trying to read property CallFunc_Array_Get_Item3 from function: 'GenericWidget' from node: Add to Viewport in graph: GenericWidget in object: ThirdPersonCharacter with description: Accessed None trying to read property CallFunc_Array_Get_Item3
[2017.09.07-00.08.26:647][811]PIE:Error: Error Blueprint Runtime Error: Accessed None trying to read property CallFunc_Array_Get_Item3 from function: 'GenericWidget' from node: Set Visibility in graph: GenericWidget in object: ThirdPersonCharacter with description: Accessed None trying to read property CallFunc_Array_Get_Item3
[2017.09.07-00.08.26:701][814]PIE:Error: Error Blueprint Runtime Error: Accessed None trying to read property CallFunc_Array_Get_Item3 from function: 'GenericWidget' from node: Add to Viewport in graph: GenericWidget in object: ThirdPersonCharacter with description: Accessed None trying to read property CallFunc_Array_Get_Item3
[2017.09.07-00.08.26:701][814]PIE:Error: Error Blueprint Runtime Error: Accessed None trying to read property CallFunc_Array_Get_Item3 from function: 'GenericWidget' from node: Set Visibility in graph: GenericWidget in object: ThirdPersonCharacter with description: Accessed None trying to read property CallFunc_Array_Get_Item3
[2017.09.07-00.08.26:826][821]PIE:Error: Error Blueprint Runtime Error: Accessed None trying to read property CallFunc_Array_Get_Item3 from function: 'GenericWidget' from node: Add to Viewport in graph: GenericWidget in object: ThirdPersonCharacter with description: Accessed None trying to read property CallFunc_Array_Get_Item3
[2017.09.07-00.08.26:826][821]PIE:Error: Error Blueprint Runtime Error: Accessed None trying to read property CallFunc_Array_Get_Item3 from function: 'GenericWidget' from node: Set Visibility in graph: GenericWidget in object: ThirdPersonCharacter with description: Accessed None trying to read property CallFunc_Array_Get_Item3
[2017.09.07-00.08.26:879][824]PIE:Error: Error Blueprint Runtime Error: Accessed None trying to read property CallFunc_Array_Get_Item3 from function: 'GenericWidget' from node: Add to Viewport in graph: GenericWidget in object: ThirdPersonCharacter with description: Accessed None trying to read property CallFunc_Array_Get_Item3
[2017.09.07-00.08.26:880][824]PIE:Error: Error Blueprint Runtime Error: Accessed None trying to read property CallFunc_Array_Get_Item3 from function: 'GenericWidget' from node: Set Visibility in graph: GenericWidget in object: ThirdPersonCharacter with description: Accessed None trying to read property CallFunc_Array_Get_Item3
[2017.09.07-00.08.27:156][839]LogBlueprintUserMessages: Early EndPlayMap Detection: Level '/Game/ThirdPersonBP/Maps/ThirdPersonExampleMap.ThirdPersonExampleMap:PersistentLevel' has LevelScriptBlueprint '/Game/ThirdPersonBP/Maps/ThirdPersonExampleMap.ThirdPersonExampleMap:PersistentLevel.ThirdPersonExampleMap' with GeneratedClass '/Game/ThirdPersonBP/Maps/ThirdPersonExampleMap.ThirdPersonExampleMap_C' with ClassGeneratedBy '/Game/ThirdPersonBP/Maps/ThirdPersonExampleMap.ThirdPersonExampleMap:PersistentLevel.ThirdPersonExampleMap'
[2017.09.07-00.08.27:213][839]LogBlueprintUserMessages: Late EndPlayMap Detection: Level '/Game/ThirdPersonBP/Maps/ThirdPersonExampleMap.ThirdPersonExampleMap:PersistentLevel' has LevelScriptBlueprint '/Game/ThirdPersonBP/Maps/ThirdPersonExampleMap.ThirdPersonExampleMap:PersistentLevel.ThirdPersonExampleMap' with GeneratedClass '/Game/ThirdPersonBP/Maps/ThirdPersonExampleMap.ThirdPersonExampleMap_C' with ClassGeneratedBy '/Game/ThirdPersonBP/Maps/ThirdPersonExampleMap.ThirdPersonExampleMap:PersistentLevel.ThirdPersonExampleMap'
[2017.09.07-00.08.41:738][498]LogContentBrowser: Native class hierarchy updated for 'BlueprintGraph' in 0.0036 seconds. Added 111 classes and 0 folders.
[2017.09.07-00.09.05:070][519]LogBlueprint:Warning: Unknown type of hyperlinked object
[2017.09.07-00.09.05:071][519]LogBlueprint:Warning: Unknown type of hyperlinked object
[2017.09.07-00.09.20:065][313]LogText:Warning: Failed to parse argument "GameModeName" as a number (using "0" as a fallback). Please check your format string for errors: "GameMode: Edit {GameModeName}".
[2017.09.07-00.09.28:610][525]LogStats: FPlatformStackWalk::StackWalkAndDump -  2.747 s
[2017.09.07-00.09.28:610][525]LogOutputDevice:Warning: === Handled error: ===

Ensure condition failed: TabBeingDraggedPtr.IsValid() [File:D:\Build\++UE4+Release-4.12+Compile\Sync\Engine\Source\Runtime\Slate\Private\Framework\Docking\SDockingTabWell.cpp] [Line: 374]

Stack: 
UE4Editor-Core.dll!FWindowsPlatformStackWalk::StackWalkAndDump() [d:\build\++ue4+release-4.12+compile\sync\engine\source\runtime\core\private\windows\windowsplatformstackwalk.cpp:183]
UE4Editor-Core.dll!FDebug::EnsureFailed() [d:\build\++ue4+release-4.12+compile\sync\engine\source\runtime\core\private\misc\outputdevice.cpp:327]
UE4Editor-Core.dll!FDebug::OptionallyLogFormattedEnsureMessageReturningFalse() [d:\build\++ue4+release-4.12+compile\sync\engine\source\runtime\core\private\misc\outputdevice.cpp:451]
UE4Editor-Slate.dll!SDockingTabWell::OnDrop() [d:\build\++ue4+release-4.12+compile\sync\engine\source\runtime\slate\private\framework\docking\sdockingtabwell.cpp:374]
UE4Editor-Slate.dll!<lambda_d21373bc5354aa11b893894bcf47e418>::operator()() [d:\build\++ue4+release-4.12+compile\sync\engine\source\runtime\slate\private\framework\application\slateapplication.cpp:4630]
UE4Editor-Slate.dll!FEventRouter::Route<FReply,FEventRouter::FBubblePolicy,FPointerEvent,<lambda_d21373bc5354aa11b893894bcf47e418> >() [d:\build\++ue4+release-4.12+compile\sync\engine\source\runtime\slate\private\framework\application\slateapplication.cpp:215]
UE4Editor-Slate.dll!FSlateApplication::RoutePointerUpEvent() [d:\build\++ue4+release-4.12+compile\sync\engine\source\runtime\slate\private\framework\application\slateapplication.cpp:4621]
UE4Editor-Slate.dll!FSlateApplication::ProcessMouseButtonUpEvent() [d:\build\++ue4+release-4.12+compile\sync\engine\source\runtime\slate\private\framework\application\slateapplication.cpp:5041]
UE4Editor-Slate.dll!FSlateApplication::OnMouseUp() [d:\build\++ue4+release-4.12+compile\sync\engine\source\runtime\slate\private\framework\application\slateapplication.cpp:5021]
UE4Editor-Core.dll!FWindowsApplication::ProcessDeferredMessage() [d:\build\++ue4+release-4.12+compile\sync\engine\source\runtime\core\private\windows\windowsapplication.cpp:1510]
UE4Editor-Core.dll!FWindowsApplication::DeferMessage() [d:\build\++ue4+release-4.12+compile\sync\engine\source\runtime\core\private\windows\windowsapplication.cpp:1850]
UE4Editor-Core.dll!FWindowsApplication::ProcessMessage() [d:\build\++ue4+release-4.12+compile\sync\engine\source\runtime\core\private\windows\windowsapplication.cpp:745]
UE4Editor-Core.dll!FWindowsApplication::AppWndProc() [d:\build\++ue4+release-4.12+compile\sync\engine\source\runtime\core\private\windows\windowsapplication.cpp:667]
USER32.dll
USER32.dll
UE4Editor-Core.dll!FWindowsPlatformMisc::PumpMessages() [d:\build\++ue4+release-4.12+compile\sync\engine\source\runtime\core\private\windows\windowsplatformmisc.cpp:903]
UE4Editor.exe!FEngineLoop::Tick() [d:\build\++ue4+release-4.12+compile\sync\engine\source\runtime\launch\private\launchengineloop.cpp:2729]
UE4Editor.exe!GuardedMain() [d:\build\++ue4+release-4.12+compile\sync\engine\source\runtime\launch\private\launch.cpp:148]
UE4Editor.exe!GuardedMainWrapper() [d:\build\++ue4+release-4.12+compile\sync\engine\source\runtime\launch\private\windows\launchwindows.cpp:126]
UE4Editor.exe!WinMain() [d:\build\++ue4+release-4.12+compile\sync\engine\source\runtime\launch\private\windows\launchwindows.cpp:200]
UE4Editor.exe!__scrt_common_main_seh() [f:\dd\vctools\crt\vcstartup\src\startup\exe_common.inl:264]
KERNEL32.DLL
ntdll.dll
ntdll.dll

[2017.09.07-00.09.28:611][525]LogStats:                SubmitErrorReport -  0.000 s
[2017.09.07-00.09.30:154][525]LogStats:                    SendNewReport -  1.543 s
[2017.09.07-00.09.30:154][525]LogStats:             FDebug::EnsureFailed -  4.292 s
[2017.09.07-00.09.30:407][526]LogRenderer: Reallocating scene render targets to support 784x464 (Frame:2677).
[2017.09.07-00.09.48:525][418]BlueprintLog: New page: Compile ThirdPersonCharacter
[2017.09.07-00.09.49:399][418]BlueprintEditorCompileResults: Info [0165.61] Compile of ThirdPersonCharacter successful! [in 873 ms] (/Game/ThirdPersonBP/Blueprints/ThirdPersonCharacter.ThirdPersonCharacter)
[2017.09.07-00.09.50:735][478]LogBlueprintUserMessages: Early PlayInEditor Detection: Level '/Game/ThirdPersonBP/Maps/ThirdPersonExampleMap.ThirdPersonExampleMap:PersistentLevel' has LevelScriptBlueprint '/Game/ThirdPersonBP/Maps/ThirdPersonExampleMap.ThirdPersonExampleMap:PersistentLevel.ThirdPersonExampleMap' with GeneratedClass '/Game/ThirdPersonBP/Maps/ThirdPersonExampleMap.ThirdPersonExampleMap_C' with ClassGeneratedBy '/Game/ThirdPersonBP/Maps/ThirdPersonExampleMap.ThirdPersonExampleMap:PersistentLevel.ThirdPersonExampleMap'
[2017.09.07-00.09.50:735][478]LogPlayLevel: PlayLevel: No blueprints needed recompiling
[2017.09.07-00.09.50:736][478]PIE: New page: PIE session: ThirdPersonExampleMap (Sep 6, 2017, 1:09:50 PM)
[2017.09.07-00.09.50:736][478]LogPlayLevel: Creating play world package: /Game/ThirdPersonBP/Maps/UEDPIE_0_ThirdPersonExampleMap
[2017.09.07-00.09.50:817][478]LogPlayLevel: PIE: StaticDuplicateObject took: (0.080796s)
[2017.09.07-00.09.50:820][478]LogAIModule: Creating AISystem for world ThirdPersonExampleMap
[2017.09.07-00.09.50:820][478]LogPlayLevel: PIE: World Init took: (0.003454s)
[2017.09.07-00.09.50:821][478]LogPlayLevel: PIE: Created PIE world by copying editor world from /Game/ThirdPersonBP/Maps/ThirdPersonExampleMap.ThirdPersonExampleMap to /Game/ThirdPersonBP/Maps/UEDPIE_0_ThirdPersonExampleMap.ThirdPersonExampleMap (0.085154s)
[2017.09.07-00.09.50:908][478]LogInit: XAudio2 using 'Altavoces (Realtek High Definition Audio)' : 2 channels at 48 kHz using 32 bits per sample (channel mask 0x3)
[2017.09.07-00.09.50:942][478]LogInit: FAudioDevice initialized.
[2017.09.07-00.09.51:081][478]LogWorld: Game class is 'ThirdPersonGameMode_C'
[2017.09.07-00.09.51:095][478]LogWorld: Bringing World /Game/ThirdPersonBP/Maps/UEDPIE_0_ThirdPersonExampleMap.ThirdPersonExampleMap up for play (max tick rate 60) at 2017.09.06-19.09.51
[2017.09.07-00.09.51:097][478]LogWorld: Bringing up level for play took: 0.012148
[2017.09.07-00.09.51:111][478]PIE: Info Play in editor start time for /Game/ThirdPersonBP/Maps/UEDPIE_0_ThirdPersonExampleMap 0.051
[2017.09.07-00.09.51:112][478]LogBlueprintUserMessages: Late PlayInEditor Detection: Level '/Game/ThirdPersonBP/Maps/ThirdPersonExampleMap.ThirdPersonExampleMap:PersistentLevel' has LevelScriptBlueprint '/Game/ThirdPersonBP/Maps/ThirdPersonExampleMap.ThirdPersonExampleMap:PersistentLevel.ThirdPersonExampleMap' with GeneratedClass '/Game/ThirdPersonBP/Maps/ThirdPersonExampleMap.ThirdPersonExampleMap_C' with ClassGeneratedBy '/Game/ThirdPersonBP/Maps/ThirdPersonExampleMap.ThirdPersonExampleMap:PersistentLevel.ThirdPersonExampleMap'
[2017.09.07-00.09.56:773][763]PIE:Error: Error Blueprint Runtime Error: Accessed None trying to read property CallFunc_Array_Get_Item2 from function: 'GenericWidget' from node: Set Visibility in graph: GenericWidget in object: ThirdPersonCharacter with description: Accessed None trying to read property CallFunc_Array_Get_Item2
[2017.09.07-00.09.57:394][796]PIE:Error: Error Blueprint Runtime Error: Accessed None trying to read property CallFunc_Array_Get_Item2 from function: 'GenericWidget' from node: Set Visibility in graph: GenericWidget in object: ThirdPersonCharacter with description: Accessed None trying to read property CallFunc_Array_Get_Item2
[2017.09.07-00.09.57:649][809]PIE:Error: Error Blueprint Runtime Error: Accessed None trying to read property CallFunc_Array_Get_Item2 from function: 'GenericWidget' from node: Set Visibility in graph: GenericWidget in object: ThirdPersonCharacter with description: Accessed None trying to read property CallFunc_Array_Get_Item2
[2017.09.07-00.09.57:727][813]PIE:Error: Error Blueprint Runtime Error: Accessed None trying to read property CallFunc_Array_Get_Item2 from function: 'GenericWidget' from node: Set Visibility in graph: GenericWidget in object: ThirdPersonCharacter with description: Accessed None trying to read property CallFunc_Array_Get_Item2
[2017.09.07-00.09.57:840][819]PIE:Error: Error Blueprint Runtime Error: Accessed None trying to read property CallFunc_Array_Get_Item2 from function: 'GenericWidget' from node: Set Visibility in graph: GenericWidget in object: ThirdPersonCharacter with description: Accessed None trying to read property CallFunc_Array_Get_Item2
[2017.09.07-00.09.57:940][824]PIE:Error: Error Blueprint Runtime Error: Accessed None trying to read property CallFunc_Array_Get_Item2 from function: 'GenericWidget' from node: Set Visibility in graph: GenericWidget in object: ThirdPersonCharacter with description: Accessed None trying to read property CallFunc_Array_Get_Item2
[2017.09.07-00.09.58:040][829]PIE:Error: Error Blueprint Runtime Error: Accessed None trying to read property CallFunc_Array_Get_Item2 from function: 'GenericWidget' from node: Set Visibility in graph: GenericWidget in object: ThirdPersonCharacter with description: Accessed None trying to read property CallFunc_Array_Get_Item2
[2017.09.07-00.09.58:120][833]PIE:Error: Error Blueprint Runtime Error: Accessed None trying to read property CallFunc_Array_Get_Item2 from function: 'GenericWidget' from node: Set Visibility in graph: GenericWidget in object: ThirdPersonCharacter with description: Accessed None trying to read property CallFunc_Array_Get_Item2
[2017.09.07-00.09.58:216][838]PIE:Error: Error Blueprint Runtime Error: Accessed None trying to read property CallFunc_Array_Get_Item2 from function: 'GenericWidget' from node: Set Visibility in graph: GenericWidget in object: ThirdPersonCharacter with description: Accessed None trying to read property CallFunc_Array_Get_Item2
[2017.09.07-00.09.58:309][843]PIE:Error: Error Blueprint Runtime Error: Accessed None trying to read property CallFunc_Array_Get_Item2 from function: 'GenericWidget' from node: Set Visibility in graph: GenericWidget in object: ThirdPersonCharacter with description: Accessed None trying to read property CallFunc_Array_Get_Item2
[2017.09.07-00.09.58:406][848]PIE:Error: Error Blueprint Runtime Error: Accessed None trying to read property CallFunc_Array_Get_Item2 from function: 'GenericWidget' from node: Set Visibility in graph: GenericWidget in object: ThirdPersonCharacter with description: Accessed None trying to read property CallFunc_Array_Get_Item2
[2017.09.07-00.09.58:488][852]PIE:Error: Error Blueprint Runtime Error: Accessed None trying to read property CallFunc_Array_Get_Item2 from function: 'GenericWidget' from node: Set Visibility in graph: GenericWidget in object: ThirdPersonCharacter with description: Accessed None trying to read property CallFunc_Array_Get_Item2
[2017.09.07-00.09.58:601][858]PIE:Error: Error Blueprint Runtime Error: Accessed None trying to read property CallFunc_Array_Get_Item2 from function: 'GenericWidget' from node: Set Visibility in graph: GenericWidget in object: ThirdPersonCharacter with description: Accessed None trying to read property CallFunc_Array_Get_Item2
[2017.09.07-00.09.58:676][862]PIE:Error: Error Blueprint Runtime Error: Accessed None trying to read property CallFunc_Array_Get_Item2 from function: 'GenericWidget' from node: Set Visibility in graph: GenericWidget in object: ThirdPersonCharacter with description: Accessed None trying to read property CallFunc_Array_Get_Item2
[2017.09.07-00.09.58:787][868]PIE:Error: Error Blueprint Runtime Error: Accessed None trying to read property CallFunc_Array_Get_Item2 from function: 'GenericWidget' from node: Set Visibility in graph: GenericWidget in object: ThirdPersonCharacter with description: Accessed None trying to read property CallFunc_Array_Get_Item2
[2017.09.07-00.09.58:883][873]PIE:Error: Error Blueprint Runtime Error: Accessed None trying to read property CallFunc_Array_Get_Item2 from function: 'GenericWidget' from node: Set Visibility in graph: GenericWidget in object: ThirdPersonCharacter with description: Accessed None trying to read property CallFunc_Array_Get_Item2
[2017.09.07-00.09.58:960][877]PIE:Error: Error Blueprint Runtime Error: Accessed None trying to read property CallFunc_Array_Get_Item2 from function: 'GenericWidget' from node: Set Visibility in graph: GenericWidget in object: ThirdPersonCharacter with description: Accessed None trying to read property CallFunc_Array_Get_Item2
[2017.09.07-00.09.59:054][882]PIE:Error: Error Blueprint Runtime Error: Accessed None trying to read property CallFunc_Array_Get_Item2 from function: 'GenericWidget' from node: Set Visibility in graph: GenericWidget in object: ThirdPersonCharacter with description: Accessed None trying to read property CallFunc_Array_Get_Item2
[2017.09.07-00.10.02:171][ 47]LogBlueprintUserMessages: Early EndPlayMap Detection: Level '/Game/ThirdPersonBP/Maps/ThirdPersonExampleMap.ThirdPersonExampleMap:PersistentLevel' has LevelScriptBlueprint '/Game/ThirdPersonBP/Maps/ThirdPersonExampleMap.ThirdPersonExampleMap:PersistentLevel.ThirdPersonExampleMap' with GeneratedClass '/Game/ThirdPersonBP/Maps/ThirdPersonExampleMap.ThirdPersonExampleMap_C' with ClassGeneratedBy '/Game/ThirdPersonBP/Maps/ThirdPersonExampleMap.ThirdPersonExampleMap:PersistentLevel.ThirdPersonExampleMap'
[2017.09.07-00.10.02:283][ 47]LogBlueprintUserMessages: Late EndPlayMap Detection: Level '/Game/ThirdPersonBP/Maps/ThirdPersonExampleMap.ThirdPersonExampleMap:PersistentLevel' has LevelScriptBlueprint '/Game/ThirdPersonBP/Maps/ThirdPersonExampleMap.ThirdPersonExampleMap:PersistentLevel.ThirdPersonExampleMap' with GeneratedClass '/Game/ThirdPersonBP/Maps/ThirdPersonExampleMap.ThirdPersonExampleMap_C' with ClassGeneratedBy '/Game/ThirdPersonBP/Maps/ThirdPersonExampleMap.ThirdPersonExampleMap:PersistentLevel.ThirdPersonExampleMap'
[2017.09.07-00.10.05:928][238]LogBlueprint:Warning: Unknown type of hyperlinked object
[2017.09.07-00.10.05:928][238]LogBlueprint:Warning: Unknown type of hyperlinked object
[2017.09.07-00.10.38:557][886]BlueprintLog: New page: Compile ThirdPersonCharacter
[2017.09.07-00.10.40:234][886]BlueprintEditorCompileResults: Info [0216.45] Compile of ThirdPersonCharacter successful! [in 1,676 ms] (/Game/ThirdPersonBP/Blueprints/ThirdPersonCharacter.ThirdPersonCharacter)
[2017.09.07-00.10.42:088][977]LogBlueprintUserMessages: Early PlayInEditor Detection: Level '/Game/ThirdPersonBP/Maps/ThirdPersonExampleMap.ThirdPersonExampleMap:PersistentLevel' has LevelScriptBlueprint '/Game/ThirdPersonBP/Maps/ThirdPersonExampleMap.ThirdPersonExampleMap:PersistentLevel.ThirdPersonExampleMap' with GeneratedClass '/Game/ThirdPersonBP/Maps/ThirdPersonExampleMap.ThirdPersonExampleMap_C' with ClassGeneratedBy '/Game/ThirdPersonBP/Maps/ThirdPersonExampleMap.ThirdPersonExampleMap:PersistentLevel.ThirdPersonExampleMap'
[2017.09.07-00.10.42:088][977]LogPlayLevel: PlayLevel: No blueprints needed recompiling
[2017.09.07-00.10.42:088][977]PIE: New page: PIE session: ThirdPersonExampleMap (Sep 6, 2017, 1:10:42 PM)
[2017.09.07-00.10.42:088][977]LogPlayLevel: Creating play world package: /Game/ThirdPersonBP/Maps/UEDPIE_0_ThirdPersonExampleMap
[2017.09.07-00.10.42:170][977]LogPlayLevel: PIE: StaticDuplicateObject took: (0.081828s)
[2017.09.07-00.10.42:174][977]LogAIModule: Creating AISystem for world ThirdPersonExampleMap
[2017.09.07-00.10.42:174][977]LogPlayLevel: PIE: World Init took: (0.003613s)
[2017.09.07-00.10.42:175][977]LogPlayLevel: PIE: Created PIE world by copying editor world from /Game/ThirdPersonBP/Maps/ThirdPersonExampleMap.ThirdPersonExampleMap to /Game/ThirdPersonBP/Maps/UEDPIE_0_ThirdPersonExampleMap.ThirdPersonExampleMap (0.086411s)
[2017.09.07-00.10.42:257][977]LogInit: XAudio2 using 'Altavoces (Realtek High Definition Audio)' : 2 channels at 48 kHz using 32 bits per sample (channel mask 0x3)
[2017.09.07-00.10.42:290][977]LogInit: FAudioDevice initialized.
[2017.09.07-00.10.42:426][977]LogWorld: Game class is 'ThirdPersonGameMode_C'
[2017.09.07-00.10.42:440][977]LogWorld: Bringing World /Game/ThirdPersonBP/Maps/UEDPIE_0_ThirdPersonExampleMap.ThirdPersonExampleMap up for play (max tick rate 60) at 2017.09.06-19.10.42
[2017.09.07-00.10.42:442][977]LogWorld: Bringing up level for play took: 0.011825
[2017.09.07-00.10.42:457][977]PIE: Info Play in editor start time for /Game/ThirdPersonBP/Maps/UEDPIE_0_ThirdPersonExampleMap -0.604
[2017.09.07-00.10.42:457][977]LogBlueprintUserMessages: Late PlayInEditor Detection: Level '/Game/ThirdPersonBP/Maps/ThirdPersonExampleMap.ThirdPersonExampleMap:PersistentLevel' has LevelScriptBlueprint '/Game/ThirdPersonBP/Maps/ThirdPersonExampleMap.ThirdPersonExampleMap:PersistentLevel.ThirdPersonExampleMap' with GeneratedClass '/Game/ThirdPersonBP/Maps/ThirdPersonExampleMap.ThirdPersonExampleMap_C' with ClassGeneratedBy '/Game/ThirdPersonBP/Maps/ThirdPersonExampleMap.ThirdPersonExampleMap:PersistentLevel.ThirdPersonExampleMap'
[2017.09.07-00.10.43:427][ 19]LogBlueprintUserMessages: Early EndPlayMap Detection: Level '/Game/ThirdPersonBP/Maps/ThirdPersonExampleMap.ThirdPersonExampleMap:PersistentLevel' has LevelScriptBlueprint '/Game/ThirdPersonBP/Maps/ThirdPersonExampleMap.ThirdPersonExampleMap:PersistentLevel.ThirdPersonExampleMap' with GeneratedClass '/Game/ThirdPersonBP/Maps/ThirdPersonExampleMap.ThirdPersonExampleMap_C' with ClassGeneratedBy '/Game/ThirdPersonBP/Maps/ThirdPersonExampleMap.ThirdPersonExampleMap:PersistentLevel.ThirdPersonExampleMap'
[2017.09.07-00.10.43:554][ 19]LogBlueprintUserMessages: Late EndPlayMap Detection: Level '/Game/ThirdPersonBP/Maps/ThirdPersonExampleMap.ThirdPersonExampleMap:PersistentLevel' has LevelScriptBlueprint '/Game/ThirdPersonBP/Maps/ThirdPersonExampleMap.ThirdPersonExampleMap:PersistentLevel.ThirdPersonExampleMap' with GeneratedClass '/Game/ThirdPersonBP/Maps/ThirdPersonExampleMap.ThirdPersonExampleMap_C' with ClassGeneratedBy '/Game/ThirdPersonBP/Maps/ThirdPersonExampleMap.ThirdPersonExampleMap:PersistentLevel.ThirdPersonExampleMap'
[2017.09.07-00.10.45:032][ 87]LogBlueprintUserMessages: Early PlayInEditor Detection: Level '/Game/ThirdPersonBP/Maps/ThirdPersonExampleMap.ThirdPersonExampleMap:PersistentLevel' has LevelScriptBlueprint '/Game/ThirdPersonBP/Maps/ThirdPersonExampleMap.ThirdPersonExampleMap:PersistentLevel.ThirdPersonExampleMap' with GeneratedClass '/Game/ThirdPersonBP/Maps/ThirdPersonExampleMap.ThirdPersonExampleMap_C' with ClassGeneratedBy '/Game/ThirdPersonBP/Maps/ThirdPersonExampleMap.ThirdPersonExampleMap:PersistentLevel.ThirdPersonExampleMap'
[2017.09.07-00.10.45:032][ 87]LogPlayLevel: PlayLevel: No blueprints needed recompiling
[2017.09.07-00.10.45:033][ 87]PIE: New page: PIE session: ThirdPersonExampleMap (Sep 6, 2017, 1:10:45 PM)
[2017.09.07-00.10.45:033][ 87]LogPlayLevel: Creating play world package: /Game/ThirdPersonBP/Maps/UEDPIE_0_ThirdPersonExampleMap
[2017.09.07-00.10.45:114][ 87]LogPlayLevel: PIE: StaticDuplicateObject took: (0.080653s)
[2017.09.07-00.10.45:117][ 87]LogAIModule: Creating AISystem for world ThirdPersonExampleMap
[2017.09.07-00.10.45:118][ 87]LogPlayLevel: PIE: World Init took: (0.003568s)
[2017.09.07-00.10.45:118][ 87]LogPlayLevel: PIE: Created PIE world by copying editor world from /Game/ThirdPersonBP/Maps/ThirdPersonExampleMap.ThirdPersonExampleMap to /Game/ThirdPersonBP/Maps/UEDPIE_0_ThirdPersonExampleMap.ThirdPersonExampleMap (0.085404s)
[2017.09.07-00.10.45:197][ 87]LogInit: XAudio2 using 'Altavoces (Realtek High Definition Audio)' : 2 channels at 48 kHz using 32 bits per sample (channel mask 0x3)
[2017.09.07-00.10.45:225][ 87]LogInit: FAudioDevice initialized.
[2017.09.07-00.10.45:366][ 87]LogWorld: Game class is 'ThirdPersonGameMode_C'
[2017.09.07-00.10.45:380][ 87]LogWorld: Bringing World /Game/ThirdPersonBP/Maps/UEDPIE_0_ThirdPersonExampleMap.ThirdPersonExampleMap up for play (max tick rate 60) at 2017.09.06-19.10.45
[2017.09.07-00.10.45:382][ 87]LogWorld: Bringing up level for play took: 0.011614
[2017.09.07-00.10.45:396][ 87]PIE: Info Play in editor start time for /Game/ThirdPersonBP/Maps/UEDPIE_0_ThirdPersonExampleMap 0.335
[2017.09.07-00.10.45:397][ 87]LogBlueprintUserMessages: Late PlayInEditor Detection: Level '/Game/ThirdPersonBP/Maps/ThirdPersonExampleMap.ThirdPersonExampleMap:PersistentLevel' has LevelScriptBlueprint '/Game/ThirdPersonBP/Maps/ThirdPersonExampleMap.ThirdPersonExampleMap:PersistentLevel.ThirdPersonExampleMap' with GeneratedClass '/Game/ThirdPersonBP/Maps/ThirdPersonExampleMap.ThirdPersonExampleMap_C' with ClassGeneratedBy '/Game/ThirdPersonBP/Maps/ThirdPersonExampleMap.ThirdPersonExampleMap:PersistentLevel.ThirdPersonExampleMap'
[2017.09.07-00.10.46:395][132]PIE:Error: Error Blueprint Runtime Error: Accessed None trying to read property CallFunc_Array_Get_Item2 from function: 'GenericWidget' from node: Set Visibility in graph: GenericWidget in object: ThirdPersonCharacter with description: Accessed None trying to read property CallFunc_Array_Get_Item2
[2017.09.07-00.10.46:490][137]PIE:Error: Error Blueprint Runtime Error: Accessed None trying to read property CallFunc_Array_Get_Item2 from function: 'GenericWidget' from node: Set Visibility in graph: GenericWidget in object: ThirdPersonCharacter with description: Accessed None trying to read property CallFunc_Array_Get_Item2
[2017.09.07-00.10.47:003][164]LogBlueprintUserMessages: Early EndPlayMap Detection: Level '/Game/ThirdPersonBP/Maps/ThirdPersonExampleMap.ThirdPersonExampleMap:PersistentLevel' has LevelScriptBlueprint '/Game/ThirdPersonBP/Maps/ThirdPersonExampleMap.ThirdPersonExampleMap:PersistentLevel.ThirdPersonExampleMap' with GeneratedClass '/Game/ThirdPersonBP/Maps/ThirdPersonExampleMap.ThirdPersonExampleMap_C' with ClassGeneratedBy '/Game/ThirdPersonBP/Maps/ThirdPersonExampleMap.ThirdPersonExampleMap:PersistentLevel.ThirdPersonExampleMap'
[2017.09.07-00.10.47:067][164]LogBlueprintUserMessages: Late EndPlayMap Detection: Level '/Game/ThirdPersonBP/Maps/ThirdPersonExampleMap.ThirdPersonExampleMap:PersistentLevel' has LevelScriptBlueprint '/Game/ThirdPersonBP/Maps/ThirdPersonExampleMap.ThirdPersonExampleMap:PersistentLevel.ThirdPersonExampleMap' with GeneratedClass '/Game/ThirdPersonBP/Maps/ThirdPersonExampleMap.ThirdPersonExampleMap_C' with ClassGeneratedBy '/Game/ThirdPersonBP/Maps/ThirdPersonExampleMap.ThirdPersonExampleMap:PersistentLevel.ThirdPersonExampleMap'
[2017.09.07-00.10.51:818][425]LogBlueprint:Warning: Unknown type of hyperlinked object
[2017.09.07-00.10.51:818][425]LogBlueprint:Warning: Unknown type of hyperlinked object
[2017.09.07-00.11.10:918][432]BlueprintLog: New page: Compile ThirdPersonCharacter
[2017.09.07-00.11.12:492][432]BlueprintEditorCompileResults: Info [0248.70] Compile of ThirdPersonCharacter successful! [in 1,572 ms] (/Game/ThirdPersonBP/Blueprints/ThirdPersonCharacter.ThirdPersonCharacter)
[2017.09.07-00.11.19:924][770]LogBlueprintUserMessages: Early PlayInEditor Detection: Level '/Game/ThirdPersonBP/Maps/ThirdPersonExampleMap.ThirdPersonExampleMap:PersistentLevel' has LevelScriptBlueprint '/Game/ThirdPersonBP/Maps/ThirdPersonExampleMap.ThirdPersonExampleMap:PersistentLevel.ThirdPersonExampleMap' with GeneratedClass '/Game/ThirdPersonBP/Maps/ThirdPersonExampleMap.ThirdPersonExampleMap_C' with ClassGeneratedBy '/Game/ThirdPersonBP/Maps/ThirdPersonExampleMap.ThirdPersonExampleMap:PersistentLevel.ThirdPersonExampleMap'
[2017.09.07-00.11.19:924][770]LogPlayLevel: PlayLevel: No blueprints needed recompiling
[2017.09.07-00.11.19:924][770]PIE: New page: PIE session: ThirdPersonExampleMap (Sep 6, 2017, 1:11:19 PM)
[2017.09.07-00.11.19:925][770]LogPlayLevel: Creating play world package: /Game/ThirdPersonBP/Maps/UEDPIE_0_ThirdPersonExampleMap
[2017.09.07-00.11.20:006][770]LogPlayLevel: PIE: StaticDuplicateObject took: (0.081501s)
[2017.09.07-00.11.20:010][770]LogAIModule: Creating AISystem for world ThirdPersonExampleMap
[2017.09.07-00.11.20:010][770]LogPlayLevel: PIE: World Init took: (0.003544s)
[2017.09.07-00.11.20:010][770]LogPlayLevel: PIE: Created PIE world by copying editor world from /Game/ThirdPersonBP/Maps/ThirdPersonExampleMap.ThirdPersonExampleMap to /Game/ThirdPersonBP/Maps/UEDPIE_0_ThirdPersonExampleMap.ThirdPersonExampleMap (0.085691s)
[2017.09.07-00.11.20:093][770]LogInit: XAudio2 using 'Altavoces (Realtek High Definition Audio)' : 2 channels at 48 kHz using 32 bits per sample (channel mask 0x3)
[2017.09.07-00.11.20:126][770]LogInit: FAudioDevice initialized.
[2017.09.07-00.11.20:258][770]LogWorld: Game class is 'ThirdPersonGameMode_C'
[2017.09.07-00.11.20:272][770]LogWorld: Bringing World /Game/ThirdPersonBP/Maps/UEDPIE_0_ThirdPersonExampleMap.ThirdPersonExampleMap up for play (max tick rate 60) at 2017.09.06-19.11.20
[2017.09.07-00.11.20:274][770]LogWorld: Bringing up level for play took: 0.012024
[2017.09.07-00.11.20:289][770]PIE: Info Play in editor start time for /Game/ThirdPersonBP/Maps/UEDPIE_0_ThirdPersonExampleMap 1.228
[2017.09.07-00.11.20:289][770]LogBlueprintUserMessages: Late PlayInEditor Detection: Level '/Game/ThirdPersonBP/Maps/ThirdPersonExampleMap.ThirdPersonExampleMap:PersistentLevel' has LevelScriptBlueprint '/Game/ThirdPersonBP/Maps/ThirdPersonExampleMap.ThirdPersonExampleMap:PersistentLevel.ThirdPersonExampleMap' with GeneratedClass '/Game/ThirdPersonBP/Maps/ThirdPersonExampleMap.ThirdPersonExampleMap_C' with ClassGeneratedBy '/Game/ThirdPersonBP/Maps/ThirdPersonExampleMap.ThirdPersonExampleMap:PersistentLevel.ThirdPersonExampleMap'
[2017.09.07-00.11.21:445][822]PIE:Error: Error Blueprint Runtime Error: Accessed None trying to read property CallFunc_Array_Get_Item2 from function: 'GenericWidget' from node: Set Visibility in graph: GenericWidget in object: ThirdPersonCharacter with description: Accessed None trying to read property CallFunc_Array_Get_Item2
[2017.09.07-00.11.21:540][827]PIE:Error: Error Blueprint Runtime Error: Accessed None trying to read property CallFunc_Array_Get_Item2 from function: 'GenericWidget' from node: Set Visibility in graph: GenericWidget in object: ThirdPersonCharacter with description: Accessed None trying to read property CallFunc_Array_Get_Item2
[2017.09.07-00.11.21:820][842]PIE:Error: Error Blueprint Runtime Error: Accessed None trying to read property CallFunc_Array_Get_Item2 from function: 'GenericWidget' from node: Set Visibility in graph: GenericWidget in object: ThirdPersonCharacter with description: Accessed None trying to read property CallFunc_Array_Get_Item2
[2017.09.07-00.11.21:950][849]PIE:Error: Error Blueprint Runtime Error: Accessed None trying to read property CallFunc_Array_Get_Item2 from function: 'GenericWidget' from node: Set Visibility in graph: GenericWidget in object: ThirdPersonCharacter with description: Accessed None trying to read property CallFunc_Array_Get_Item2
[2017.09.07-00.11.22:044][854]PIE:Error: Error Blueprint Runtime Error: Accessed None trying to read property CallFunc_Array_Get_Item2 from function: 'GenericWidget' from node: Set Visibility in graph: GenericWidget in object: ThirdPersonCharacter with description: Accessed None trying to read property CallFunc_Array_Get_Item2
[2017.09.07-00.11.22:139][859]PIE:Error: Error Blueprint Runtime Error: Accessed None trying to read property CallFunc_Array_Get_Item2 from function: 'GenericWidget' from node: Set Visibility in graph: GenericWidget in object: ThirdPersonCharacter with description: Accessed None trying to read property CallFunc_Array_Get_Item2
[2017.09.07-00.11.22:195][862]PIE:Error: Error Blueprint Runtime Error: Accessed None trying to read property CallFunc_Array_Get_Item2 from function: 'GenericWidget' from node: Set Visibility in graph: GenericWidget in object: ThirdPersonCharacter with description: Accessed None trying to read property CallFunc_Array_Get_Item2
[2017.09.07-00.11.22:271][866]PIE:Error: Error Blueprint Runtime Error: Accessed None trying to read property CallFunc_Array_Get_Item2 from function: 'GenericWidget' from node: Set Visibility in graph: GenericWidget in object: ThirdPersonCharacter with description: Accessed None trying to read property CallFunc_Array_Get_Item2
[2017.09.07-00.11.22:516][879]LogBlueprintUserMessages: Early EndPlayMap Detection: Level '/Game/ThirdPersonBP/Maps/ThirdPersonExampleMap.ThirdPersonExampleMap:PersistentLevel' has LevelScriptBlueprint '/Game/ThirdPersonBP/Maps/ThirdPersonExampleMap.ThirdPersonExampleMap:PersistentLevel.ThirdPersonExampleMap' with GeneratedClass '/Game/ThirdPersonBP/Maps/ThirdPersonExampleMap.ThirdPersonExampleMap_C' with ClassGeneratedBy '/Game/ThirdPersonBP/Maps/ThirdPersonExampleMap.ThirdPersonExampleMap:PersistentLevel.ThirdPersonExampleMap'
[2017.09.07-00.11.22:624][879]LogBlueprintUserMessages: Late EndPlayMap Detection: Level '/Game/ThirdPersonBP/Maps/ThirdPersonExampleMap.ThirdPersonExampleMap:PersistentLevel' has LevelScriptBlueprint '/Game/ThirdPersonBP/Maps/ThirdPersonExampleMap.ThirdPersonExampleMap:PersistentLevel.ThirdPersonExampleMap' with GeneratedClass '/Game/ThirdPersonBP/Maps/ThirdPersonExampleMap.ThirdPersonExampleMap_C' with ClassGeneratedBy '/Game/ThirdPersonBP/Maps/ThirdPersonExampleMap.ThirdPersonExampleMap:PersistentLevel.ThirdPersonExampleMap'
[2017.09.07-00.11.57:154][701]Cmd: OBJ SAVEPACKAGE PACKAGE="/Game/ThirdPersonBP/Blueprints/ThirdPersonCharacter" FILE="H:/A.DATA/UNREAL-17/LTG1/Content/ThirdPersonBP/Blueprints/ThirdPersonCharacter.uasset" SILENT=true
[2017.09.07-00.11.59:234][701]LogSavePackage: Save=979.91ms
[2017.09.07-00.11.59:234][701]LogSavePackage: Moving 'H:/A.DATA/UNREAL-17/LTG1/Saved/ThirdPersonCharacterE47E667B4492D456C1BFF8BF83FD4138.tmp' to 'H:/A.DATA/UNREAL-17/LTG1/Content/ThirdPersonBP/Blueprints/ThirdPersonCharacter.uasset'
[2017.09.07-00.11.59:251][701]LogSavePackage:Display: Finished SavePackage H:/A.DATA/UNREAL-17/LTG1/Content/ThirdPersonBP/Blueprints/ThirdPersonCharacter.uasset
[2017.09.07-00.12.02:654][701]LogSavePackage: Save=2273.79ms
[2017.09.07-00.12.02:654][701]LogSavePackage: Moving 'H:/A.DATA/UNREAL-17/LTG1/Saved/ThirdPersonExampleMapFFE13A574E03A1678084B6877B7DF52A.tmp' to 'H:/A.DATA/UNREAL-17/LTG1/Content/ThirdPersonBP/Maps/ThirdPersonExampleMap.umap'
[2017.09.07-00.12.02:673][701]LogSavePackage:Display: Finished SavePackage H:/A.DATA/UNREAL-17/LTG1/Content/ThirdPersonBP/Maps/ThirdPersonExampleMap.umap
[2017.09.07-00.12.02:753][701]LogFileHelpers: Saving map 'ThirdPersonExampleMap' took 3.476
[2017.09.07-00.12.03:131][701]LogWindowsTextInputMethodSystem:Display: IME system now deactivated.
[2017.09.07-00.12.03:471][702]Cmd: QUIT_EDITOR
[2017.09.07-00.12.03:678][702]LogExit: Preparing to exit.
[2017.09.07-00.12.04:272][702]LogExit: Editor shut down
[2017.09.07-00.12.04:275][702]LogExit: Transaction tracking system shut down
[2017.09.07-00.12.05:072][702]LogObj: Freed 0b from 0 cluster array pools.
[2017.09.07-00.12.05:073][702]LogExit: Object subsystem successfully closed.
[2017.09.07-00.12.05:101][702]LogD3D11RHI: Shutdown
[2017.09.07-00.12.05:101][702]LogD3D11RHI: CleanupD3DDevice
[2017.09.07-00.12.05:214][702]LogD3D11RHI: ~FD3D11DynamicRHI
[2017.09.07-00.12.05:359][702]LogModuleManager: Shutting down and abandoning module SequencerWidgets (216)
[2017.09.07-00.12.05:359][702]LogModuleManager: Shutting down and abandoning module BlueprintGraph (215)
[2017.09.07-00.12.05:360][702]LogModuleManager: Shutting down and abandoning module MovieSceneCapture (214)
[2017.09.07-00.12.05:360][702]LogModuleManager: Shutting down and abandoning module HierarchicalLODOutliner (213)
[2017.09.07-00.12.05:360][702]LogModuleManager: Shutting down and abandoning module CrashTracker (212)
[2017.09.07-00.12.05:360][702]LogModuleManager: Shutting down and abandoning module SceneOutliner (211)
[2017.09.07-00.12.05:361][702]LogModuleManager: Shutting down and abandoning module WidgetCarousel (210)
[2017.09.07-00.12.05:361][702]LogModuleManager: Shutting down and abandoning module AddContentDialog (209)
[2017.09.07-00.12.05:366][702]LogModuleManager: Shutting down and abandoning module GameplayTags (208)
[2017.09.07-00.12.05:366][702]LogModuleManager: Shutting down and abandoning module EditorWidgets (207)
[2017.09.07-00.12.05:366][702]LogModuleManager: Shutting down and abandoning module CollectionManager (206)
[2017.09.07-00.12.05:368][702]LogModuleManager: Shutting down and abandoning module StatsViewer (205)
[2017.09.07-00.12.05:369][702]LogModuleManager: Shutting down and abandoning module FoliageEdit (204)
[2017.09.07-00.12.05:369][702]LogModuleManager: Shutting down and abandoning module LandscapeEditor (203)
[2017.09.07-00.12.05:370][702]LogModuleManager: Shutting down and abandoning module SceneDepthPickerMode (202)
[2017.09.07-00.12.05:370][702]LogModuleManager: Shutting down and abandoning module ActorPickerMode (201)
[2017.09.07-00.12.05:370][702]LogModuleManager: Shutting down and abandoning module GeometryMode (200)
[2017.09.07-00.12.05:370][702]LogModuleManager: Shutting down and abandoning module TextureAlignMode (199)
[2017.09.07-00.12.05:370][702]LogModuleManager: Shutting down and abandoning module BspMode (198)
[2017.09.07-00.12.05:370][702]LogModuleManager: Shutting down and abandoning module HardwareSurvey (197)
[2017.09.07-00.12.05:371][702]LogModuleManager: Shutting down and abandoning module SequenceRecorderSections (196)
[2017.09.07-00.12.05:371][702]LogModuleManager: Shutting down and abandoning module SequenceRecorder (195)
[2017.09.07-00.12.05:371][702]LogModuleManager: Shutting down and abandoning module AutomationWorker (194)
[2017.09.07-00.12.05:371][702]LogModuleManager: Shutting down and abandoning module MatineeToLevelSequence (193)
[2017.09.07-00.12.05:371][702]LogModuleManager: Shutting down and abandoning module PlacementMode (192)
[2017.09.07-00.12.05:372][702]LogModuleManager: Shutting down and abandoning module LevelSequenceEditor (191)
[2017.09.07-00.12.05:373][702]LogModuleManager: Shutting down and abandoning module CharacterAI (190)
[2017.09.07-00.12.05:373][702]LogModuleManager: Shutting down and abandoning module SmartSnapping (189)
[2017.09.07-00.12.05:373][702]LogModuleManager: Shutting down and abandoning module SessionServices (188)
[2017.09.07-00.12.05:373][702]LogModuleManager: Shutting down and abandoning module ViewportSnapping (187)
[2017.09.07-00.12.05:373][702]LogModuleManager: Shutting down and abandoning module LogVisualizer (186)
[2017.09.07-00.12.05:374][702]LogModuleManager: Shutting down and abandoning module GameProjectGeneration (185)
[2017.09.07-00.12.05:376][702]LogModuleManager: Shutting down and abandoning module IntroTutorials (184)
[2017.09.07-00.12.05:376][702]LogModuleManager: Shutting down and abandoning module EditorLiveStreaming (183)
[2017.09.07-00.12.05:376][702]LogModuleManager: Shutting down and abandoning module IOSPlatformEditor (182)
[2017.09.07-00.12.05:376][702]LogModuleManager: Shutting down and abandoning module HTML5PlatformEditor (181)
[2017.09.07-00.12.05:376][702]LogModuleManager: Shutting down and abandoning module AndroidDeviceDetection (180)
[2017.09.07-00.12.05:957][702]LogModuleManager: Shutting down and abandoning module AndroidPlatformEditor (179)
[2017.09.07-00.12.05:957][702]LogModuleManager: Shutting down and abandoning module IOSRuntimeSettings (178)
[2017.09.07-00.12.05:957][702]LogModuleManager: Shutting down and abandoning module AndroidRuntimeSettings (177)
[2017.09.07-00.12.05:957][702]LogModuleManager: Shutting down and abandoning module MergeActors (176)
[2017.09.07-00.12.05:958][702]LogModuleManager: Shutting down and abandoning module SizeMap (175)
[2017.09.07-00.12.05:958][702]LogModuleManager: Shutting down and abandoning module TreeMap (174)
[2017.09.07-00.12.05:958][702]LogModuleManager: Shutting down and abandoning module ReferenceViewer (173)
[2017.09.07-00.12.05:959][702]LogModuleManager: Shutting down and abandoning module LocalizationService (172)
[2017.09.07-00.12.05:959][702]LogModuleManager: Shutting down and abandoning module LocalizationDashboard (171)
[2017.09.07-00.12.05:959][702]LogModuleManager: Shutting down and abandoning module HardwareTargeting (170)
[2017.09.07-00.12.05:960][702]LogModuleManager: Shutting down and abandoning module DeviceProfileEditor (169)
[2017.09.07-00.12.05:960][702]LogModuleManager: Shutting down and abandoning module UndoHistory (168)
[2017.09.07-00.12.05:961][702]LogModuleManager: Shutting down and abandoning module UserFeedback (167)
[2017.09.07-00.12.05:961][702]LogModuleManager: Shutting down and abandoning module XmlParser (166)
[2017.09.07-00.12.05:961][702]LogModuleManager: Shutting down and abandoning module Blutility (165)
[2017.09.07-00.12.05:961][702]LogModuleManager: Shutting down and abandoning module ProjectTargetPlatformEditor (164)
[2017.09.07-00.12.05:961][702]LogModuleManager: Shutting down and abandoning module ProjectSettingsViewer (163)
[2017.09.07-00.12.05:962][702]LogModuleManager: Shutting down and abandoning module InputBindingEditor (162)
[2017.09.07-00.12.05:963][702]LogModuleManager: Shutting down and abandoning module EditorSettingsViewer (161)
[2017.09.07-00.12.05:963][702]LogModuleManager: Shutting down and abandoning module SettingsEditor (160)
[2017.09.07-00.12.05:964][702]LogModuleManager: Shutting down and abandoning module ProjectLauncher (159)
[2017.09.07-00.12.05:965][702]LogModuleManager: Shutting down and abandoning module SessionFrontend (158)
[2017.09.07-00.12.05:966][702]LogModuleManager: Shutting down and abandoning module ProfilerClient (157)
[2017.09.07-00.12.05:967][702]LogModuleManager: Shutting down and abandoning module TargetDeviceServices (156)
[2017.09.07-00.12.05:968][702]LogModuleManager: Shutting down and abandoning module DeviceManager (155)
[2017.09.07-00.12.06:034][702]LogModuleManager: Shutting down and abandoning module AutomationController (154)
[2017.09.07-00.12.06:035][702]LogModuleManager: Shutting down and abandoning module AutomationWindow (153)
[2017.09.07-00.12.06:037][702]LogModuleManager: Shutting down and abandoning module Layers (152)
[2017.09.07-00.12.06:039][702]LogModuleManager: Shutting down and abandoning module ComponentVisualizers (151)
[2017.09.07-00.12.06:039][702]LogModuleManager: Shutting down and abandoning module DetailCustomizations (150)
[2017.09.07-00.12.06:040][702]LogModuleManager: Shutting down and abandoning module PackagesDialog (149)
[2017.09.07-00.12.06:040][702]LogModuleManager: Shutting down and abandoning module Persona (148)
[2017.09.07-00.12.06:042][702]LogModuleManager: Shutting down and abandoning module Kismet (147)
[2017.09.07-00.12.06:043][702]LogModuleManager: Shutting down and abandoning module GraphEditor (146)
[2017.09.07-00.12.06:043][702]LogModuleManager: Shutting down and abandoning module ClassViewer (145)
[2017.09.07-00.12.06:047][702]LogModuleManager: Shutting down and abandoning module Toolbox (144)
[2017.09.07-00.12.06:048][702]LogModuleManager: Shutting down and abandoning module ModuleUI (143)
[2017.09.07-00.12.06:049][702]LogModuleManager: Shutting down and abandoning module MovieSceneTools (142)
[2017.09.07-00.12.06:050][702]LogModuleManager: Shutting down and abandoning module OutputLog (141)
[2017.09.07-00.12.06:050][702]LogModuleManager: Shutting down and abandoning module GammaUI (140)
[2017.09.07-00.12.06:051][702]LogModuleManager: Shutting down and abandoning module Documentation (139)
[2017.09.07-00.12.06:051][702]LogModuleManager: Shutting down and abandoning module StreamingPauseRendering (138)
[2017.09.07-00.12.06:051][702]LogModuleManager: Shutting down and abandoning module AnalyticsET (137)
[2017.09.07-00.12.06:051][702]LogModuleManager: Shutting down and abandoning module Analytics (136)
[2017.09.07-00.12.06:051][702]LogModuleManager: Shutting down and abandoning module PortalServices (135)
[2017.09.07-00.12.06:051][702]LogModuleManager: Shutting down and abandoning module PortalRpc (134)
[2017.09.07-00.12.06:051][702]LogModuleManager: Shutting down and abandoning module MessagingRpc (133)
[2017.09.07-00.12.06:051][702]LogModuleManager: Shutting down and abandoning module GameplayDebugger (132)
[2017.09.07-00.12.06:051][702]LogModuleManager: Shutting down and abandoning module AITestSuite (131)
[2017.09.07-00.12.06:051][702]LogModuleManager: Shutting down and abandoning module AIModule (130)
[2017.09.07-00.12.06:051][702]LogModuleManager: Shutting down and abandoning module ProfilerService (129)
[2017.09.07-00.12.06:066][702]LogModuleManager: Shutting down and abandoning module TaskGraph (128)
[2017.09.07-00.12.06:066][702]LogModuleManager: Shutting down and abandoning module SlateRemote (127)
[2017.09.07-00.12.06:067][702]LogModuleManager: Shutting down and abandoning module SteamVRController (126)
[2017.09.07-00.12.06:067][702]LogModuleManager: Shutting down and abandoning module SteamVR (125)
[2017.09.07-00.12.06:067][702]LogModuleManager: Shutting down and abandoning module ProceduralMeshComponent (124)
[2017.09.07-00.12.06:067][702]LogModuleManager: Shutting down and abandoning module OculusLibrary (123)
[2017.09.07-00.12.06:067][702]LogModuleManager: Shutting down and abandoning module OculusInput (122)
[2017.09.07-00.12.06:067][702]LogModuleManager: Shutting down and abandoning module CustomMeshComponent (121)
[2017.09.07-00.12.06:067][702]LogModuleManager: Shutting down and abandoning module CableComponent (120)
[2017.09.07-00.12.06:067][702]LogModuleManager: Shutting down and abandoning module ArchVisCharacter (119)
[2017.09.07-00.12.06:067][702]LogModuleManager: Shutting down and abandoning module MediaPlayerEditor (118)
[2017.09.07-00.12.06:069][702]LogModuleManager: Shutting down and abandoning module HTML5Networking (117)
[2017.09.07-00.12.06:069][702]LogModuleManager: Shutting down and abandoning module SuperSearch (116)
[2017.09.07-00.12.06:069][702]LogModuleManager: Shutting down and abandoning module SuperSearchEditor (115)
[2017.09.07-00.12.06:069][702]LogModuleManager: Shutting down and abandoning module SpeedTreeImporter (114)
[2017.09.07-00.12.06:069][702]LogModuleManager: Shutting down and abandoning module PluginBrowser (113)
[2017.09.07-00.12.06:069][702]LogModuleManager: Shutting down and abandoning module EpicSurvey (112)
[2017.09.07-00.12.06:069][702]LogModuleManager: Shutting down and abandoning module DesktopPlatform (111)
[2017.09.07-00.12.06:070][702]LogModuleManager: Shutting down and abandoning module VisualStudioSourceCodeAccess (110)
[2017.09.07-00.12.06:070][702]LogModuleManager: Shutting down and abandoning module UObjectPlugin (109)
[2017.09.07-00.12.06:070][702]LogModuleManager: Shutting down and abandoning module SubversionSourceControl (108)
[2017.09.07-00.12.06:070][702]LogModuleManager: Shutting down and abandoning module PerforceSourceControl (107)
[2017.09.07-00.12.06:070][702]LogModuleManager: Shutting down and abandoning module SourceControl (106)
[2017.09.07-00.12.06:070][702]LogModuleManager: Shutting down and abandoning module GitSourceControl (105)
[2017.09.07-00.12.06:070][702]LogModuleManager: Shutting down and abandoning module LightPropagationVolumeEditor (104)
[2017.09.07-00.12.06:070][702]LogModuleManager: Shutting down and abandoning module PaperTiledImporter (103)
[2017.09.07-00.12.06:070][702]LogModuleManager: Shutting down and abandoning module PaperSpriteSheetImporter (102)
[2017.09.07-00.12.06:071][702]LogModuleManager: Shutting down and abandoning module MeshPaint (101)
[2017.09.07-00.12.06:071][702]LogModuleManager: Shutting down and abandoning module PixelInspectorModule (100)
[2017.09.07-00.12.06:071][702]LogModuleManager: Shutting down and abandoning module HotReload (99)
[2017.09.07-00.12.06:073][702]LogModuleManager: Shutting down and abandoning module MainFrame (98)
[2017.09.07-00.12.06:073][702]LogModuleManager: Shutting down and abandoning module LevelEditor (97)
[2017.09.07-00.12.06:076][702]LogModuleManager: Shutting down and abandoning module ContentBrowser (96)
[2017.09.07-00.12.06:079][702]LogModuleManager: Shutting down and abandoning module Paper2DEditor (95)
[2017.09.07-00.12.06:080][702]LogModuleManager: Shutting down and abandoning module UdpMessaging (94)
[2017.09.07-00.12.06:181][702]LogModuleManager: Shutting down and abandoning module LightPropagationVolumeRuntime (93)
[2017.09.07-00.12.06:181][702]LogModuleManager: Shutting down and abandoning module Paper2D (92)
[2017.09.07-00.12.06:181][702]LogModuleManager: Shutting down and abandoning module WindowsMoviePlayer (91)
[2017.09.07-00.12.06:181][702]LogModuleManager: Shutting down and abandoning module Media (90)
[2017.09.07-00.12.06:181][702]LogModuleManager: Shutting down and abandoning module WmfMedia (89)
[2017.09.07-00.12.06:182][702]LogModuleManager: Shutting down and abandoning module MediaAssets (88)
[2017.09.07-00.12.06:182][702]LogModuleManager: Shutting down and abandoning module GameLiveStreaming (87)
[2017.09.07-00.12.06:183][702]LogModuleManager: Shutting down and abandoning module GameplayTagsEditor (86)
[2017.09.07-00.12.06:183][702]LogModuleManager: Shutting down and abandoning module OnlineBlueprintSupport (85)
[2017.09.07-00.12.06:183][702]LogModuleManager: Shutting down and abandoning module VREditor (84)
[2017.09.07-00.12.06:183][702]LogModuleManager: Shutting down and abandoning module GameplayTasksEditor (83)
[2017.09.07-00.12.06:183][702]LogModuleManager: Shutting down and abandoning module PropertyEditor (82)
[2017.09.07-00.12.06:184][702]LogModuleManager: Shutting down and abandoning module BehaviorTreeEditor (81)
[2017.09.07-00.12.06:185][702]LogModuleManager: Shutting down and abandoning module FunctionalTesting (80)
[2017.09.07-00.12.06:185][702]LogModuleManager: Shutting down and abandoning module CollisionAnalyzer (79)
[2017.09.07-00.12.06:186][702]LogModuleManager: Shutting down and abandoning module Sequencer (78)
[2017.09.07-00.12.06:186][702]LogModuleManager: Shutting down and abandoning module WorkspaceMenuStructure (77)
[2017.09.07-00.12.06:186][702]LogModuleManager: Shutting down and abandoning module MessageLog (76)
[2017.09.07-00.12.06:186][702]LogModuleManager: Shutting down and abandoning module AssetTools (75)
[2017.09.07-00.12.06:190][702]LogModuleManager: Shutting down and abandoning module UMGEditor (74)
[2017.09.07-00.12.06:190][702]LogModuleManager: Shutting down and abandoning module UMG (73)
[2017.09.07-00.12.06:190][702]LogModuleManager: Shutting down and abandoning module SlateReflector (72)
[2017.09.07-00.12.06:191][702]LogModuleManager: Shutting down and abandoning module Slate (71)
[2017.09.07-00.12.06:191][702]LogModuleManager: Shutting down and abandoning module EditorStyle (70)
[2017.09.07-00.12.06:203][702]LogModuleManager: Shutting down and abandoning module SourceCodeAccess (69)
[2017.09.07-00.12.06:203][702]LogModuleManager: Shutting down and abandoning module HeadMountedDisplay (68)
[2017.09.07-00.12.06:203][702]LogModuleManager: Shutting down and abandoning module XAudio2 (67)
[2017.09.07-00.12.06:203][702]LogModuleManager: Shutting down and abandoning module Networking (65)
[2017.09.07-00.12.06:203][702]LogModuleManager: Shutting down and abandoning module Core (64)
[2017.09.07-00.12.06:203][702]LogModuleManager: Shutting down and abandoning module DirectoryWatcher (63)
[2017.09.07-00.12.06:206][702]LogModuleManager: Shutting down and abandoning module AssetRegistry (62)
[2017.09.07-00.12.06:697][702]LogModuleManager: Shutting down and abandoning module KismetCompiler (61)
[2017.09.07-00.12.06:697][702]LogModuleManager: Shutting down and abandoning module PhysXFormats (60)
[2017.09.07-00.12.06:697][702]LogModuleManager: Shutting down and abandoning module MeshUtilities (59)
[2017.09.07-00.12.06:698][702]LogModuleManager: Shutting down and abandoning module DerivedDataCache (58)
[2017.09.07-00.12.06:786][702]LogDerivedDataCache: Shutdown
[2017.09.07-00.12.06:786][702]LogModuleManager: Shutting down and abandoning module VulkanShaderFormat (57)
[2017.09.07-00.12.06:786][702]LogModuleManager: Shutting down and abandoning module ShaderFormatOpenGL (56)
[2017.09.07-00.12.06:788][702]LogModuleManager: Shutting down and abandoning module ShaderFormatD3D (55)
[2017.09.07-00.12.06:788][702]LogModuleManager: Shutting down and abandoning module MetalShaderFormat (54)
[2017.09.07-00.12.06:789][702]LogModuleManager: Shutting down and abandoning module TextureFormatUncompressed (53)
[2017.09.07-00.12.06:789][702]LogModuleManager: Shutting down and abandoning module TextureFormatPVR (52)
[2017.09.07-00.12.06:789][702]LogModuleManager: Shutting down and abandoning module TextureFormatIntelISPCTexComp (51)
[2017.09.07-00.12.06:843][702]LogModuleManager: Shutting down and abandoning module TextureFormatDXT (50)
[2017.09.07-00.12.06:843][702]LogModuleManager: Shutting down and abandoning module ImageWrapper (49)
[2017.09.07-00.12.06:843][702]LogModuleManager: Shutting down and abandoning module TextureFormatASTC (48)
[2017.09.07-00.12.06:843][702]LogModuleManager: Shutting down and abandoning module TextureFormatAndroid (47)
[2017.09.07-00.12.06:843][702]LogModuleManager: Shutting down and abandoning module AudioFormatOpus (46)
[2017.09.07-00.12.06:843][702]LogModuleManager: Shutting down and abandoning module AudioFormatOgg (45)
[2017.09.07-00.12.06:843][702]LogModuleManager: Shutting down and abandoning module AudioFormatADPCM (44)
[2017.09.07-00.12.06:844][702]LogModuleManager: Shutting down and abandoning module LinuxTargetPlatform (43)
[2017.09.07-00.12.06:844][702]LogModuleManager: Shutting down and abandoning module LinuxServerTargetPlatform (42)
[2017.09.07-00.12.06:844][702]LogModuleManager: Shutting down and abandoning module LinuxNoEditorTargetPlatform (41)
[2017.09.07-00.12.06:844][702]LogModuleManager: Shutting down and abandoning module TVOSTargetPlatform (40)
[2017.09.07-00.12.06:844][702]LogModuleManager: Shutting down and abandoning module Messaging (39)
[2017.09.07-00.12.06:844][702]LogModuleManager: Shutting down and abandoning module IOSTargetPlatform (38)
[2017.09.07-00.12.06:844][702]LogModuleManager: Shutting down and abandoning module HTML5TargetPlatform (37)
[2017.09.07-00.12.06:844][702]LogModuleManager: Shutting down and abandoning module Android_PVRTCTargetPlatform (36)
[2017.09.07-00.12.06:844][702]LogModuleManager: Shutting down and abandoning module Android_MultiTargetPlatform (35)
[2017.09.07-00.12.06:844][702]LogModuleManager: Shutting down and abandoning module Android_ETC2TargetPlatform (34)
[2017.09.07-00.12.06:844][702]LogModuleManager: Shutting down and abandoning module Android_ETC1TargetPlatform (33)
[2017.09.07-00.12.06:844][702]LogModuleManager: Shutting down and abandoning module Android_DXTTargetPlatform (32)
[2017.09.07-00.12.06:844][702]LogModuleManager: Shutting down and abandoning module Android_ATCTargetPlatform (31)
[2017.09.07-00.12.06:844][702]LogModuleManager: Shutting down and abandoning module Android_ASTCTargetPlatform (30)
[2017.09.07-00.12.06:844][702]LogModuleManager: Shutting down and abandoning module AndroidTargetPlatform (29)
[2017.09.07-00.12.06:844][702]LogModuleManager: Shutting down and abandoning module WindowsTargetPlatform (28)
[2017.09.07-00.12.06:844][702]LogModuleManager: Shutting down and abandoning module WindowsServerTargetPlatform (27)
[2017.09.07-00.12.06:845][702]LogModuleManager: Shutting down and abandoning module WindowsNoEditorTargetPlatform (26)
[2017.09.07-00.12.06:845][702]LogModuleManager: Shutting down and abandoning module WindowsClientTargetPlatform (25)
[2017.09.07-00.12.06:845][702]LogModuleManager: Shutting down and abandoning module AllDesktopTargetPlatform (24)
[2017.09.07-00.12.06:845][702]LogModuleManager: Shutting down and abandoning module TargetPlatform (23)
[2017.09.07-00.12.06:845][702]LogModuleManager: Shutting down and abandoning module InputCore (22)
[2017.09.07-00.12.06:845][702]LogModuleManager: Shutting down and abandoning module Settings (21)
[2017.09.07-00.12.06:845][702]LogModuleManager: Shutting down and abandoning module OnlineSubsystem (19)
[2017.09.07-00.12.06:845][702]LogModuleManager: Shutting down and abandoning module HTTP (18)
[2017.09.07-00.12.10:359][702]LogModuleManager: Shutting down and abandoning module XMPP (17)
[2017.09.07-00.12.10:360][702]LogModuleManager: Shutting down and abandoning module OculusRift (16)
[2017.09.07-00.12.10:362][702]LogModuleManager: Shutting down and abandoning module ExampleDeviceProfileSelector (15)
[2017.09.07-00.12.10:362][702]LogModuleManager: Shutting down and abandoning module TextureCompressor (14)
[2017.09.07-00.12.10:364][702]LogModuleManager: Shutting down and abandoning module ShaderCore (13)
[2017.09.07-00.12.10:364][702]LogModuleManager: Shutting down and abandoning module Landscape (12)
[2017.09.07-00.12.10:364][702]LogModuleManager: Shutting down and abandoning module SlateRHIRenderer (11)
[2017.09.07-00.12.10:375][702]LogModuleManager: Shutting down and abandoning module OpenGLDrv (10)
[2017.09.07-00.12.10:376][702]LogModuleManager: Shutting down and abandoning module D3D11RHI (9)
[2017.09.07-00.12.10:376][702]LogModuleManager: Shutting down and abandoning module AnimGraphRuntime (8)
[2017.09.07-00.12.10:376][702]LogModuleManager: Shutting down and abandoning module Renderer (7)
[2017.09.07-00.12.10:376][702]LogModuleManager: Shutting down and abandoning module Engine (6)
[2017.09.07-00.12.10:376][702]LogModuleManager: Shutting down and abandoning module CoreUObject (5)
[2017.09.07-00.12.10:376][702]LogModuleManager: Shutting down and abandoning module NetworkFile (4)
[2017.09.07-00.12.10:377][702]LogModuleManager: Shutting down and abandoning module StreamingFile (3)
[2017.09.07-00.12.10:377][702]LogModuleManager: Shutting down and abandoning module SandboxFile (2)
[2017.09.07-00.12.10:377][702]LogModuleManager: Shutting down and abandoning module PakFile (1)
[2017.09.07-00.12.10:382][702]LogExit: Exiting.
[2017.09.07-00.12.10:387][702]Log file closed, 09/06/17 19:12:10
