Log file open, 09/06/17 20:05:54
LogInit:Display: Running engine for game: LTG1
LogPlatformFile: Not using cached read wrapper
LogInit:Display: RandInit(-1872665723) SRandInit(-1872665718).
LogTaskGraph: Started task graph with 4 named threads and 7 total threads with 1 sets of task threads.
LogStats: Stats thread started at 0.225422
LogInit: Version: 4.12.5-3039270+++UE4+Release-4.12
LogInit: API Version: 2992821
LogInit: Net Version: 3039270
LogDevObjectVersion: Number of dev versions registered: 13
LogDevObjectVersion:   Dev-Blueprints (B0D832E4-1F89-4F0D-ACCF-7EB736FD4AA2): 3
LogDevObjectVersion:   Dev-Build (E1C64328-A22C-4D53-A36C-8E866417BD8C): 0
LogDevObjectVersion:   Dev-Core (375EC13C-06E4-48FB-B500-84F0262A717E): 1
LogDevObjectVersion:   Dev-Editor (E4B068ED-F494-42E9-A231-DA0B2E46BB41): 2
LogDevObjectVersion:   Dev-Framework (CFFC743F-43B0-4480-9391-14DF171D2073): 6
LogDevObjectVersion:   Dev-Mobile (B02B49B5-BB20-44E9-A304-32B752E40360): 0
LogDevObjectVersion:   Dev-Networking (A4E4105C-59A1-49B5-A7C5-40C4547EDFEE): 0
LogDevObjectVersion:   Dev-Online (39C831C9-5AE6-47DC-9A44-9C173E1C8E7C): 0
LogDevObjectVersion:   Dev-Physics (78F01B33-EBEA-4F98-B9B4-84EACCB95AA2): 0
LogDevObjectVersion:   Dev-Platform (6631380F-2D4D-43E0-8009-CF276956A95A): 0
LogDevObjectVersion:   Dev-Rendering (12F88B9F-8875-4AFC-A67C-D90C383ABD29): 2
LogDevObjectVersion:   Dev-Sequencer (7B5AE74C-D270-4C10-A958-57980B212A5A): 0
LogDevObjectVersion:   Dev-VR (D7296918-1DD6-4BDD-9DE2-64A83CC13884): 0
LogInit: Compiled (64-bit): Jul  6 2016 09:09:46
LogInit: Compiled with Visual C++: 19.00.23026.00
LogInit: Build Configuration: Development
LogInit: Branch Name: ++UE4+Release-4.12
LogInit: Command line: 
LogInit: Base directory: C:/Program Files/Epic Games/UE_4.12/Engine/Binaries/Win64/
LogInit: Installed Engine Build: 1
LogInit: Using libcurl 7.41.0
LogInit:  - built for x86_64-pc-win32
LogInit:  - supports SSL with WinSSL
LogInit:  - other features:
LogInit:      CURL_VERSION_SSL
LogInit:      CURL_VERSION_IPV6
LogInit:      CURL_VERSION_ASYNCHDNS
LogInit:      CURL_VERSION_LARGEFILE
LogInit:      CURL_VERSION_IDN
LogInit:  CurlRequestOptions (configurable via config and command line):
LogInit:  - bVerifyPeer = true  - Libcurl will verify peer certificate
LogInit:  - bUseHttpProxy = false  - Libcurl will NOT use HTTP proxy
LogInit:  - bDontReuseConnections = false  - Libcurl will reuse connections
LogInit:  - CertBundlePath = nullptr  - Libcurl will use whatever was configured at build time.
LogInit: Presizing for max 8388607 objects, including 0 objects not considered by GC, pre-allocating 0 bytes for permanent pool.
LogInit: Object subsystem initialized
[2017.09.07-01.05.54:437][  0]LogInit: Selected Device Profile: [Windows]
[2017.09.07-01.05.54:437][  0]LogInit: Applying CVar settings loaded from the selected device profile: [Windows]
[2017.09.07-01.05.54:537][  0]LogInit: Computer: ACDEC
[2017.09.07-01.05.54:537][  0]LogInit: User: estebancarranza
[2017.09.07-01.05.54:537][  0]LogInit: CPU Page size=65536, Cores=4
[2017.09.07-01.05.54:537][  0]LogInit: High frequency timer resolution =1.852018 MHz
[2017.09.07-01.05.54:538][  0]LogMemory: Memory total: Physical=10.9GB (11GB approx)
[2017.09.07-01.05.54:538][  0]LogMemory: Platform Memory Stats for Windows
[2017.09.07-01.05.54:538][  0]LogMemory: Process Physical Memory: 188.16 MB used, 188.16 MB peak
[2017.09.07-01.05.54:538][  0]LogMemory: Process Virtual Memory: 194.84 MB used, 194.84 MB peak
[2017.09.07-01.05.54:538][  0]LogMemory: Physical Memory: 3368.18 MB used, 11210.26 MB total
[2017.09.07-01.05.54:538][  0]LogMemory: Virtual Memory: 531.33 MB used, 134217728.00 MB total
[2017.09.07-01.05.56:389][  0]LogD3D11RHI: D3D11 adapters:
[2017.09.07-01.05.56:436][  0]LogD3D11RHI:    0. 'AMD Radeon(TM) R6 Graphics' (Feature Level 11_0)
[2017.09.07-01.05.56:436][  0]LogD3D11RHI:       989/0/3840 MB DedicatedVideo/DedicatedSystem/SharedSystem, Outputs:1, VendorId:0x1002
[2017.09.07-01.05.56:441][  0]LogD3D11RHI:    1. 'Microsoft Basic Render Driver' (Feature Level 11_0)
[2017.09.07-01.05.56:442][  0]LogD3D11RHI:       0/0/256 MB DedicatedVideo/DedicatedSystem/SharedSystem, Outputs:0, VendorId:0x1414
[2017.09.07-01.05.56:442][  0]LogD3D11RHI: Chosen D3D11 Adapter: 0
[2017.09.07-01.05.56:458][  0]LogD3D11RHI: Creating new Direct3DDevice
[2017.09.07-01.05.56:458][  0]LogD3D11RHI:     GPU DeviceId: 0x130a (for the marketing name, search the web for "GPU Device Id")
[2017.09.07-01.05.56:458][  0]LogWindows: EnumDisplayDevices:
[2017.09.07-01.05.56:458][  0]LogWindows:    0. 'AMD Radeon(TM) R6 Graphics' (P:1 D:1)
[2017.09.07-01.05.56:460][  0]LogWindows:    1. 'AMD Radeon(TM) R6 Graphics' (P:0 D:0)
[2017.09.07-01.05.56:461][  0]LogWindows:    2. 'AMD Radeon(TM) R6 Graphics' (P:0 D:0)
[2017.09.07-01.05.56:463][  0]LogWindows:    3. 'AMD Radeon(TM) R6 Graphics' (P:0 D:0)
[2017.09.07-01.05.56:464][  0]LogWindows: DebugString: FoundDriverCount:4 
[2017.09.07-01.05.56:464][  0]LogD3D11RHI:     Adapter Name: AMD Radeon(TM) R6 Graphics
[2017.09.07-01.05.56:464][  0]LogD3D11RHI:   Driver Version: Crimson ReLive 16.12.2 (internal:21.19.407.0, unified:21.19.407.0)
[2017.09.07-01.05.56:464][  0]LogD3D11RHI:      Driver Date: 12-23-2016
[2017.09.07-01.05.56:464][  0]LogRHI: Texture pool is 692 MB (70% of 989 MB)
[2017.09.07-01.05.56:498][  0]LogD3D11RHI: Async texture creation disabled: no driver support
[2017.09.07-01.05.56:521][  0]LogD3D11RHI: GPU Timing Frequency: 100.000000 (Debug: 2 1)
[2017.09.07-01.05.56:523][  0]LogShaderCompilers: Guid format shader working directory is 29 characters bigger than the processId version (H:/A.DATA/UNREAL-17/LTG1/Intermediate/Shaders/WorkingDirectory/4296/).
[2017.09.07-01.05.56:523][  0]LogShaderCompilers: Cleaned the shader compiler working directory 'C:/Users/ESTEBA~1.CAR/AppData/Local/Temp/UnrealShaderWorkingDir/88B7710F4BFF8FED9EB8CFBF79F03FED/'.
[2017.09.07-01.05.56:524][  0]LogShaderCompilers:Display: Using Local Shader Compiler.
[2017.09.07-01.06.01:158][  0]LogTemp:Display: Loaded TP AllDesktopTargetPlatform
[2017.09.07-01.06.01:210][  0]LogTemp:Display: Loaded TP WindowsClientTargetPlatform
[2017.09.07-01.06.01:321][  0]LogTemp:Display: Loaded TP WindowsNoEditorTargetPlatform
[2017.09.07-01.06.01:397][  0]LogTemp:Display: Loaded TP WindowsServerTargetPlatform
[2017.09.07-01.06.01:460][  0]LogTemp:Display: Loaded TP WindowsTargetPlatform
[2017.09.07-01.06.01:503][  0]LogTemp:Display: Loaded TP AndroidTargetPlatform
[2017.09.07-01.06.01:546][  0]LogTemp:Display: Loaded TP Android_ASTCTargetPlatform
[2017.09.07-01.06.01:589][  0]LogTemp:Display: Loaded TP Android_ATCTargetPlatform
[2017.09.07-01.06.01:632][  0]LogTemp:Display: Loaded TP Android_DXTTargetPlatform
[2017.09.07-01.06.01:677][  0]LogTemp:Display: Loaded TP Android_ETC1TargetPlatform
[2017.09.07-01.06.01:725][  0]LogTemp:Display: Loaded TP Android_ETC2TargetPlatform
[2017.09.07-01.06.01:815][  0]LogTemp:Display: Loaded TP Android_MultiTargetPlatform
[2017.09.07-01.06.01:816][  0]LogTemp:Display: Loaded TP Android_PVRTCTargetPlatform
[2017.09.07-01.06.01:823][  0]LogTemp:Display: Loaded TP HTML5TargetPlatform
[2017.09.07-01.06.01:953][  0]LogTemp:Display: Loaded TP IOSTargetPlatform
[2017.09.07-01.06.01:999][  0]LogTemp:Display: Loaded TP TVOSTargetPlatform
[2017.09.07-01.06.02:047][  0]LogTemp:Display: Loaded TP LinuxNoEditorTargetPlatform
[2017.09.07-01.06.02:119][  0]LogTemp:Display: Loaded TP LinuxServerTargetPlatform
[2017.09.07-01.06.02:174][  0]LogTemp:Display: Loaded TP LinuxTargetPlatform
[2017.09.07-01.06.02:174][  0]LogTargetPlatformManager:Display: Building Assets For Windows
[2017.09.07-01.06.02:684][  0]LogDerivedDataCache:Display: Max Cache Size: 512 MB
[2017.09.07-01.06.02:897][  0]LogDerivedDataCache: Loaded boot cache 0.21s 48MB C:/Users/esteban.carranza/AppData/Local/UnrealEngine/4.12/DerivedDataCache/Boot.ddc.
[2017.09.07-01.06.02:899][  0]LogDerivedDataCache:Display: Loaded Boot cache: C:/Users/esteban.carranza/AppData/Local/UnrealEngine/4.12/DerivedDataCache/Boot.ddc
[2017.09.07-01.06.02:900][  0]LogDerivedDataCache: FDerivedDataBackendGraph:  Pak pak cache file H:/A.DATA/UNREAL-17/LTG1/DerivedDataCache/DDC.ddp not found, will not use a pak cache.
[2017.09.07-01.06.02:900][  0]LogDerivedDataCache: Unable to find inner node Pak for hierarchical cache Hierarchy.
[2017.09.07-01.06.02:900][  0]LogDerivedDataCache: FDerivedDataBackendGraph:  CompressedPak pak cache file H:/A.DATA/UNREAL-17/LTG1/DerivedDataCache/Compressed.ddp not found, will not use a pak cache.
[2017.09.07-01.06.02:900][  0]LogDerivedDataCache: Unable to find inner node CompressedPak for hierarchical cache Hierarchy.
[2017.09.07-01.06.02:980][  0]LogDerivedDataCache:Display: Pak cache opened for reading ../../../Engine/DerivedDataCache/Compressed.ddp.
[2017.09.07-01.06.02:999][  0]LogDerivedDataCache: Using Local data cache path C:/Users/esteban.carranza/AppData/Local/UnrealEngine/Common/DerivedDataCache: Writable
[2017.09.07-01.06.03:995][  0]LogInit: Selected Device Profile: [Windows]
[2017.09.07-01.06.03:998][  0]LogContentStreaming: Texture pool size is 0.00 MB
[2017.09.07-01.06.04:820][  0]LogMeshUtilities: No automatic mesh reduction module available
[2017.09.07-01.06.04:820][  0]LogMeshUtilities: No automatic mesh merging module available
[2017.09.07-01.06.04:820][  0]LogMeshUtilities: No distributed automatic mesh merging module available
[2017.09.07-01.06.05:977][  0]LogAssetRegistry: FAssetRegistry took 0.0231 seconds to start up
[2017.09.07-01.06.06:247][  0]LogPackageLocalizationCache: Processed 3 localized package path(s) for 1 prioritized culture(s) in 0.251396 seconds
[2017.09.07-01.06.06:269][  0]LogUObjectArray: 28739 objects as part of root set at end of initial load.
[2017.09.07-01.06.06:269][  0]LogUObjectAllocator: 5855624 out of 0 bytes used by permanent object pool.
[2017.09.07-01.06.06:270][  0]LogUObjectArray: CloseDisregardForGC: 0/0 objects in disregard for GC pool
[2017.09.07-01.06.06:330][  0]LogInit: WinSock: version 1.1 (2.2), MaxSocks=32767, MaxUdp=65467
[2017.09.07-01.06.07:265][  0]LogSlate: SlateFontCache - WITH_FREETYPE: 1, WITH_HARFBUZZ: 1
[2017.09.07-01.06.07:266][  0]LogSlate: SlateFontCache - WITH_FREETYPE: 1, WITH_HARFBUZZ: 1
[2017.09.07-01.06.10:853][  0]LogUdpMessaging: Initializing bridge on interface 0.0.0.0:0 to multicast group 230.0.0.1:6666.
[2017.09.07-01.06.11:840][  0]SourceControl: Info Source control is disabled
[2017.09.07-01.06.11:844][  0]SourceControl: Info Source control is disabled
[2017.09.07-01.06.11:914][  0]SourceControl: Info Source control is disabled
[2017.09.07-01.06.11:976][  0]SourceControl: Info Source control is disabled
[2017.09.07-01.06.13:380][  0]LogEngine: Initializing Engine...
[2017.09.07-01.06.13:385][  0]LogHMD: SteamVR failed to initialize.  Err: 110
[2017.09.07-01.06.13:389][  0]LogHMD: SteamVR failed to initialize.  Err: 110
[2017.09.07-01.06.14:086][  0]LogAIModule: Creating AISystem for world NewWorld
[2017.09.07-01.06.14:104][  0]LogInit: XAudio2 using 'Altavoces (Realtek High Definition Audio)' : 2 channels at 48 kHz using 32 bits per sample (channel mask 0x3)
[2017.09.07-01.06.14:188][  0]LogInit: FAudioDevice initialized.
[2017.09.07-01.06.14:316][  0]LogDerivedDataCache: Saved boot cache 0.13s 48MB C:/Users/esteban.carranza/AppData/Local/UnrealEngine/4.12/DerivedDataCache/Boot.ddc.
[2017.09.07-01.06.14:345][  0]LogInit: Texture streaming: Enabled
[2017.09.07-01.06.14:610][  0]LogInit: Transaction tracking system initialized
[2017.09.07-01.06.14:833][  0]BlueprintLog: New page: Editor Load
[2017.09.07-01.06.15:414][  0]LocalizationService: Info Localization service is disabled
[2017.09.07-01.06.17:150][  0]LogConsoleResponse:Display: 
[2017.09.07-01.06.17:505][  0]LogCook:Display: Max memory allowance for cook 8192mb
[2017.09.07-01.06.17:505][  0]LogCook:Display: Mobile HDR setting 1
[2017.09.07-01.06.17:788][  0]LogFileCache: Scanning file cache for directory 'H:/A.DATA/UNREAL-17/LTG1/Content/' took 0.03s
[2017.09.07-01.06.17:976][  0]SourceControl: Info Source control is disabled
[2017.09.07-01.06.17:976][  0]Cmd: MAP LOAD FILE="H:/A.DATA/UNREAL-17/LTG1/Content/ThirdPersonBP/Maps/ThirdPersonExampleMap.umap" TEMPLATE=0 SHOWPROGRESS=1 FEATURELEVEL=3
[2017.09.07-01.06.18:073][  0]LightingResults: New page: Lighting Build
[2017.09.07-01.06.18:087][  0]MapCheck: New page: Map Check
[2017.09.07-01.06.18:087][  0]LightingResults: New page: Lighting Build
[2017.09.07-01.06.24:004][  0]LogAIModule: Creating AISystem for world ThirdPersonExampleMap
[2017.09.07-01.06.24:051][  0]LogEditorServer: Finished looking for orphan Actors (0.000 secs)
[2017.09.07-01.06.24:053][  0]Cmd: MAP CHECKDEP NOCLEARLOG
[2017.09.07-01.06.24:420][  0]MapCheck: Info Map check complete: 0 Error(s), 0 Warning(s), took 366.469ms to complete.
[2017.09.07-01.06.24:421][  0]LogFileHelpers: Loading map 'ThirdPersonExampleMap' took 6.445
[2017.09.07-01.06.24:927][  0]LogCollectionManager: Loaded 0 collections in 0.013649 seconds
[2017.09.07-01.06.25:033][  0]LogFileCache: Scanning file cache for directory 'H:/A.DATA/UNREAL-17/LTG1/Saved/Collections/' took 0.01s
[2017.09.07-01.06.25:033][  0]LogFileCache: Scanning file cache for directory 'H:/A.DATA/UNREAL-17/LTG1/Content/Developers/estebancarranza/Collections/' took 0.01s
[2017.09.07-01.06.25:033][  0]LogFileCache: Scanning file cache for directory 'H:/A.DATA/UNREAL-17/LTG1/Content/Collections/' took 0.01s
[2017.09.07-01.06.25:033][  0]LogCollectionManager: Rebuilt the GUID cache for 0 collections in 0.000011 seconds
[2017.09.07-01.06.25:085][  0]LogContentBrowser: Native class hierarchy populated in 0.0480 seconds. Added 2047 classes and 369 folders.
[2017.09.07-01.06.25:120][  0]LogStats: UGameplayTagsManager::ConstructGameplayTagTree: Construct from data asset -  0.000 s
[2017.09.07-01.06.25:120][  0]LogStats: UGameplayTagsManager::ConstructGameplayTagTree: GameplayTagTreeChangedEvent.Broadcast -  0.000 s
[2017.09.07-01.06.25:122][  0]LogContentBrowser: Native class hierarchy updated for 'GameplayTags' in 0.0020 seconds. Added 12 classes and 0 folders.
[2017.09.07-01.06.25:159][  0]LogContentBrowser: Native class hierarchy updated for 'WidgetCarousel' in 0.0022 seconds. Added 0 classes and 0 folders.
[2017.09.07-01.06.25:556][  0]LogContentBrowser: Native class hierarchy updated for 'AddContentDialog' in 0.0021 seconds. Added 0 classes and 0 folders.
[2017.09.07-01.06.25:597][  0]LogContentBrowser: Native class hierarchy updated for 'SceneOutliner' in 0.0019 seconds. Added 1 classes and 2 folders.
[2017.09.07-01.06.26:055][  0]LogCrashTracker: Crashtracker disabled due to settings.
[2017.09.07-01.06.26:091][  0]LogUObjectGlobals:Warning: Failed to find object 'Class None.'
[2017.09.07-01.06.26:143][  0]LogContentBrowser: Native class hierarchy updated for 'HierarchicalLODOutliner' in 0.0018 seconds. Added 1 classes and 2 folders.
[2017.09.07-01.06.26:144][  0]LogLoad: Full Startup: 35.62 seconds (BP compile: 0.79 seconds)
[2017.09.07-01.06.26:144][  0]LogExternalProfiler: No external profilers were discovered.  External profiling features will not be available.
[2017.09.07-01.06.26:496][  0]LogOcInput: OculusInput pre-init called
[2017.09.07-01.06.26:532][  0]LogContentStreaming: Texture pool size now 200 MB
[2017.09.07-01.06.27:228][  0]LogRenderer: Reallocating scene render targets to support 700x340 (Frame:2).
[2017.09.07-01.06.29:512][  7]LogAssetRegistry: Asset discovery search completed in 23.5579 seconds
[2017.09.07-01.06.29:512][  7]LogCollectionManager: Rebuilt the object cache for 0 collections in 0.000002 seconds (found 0 objects)
[2017.09.07-01.06.29:512][  7]LogCollectionManager: Fixed up redirectors for 0 collections in 0.000076 seconds (updated 0 objects)
[2017.09.07-01.07.28:099][402]LogBlueprintUserMessages: Early PlayInEditor Detection: Level '/Game/ThirdPersonBP/Maps/ThirdPersonExampleMap.ThirdPersonExampleMap:PersistentLevel' has LevelScriptBlueprint '/Game/ThirdPersonBP/Maps/ThirdPersonExampleMap.ThirdPersonExampleMap:PersistentLevel.ThirdPersonExampleMap' with GeneratedClass '/Game/ThirdPersonBP/Maps/ThirdPersonExampleMap.ThirdPersonExampleMap_C' with ClassGeneratedBy '/Game/ThirdPersonBP/Maps/ThirdPersonExampleMap.ThirdPersonExampleMap:PersistentLevel.ThirdPersonExampleMap'
[2017.09.07-01.07.28:099][402]LogPlayLevel: PlayLevel: No blueprints needed recompiling
[2017.09.07-01.07.28:112][402]PIE: New page: PIE session: ThirdPersonExampleMap (Sep 6, 2017, 2:07:28 PM)
[2017.09.07-01.07.28:112][402]LogPlayLevel: Creating play world package: /Game/ThirdPersonBP/Maps/UEDPIE_0_ThirdPersonExampleMap
[2017.09.07-01.07.28:218][402]LogPlayLevel: PIE: StaticDuplicateObject took: (0.105667s)
[2017.09.07-01.07.28:224][402]LogAIModule: Creating AISystem for world ThirdPersonExampleMap
[2017.09.07-01.07.28:224][402]LogPlayLevel: PIE: World Init took: (0.006208s)
[2017.09.07-01.07.28:225][402]LogPlayLevel: PIE: Created PIE world by copying editor world from /Game/ThirdPersonBP/Maps/ThirdPersonExampleMap.ThirdPersonExampleMap to /Game/ThirdPersonBP/Maps/UEDPIE_0_ThirdPersonExampleMap.ThirdPersonExampleMap (0.112593s)
[2017.09.07-01.07.28:324][402]LogInit: XAudio2 using 'Altavoces (Realtek High Definition Audio)' : 2 channels at 48 kHz using 32 bits per sample (channel mask 0x3)
[2017.09.07-01.07.28:355][402]LogInit: FAudioDevice initialized.
[2017.09.07-01.07.29:056][402]LogWorld: Game class is 'ThirdPersonGameMode_C'
[2017.09.07-01.07.29:075][402]LogWorld: Bringing World /Game/ThirdPersonBP/Maps/UEDPIE_0_ThirdPersonExampleMap.ThirdPersonExampleMap up for play (max tick rate 60) at 2017.09.06-20.07.29
[2017.09.07-01.07.29:078][402]LogWorld: Bringing up level for play took: 0.015148
[2017.09.07-01.07.29:108][402]LogContentBrowser: Native class hierarchy updated for 'MovieSceneCapture' in 0.0021 seconds. Added 11 classes and 0 folders.
[2017.09.07-01.07.29:132][402]PIE: Info Play in editor start time for /Game/ThirdPersonBP/Maps/UEDPIE_0_ThirdPersonExampleMap 1.431
[2017.09.07-01.07.29:133][402]LogBlueprintUserMessages: Late PlayInEditor Detection: Level '/Game/ThirdPersonBP/Maps/ThirdPersonExampleMap.ThirdPersonExampleMap:PersistentLevel' has LevelScriptBlueprint '/Game/ThirdPersonBP/Maps/ThirdPersonExampleMap.ThirdPersonExampleMap:PersistentLevel.ThirdPersonExampleMap' with GeneratedClass '/Game/ThirdPersonBP/Maps/ThirdPersonExampleMap.ThirdPersonExampleMap_C' with ClassGeneratedBy '/Game/ThirdPersonBP/Maps/ThirdPersonExampleMap.ThirdPersonExampleMap:PersistentLevel.ThirdPersonExampleMap'
[2017.09.07-01.07.33:906][645]LogBlueprintUserMessages: Early EndPlayMap Detection: Level '/Game/ThirdPersonBP/Maps/ThirdPersonExampleMap.ThirdPersonExampleMap:PersistentLevel' has LevelScriptBlueprint '/Game/ThirdPersonBP/Maps/ThirdPersonExampleMap.ThirdPersonExampleMap:PersistentLevel.ThirdPersonExampleMap' with GeneratedClass '/Game/ThirdPersonBP/Maps/ThirdPersonExampleMap.ThirdPersonExampleMap_C' with ClassGeneratedBy '/Game/ThirdPersonBP/Maps/ThirdPersonExampleMap.ThirdPersonExampleMap:PersistentLevel.ThirdPersonExampleMap'
[2017.09.07-01.07.33:965][645]LogBlueprintUserMessages: Late EndPlayMap Detection: Level '/Game/ThirdPersonBP/Maps/ThirdPersonExampleMap.ThirdPersonExampleMap:PersistentLevel' has LevelScriptBlueprint '/Game/ThirdPersonBP/Maps/ThirdPersonExampleMap.ThirdPersonExampleMap:PersistentLevel.ThirdPersonExampleMap' with GeneratedClass '/Game/ThirdPersonBP/Maps/ThirdPersonExampleMap.ThirdPersonExampleMap_C' with ClassGeneratedBy '/Game/ThirdPersonBP/Maps/ThirdPersonExampleMap.ThirdPersonExampleMap:PersistentLevel.ThirdPersonExampleMap'
[2017.09.07-01.07.35:005][691]LogBlueprintUserMessages: Early PlayInEditor Detection: Level '/Game/ThirdPersonBP/Maps/ThirdPersonExampleMap.ThirdPersonExampleMap:PersistentLevel' has LevelScriptBlueprint '/Game/ThirdPersonBP/Maps/ThirdPersonExampleMap.ThirdPersonExampleMap:PersistentLevel.ThirdPersonExampleMap' with GeneratedClass '/Game/ThirdPersonBP/Maps/ThirdPersonExampleMap.ThirdPersonExampleMap_C' with ClassGeneratedBy '/Game/ThirdPersonBP/Maps/ThirdPersonExampleMap.ThirdPersonExampleMap:PersistentLevel.ThirdPersonExampleMap'
[2017.09.07-01.07.35:006][691]LogPlayLevel: PlayLevel: No blueprints needed recompiling
[2017.09.07-01.07.35:006][691]PIE: New page: PIE session: ThirdPersonExampleMap (Sep 6, 2017, 2:07:35 PM)
[2017.09.07-01.07.35:006][691]LogPlayLevel: Creating play world package: /Game/ThirdPersonBP/Maps/UEDPIE_0_ThirdPersonExampleMap
[2017.09.07-01.07.35:091][691]LogPlayLevel: PIE: StaticDuplicateObject took: (0.084354s)
[2017.09.07-01.07.35:093][691]LogAIModule: Creating AISystem for world ThirdPersonExampleMap
[2017.09.07-01.07.35:093][691]LogPlayLevel: PIE: World Init took: (0.002557s)
[2017.09.07-01.07.35:094][691]LogPlayLevel: PIE: Created PIE world by copying editor world from /Game/ThirdPersonBP/Maps/ThirdPersonExampleMap.ThirdPersonExampleMap to /Game/ThirdPersonBP/Maps/UEDPIE_0_ThirdPersonExampleMap.ThirdPersonExampleMap (0.087626s)
[2017.09.07-01.07.35:134][691]LogInit: XAudio2 using 'Altavoces (Realtek High Definition Audio)' : 2 channels at 48 kHz using 32 bits per sample (channel mask 0x3)
[2017.09.07-01.07.35:165][691]LogInit: FAudioDevice initialized.
[2017.09.07-01.07.35:315][691]LogWorld: Game class is 'ThirdPersonGameMode_C'
[2017.09.07-01.07.35:331][691]LogWorld: Bringing World /Game/ThirdPersonBP/Maps/UEDPIE_0_ThirdPersonExampleMap.ThirdPersonExampleMap up for play (max tick rate 60) at 2017.09.06-20.07.35
[2017.09.07-01.07.35:332][691]LogWorld: Bringing up level for play took: 0.013139
[2017.09.07-01.07.35:349][691]PIE: Info Play in editor start time for /Game/ThirdPersonBP/Maps/UEDPIE_0_ThirdPersonExampleMap -0.352
[2017.09.07-01.07.35:349][691]LogBlueprintUserMessages: Late PlayInEditor Detection: Level '/Game/ThirdPersonBP/Maps/ThirdPersonExampleMap.ThirdPersonExampleMap:PersistentLevel' has LevelScriptBlueprint '/Game/ThirdPersonBP/Maps/ThirdPersonExampleMap.ThirdPersonExampleMap:PersistentLevel.ThirdPersonExampleMap' with GeneratedClass '/Game/ThirdPersonBP/Maps/ThirdPersonExampleMap.ThirdPersonExampleMap_C' with ClassGeneratedBy '/Game/ThirdPersonBP/Maps/ThirdPersonExampleMap.ThirdPersonExampleMap:PersistentLevel.ThirdPersonExampleMap'
[2017.09.07-01.07.39:037][886]LogScript:Warning: Accessed None trying to read property CallFunc_Array_Get_Item2
	ThirdPersonCharacter_C /Game/ThirdPersonBP/Maps/UEDPIE_0_ThirdPersonExampleMap.ThirdPersonExampleMap:PersistentLevel.ThirdPersonCharacter_167
	Function /Game/ThirdPersonBP/Blueprints/ThirdPersonCharacter.ThirdPersonCharacter_C:GenericWidget:029C
[2017.09.07-01.07.39:038][886]PIE:Error: Error Blueprint Runtime Error: Accessed None trying to read property CallFunc_Array_Get_Item2 from function: 'GenericWidget' from node: Set Visibility in graph: GenericWidget in object: ThirdPersonCharacter with description: Accessed None trying to read property CallFunc_Array_Get_Item2
[2017.09.07-01.07.39:204][896]LogScript:Warning: Accessed None trying to read property CallFunc_Array_Get_Item2
	ThirdPersonCharacter_C /Game/ThirdPersonBP/Maps/UEDPIE_0_ThirdPersonExampleMap.ThirdPersonExampleMap:PersistentLevel.ThirdPersonCharacter_167
	Function /Game/ThirdPersonBP/Blueprints/ThirdPersonCharacter.ThirdPersonCharacter_C:GenericWidget:029C
[2017.09.07-01.07.39:204][896]PIE:Error: Error Blueprint Runtime Error: Accessed None trying to read property CallFunc_Array_Get_Item2 from function: 'GenericWidget' from node: Set Visibility in graph: GenericWidget in object: ThirdPersonCharacter with description: Accessed None trying to read property CallFunc_Array_Get_Item2
[2017.09.07-01.07.39:672][924]LogBlueprintUserMessages: Early EndPlayMap Detection: Level '/Game/ThirdPersonBP/Maps/ThirdPersonExampleMap.ThirdPersonExampleMap:PersistentLevel' has LevelScriptBlueprint '/Game/ThirdPersonBP/Maps/ThirdPersonExampleMap.ThirdPersonExampleMap:PersistentLevel.ThirdPersonExampleMap' with GeneratedClass '/Game/ThirdPersonBP/Maps/ThirdPersonExampleMap.ThirdPersonExampleMap_C' with ClassGeneratedBy '/Game/ThirdPersonBP/Maps/ThirdPersonExampleMap.ThirdPersonExampleMap:PersistentLevel.ThirdPersonExampleMap'
[2017.09.07-01.07.39:717][924]LogBlueprintUserMessages: Late EndPlayMap Detection: Level '/Game/ThirdPersonBP/Maps/ThirdPersonExampleMap.ThirdPersonExampleMap:PersistentLevel' has LevelScriptBlueprint '/Game/ThirdPersonBP/Maps/ThirdPersonExampleMap.ThirdPersonExampleMap:PersistentLevel.ThirdPersonExampleMap' with GeneratedClass '/Game/ThirdPersonBP/Maps/ThirdPersonExampleMap.ThirdPersonExampleMap_C' with ClassGeneratedBy '/Game/ThirdPersonBP/Maps/ThirdPersonExampleMap.ThirdPersonExampleMap:PersistentLevel.ThirdPersonExampleMap'
[2017.09.07-01.07.52:460][654]LogText:Warning: Failed to parse argument "GameModeName" as a number (using "0" as a fallback). Please check your format string for errors: "GameMode: Edit {GameModeName}".
[2017.09.07-01.07.55:262][686]LogContentBrowser: Native class hierarchy updated for 'BlueprintGraph' in 0.0037 seconds. Added 111 classes and 0 folders.
[2017.09.07-01.09.30:438][ 49]BlueprintLog: New page: Compile ThirdPersonCharacter
[2017.09.07-01.09.31:378][ 49]BlueprintEditorCompileResults: Info [0220.86] Compile of ThirdPersonCharacter successful! [in 940 ms] (/Game/ThirdPersonBP/Blueprints/ThirdPersonCharacter.ThirdPersonCharacter)
[2017.09.07-01.09.32:244][ 69]Cmd: OBJ SAVEPACKAGE PACKAGE="/Game/ThirdPersonBP/Blueprints/ThirdPersonCharacter" FILE="H:/A.DATA/UNREAL-17/LTG1/Content/ThirdPersonBP/Blueprints/ThirdPersonCharacter.uasset" SILENT=true
[2017.09.07-01.09.33:458][ 69]LogSavePackage: Save=886.16ms
[2017.09.07-01.09.33:458][ 69]LogSavePackage: Moving 'H:/A.DATA/UNREAL-17/LTG1/Saved/ThirdPersonCharacter14CE0C5041E1410A8B5678B41C633547.tmp' to 'H:/A.DATA/UNREAL-17/LTG1/Content/ThirdPersonBP/Blueprints/ThirdPersonCharacter.uasset'
[2017.09.07-01.09.33:484][ 69]LogSavePackage:Display: Finished SavePackage H:/A.DATA/UNREAL-17/LTG1/Content/ThirdPersonBP/Blueprints/ThirdPersonCharacter.uasset
[2017.09.07-01.09.35:309][157]LogBlueprintUserMessages: Early PlayInEditor Detection: Level '/Game/ThirdPersonBP/Maps/ThirdPersonExampleMap.ThirdPersonExampleMap:PersistentLevel' has LevelScriptBlueprint '/Game/ThirdPersonBP/Maps/ThirdPersonExampleMap.ThirdPersonExampleMap:PersistentLevel.ThirdPersonExampleMap' with GeneratedClass '/Game/ThirdPersonBP/Maps/ThirdPersonExampleMap.ThirdPersonExampleMap_C' with ClassGeneratedBy '/Game/ThirdPersonBP/Maps/ThirdPersonExampleMap.ThirdPersonExampleMap:PersistentLevel.ThirdPersonExampleMap'
[2017.09.07-01.09.35:310][157]LogPlayLevel: PlayLevel: No blueprints needed recompiling
[2017.09.07-01.09.35:310][157]PIE: New page: PIE session: ThirdPersonExampleMap (Sep 6, 2017, 2:09:35 PM)
[2017.09.07-01.09.35:310][157]LogPlayLevel: Creating play world package: /Game/ThirdPersonBP/Maps/UEDPIE_0_ThirdPersonExampleMap
[2017.09.07-01.09.35:395][157]LogPlayLevel: PIE: StaticDuplicateObject took: (0.084471s)
[2017.09.07-01.09.35:397][157]LogAIModule: Creating AISystem for world ThirdPersonExampleMap
[2017.09.07-01.09.35:398][157]LogPlayLevel: PIE: World Init took: (0.003425s)
[2017.09.07-01.09.35:399][157]LogPlayLevel: PIE: Created PIE world by copying editor world from /Game/ThirdPersonBP/Maps/ThirdPersonExampleMap.ThirdPersonExampleMap to /Game/ThirdPersonBP/Maps/UEDPIE_0_ThirdPersonExampleMap.ThirdPersonExampleMap (0.088774s)
[2017.09.07-01.09.35:473][157]LogInit: XAudio2 using 'Altavoces (Realtek High Definition Audio)' : 2 channels at 48 kHz using 32 bits per sample (channel mask 0x3)
[2017.09.07-01.09.35:504][157]LogInit: FAudioDevice initialized.
[2017.09.07-01.09.35:639][157]LogWorld: Game class is 'ThirdPersonGameMode_C'
[2017.09.07-01.09.35:654][157]LogWorld: Bringing World /Game/ThirdPersonBP/Maps/UEDPIE_0_ThirdPersonExampleMap.ThirdPersonExampleMap up for play (max tick rate 60) at 2017.09.06-20.09.35
[2017.09.07-01.09.35:655][157]LogWorld: Bringing up level for play took: 0.012808
[2017.09.07-01.09.35:670][157]PIE: Info Play in editor start time for /Game/ThirdPersonBP/Maps/UEDPIE_0_ThirdPersonExampleMap -0.032
[2017.09.07-01.09.35:671][157]LogBlueprintUserMessages: Late PlayInEditor Detection: Level '/Game/ThirdPersonBP/Maps/ThirdPersonExampleMap.ThirdPersonExampleMap:PersistentLevel' has LevelScriptBlueprint '/Game/ThirdPersonBP/Maps/ThirdPersonExampleMap.ThirdPersonExampleMap:PersistentLevel.ThirdPersonExampleMap' with GeneratedClass '/Game/ThirdPersonBP/Maps/ThirdPersonExampleMap.ThirdPersonExampleMap_C' with ClassGeneratedBy '/Game/ThirdPersonBP/Maps/ThirdPersonExampleMap.ThirdPersonExampleMap:PersistentLevel.ThirdPersonExampleMap'
[2017.09.07-01.09.36:185][176]LogScript:Warning: Accessed None trying to read property CallFunc_Array_Get_Item2
	ThirdPersonCharacter_C /Game/ThirdPersonBP/Maps/UEDPIE_0_ThirdPersonExampleMap.ThirdPersonExampleMap:PersistentLevel.ThirdPersonCharacter_167
	Function /Game/ThirdPersonBP/Blueprints/ThirdPersonCharacter.ThirdPersonCharacter_C:GenericWidget:029C
[2017.09.07-01.09.36:186][176]PIE:Error: Error Blueprint Runtime Error: Accessed None trying to read property CallFunc_Array_Get_Item2 from function: 'GenericWidget' from node: Set Visibility in graph: GenericWidget in object: ThirdPersonCharacter with description: Accessed None trying to read property CallFunc_Array_Get_Item2
[2017.09.07-01.09.36:730][204]LogScript:Warning: Accessed None trying to read property CallFunc_Array_Get_Item2
	ThirdPersonCharacter_C /Game/ThirdPersonBP/Maps/UEDPIE_0_ThirdPersonExampleMap.ThirdPersonExampleMap:PersistentLevel.ThirdPersonCharacter_167
	Function /Game/ThirdPersonBP/Blueprints/ThirdPersonCharacter.ThirdPersonCharacter_C:GenericWidget:029C
[2017.09.07-01.09.36:731][204]PIE:Error: Error Blueprint Runtime Error: Accessed None trying to read property CallFunc_Array_Get_Item2 from function: 'GenericWidget' from node: Set Visibility in graph: GenericWidget in object: ThirdPersonCharacter with description: Accessed None trying to read property CallFunc_Array_Get_Item2
[2017.09.07-01.09.37:000][217]LogScript:Warning: Accessed None trying to read property CallFunc_Array_Get_Item2
	ThirdPersonCharacter_C /Game/ThirdPersonBP/Maps/UEDPIE_0_ThirdPersonExampleMap.ThirdPersonExampleMap:PersistentLevel.ThirdPersonCharacter_167
	Function /Game/ThirdPersonBP/Blueprints/ThirdPersonCharacter.ThirdPersonCharacter_C:GenericWidget:029C
[2017.09.07-01.09.37:001][217]PIE:Error: Error Blueprint Runtime Error: Accessed None trying to read property CallFunc_Array_Get_Item2 from function: 'GenericWidget' from node: Set Visibility in graph: GenericWidget in object: ThirdPersonCharacter with description: Accessed None trying to read property CallFunc_Array_Get_Item2
[2017.09.07-01.09.37:079][221]LogScript:Warning: Accessed None trying to read property CallFunc_Array_Get_Item2
	ThirdPersonCharacter_C /Game/ThirdPersonBP/Maps/UEDPIE_0_ThirdPersonExampleMap.ThirdPersonExampleMap:PersistentLevel.ThirdPersonCharacter_167
	Function /Game/ThirdPersonBP/Blueprints/ThirdPersonCharacter.ThirdPersonCharacter_C:GenericWidget:029C
[2017.09.07-01.09.37:079][221]PIE:Error: Error Blueprint Runtime Error: Accessed None trying to read property CallFunc_Array_Get_Item2 from function: 'GenericWidget' from node: Set Visibility in graph: GenericWidget in object: ThirdPersonCharacter with description: Accessed None trying to read property CallFunc_Array_Get_Item2
[2017.09.07-01.09.37:190][227]LogScript:Warning: Accessed None trying to read property CallFunc_Array_Get_Item2
	ThirdPersonCharacter_C /Game/ThirdPersonBP/Maps/UEDPIE_0_ThirdPersonExampleMap.ThirdPersonExampleMap:PersistentLevel.ThirdPersonCharacter_167
	Function /Game/ThirdPersonBP/Blueprints/ThirdPersonCharacter.ThirdPersonCharacter_C:GenericWidget:029C
[2017.09.07-01.09.37:190][227]PIE:Error: Error Blueprint Runtime Error: Accessed None trying to read property CallFunc_Array_Get_Item2 from function: 'GenericWidget' from node: Set Visibility in graph: GenericWidget in object: ThirdPersonCharacter with description: Accessed None trying to read property CallFunc_Array_Get_Item2
[2017.09.07-01.09.37:266][231]LogScript:Warning: Accessed None trying to read property CallFunc_Array_Get_Item2
	ThirdPersonCharacter_C /Game/ThirdPersonBP/Maps/UEDPIE_0_ThirdPersonExampleMap.ThirdPersonExampleMap:PersistentLevel.ThirdPersonCharacter_167
	Function /Game/ThirdPersonBP/Blueprints/ThirdPersonCharacter.ThirdPersonCharacter_C:GenericWidget:029C
[2017.09.07-01.09.37:267][231]PIE:Error: Error Blueprint Runtime Error: Accessed None trying to read property CallFunc_Array_Get_Item2 from function: 'GenericWidget' from node: Set Visibility in graph: GenericWidget in object: ThirdPersonCharacter with description: Accessed None trying to read property CallFunc_Array_Get_Item2
[2017.09.07-01.09.37:342][235]LogScript:Warning: Accessed None trying to read property CallFunc_Array_Get_Item2
	ThirdPersonCharacter_C /Game/ThirdPersonBP/Maps/UEDPIE_0_ThirdPersonExampleMap.ThirdPersonExampleMap:PersistentLevel.ThirdPersonCharacter_167
	Function /Game/ThirdPersonBP/Blueprints/ThirdPersonCharacter.ThirdPersonCharacter_C:GenericWidget:029C
[2017.09.07-01.09.37:342][235]PIE:Error: Error Blueprint Runtime Error: Accessed None trying to read property CallFunc_Array_Get_Item2 from function: 'GenericWidget' from node: Set Visibility in graph: GenericWidget in object: ThirdPersonCharacter with description: Accessed None trying to read property CallFunc_Array_Get_Item2
[2017.09.07-01.09.37:418][239]LogScript:Warning: Accessed None trying to read property CallFunc_Array_Get_Item2
	ThirdPersonCharacter_C /Game/ThirdPersonBP/Maps/UEDPIE_0_ThirdPersonExampleMap.ThirdPersonExampleMap:PersistentLevel.ThirdPersonCharacter_167
	Function /Game/ThirdPersonBP/Blueprints/ThirdPersonCharacter.ThirdPersonCharacter_C:GenericWidget:029C
[2017.09.07-01.09.37:418][239]PIE:Error: Error Blueprint Runtime Error: Accessed None trying to read property CallFunc_Array_Get_Item2 from function: 'GenericWidget' from node: Set Visibility in graph: GenericWidget in object: ThirdPersonCharacter with description: Accessed None trying to read property CallFunc_Array_Get_Item2
[2017.09.07-01.09.37:494][243]LogScript:Warning: Accessed None trying to read property CallFunc_Array_Get_Item2
	ThirdPersonCharacter_C /Game/ThirdPersonBP/Maps/UEDPIE_0_ThirdPersonExampleMap.ThirdPersonExampleMap:PersistentLevel.ThirdPersonCharacter_167
	Function /Game/ThirdPersonBP/Blueprints/ThirdPersonCharacter.ThirdPersonCharacter_C:GenericWidget:029C
[2017.09.07-01.09.37:495][243]PIE:Error: Error Blueprint Runtime Error: Accessed None trying to read property CallFunc_Array_Get_Item2 from function: 'GenericWidget' from node: Set Visibility in graph: GenericWidget in object: ThirdPersonCharacter with description: Accessed None trying to read property CallFunc_Array_Get_Item2
[2017.09.07-01.09.37:571][247]LogScript:Warning: Accessed None trying to read property CallFunc_Array_Get_Item2
	ThirdPersonCharacter_C /Game/ThirdPersonBP/Maps/UEDPIE_0_ThirdPersonExampleMap.ThirdPersonExampleMap:PersistentLevel.ThirdPersonCharacter_167
	Function /Game/ThirdPersonBP/Blueprints/ThirdPersonCharacter.ThirdPersonCharacter_C:GenericWidget:029C
[2017.09.07-01.09.37:572][247]PIE:Error: Error Blueprint Runtime Error: Accessed None trying to read property CallFunc_Array_Get_Item2 from function: 'GenericWidget' from node: Set Visibility in graph: GenericWidget in object: ThirdPersonCharacter with description: Accessed None trying to read property CallFunc_Array_Get_Item2
[2017.09.07-01.09.37:929][266]LogBlueprintUserMessages: Early EndPlayMap Detection: Level '/Game/ThirdPersonBP/Maps/ThirdPersonExampleMap.ThirdPersonExampleMap:PersistentLevel' has LevelScriptBlueprint '/Game/ThirdPersonBP/Maps/ThirdPersonExampleMap.ThirdPersonExampleMap:PersistentLevel.ThirdPersonExampleMap' with GeneratedClass '/Game/ThirdPersonBP/Maps/ThirdPersonExampleMap.ThirdPersonExampleMap_C' with ClassGeneratedBy '/Game/ThirdPersonBP/Maps/ThirdPersonExampleMap.ThirdPersonExampleMap:PersistentLevel.ThirdPersonExampleMap'
[2017.09.07-01.09.38:057][266]LogBlueprintUserMessages: Late EndPlayMap Detection: Level '/Game/ThirdPersonBP/Maps/ThirdPersonExampleMap.ThirdPersonExampleMap:PersistentLevel' has LevelScriptBlueprint '/Game/ThirdPersonBP/Maps/ThirdPersonExampleMap.ThirdPersonExampleMap:PersistentLevel.ThirdPersonExampleMap' with GeneratedClass '/Game/ThirdPersonBP/Maps/ThirdPersonExampleMap.ThirdPersonExampleMap_C' with ClassGeneratedBy '/Game/ThirdPersonBP/Maps/ThirdPersonExampleMap.ThirdPersonExampleMap:PersistentLevel.ThirdPersonExampleMap'
[2017.09.07-01.09.54:011][904]BlueprintLog: New page: Compile ThirdPersonCharacter
[2017.09.07-01.09.54:854][904]BlueprintEditorCompileResults: Info [0244.33] Compile of ThirdPersonCharacter successful! [in 843 ms] (/Game/ThirdPersonBP/Blueprints/ThirdPersonCharacter.ThirdPersonCharacter)
[2017.09.07-01.09.56:529][976]LogBlueprintUserMessages: Early PlayInEditor Detection: Level '/Game/ThirdPersonBP/Maps/ThirdPersonExampleMap.ThirdPersonExampleMap:PersistentLevel' has LevelScriptBlueprint '/Game/ThirdPersonBP/Maps/ThirdPersonExampleMap.ThirdPersonExampleMap:PersistentLevel.ThirdPersonExampleMap' with GeneratedClass '/Game/ThirdPersonBP/Maps/ThirdPersonExampleMap.ThirdPersonExampleMap_C' with ClassGeneratedBy '/Game/ThirdPersonBP/Maps/ThirdPersonExampleMap.ThirdPersonExampleMap:PersistentLevel.ThirdPersonExampleMap'
[2017.09.07-01.09.56:530][976]LogPlayLevel: PlayLevel: No blueprints needed recompiling
[2017.09.07-01.09.56:530][976]PIE: New page: PIE session: ThirdPersonExampleMap (Sep 6, 2017, 2:09:56 PM)
[2017.09.07-01.09.56:530][976]LogPlayLevel: Creating play world package: /Game/ThirdPersonBP/Maps/UEDPIE_0_ThirdPersonExampleMap
[2017.09.07-01.09.56:612][976]LogPlayLevel: PIE: StaticDuplicateObject took: (0.081414s)
[2017.09.07-01.09.56:615][976]LogAIModule: Creating AISystem for world ThirdPersonExampleMap
[2017.09.07-01.09.56:615][976]LogPlayLevel: PIE: World Init took: (0.003546s)
[2017.09.07-01.09.56:616][976]LogPlayLevel: PIE: Created PIE world by copying editor world from /Game/ThirdPersonBP/Maps/ThirdPersonExampleMap.ThirdPersonExampleMap to /Game/ThirdPersonBP/Maps/UEDPIE_0_ThirdPersonExampleMap.ThirdPersonExampleMap (0.085872s)
[2017.09.07-01.09.56:697][976]LogInit: XAudio2 using 'Altavoces (Realtek High Definition Audio)' : 2 channels at 48 kHz using 32 bits per sample (channel mask 0x3)
[2017.09.07-01.09.56:725][976]LogInit: FAudioDevice initialized.
[2017.09.07-01.09.56:860][976]LogWorld: Game class is 'ThirdPersonGameMode_C'
[2017.09.07-01.09.56:875][976]LogWorld: Bringing World /Game/ThirdPersonBP/Maps/UEDPIE_0_ThirdPersonExampleMap.ThirdPersonExampleMap up for play (max tick rate 60) at 2017.09.06-20.09.56
[2017.09.07-01.09.56:877][976]LogWorld: Bringing up level for play took: 0.013552
[2017.09.07-01.09.56:894][976]PIE: Info Play in editor start time for /Game/ThirdPersonBP/Maps/UEDPIE_0_ThirdPersonExampleMap 1.193
[2017.09.07-01.09.56:895][976]LogBlueprintUserMessages: Late PlayInEditor Detection: Level '/Game/ThirdPersonBP/Maps/ThirdPersonExampleMap.ThirdPersonExampleMap:PersistentLevel' has LevelScriptBlueprint '/Game/ThirdPersonBP/Maps/ThirdPersonExampleMap.ThirdPersonExampleMap:PersistentLevel.ThirdPersonExampleMap' with GeneratedClass '/Game/ThirdPersonBP/Maps/ThirdPersonExampleMap.ThirdPersonExampleMap_C' with ClassGeneratedBy '/Game/ThirdPersonBP/Maps/ThirdPersonExampleMap.ThirdPersonExampleMap:PersistentLevel.ThirdPersonExampleMap'
[2017.09.07-01.10.02:167][245]LogBlueprintUserMessages: Early EndPlayMap Detection: Level '/Game/ThirdPersonBP/Maps/ThirdPersonExampleMap.ThirdPersonExampleMap:PersistentLevel' has LevelScriptBlueprint '/Game/ThirdPersonBP/Maps/ThirdPersonExampleMap.ThirdPersonExampleMap:PersistentLevel.ThirdPersonExampleMap' with GeneratedClass '/Game/ThirdPersonBP/Maps/ThirdPersonExampleMap.ThirdPersonExampleMap_C' with ClassGeneratedBy '/Game/ThirdPersonBP/Maps/ThirdPersonExampleMap.ThirdPersonExampleMap:PersistentLevel.ThirdPersonExampleMap'
[2017.09.07-01.10.02:264][245]LogBlueprintUserMessages: Late EndPlayMap Detection: Level '/Game/ThirdPersonBP/Maps/ThirdPersonExampleMap.ThirdPersonExampleMap:PersistentLevel' has LevelScriptBlueprint '/Game/ThirdPersonBP/Maps/ThirdPersonExampleMap.ThirdPersonExampleMap:PersistentLevel.ThirdPersonExampleMap' with GeneratedClass '/Game/ThirdPersonBP/Maps/ThirdPersonExampleMap.ThirdPersonExampleMap_C' with ClassGeneratedBy '/Game/ThirdPersonBP/Maps/ThirdPersonExampleMap.ThirdPersonExampleMap:PersistentLevel.ThirdPersonExampleMap'
[2017.09.07-01.10.08:509][393]LogSavePackage: Save=2270.41ms
[2017.09.07-01.10.08:512][393]LogSavePackage: Moving 'H:/A.DATA/UNREAL-17/LTG1/Saved/ThirdPersonExampleMapEC2E35234B4E3322E07F5599A0EE4633.tmp' to 'H:/A.DATA/UNREAL-17/LTG1/Content/ThirdPersonBP/Maps/ThirdPersonExampleMap.umap'
[2017.09.07-01.10.08:547][393]LogSavePackage:Display: Finished SavePackage H:/A.DATA/UNREAL-17/LTG1/Content/ThirdPersonBP/Maps/ThirdPersonExampleMap.umap
[2017.09.07-01.10.11:840][558]LogBlueprintUserMessages: Early PlayInEditor Detection: Level '/Game/ThirdPersonBP/Maps/ThirdPersonExampleMap.ThirdPersonExampleMap:PersistentLevel' has LevelScriptBlueprint '/Game/ThirdPersonBP/Maps/ThirdPersonExampleMap.ThirdPersonExampleMap:PersistentLevel.ThirdPersonExampleMap' with GeneratedClass '/Game/ThirdPersonBP/Maps/ThirdPersonExampleMap.ThirdPersonExampleMap_C' with ClassGeneratedBy '/Game/ThirdPersonBP/Maps/ThirdPersonExampleMap.ThirdPersonExampleMap:PersistentLevel.ThirdPersonExampleMap'
[2017.09.07-01.10.11:840][558]LogPlayLevel: PlayLevel: No blueprints needed recompiling
[2017.09.07-01.10.11:840][558]PIE: New page: PIE session: ThirdPersonExampleMap (Sep 6, 2017, 2:10:11 PM)
[2017.09.07-01.10.11:840][558]LogPlayLevel: Creating play world package: /Game/ThirdPersonBP/Maps/UEDPIE_0_ThirdPersonExampleMap
[2017.09.07-01.10.11:925][558]LogPlayLevel: PIE: StaticDuplicateObject took: (0.084366s)
[2017.09.07-01.10.11:928][558]LogAIModule: Creating AISystem for world ThirdPersonExampleMap
[2017.09.07-01.10.11:929][558]LogPlayLevel: PIE: World Init took: (0.003508s)
[2017.09.07-01.10.11:929][558]LogPlayLevel: PIE: Created PIE world by copying editor world from /Game/ThirdPersonBP/Maps/ThirdPersonExampleMap.ThirdPersonExampleMap to /Game/ThirdPersonBP/Maps/UEDPIE_0_ThirdPersonExampleMap.ThirdPersonExampleMap (0.088767s)
[2017.09.07-01.10.12:009][558]LogInit: XAudio2 using 'Altavoces (Realtek High Definition Audio)' : 2 channels at 48 kHz using 32 bits per sample (channel mask 0x3)
[2017.09.07-01.10.12:038][558]LogInit: FAudioDevice initialized.
[2017.09.07-01.10.12:173][558]LogWorld: Game class is 'ThirdPersonGameMode_C'
[2017.09.07-01.10.12:187][558]LogWorld: Bringing World /Game/ThirdPersonBP/Maps/UEDPIE_0_ThirdPersonExampleMap.ThirdPersonExampleMap up for play (max tick rate 60) at 2017.09.06-20.10.12
[2017.09.07-01.10.12:189][558]LogWorld: Bringing up level for play took: 0.012220
[2017.09.07-01.10.12:204][558]PIE: Info Play in editor start time for /Game/ThirdPersonBP/Maps/UEDPIE_0_ThirdPersonExampleMap 0.502
[2017.09.07-01.10.12:204][558]LogBlueprintUserMessages: Late PlayInEditor Detection: Level '/Game/ThirdPersonBP/Maps/ThirdPersonExampleMap.ThirdPersonExampleMap:PersistentLevel' has LevelScriptBlueprint '/Game/ThirdPersonBP/Maps/ThirdPersonExampleMap.ThirdPersonExampleMap:PersistentLevel.ThirdPersonExampleMap' with GeneratedClass '/Game/ThirdPersonBP/Maps/ThirdPersonExampleMap.ThirdPersonExampleMap_C' with ClassGeneratedBy '/Game/ThirdPersonBP/Maps/ThirdPersonExampleMap.ThirdPersonExampleMap:PersistentLevel.ThirdPersonExampleMap'
[2017.09.07-01.11.15:198][694]LogBlueprintUserMessages: Early EndPlayMap Detection: Level '/Game/ThirdPersonBP/Maps/ThirdPersonExampleMap.ThirdPersonExampleMap:PersistentLevel' has LevelScriptBlueprint '/Game/ThirdPersonBP/Maps/ThirdPersonExampleMap.ThirdPersonExampleMap:PersistentLevel.ThirdPersonExampleMap' with GeneratedClass '/Game/ThirdPersonBP/Maps/ThirdPersonExampleMap.ThirdPersonExampleMap_C' with ClassGeneratedBy '/Game/ThirdPersonBP/Maps/ThirdPersonExampleMap.ThirdPersonExampleMap:PersistentLevel.ThirdPersonExampleMap'
[2017.09.07-01.11.15:259][694]LogBlueprintUserMessages: Late EndPlayMap Detection: Level '/Game/ThirdPersonBP/Maps/ThirdPersonExampleMap.ThirdPersonExampleMap:PersistentLevel' has LevelScriptBlueprint '/Game/ThirdPersonBP/Maps/ThirdPersonExampleMap.ThirdPersonExampleMap:PersistentLevel.ThirdPersonExampleMap' with GeneratedClass '/Game/ThirdPersonBP/Maps/ThirdPersonExampleMap.ThirdPersonExampleMap_C' with ClassGeneratedBy '/Game/ThirdPersonBP/Maps/ThirdPersonExampleMap.ThirdPersonExampleMap:PersistentLevel.ThirdPersonExampleMap'
[2017.09.07-01.11.24:209][141]LogBlueprintUserMessages: Early PlayInEditor Detection: Level '/Game/ThirdPersonBP/Maps/ThirdPersonExampleMap.ThirdPersonExampleMap:PersistentLevel' has LevelScriptBlueprint '/Game/ThirdPersonBP/Maps/ThirdPersonExampleMap.ThirdPersonExampleMap:PersistentLevel.ThirdPersonExampleMap' with GeneratedClass '/Game/ThirdPersonBP/Maps/ThirdPersonExampleMap.ThirdPersonExampleMap_C' with ClassGeneratedBy '/Game/ThirdPersonBP/Maps/ThirdPersonExampleMap.ThirdPersonExampleMap:PersistentLevel.ThirdPersonExampleMap'
[2017.09.07-01.11.24:210][141]LogPlayLevel: PlayLevel: No blueprints needed recompiling
[2017.09.07-01.11.24:210][141]PIE: New page: PIE session: ThirdPersonExampleMap (Sep 6, 2017, 2:11:24 PM)
[2017.09.07-01.11.24:210][141]LogPlayLevel: Creating play world package: /Game/ThirdPersonBP/Maps/UEDPIE_0_ThirdPersonExampleMap
[2017.09.07-01.11.24:292][141]LogPlayLevel: PIE: StaticDuplicateObject took: (0.081607s)
[2017.09.07-01.11.24:295][141]LogAIModule: Creating AISystem for world ThirdPersonExampleMap
[2017.09.07-01.11.24:296][141]LogPlayLevel: PIE: World Init took: (0.003590s)
[2017.09.07-01.11.24:296][141]LogPlayLevel: PIE: Created PIE world by copying editor world from /Game/ThirdPersonBP/Maps/ThirdPersonExampleMap.ThirdPersonExampleMap to /Game/ThirdPersonBP/Maps/UEDPIE_0_ThirdPersonExampleMap.ThirdPersonExampleMap (0.086196s)
[2017.09.07-01.11.24:368][141]LogInit: XAudio2 using 'Altavoces (Realtek High Definition Audio)' : 2 channels at 48 kHz using 32 bits per sample (channel mask 0x3)
[2017.09.07-01.11.24:399][141]LogInit: FAudioDevice initialized.
[2017.09.07-01.11.24:539][141]LogWorld: Game class is 'ThirdPersonGameMode_C'
[2017.09.07-01.11.24:553][141]LogWorld: Bringing World /Game/ThirdPersonBP/Maps/UEDPIE_0_ThirdPersonExampleMap.ThirdPersonExampleMap up for play (max tick rate 60) at 2017.09.06-20.11.24
[2017.09.07-01.11.24:555][141]LogWorld: Bringing up level for play took: 0.012242
[2017.09.07-01.11.24:570][141]PIE: Info Play in editor start time for /Game/ThirdPersonBP/Maps/UEDPIE_0_ThirdPersonExampleMap 0.868
[2017.09.07-01.11.24:570][141]LogBlueprintUserMessages: Late PlayInEditor Detection: Level '/Game/ThirdPersonBP/Maps/ThirdPersonExampleMap.ThirdPersonExampleMap:PersistentLevel' has LevelScriptBlueprint '/Game/ThirdPersonBP/Maps/ThirdPersonExampleMap.ThirdPersonExampleMap:PersistentLevel.ThirdPersonExampleMap' with GeneratedClass '/Game/ThirdPersonBP/Maps/ThirdPersonExampleMap.ThirdPersonExampleMap_C' with ClassGeneratedBy '/Game/ThirdPersonBP/Maps/ThirdPersonExampleMap.ThirdPersonExampleMap:PersistentLevel.ThirdPersonExampleMap'
[2017.09.07-01.11.30:154][412]LogBlueprintUserMessages: Early EndPlayMap Detection: Level '/Game/ThirdPersonBP/Maps/ThirdPersonExampleMap.ThirdPersonExampleMap:PersistentLevel' has LevelScriptBlueprint '/Game/ThirdPersonBP/Maps/ThirdPersonExampleMap.ThirdPersonExampleMap:PersistentLevel.ThirdPersonExampleMap' with GeneratedClass '/Game/ThirdPersonBP/Maps/ThirdPersonExampleMap.ThirdPersonExampleMap_C' with ClassGeneratedBy '/Game/ThirdPersonBP/Maps/ThirdPersonExampleMap.ThirdPersonExampleMap:PersistentLevel.ThirdPersonExampleMap'
[2017.09.07-01.11.30:217][412]LogBlueprintUserMessages: Late EndPlayMap Detection: Level '/Game/ThirdPersonBP/Maps/ThirdPersonExampleMap.ThirdPersonExampleMap:PersistentLevel' has LevelScriptBlueprint '/Game/ThirdPersonBP/Maps/ThirdPersonExampleMap.ThirdPersonExampleMap:PersistentLevel.ThirdPersonExampleMap' with GeneratedClass '/Game/ThirdPersonBP/Maps/ThirdPersonExampleMap.ThirdPersonExampleMap_C' with ClassGeneratedBy '/Game/ThirdPersonBP/Maps/ThirdPersonExampleMap.ThirdPersonExampleMap:PersistentLevel.ThirdPersonExampleMap'
[2017.09.07-01.12.04:140][183]LogBlueprintUserMessages: Early PlayInEditor Detection: Level '/Game/ThirdPersonBP/Maps/ThirdPersonExampleMap.ThirdPersonExampleMap:PersistentLevel' has LevelScriptBlueprint '/Game/ThirdPersonBP/Maps/ThirdPersonExampleMap.ThirdPersonExampleMap:PersistentLevel.ThirdPersonExampleMap' with GeneratedClass '/Game/ThirdPersonBP/Maps/ThirdPersonExampleMap.ThirdPersonExampleMap_C' with ClassGeneratedBy '/Game/ThirdPersonBP/Maps/ThirdPersonExampleMap.ThirdPersonExampleMap:PersistentLevel.ThirdPersonExampleMap'
[2017.09.07-01.12.04:140][183]LogPlayLevel: PlayLevel: No blueprints needed recompiling
[2017.09.07-01.12.04:140][183]PIE: New page: PIE session: ThirdPersonExampleMap (Sep 6, 2017, 2:12:04 PM)
[2017.09.07-01.12.04:140][183]LogPlayLevel: Creating play world package: /Game/ThirdPersonBP/Maps/UEDPIE_0_ThirdPersonExampleMap
[2017.09.07-01.12.04:223][183]LogPlayLevel: PIE: StaticDuplicateObject took: (0.082492s)
[2017.09.07-01.12.04:225][183]LogAIModule: Creating AISystem for world ThirdPersonExampleMap
[2017.09.07-01.12.04:226][183]LogPlayLevel: PIE: World Init took: (0.002827s)
[2017.09.07-01.12.04:226][183]LogPlayLevel: PIE: Created PIE world by copying editor world from /Game/ThirdPersonBP/Maps/ThirdPersonExampleMap.ThirdPersonExampleMap to /Game/ThirdPersonBP/Maps/UEDPIE_0_ThirdPersonExampleMap.ThirdPersonExampleMap (0.086095s)
[2017.09.07-01.12.04:299][183]LogInit: XAudio2 using 'Altavoces (Realtek High Definition Audio)' : 2 channels at 48 kHz using 32 bits per sample (channel mask 0x3)
[2017.09.07-01.12.04:328][183]LogInit: FAudioDevice initialized.
[2017.09.07-01.12.04:469][183]LogWorld: Game class is 'ThirdPersonGameMode_C'
[2017.09.07-01.12.04:483][183]LogWorld: Bringing World /Game/ThirdPersonBP/Maps/UEDPIE_0_ThirdPersonExampleMap.ThirdPersonExampleMap up for play (max tick rate 60) at 2017.09.06-20.12.04
[2017.09.07-01.12.04:485][183]LogWorld: Bringing up level for play took: 0.012253
[2017.09.07-01.12.04:500][183]PIE: Info Play in editor start time for /Game/ThirdPersonBP/Maps/UEDPIE_0_ThirdPersonExampleMap 0.799
[2017.09.07-01.12.04:501][183]LogBlueprintUserMessages: Late PlayInEditor Detection: Level '/Game/ThirdPersonBP/Maps/ThirdPersonExampleMap.ThirdPersonExampleMap:PersistentLevel' has LevelScriptBlueprint '/Game/ThirdPersonBP/Maps/ThirdPersonExampleMap.ThirdPersonExampleMap:PersistentLevel.ThirdPersonExampleMap' with GeneratedClass '/Game/ThirdPersonBP/Maps/ThirdPersonExampleMap.ThirdPersonExampleMap_C' with ClassGeneratedBy '/Game/ThirdPersonBP/Maps/ThirdPersonExampleMap.ThirdPersonExampleMap:PersistentLevel.ThirdPersonExampleMap'
[2017.09.07-01.12.10:668][489]LogBlueprintUserMessages: Early EndPlayMap Detection: Level '/Game/ThirdPersonBP/Maps/ThirdPersonExampleMap.ThirdPersonExampleMap:PersistentLevel' has LevelScriptBlueprint '/Game/ThirdPersonBP/Maps/ThirdPersonExampleMap.ThirdPersonExampleMap:PersistentLevel.ThirdPersonExampleMap' with GeneratedClass '/Game/ThirdPersonBP/Maps/ThirdPersonExampleMap.ThirdPersonExampleMap_C' with ClassGeneratedBy '/Game/ThirdPersonBP/Maps/ThirdPersonExampleMap.ThirdPersonExampleMap:PersistentLevel.ThirdPersonExampleMap'
[2017.09.07-01.12.10:729][489]LogBlueprintUserMessages: Late EndPlayMap Detection: Level '/Game/ThirdPersonBP/Maps/ThirdPersonExampleMap.ThirdPersonExampleMap:PersistentLevel' has LevelScriptBlueprint '/Game/ThirdPersonBP/Maps/ThirdPersonExampleMap.ThirdPersonExampleMap:PersistentLevel.ThirdPersonExampleMap' with GeneratedClass '/Game/ThirdPersonBP/Maps/ThirdPersonExampleMap.ThirdPersonExampleMap_C' with ClassGeneratedBy '/Game/ThirdPersonBP/Maps/ThirdPersonExampleMap.ThirdPersonExampleMap:PersistentLevel.ThirdPersonExampleMap'
[2017.09.07-01.12.21:304][  0]LogBlueprint:Warning: [ecRespawn] CreatePinForVariable: 'Health' variable not found. Base class was probably changed.
[2017.09.07-01.12.21:304][  0]LogBlueprint:Warning: [ecRespawn] CreatePinForVariable: 'Health' variable not found. Base class was probably changed.
[2017.09.07-01.12.21:304][  0]LogBlueprint:Warning: [ecRespawn] CreatePinForVariable: 'Ammo' variable not found. Base class was probably changed.
[2017.09.07-01.12.21:304][  0]LogBlueprint:Warning: [ecRespawn] CreatePinForVariable: 'Ammo' variable not found. Base class was probably changed.
[2017.09.07-01.12.21:305][  0]LogBlueprint:Warning: [ecRespawn] CreatePinForVariable: 'Health' variable not found. Base class was probably changed.
[2017.09.07-01.12.21:305][  0]LogBlueprint:Warning: [ecRespawn] CreatePinForVariable: 'Health' variable not found. Base class was probably changed.
[2017.09.07-01.12.21:319][  0]LogBlueprint:Error: Compiler Error This blueprint (self) is not compatible with ' Target ', therefore that pin must have a connection.
[2017.09.07-01.12.21:319][  0]LogBlueprint:Error: Compiler Error This blueprint (self) is not compatible with ' Target ', therefore that pin must have a connection.
[2017.09.07-01.12.21:319][  0]LogBlueprint:Error: Compiler Error This blueprint (self) is not compatible with ' Target ', therefore that pin must have a connection.
[2017.09.07-01.12.21:320][  0]LogBlueprint:Error: Compiler Error The property associated with  Health  could not be found
[2017.09.07-01.12.21:320][  0]LogBlueprint:Error: Compiler Error The property associated with  Ammo  could not be found
[2017.09.07-01.12.21:320][  0]LogBlueprint:Error: Compiler Error The property associated with  Health  could not be found
[2017.09.07-01.12.21:334][  0]LogBlueprint:Warning: Compiler Warning [0390.81] Compile of ecRespawn failed. 6 Fatal Issue(s) 0 Warning(s) [in 25 ms] (/Game/LIF/Actors/ecRespawn.ecRespawn)
[2017.09.07-01.12.21:335][  0]LogBlueprint:Warning: Compiler Warning [0390.81] Compile of ecRespawn failed. 6 Fatal Issue(s) 1 Warning(s) [in 0 ms] (/Game/LIF/Actors/ecRespawn.ecRespawn)
[2017.09.07-01.12.21:335][  0]LogBlueprint:Warning: Compiler Warning [0390.81] Compile of ecRespawn failed. 6 Fatal Issue(s) 2 Warning(s) [in 0 ms] (/Game/LIF/Actors/ecRespawn.ecRespawn)
[2017.09.07-01.12.27:889][262]LogEditorViewport: Clicking on Actor (LMB): StaticMeshActor (Floor)
[2017.09.07-01.12.29:528][324]LogEditorViewport: Clicking on Actor (LMB): ecRespawn_C (ecRespawn)
[2017.09.07-01.12.30:322][353]LogEditorViewport: Clicking on Actor (LMB): StaticMeshActor (Floor)
[2017.09.07-01.12.31:472][395]LogEditorViewport: Clicking on Actor (LMB): ecRespawn_C (ecRespawn)
[2017.09.07-01.14.40:582][125]BlueprintLog: New page: Compile ecRespawn
[2017.09.07-01.14.41:767][125]BlueprintEditorCompileResults: Info [0531.24] Compile of ecRespawn successful! [in 1,184 ms] (/Game/LIF/Actors/ecRespawn.ecRespawn)
[2017.09.07-01.15.01:297][ 97]BlueprintLog: New page: Compile ecRespawn
[2017.09.07-01.15.01:715][ 97]BlueprintEditorCompileResults: Info [0551.19] Compile of ecRespawn successful! [in 417 ms] (/Game/LIF/Actors/ecRespawn.ecRespawn)
[2017.09.07-01.15.08:462][384]Cmd: OBJ SAVEPACKAGE PACKAGE="/Game/LIF/Actors/ecRespawn" FILE="H:/A.DATA/UNREAL-17/LTG1/Content/LIF/Actors/ecRespawn.uasset" SILENT=true
[2017.09.07-01.15.09:637][384]LogSavePackage: Save=248.68ms
[2017.09.07-01.15.09:637][384]LogSavePackage: Moving 'H:/A.DATA/UNREAL-17/LTG1/Saved/ecRespawnF876CDFF498D7495963EFA8997668D72.tmp' to 'H:/A.DATA/UNREAL-17/LTG1/Content/LIF/Actors/ecRespawn.uasset'
[2017.09.07-01.15.09:669][384]LogSavePackage:Display: Finished SavePackage H:/A.DATA/UNREAL-17/LTG1/Content/LIF/Actors/ecRespawn.uasset
[2017.09.07-01.15.12:352][494]LogEditorViewport: Clicking on Actor (LMB): ecRespawn_C (ecRespawn)
[2017.09.07-01.16.43:167][714]LogLinker:Warning: Can't find file '/Game/FirstPersonBP/Blueprints/FirstPersonCharacter'
[2017.09.07-01.16.43:167][714]LogLinker:Warning: Can't find file for asset '/Game/FirstPersonBP/Blueprints/FirstPersonCharacter' while loading H:/A.DATA/UNREAL-17/LTG1/Content/LIF/Actors/Enemy.uasset.
[2017.09.07-01.16.43:167][714]LoadErrors:Error: Error /Game/LIF/Actors/Enemy : Can't find file for asset. /Game/FirstPersonBP/Blueprints/FirstPersonCharacter
[2017.09.07-01.16.43:171][714]LogLinker:Warning: Can't find file '/Game/FirstPersonBP/Blueprints/FirstPersonCharacter'
[2017.09.07-01.16.43:171][714]LogLinker:Warning: Can't find file for asset '/Game/FirstPersonBP/Blueprints/FirstPersonCharacter' while loading H:/A.DATA/UNREAL-17/LTG1/Content/LIF/Actors/Enemy.uasset.
[2017.09.07-01.16.43:176][714]LogLinker:Warning: Can't find file '/Game/FirstPersonBP/Blueprints/FirstPersonCharacter'
[2017.09.07-01.16.43:177][714]LogLinker:Warning: Can't find file for asset '/Game/FirstPersonBP/Blueprints/FirstPersonCharacter' while loading H:/A.DATA/UNREAL-17/LTG1/Content/LIF/Actors/Enemy.uasset.
[2017.09.07-01.16.43:180][714]LogLinker:Warning: Can't find file '/Game/FirstPersonBP/Blueprints/FirstPersonCharacter'
[2017.09.07-01.16.43:180][714]LogLinker:Warning: Can't find file for asset '/Game/FirstPersonBP/Blueprints/FirstPersonCharacter' while loading NULL.
[2017.09.07-01.16.43:181][714]LogLinker:Warning: Can't find file '/Game/FirstPersonBP/Blueprints/FirstPersonCharacter'
[2017.09.07-01.16.43:181][714]LogLinker:Warning: Can't find file for asset '/Game/FirstPersonBP/Blueprints/FirstPersonCharacter' while loading NULL.
[2017.09.07-01.16.43:181][714]LogLinker:Warning: Can't find file '/Game/FirstPersonBP/Blueprints/FirstPersonCharacter'
[2017.09.07-01.16.43:182][714]LogLinker:Warning: Can't find file for asset '/Game/FirstPersonBP/Blueprints/FirstPersonCharacter' while loading NULL.
[2017.09.07-01.16.43:182][714]LogLinker:Warning: Can't find file '/Game/FirstPersonBP/Blueprints/FirstPersonCharacter'
[2017.09.07-01.16.43:182][714]LogLinker:Warning: Can't find file for asset '/Game/FirstPersonBP/Blueprints/FirstPersonCharacter' while loading NULL.
[2017.09.07-01.16.43:186][714]LogLinker:Warning: Can't find file '/Game/FirstPersonBP/Blueprints/FirstPersonCharacter'
[2017.09.07-01.16.43:187][714]LoadErrors: Info Failed to load /Game/FirstPersonBP/Blueprints/FirstPersonCharacter.FirstPersonCharacter_C Referenced by K2Node_DynamicCast_0
[2017.09.07-01.16.43:187][714]LogLinker:Warning: Can't find file for asset '/Game/FirstPersonBP/Blueprints/FirstPersonCharacter' while loading NULL.
[2017.09.07-01.16.43:188][714]LogLinker:Warning: Can't find file '/Game/FirstPersonBP/Blueprints/FirstPersonCharacter'
[2017.09.07-01.16.43:188][714]LoadErrors: Info Failed to load /Game/FirstPersonBP/Blueprints/FirstPersonCharacter.FirstPersonCharacter_C Referenced by EdGraphPin_246
[2017.09.07-01.16.43:189][714]LogLinker:Warning: Can't find file for asset '/Game/FirstPersonBP/Blueprints/FirstPersonCharacter' while loading NULL.
[2017.09.07-01.16.43:190][714]LogLinker:Warning: Can't find file '/Game/FirstPersonBP/Blueprints/FirstPersonCharacter'
[2017.09.07-01.16.43:190][714]LoadErrors: Info Failed to load /Game/FirstPersonBP/Blueprints/FirstPersonCharacter.FirstPersonCharacter_C Referenced by K2Node_VariableGet_0
[2017.09.07-01.16.43:190][714]LogLinker:Warning: Can't find file for asset '/Game/FirstPersonBP/Blueprints/FirstPersonCharacter' while loading NULL.
[2017.09.07-01.16.43:191][714]LogLinker:Warning: Can't find file '/Game/FirstPersonBP/Blueprints/FirstPersonCharacter'
[2017.09.07-01.16.43:191][714]LoadErrors: Info Failed to load /Game/FirstPersonBP/Blueprints/FirstPersonCharacter.FirstPersonCharacter_C Referenced by EdGraphPin_249
[2017.09.07-01.16.43:191][714]LogLinker:Warning: Can't find file for asset '/Game/FirstPersonBP/Blueprints/FirstPersonCharacter' while loading NULL.
[2017.09.07-01.16.43:192][714]LogLinker:Warning: Can't find file '/Game/FirstPersonBP/Blueprints/FirstPersonCharacter'
[2017.09.07-01.16.43:192][714]LoadErrors: Info Failed to load /Game/FirstPersonBP/Blueprints/FirstPersonCharacter.FirstPersonCharacter_C Referenced by K2Node_VariableSet_0
[2017.09.07-01.16.43:192][714]LogLinker:Warning: Can't find file for asset '/Game/FirstPersonBP/Blueprints/FirstPersonCharacter' while loading NULL.
[2017.09.07-01.16.43:193][714]LogLinker:Warning: Can't find file '/Game/FirstPersonBP/Blueprints/FirstPersonCharacter'
[2017.09.07-01.16.43:193][714]LoadErrors: Info Failed to load /Game/FirstPersonBP/Blueprints/FirstPersonCharacter.FirstPersonCharacter_C Referenced by EdGraphPin_254
[2017.09.07-01.16.43:194][714]LogLinker:Warning: Can't find file for asset '/Game/FirstPersonBP/Blueprints/FirstPersonCharacter' while loading NULL.
[2017.09.07-01.16.43:205][714]LogBlueprint:Warning: [ecEnemy] CreatePinForVariable: 'Health' variable not found. Base class was probably changed.
[2017.09.07-01.16.43:205][714]LogBlueprint:Warning: [ecEnemy] CreatePinForVariable: 'Health' variable not found. Base class was probably changed.
[2017.09.07-01.16.43:205][714]LogBlueprint:Warning: [ecEnemy] CreatePinForVariable: 'Health' variable not found. Base class was probably changed.
[2017.09.07-01.16.43:213][714]LogBlueprint:Warning: Compiler Warning Could not find a variable named "Health" in 'ecEnemy'.
Make sure 'ecEnemy' has been compiled for  Set Health 
[2017.09.07-01.16.43:213][714]LogBlueprint:Warning: Compiler Warning Could not find a variable named "Health" in 'ecEnemy'.
Make sure 'ecEnemy' has been compiled for  Get Health 
[2017.09.07-01.16.43:213][714]LogBlueprint:Warning: Compiler Warning Can't connect pins  Object  and  Other Actor : This cast has an invalid target type (was the class deleted without a redirect?).
[2017.09.07-01.16.43:214][714]LogBlueprint:Warning: Compiler Warning Can't connect pins  Other Actor  and  Object : This cast has an invalid target type (was the class deleted without a redirect?).
[2017.09.07-01.16.43:215][714]LogBlueprint:Error: Compiler Error This blueprint (self) is not compatible with ' Target ', therefore that pin must have a connection.
[2017.09.07-01.16.43:215][714]LogBlueprint:Error: Compiler Error This blueprint (self) is not compatible with ' Target ', therefore that pin must have a connection.
[2017.09.07-01.16.43:215][714]LogBlueprint:Error: Compiler Error The property associated with  Health  could not be found
[2017.09.07-01.16.43:215][714]LogBlueprint:Error: Compiler Error The property associated with  Health  could not be found
[2017.09.07-01.16.43:226][714]LogBlueprint:Warning: Compiler Warning [0652.70] Compile of ecEnemy failed. 4 Fatal Issue(s) 4 Warning(s) [in 17 ms] (/Game/LIF/Actors/Enemy.ecEnemy)
[2017.09.07-01.16.43:226][714]LogBlueprint:Warning: Compiler Warning [0652.70] Compile of ecEnemy failed. 4 Fatal Issue(s) 5 Warning(s) [in 0 ms] (/Game/LIF/Actors/Enemy.ecEnemy)
[2017.09.07-01.16.43:226][714]LogBlueprint:Warning: Compiler Warning [0652.70] Compile of ecEnemy failed. 4 Fatal Issue(s) 6 Warning(s) [in 0 ms] (/Game/LIF/Actors/Enemy.ecEnemy)
[2017.09.07-01.17.43:519][957]BlueprintLog: New page: Compile ecEnemy
[2017.09.07-01.17.44:361][957]BlueprintEditorCompileResults: Info [0713.84] Compile of ecEnemy successful! [in 841 ms] (/Game/LIF/Actors/Enemy.ecEnemy)
[2017.09.07-01.18.23:793][175]BlueprintLog: New page: Compile ecEnemy
[2017.09.07-01.18.24:963][175]BlueprintEditorCompileResults: Info [0754.44] Compile of ecEnemy successful! [in 1,169 ms] (/Game/LIF/Actors/Enemy.ecEnemy)
[2017.09.07-01.18.33:633][661]BlueprintLog: New page: Compile ecEnemy
[2017.09.07-01.18.33:967][661]BlueprintEditorCompileResults: Info [0763.44] Compile of ecEnemy successful! [in 333 ms] (/Game/LIF/Actors/Enemy.ecEnemy)
[2017.09.07-01.18.34:668][694]Cmd: OBJ SAVEPACKAGE PACKAGE="/Game/LIF/Actors/Enemy" FILE="H:/A.DATA/UNREAL-17/LTG1/Content/LIF/Actors/Enemy.uasset" SILENT=true
[2017.09.07-01.18.34:808][694]LogSavePackage: Save=109.32ms
[2017.09.07-01.18.34:808][694]LogSavePackage: Moving 'H:/A.DATA/UNREAL-17/LTG1/Saved/Enemy42363C46494903F6DB8F379793C05A92.tmp' to 'H:/A.DATA/UNREAL-17/LTG1/Content/LIF/Actors/Enemy.uasset'
[2017.09.07-01.18.34:830][694]LogSavePackage:Display: Finished SavePackage H:/A.DATA/UNREAL-17/LTG1/Content/LIF/Actors/Enemy.uasset
[2017.09.07-01.18.54:408][712]LogEditorViewport: Clicking Background
[2017.09.07-01.18.55:721][776]LogEditorViewport: Clicking on Actor (LMB): ecRespawn_C (ecRespawn)
[2017.09.07-01.18.56:485][805]Cmd: DELETE
[2017.09.07-01.18.56:485][805]Cmd: ACTOR DELETE
[2017.09.07-01.18.56:489][805]LogEditorActor: Deleted Actor: ecRespawn_C
[2017.09.07-01.18.56:563][805]LogEditorActor: Deleted 1 Actors (0.075 secs)
[2017.09.07-01.19.24:205][888]LogBlueprintUserMessages: Early PlayInEditor Detection: Level '/Game/ThirdPersonBP/Maps/ThirdPersonExampleMap.ThirdPersonExampleMap:PersistentLevel' has LevelScriptBlueprint '/Game/ThirdPersonBP/Maps/ThirdPersonExampleMap.ThirdPersonExampleMap:PersistentLevel.ThirdPersonExampleMap' with GeneratedClass '/Game/ThirdPersonBP/Maps/ThirdPersonExampleMap.ThirdPersonExampleMap_C' with ClassGeneratedBy '/Game/ThirdPersonBP/Maps/ThirdPersonExampleMap.ThirdPersonExampleMap:PersistentLevel.ThirdPersonExampleMap'
[2017.09.07-01.19.24:205][888]LogPlayLevel: PlayLevel: No blueprints needed recompiling
[2017.09.07-01.19.24:205][888]PIE: New page: PIE session: ThirdPersonExampleMap (Sep 6, 2017, 2:19:24 PM)
[2017.09.07-01.19.24:205][888]LogPlayLevel: Creating play world package: /Game/ThirdPersonBP/Maps/UEDPIE_0_ThirdPersonExampleMap
[2017.09.07-01.19.24:293][888]LogPlayLevel: PIE: StaticDuplicateObject took: (0.087390s)
[2017.09.07-01.19.24:296][888]LogAIModule: Creating AISystem for world ThirdPersonExampleMap
[2017.09.07-01.19.24:296][888]LogPlayLevel: PIE: World Init took: (0.003053s)
[2017.09.07-01.19.24:297][888]LogPlayLevel: PIE: Created PIE world by copying editor world from /Game/ThirdPersonBP/Maps/ThirdPersonExampleMap.ThirdPersonExampleMap to /Game/ThirdPersonBP/Maps/UEDPIE_0_ThirdPersonExampleMap.ThirdPersonExampleMap (0.091499s)
[2017.09.07-01.19.24:385][888]LogInit: XAudio2 using 'Altavoces (Realtek High Definition Audio)' : 2 channels at 48 kHz using 32 bits per sample (channel mask 0x3)
[2017.09.07-01.19.24:416][888]LogInit: FAudioDevice initialized.
[2017.09.07-01.19.24:552][888]LogWorld: Game class is 'ThirdPersonGameMode_C'
[2017.09.07-01.19.24:567][888]LogWorld: Bringing World /Game/ThirdPersonBP/Maps/UEDPIE_0_ThirdPersonExampleMap.ThirdPersonExampleMap up for play (max tick rate 60) at 2017.09.06-20.19.24
[2017.09.07-01.19.24:570][888]LogWorld: Bringing up level for play took: 0.014133
[2017.09.07-01.19.24:586][888]PIE: Info Play in editor start time for /Game/ThirdPersonBP/Maps/UEDPIE_0_ThirdPersonExampleMap 0.885
[2017.09.07-01.19.24:586][888]LogBlueprintUserMessages: Late PlayInEditor Detection: Level '/Game/ThirdPersonBP/Maps/ThirdPersonExampleMap.ThirdPersonExampleMap:PersistentLevel' has LevelScriptBlueprint '/Game/ThirdPersonBP/Maps/ThirdPersonExampleMap.ThirdPersonExampleMap:PersistentLevel.ThirdPersonExampleMap' with GeneratedClass '/Game/ThirdPersonBP/Maps/ThirdPersonExampleMap.ThirdPersonExampleMap_C' with ClassGeneratedBy '/Game/ThirdPersonBP/Maps/ThirdPersonExampleMap.ThirdPersonExampleMap:PersistentLevel.ThirdPersonExampleMap'
[2017.09.07-01.19.30:003][144]LogScript:Warning: Accessed None trying to read property CallFunc_Array_Get_Item2
	ThirdPersonCharacter_C /Game/ThirdPersonBP/Maps/UEDPIE_0_ThirdPersonExampleMap.ThirdPersonExampleMap:PersistentLevel.ThirdPersonCharacter_167
	Function /Game/ThirdPersonBP/Blueprints/ThirdPersonCharacter.ThirdPersonCharacter_C:GenericWidget:029C
[2017.09.07-01.19.30:004][144]PIE:Error: Error Blueprint Runtime Error: Accessed None trying to read property CallFunc_Array_Get_Item2 from function: 'GenericWidget' from node: Set Visibility in graph: GenericWidget in object: ThirdPersonCharacter with description: Accessed None trying to read property CallFunc_Array_Get_Item2
[2017.09.07-01.19.30:004][144]LogScript:Warning: Accessed None trying to read property CallFunc_Array_Get_Item2
	ThirdPersonCharacter_C /Game/ThirdPersonBP/Maps/UEDPIE_0_ThirdPersonExampleMap.ThirdPersonExampleMap:PersistentLevel.ThirdPersonCharacter_167
	Function /Game/ThirdPersonBP/Blueprints/ThirdPersonCharacter.ThirdPersonCharacter_C:GenericWidget:029C
[2017.09.07-01.19.30:004][144]PIE:Error: Error Blueprint Runtime Error: Accessed None trying to read property CallFunc_Array_Get_Item2 from function: 'GenericWidget' from node: Set Visibility in graph: GenericWidget in object: ThirdPersonCharacter with description: Accessed None trying to read property CallFunc_Array_Get_Item2
[2017.09.07-01.19.44:422][900]LogBlueprintUserMessages: Early EndPlayMap Detection: Level '/Game/ThirdPersonBP/Maps/ThirdPersonExampleMap.ThirdPersonExampleMap:PersistentLevel' has LevelScriptBlueprint '/Game/ThirdPersonBP/Maps/ThirdPersonExampleMap.ThirdPersonExampleMap:PersistentLevel.ThirdPersonExampleMap' with GeneratedClass '/Game/ThirdPersonBP/Maps/ThirdPersonExampleMap.ThirdPersonExampleMap_C' with ClassGeneratedBy '/Game/ThirdPersonBP/Maps/ThirdPersonExampleMap.ThirdPersonExampleMap:PersistentLevel.ThirdPersonExampleMap'
[2017.09.07-01.19.44:548][900]LogBlueprintUserMessages: Late EndPlayMap Detection: Level '/Game/ThirdPersonBP/Maps/ThirdPersonExampleMap.ThirdPersonExampleMap:PersistentLevel' has LevelScriptBlueprint '/Game/ThirdPersonBP/Maps/ThirdPersonExampleMap.ThirdPersonExampleMap:PersistentLevel.ThirdPersonExampleMap' with GeneratedClass '/Game/ThirdPersonBP/Maps/ThirdPersonExampleMap.ThirdPersonExampleMap_C' with ClassGeneratedBy '/Game/ThirdPersonBP/Maps/ThirdPersonExampleMap.ThirdPersonExampleMap:PersistentLevel.ThirdPersonExampleMap'
[2017.09.07-01.20.29:566][773]BlueprintLog: New page: Compile ThirdPersonCharacter
[2017.09.07-01.20.31:505][773]BlueprintEditorCompileResults: Info [0880.98] Compile of ThirdPersonCharacter successful! [in 1,938 ms] (/Game/ThirdPersonBP/Blueprints/ThirdPersonCharacter.ThirdPersonCharacter)
[2017.09.07-01.20.31:916][778]Cmd: OBJ SAVEPACKAGE PACKAGE="/Game/ThirdPersonBP/Blueprints/ThirdPersonCharacter" FILE="H:/A.DATA/UNREAL-17/LTG1/Content/ThirdPersonBP/Blueprints/ThirdPersonCharacter.uasset" SILENT=true
[2017.09.07-01.20.32:848][778]LogSavePackage: Save=869.57ms
[2017.09.07-01.20.32:848][778]LogSavePackage: Moving 'H:/A.DATA/UNREAL-17/LTG1/Saved/ThirdPersonCharacterE3C24F1D49B2B15E4E9DE497910B3FD9.tmp' to 'H:/A.DATA/UNREAL-17/LTG1/Content/ThirdPersonBP/Blueprints/ThirdPersonCharacter.uasset'
[2017.09.07-01.20.32:875][778]LogSavePackage:Display: Finished SavePackage H:/A.DATA/UNREAL-17/LTG1/Content/ThirdPersonBP/Blueprints/ThirdPersonCharacter.uasset
[2017.09.07-01.20.34:454][837]LogBlueprintUserMessages: Early PlayInEditor Detection: Level '/Game/ThirdPersonBP/Maps/ThirdPersonExampleMap.ThirdPersonExampleMap:PersistentLevel' has LevelScriptBlueprint '/Game/ThirdPersonBP/Maps/ThirdPersonExampleMap.ThirdPersonExampleMap:PersistentLevel.ThirdPersonExampleMap' with GeneratedClass '/Game/ThirdPersonBP/Maps/ThirdPersonExampleMap.ThirdPersonExampleMap_C' with ClassGeneratedBy '/Game/ThirdPersonBP/Maps/ThirdPersonExampleMap.ThirdPersonExampleMap:PersistentLevel.ThirdPersonExampleMap'
[2017.09.07-01.20.34:454][837]LogPlayLevel: PlayLevel: No blueprints needed recompiling
[2017.09.07-01.20.34:454][837]PIE: New page: PIE session: ThirdPersonExampleMap (Sep 6, 2017, 2:20:34 PM)
[2017.09.07-01.20.34:454][837]LogPlayLevel: Creating play world package: /Game/ThirdPersonBP/Maps/UEDPIE_0_ThirdPersonExampleMap
[2017.09.07-01.20.34:539][837]LogPlayLevel: PIE: StaticDuplicateObject took: (0.084832s)
[2017.09.07-01.20.34:542][837]LogAIModule: Creating AISystem for world ThirdPersonExampleMap
[2017.09.07-01.20.34:542][837]LogPlayLevel: PIE: World Init took: (0.003508s)
[2017.09.07-01.20.34:544][837]LogPlayLevel: PIE: Created PIE world by copying editor world from /Game/ThirdPersonBP/Maps/ThirdPersonExampleMap.ThirdPersonExampleMap to /Game/ThirdPersonBP/Maps/UEDPIE_0_ThirdPersonExampleMap.ThirdPersonExampleMap (0.089406s)
[2017.09.07-01.20.34:625][837]LogInit: XAudio2 using 'Altavoces (Realtek High Definition Audio)' : 2 channels at 48 kHz using 32 bits per sample (channel mask 0x3)
[2017.09.07-01.20.34:654][837]LogInit: FAudioDevice initialized.
[2017.09.07-01.20.34:791][837]LogWorld: Game class is 'ThirdPersonGameMode_C'
[2017.09.07-01.20.34:806][837]LogWorld: Bringing World /Game/ThirdPersonBP/Maps/UEDPIE_0_ThirdPersonExampleMap.ThirdPersonExampleMap up for play (max tick rate 60) at 2017.09.06-20.20.34
[2017.09.07-01.20.34:808][837]LogWorld: Bringing up level for play took: 0.012786
[2017.09.07-01.20.34:824][837]PIE: Info Play in editor start time for /Game/ThirdPersonBP/Maps/UEDPIE_0_ThirdPersonExampleMap 1.122
[2017.09.07-01.20.34:825][837]LogBlueprintUserMessages: Late PlayInEditor Detection: Level '/Game/ThirdPersonBP/Maps/ThirdPersonExampleMap.ThirdPersonExampleMap:PersistentLevel' has LevelScriptBlueprint '/Game/ThirdPersonBP/Maps/ThirdPersonExampleMap.ThirdPersonExampleMap:PersistentLevel.ThirdPersonExampleMap' with GeneratedClass '/Game/ThirdPersonBP/Maps/ThirdPersonExampleMap.ThirdPersonExampleMap_C' with ClassGeneratedBy '/Game/ThirdPersonBP/Maps/ThirdPersonExampleMap.ThirdPersonExampleMap:PersistentLevel.ThirdPersonExampleMap'
[2017.09.07-01.20.42:144][193]LogBlueprintUserMessages: Early EndPlayMap Detection: Level '/Game/ThirdPersonBP/Maps/ThirdPersonExampleMap.ThirdPersonExampleMap:PersistentLevel' has LevelScriptBlueprint '/Game/ThirdPersonBP/Maps/ThirdPersonExampleMap.ThirdPersonExampleMap:PersistentLevel.ThirdPersonExampleMap' with GeneratedClass '/Game/ThirdPersonBP/Maps/ThirdPersonExampleMap.ThirdPersonExampleMap_C' with ClassGeneratedBy '/Game/ThirdPersonBP/Maps/ThirdPersonExampleMap.ThirdPersonExampleMap:PersistentLevel.ThirdPersonExampleMap'
[2017.09.07-01.20.42:302][193]LogBlueprintUserMessages: Late EndPlayMap Detection: Level '/Game/ThirdPersonBP/Maps/ThirdPersonExampleMap.ThirdPersonExampleMap:PersistentLevel' has LevelScriptBlueprint '/Game/ThirdPersonBP/Maps/ThirdPersonExampleMap.ThirdPersonExampleMap:PersistentLevel.ThirdPersonExampleMap' with GeneratedClass '/Game/ThirdPersonBP/Maps/ThirdPersonExampleMap.ThirdPersonExampleMap_C' with ClassGeneratedBy '/Game/ThirdPersonBP/Maps/ThirdPersonExampleMap.ThirdPersonExampleMap:PersistentLevel.ThirdPersonExampleMap'
[2017.09.07-01.21.53:064][934]LogSavePackage: Save=2278.14ms
[2017.09.07-01.21.53:067][934]LogSavePackage: Moving 'H:/A.DATA/UNREAL-17/LTG1/Saved/ThirdPersonExampleMap413ADB61471839C1951B8F857919FAD3.tmp' to 'H:/A.DATA/UNREAL-17/LTG1/Content/ThirdPersonBP/Maps/ThirdPersonExampleMap.umap'
[2017.09.07-01.21.53:097][934]LogSavePackage:Display: Finished SavePackage H:/A.DATA/UNREAL-17/LTG1/Content/ThirdPersonBP/Maps/ThirdPersonExampleMap.umap
[2017.09.07-01.21.54:402][965]LogActorComponent: UnregisterComponent: (/Engine/Transient.EditorFloorComp) Not registered. Aborting.
[2017.09.07-01.21.54:531][965]LogActorComponent: UnregisterComponent: (/Engine/Transient.EditorFloorComp) Not registered. Aborting.
[2017.09.07-01.21.54:659][965]LogWindowsTextInputMethodSystem:Display: IME system now deactivated.
[2017.09.07-01.21.55:050][966]Cmd: QUIT_EDITOR
[2017.09.07-01.21.55:940][966]LogExit: Preparing to exit.
[2017.09.07-01.21.56:525][966]LogExit: Editor shut down
[2017.09.07-01.21.56:529][966]LogExit: Transaction tracking system shut down
[2017.09.07-01.21.57:264][966]LogObj: Freed 0b from 0 cluster array pools.
[2017.09.07-01.21.57:265][966]LogExit: Object subsystem successfully closed.
[2017.09.07-01.21.57:308][966]LogD3D11RHI: Shutdown
[2017.09.07-01.21.57:308][966]LogD3D11RHI: CleanupD3DDevice
[2017.09.07-01.21.57:432][966]LogD3D11RHI: ~FD3D11DynamicRHI
[2017.09.07-01.21.57:532][966]LogModuleManager: Shutting down and abandoning module BlueprintGraph (215)
[2017.09.07-01.21.57:532][966]LogModuleManager: Shutting down and abandoning module MovieSceneCapture (214)
[2017.09.07-01.21.57:532][966]LogModuleManager: Shutting down and abandoning module HierarchicalLODOutliner (213)
[2017.09.07-01.21.57:533][966]LogModuleManager: Shutting down and abandoning module CrashTracker (212)
[2017.09.07-01.21.57:533][966]LogModuleManager: Shutting down and abandoning module SceneOutliner (211)
[2017.09.07-01.21.57:533][966]LogModuleManager: Shutting down and abandoning module WidgetCarousel (210)
[2017.09.07-01.21.57:533][966]LogModuleManager: Shutting down and abandoning module AddContentDialog (209)
[2017.09.07-01.21.57:536][966]LogModuleManager: Shutting down and abandoning module GameplayTags (208)
[2017.09.07-01.21.57:536][966]LogModuleManager: Shutting down and abandoning module EditorWidgets (207)
[2017.09.07-01.21.57:537][966]LogModuleManager: Shutting down and abandoning module CollectionManager (206)
[2017.09.07-01.21.57:537][966]LogModuleManager: Shutting down and abandoning module StatsViewer (205)
[2017.09.07-01.21.57:537][966]LogModuleManager: Shutting down and abandoning module FoliageEdit (204)
[2017.09.07-01.21.57:537][966]LogModuleManager: Shutting down and abandoning module LandscapeEditor (203)
[2017.09.07-01.21.57:538][966]LogModuleManager: Shutting down and abandoning module SceneDepthPickerMode (202)
[2017.09.07-01.21.57:538][966]LogModuleManager: Shutting down and abandoning module ActorPickerMode (201)
[2017.09.07-01.21.57:538][966]LogModuleManager: Shutting down and abandoning module GeometryMode (200)
[2017.09.07-01.21.57:538][966]LogModuleManager: Shutting down and abandoning module TextureAlignMode (199)
[2017.09.07-01.21.57:538][966]LogModuleManager: Shutting down and abandoning module BspMode (198)
[2017.09.07-01.21.57:538][966]LogModuleManager: Shutting down and abandoning module HardwareSurvey (197)
[2017.09.07-01.21.57:538][966]LogModuleManager: Shutting down and abandoning module SequenceRecorderSections (196)
[2017.09.07-01.21.57:539][966]LogModuleManager: Shutting down and abandoning module SequenceRecorder (195)
[2017.09.07-01.21.57:539][966]LogModuleManager: Shutting down and abandoning module AutomationWorker (194)
[2017.09.07-01.21.57:539][966]LogModuleManager: Shutting down and abandoning module MatineeToLevelSequence (193)
[2017.09.07-01.21.57:539][966]LogModuleManager: Shutting down and abandoning module PlacementMode (192)
[2017.09.07-01.21.57:539][966]LogModuleManager: Shutting down and abandoning module LevelSequenceEditor (191)
[2017.09.07-01.21.57:540][966]LogModuleManager: Shutting down and abandoning module CharacterAI (190)
[2017.09.07-01.21.57:540][966]LogModuleManager: Shutting down and abandoning module SmartSnapping (189)
[2017.09.07-01.21.57:540][966]LogModuleManager: Shutting down and abandoning module SessionServices (188)
[2017.09.07-01.21.57:540][966]LogModuleManager: Shutting down and abandoning module ViewportSnapping (187)
[2017.09.07-01.21.57:540][966]LogModuleManager: Shutting down and abandoning module LogVisualizer (186)
[2017.09.07-01.21.57:541][966]LogModuleManager: Shutting down and abandoning module GameProjectGeneration (185)
[2017.09.07-01.21.57:541][966]LogModuleManager: Shutting down and abandoning module IntroTutorials (184)
[2017.09.07-01.21.57:541][966]LogModuleManager: Shutting down and abandoning module EditorLiveStreaming (183)
[2017.09.07-01.21.57:541][966]LogModuleManager: Shutting down and abandoning module IOSPlatformEditor (182)
[2017.09.07-01.21.57:541][966]LogModuleManager: Shutting down and abandoning module HTML5PlatformEditor (181)
[2017.09.07-01.21.57:541][966]LogModuleManager: Shutting down and abandoning module AndroidDeviceDetection (180)
[2017.09.07-01.21.58:140][966]LogModuleManager: Shutting down and abandoning module AndroidPlatformEditor (179)
[2017.09.07-01.21.58:140][966]LogModuleManager: Shutting down and abandoning module IOSRuntimeSettings (178)
[2017.09.07-01.21.58:140][966]LogModuleManager: Shutting down and abandoning module AndroidRuntimeSettings (177)
[2017.09.07-01.21.58:140][966]LogModuleManager: Shutting down and abandoning module MergeActors (176)
[2017.09.07-01.21.58:140][966]LogModuleManager: Shutting down and abandoning module SizeMap (175)
[2017.09.07-01.21.58:141][966]LogModuleManager: Shutting down and abandoning module TreeMap (174)
[2017.09.07-01.21.58:141][966]LogModuleManager: Shutting down and abandoning module ReferenceViewer (173)
[2017.09.07-01.21.58:141][966]LogModuleManager: Shutting down and abandoning module LocalizationService (172)
[2017.09.07-01.21.58:141][966]LogModuleManager: Shutting down and abandoning module LocalizationDashboard (171)
[2017.09.07-01.21.58:141][966]LogModuleManager: Shutting down and abandoning module HardwareTargeting (170)
[2017.09.07-01.21.58:141][966]LogModuleManager: Shutting down and abandoning module DeviceProfileEditor (169)
[2017.09.07-01.21.58:141][966]LogModuleManager: Shutting down and abandoning module UndoHistory (168)
[2017.09.07-01.21.58:141][966]LogModuleManager: Shutting down and abandoning module UserFeedback (167)
[2017.09.07-01.21.58:141][966]LogModuleManager: Shutting down and abandoning module XmlParser (166)
[2017.09.07-01.21.58:141][966]LogModuleManager: Shutting down and abandoning module Blutility (165)
[2017.09.07-01.21.58:141][966]LogModuleManager: Shutting down and abandoning module ProjectTargetPlatformEditor (164)
[2017.09.07-01.21.58:142][966]LogModuleManager: Shutting down and abandoning module ProjectSettingsViewer (163)
[2017.09.07-01.21.58:142][966]LogModuleManager: Shutting down and abandoning module InputBindingEditor (162)
[2017.09.07-01.21.58:142][966]LogModuleManager: Shutting down and abandoning module EditorSettingsViewer (161)
[2017.09.07-01.21.58:143][966]LogModuleManager: Shutting down and abandoning module SettingsEditor (160)
[2017.09.07-01.21.58:143][966]LogModuleManager: Shutting down and abandoning module ProjectLauncher (159)
[2017.09.07-01.21.58:143][966]LogModuleManager: Shutting down and abandoning module SessionFrontend (158)
[2017.09.07-01.21.58:143][966]LogModuleManager: Shutting down and abandoning module ProfilerClient (157)
[2017.09.07-01.21.58:143][966]LogModuleManager: Shutting down and abandoning module TargetDeviceServices (156)
[2017.09.07-01.21.58:143][966]LogModuleManager: Shutting down and abandoning module DeviceManager (155)
[2017.09.07-01.21.58:209][966]LogModuleManager: Shutting down and abandoning module AutomationController (154)
[2017.09.07-01.21.58:209][966]LogModuleManager: Shutting down and abandoning module AutomationWindow (153)
[2017.09.07-01.21.58:209][966]LogModuleManager: Shutting down and abandoning module Layers (152)
[2017.09.07-01.21.58:209][966]LogModuleManager: Shutting down and abandoning module ComponentVisualizers (151)
[2017.09.07-01.21.58:209][966]LogModuleManager: Shutting down and abandoning module DetailCustomizations (150)
[2017.09.07-01.21.58:209][966]LogModuleManager: Shutting down and abandoning module PackagesDialog (149)
[2017.09.07-01.21.58:210][966]LogModuleManager: Shutting down and abandoning module Persona (148)
[2017.09.07-01.21.58:210][966]LogModuleManager: Shutting down and abandoning module Kismet (147)
[2017.09.07-01.21.58:210][966]LogModuleManager: Shutting down and abandoning module GraphEditor (146)
[2017.09.07-01.21.58:210][966]LogModuleManager: Shutting down and abandoning module ClassViewer (145)
[2017.09.07-01.21.58:215][966]LogModuleManager: Shutting down and abandoning module Toolbox (144)
[2017.09.07-01.21.58:215][966]LogModuleManager: Shutting down and abandoning module ModuleUI (143)
[2017.09.07-01.21.58:216][966]LogModuleManager: Shutting down and abandoning module MovieSceneTools (142)
[2017.09.07-01.21.58:216][966]LogModuleManager: Shutting down and abandoning module OutputLog (141)
[2017.09.07-01.21.58:216][966]LogModuleManager: Shutting down and abandoning module GammaUI (140)
[2017.09.07-01.21.58:216][966]LogModuleManager: Shutting down and abandoning module Documentation (139)
[2017.09.07-01.21.58:216][966]LogModuleManager: Shutting down and abandoning module StreamingPauseRendering (138)
[2017.09.07-01.21.58:216][966]LogModuleManager: Shutting down and abandoning module AnalyticsET (137)
[2017.09.07-01.21.58:216][966]LogModuleManager: Shutting down and abandoning module Analytics (136)
[2017.09.07-01.21.58:216][966]LogModuleManager: Shutting down and abandoning module PortalServices (135)
[2017.09.07-01.21.58:216][966]LogModuleManager: Shutting down and abandoning module PortalRpc (134)
[2017.09.07-01.21.58:216][966]LogModuleManager: Shutting down and abandoning module MessagingRpc (133)
[2017.09.07-01.21.58:216][966]LogModuleManager: Shutting down and abandoning module GameplayDebugger (132)
[2017.09.07-01.21.58:217][966]LogModuleManager: Shutting down and abandoning module AITestSuite (131)
[2017.09.07-01.21.58:217][966]LogModuleManager: Shutting down and abandoning module AIModule (130)
[2017.09.07-01.21.58:217][966]LogModuleManager: Shutting down and abandoning module ProfilerService (129)
[2017.09.07-01.21.58:230][966]LogModuleManager: Shutting down and abandoning module TaskGraph (128)
[2017.09.07-01.21.58:231][966]LogModuleManager: Shutting down and abandoning module SlateRemote (127)
[2017.09.07-01.21.58:231][966]LogModuleManager: Shutting down and abandoning module SteamVRController (126)
[2017.09.07-01.21.58:231][966]LogModuleManager: Shutting down and abandoning module SteamVR (125)
[2017.09.07-01.21.58:231][966]LogModuleManager: Shutting down and abandoning module ProceduralMeshComponent (124)
[2017.09.07-01.21.58:231][966]LogModuleManager: Shutting down and abandoning module OculusLibrary (123)
[2017.09.07-01.21.58:231][966]LogModuleManager: Shutting down and abandoning module OculusInput (122)
[2017.09.07-01.21.58:231][966]LogModuleManager: Shutting down and abandoning module CustomMeshComponent (121)
[2017.09.07-01.21.58:231][966]LogModuleManager: Shutting down and abandoning module CableComponent (120)
[2017.09.07-01.21.58:231][966]LogModuleManager: Shutting down and abandoning module ArchVisCharacter (119)
[2017.09.07-01.21.58:231][966]LogModuleManager: Shutting down and abandoning module MediaPlayerEditor (118)
[2017.09.07-01.21.58:232][966]LogModuleManager: Shutting down and abandoning module HTML5Networking (117)
[2017.09.07-01.21.58:232][966]LogModuleManager: Shutting down and abandoning module SuperSearch (116)
[2017.09.07-01.21.58:232][966]LogModuleManager: Shutting down and abandoning module SuperSearchEditor (115)
[2017.09.07-01.21.58:232][966]LogModuleManager: Shutting down and abandoning module SpeedTreeImporter (114)
[2017.09.07-01.21.58:232][966]LogModuleManager: Shutting down and abandoning module PluginBrowser (113)
[2017.09.07-01.21.58:232][966]LogModuleManager: Shutting down and abandoning module EpicSurvey (112)
[2017.09.07-01.21.58:232][966]LogModuleManager: Shutting down and abandoning module DesktopPlatform (111)
[2017.09.07-01.21.58:233][966]LogModuleManager: Shutting down and abandoning module VisualStudioSourceCodeAccess (110)
[2017.09.07-01.21.58:233][966]LogModuleManager: Shutting down and abandoning module UObjectPlugin (109)
[2017.09.07-01.21.58:233][966]LogModuleManager: Shutting down and abandoning module SubversionSourceControl (108)
[2017.09.07-01.21.58:233][966]LogModuleManager: Shutting down and abandoning module PerforceSourceControl (107)
[2017.09.07-01.21.58:233][966]LogModuleManager: Shutting down and abandoning module SourceControl (106)
[2017.09.07-01.21.58:233][966]LogModuleManager: Shutting down and abandoning module GitSourceControl (105)
[2017.09.07-01.21.58:233][966]LogModuleManager: Shutting down and abandoning module LightPropagationVolumeEditor (104)
[2017.09.07-01.21.58:233][966]LogModuleManager: Shutting down and abandoning module PaperTiledImporter (103)
[2017.09.07-01.21.58:233][966]LogModuleManager: Shutting down and abandoning module PaperSpriteSheetImporter (102)
[2017.09.07-01.21.58:233][966]LogModuleManager: Shutting down and abandoning module MeshPaint (101)
[2017.09.07-01.21.58:234][966]LogModuleManager: Shutting down and abandoning module PixelInspectorModule (100)
[2017.09.07-01.21.58:234][966]LogModuleManager: Shutting down and abandoning module HotReload (99)
[2017.09.07-01.21.58:235][966]LogModuleManager: Shutting down and abandoning module MainFrame (98)
[2017.09.07-01.21.58:236][966]LogModuleManager: Shutting down and abandoning module LevelEditor (97)
[2017.09.07-01.21.58:238][966]LogModuleManager: Shutting down and abandoning module ContentBrowser (96)
[2017.09.07-01.21.58:241][966]LogModuleManager: Shutting down and abandoning module Paper2DEditor (95)
[2017.09.07-01.21.58:241][966]LogModuleManager: Shutting down and abandoning module UdpMessaging (94)
[2017.09.07-01.21.58:343][966]LogModuleManager: Shutting down and abandoning module LightPropagationVolumeRuntime (93)
[2017.09.07-01.21.58:343][966]LogModuleManager: Shutting down and abandoning module Paper2D (92)
[2017.09.07-01.21.58:343][966]LogModuleManager: Shutting down and abandoning module WindowsMoviePlayer (91)
[2017.09.07-01.21.58:343][966]LogModuleManager: Shutting down and abandoning module Media (90)
[2017.09.07-01.21.58:343][966]LogModuleManager: Shutting down and abandoning module WmfMedia (89)
[2017.09.07-01.21.58:344][966]LogModuleManager: Shutting down and abandoning module MediaAssets (88)
[2017.09.07-01.21.58:344][966]LogModuleManager: Shutting down and abandoning module GameLiveStreaming (87)
[2017.09.07-01.21.58:344][966]LogModuleManager: Shutting down and abandoning module GameplayTagsEditor (86)
[2017.09.07-01.21.58:344][966]LogModuleManager: Shutting down and abandoning module OnlineBlueprintSupport (85)
[2017.09.07-01.21.58:344][966]LogModuleManager: Shutting down and abandoning module VREditor (84)
[2017.09.07-01.21.58:344][966]LogModuleManager: Shutting down and abandoning module GameplayTasksEditor (83)
[2017.09.07-01.21.58:344][966]LogModuleManager: Shutting down and abandoning module PropertyEditor (82)
[2017.09.07-01.21.58:344][966]LogModuleManager: Shutting down and abandoning module BehaviorTreeEditor (81)
[2017.09.07-01.21.58:344][966]LogModuleManager: Shutting down and abandoning module FunctionalTesting (80)
[2017.09.07-01.21.58:344][966]LogModuleManager: Shutting down and abandoning module CollisionAnalyzer (79)
[2017.09.07-01.21.58:345][966]LogModuleManager: Shutting down and abandoning module Sequencer (78)
[2017.09.07-01.21.58:345][966]LogModuleManager: Shutting down and abandoning module WorkspaceMenuStructure (77)
[2017.09.07-01.21.58:345][966]LogModuleManager: Shutting down and abandoning module MessageLog (76)
[2017.09.07-01.21.58:345][966]LogModuleManager: Shutting down and abandoning module AssetTools (75)
[2017.09.07-01.21.58:345][966]LogModuleManager: Shutting down and abandoning module UMGEditor (74)
[2017.09.07-01.21.58:345][966]LogModuleManager: Shutting down and abandoning module UMG (73)
[2017.09.07-01.21.58:346][966]LogModuleManager: Shutting down and abandoning module SlateReflector (72)
[2017.09.07-01.21.58:346][966]LogModuleManager: Shutting down and abandoning module Slate (71)
[2017.09.07-01.21.58:346][966]LogModuleManager: Shutting down and abandoning module EditorStyle (70)
[2017.09.07-01.21.58:357][966]LogModuleManager: Shutting down and abandoning module SourceCodeAccess (69)
[2017.09.07-01.21.58:357][966]LogModuleManager: Shutting down and abandoning module HeadMountedDisplay (68)
[2017.09.07-01.21.58:357][966]LogModuleManager: Shutting down and abandoning module XAudio2 (67)
[2017.09.07-01.21.58:357][966]LogModuleManager: Shutting down and abandoning module Networking (65)
[2017.09.07-01.21.58:357][966]LogModuleManager: Shutting down and abandoning module Core (64)
[2017.09.07-01.21.58:357][966]LogModuleManager: Shutting down and abandoning module DirectoryWatcher (63)
[2017.09.07-01.21.58:360][966]LogModuleManager: Shutting down and abandoning module AssetRegistry (62)
[2017.09.07-01.21.58:960][966]LogModuleManager: Shutting down and abandoning module KismetCompiler (61)
[2017.09.07-01.21.58:960][966]LogModuleManager: Shutting down and abandoning module PhysXFormats (60)
[2017.09.07-01.21.58:960][966]LogModuleManager: Shutting down and abandoning module MeshUtilities (59)
[2017.09.07-01.21.58:960][966]LogModuleManager: Shutting down and abandoning module DerivedDataCache (58)
[2017.09.07-01.21.59:006][966]LogDerivedDataCache: Shutdown
[2017.09.07-01.21.59:007][966]LogModuleManager: Shutting down and abandoning module VulkanShaderFormat (57)
[2017.09.07-01.21.59:007][966]LogModuleManager: Shutting down and abandoning module ShaderFormatOpenGL (56)
[2017.09.07-01.21.59:007][966]LogModuleManager: Shutting down and abandoning module ShaderFormatD3D (55)
[2017.09.07-01.21.59:007][966]LogModuleManager: Shutting down and abandoning module MetalShaderFormat (54)
[2017.09.07-01.21.59:007][966]LogModuleManager: Shutting down and abandoning module TextureFormatUncompressed (53)
[2017.09.07-01.21.59:007][966]LogModuleManager: Shutting down and abandoning module TextureFormatPVR (52)
[2017.09.07-01.21.59:007][966]LogModuleManager: Shutting down and abandoning module TextureFormatIntelISPCTexComp (51)
[2017.09.07-01.21.59:007][966]LogModuleManager: Shutting down and abandoning module TextureFormatDXT (50)
[2017.09.07-01.21.59:007][966]LogModuleManager: Shutting down and abandoning module ImageWrapper (49)
[2017.09.07-01.21.59:007][966]LogModuleManager: Shutting down and abandoning module TextureFormatASTC (48)
[2017.09.07-01.21.59:007][966]LogModuleManager: Shutting down and abandoning module TextureFormatAndroid (47)
[2017.09.07-01.21.59:007][966]LogModuleManager: Shutting down and abandoning module AudioFormatOpus (46)
[2017.09.07-01.21.59:007][966]LogModuleManager: Shutting down and abandoning module AudioFormatOgg (45)
[2017.09.07-01.21.59:008][966]LogModuleManager: Shutting down and abandoning module AudioFormatADPCM (44)
[2017.09.07-01.21.59:008][966]LogModuleManager: Shutting down and abandoning module LinuxTargetPlatform (43)
[2017.09.07-01.21.59:008][966]LogModuleManager: Shutting down and abandoning module LinuxServerTargetPlatform (42)
[2017.09.07-01.21.59:008][966]LogModuleManager: Shutting down and abandoning module LinuxNoEditorTargetPlatform (41)
[2017.09.07-01.21.59:008][966]LogModuleManager: Shutting down and abandoning module TVOSTargetPlatform (40)
[2017.09.07-01.21.59:008][966]LogModuleManager: Shutting down and abandoning module Messaging (39)
[2017.09.07-01.21.59:008][966]LogModuleManager: Shutting down and abandoning module IOSTargetPlatform (38)
[2017.09.07-01.21.59:008][966]LogModuleManager: Shutting down and abandoning module HTML5TargetPlatform (37)
[2017.09.07-01.21.59:008][966]LogModuleManager: Shutting down and abandoning module Android_PVRTCTargetPlatform (36)
[2017.09.07-01.21.59:008][966]LogModuleManager: Shutting down and abandoning module Android_MultiTargetPlatform (35)
[2017.09.07-01.21.59:008][966]LogModuleManager: Shutting down and abandoning module Android_ETC2TargetPlatform (34)
[2017.09.07-01.21.59:008][966]LogModuleManager: Shutting down and abandoning module Android_ETC1TargetPlatform (33)
[2017.09.07-01.21.59:008][966]LogModuleManager: Shutting down and abandoning module Android_DXTTargetPlatform (32)
[2017.09.07-01.21.59:008][966]LogModuleManager: Shutting down and abandoning module Android_ATCTargetPlatform (31)
[2017.09.07-01.21.59:008][966]LogModuleManager: Shutting down and abandoning module Android_ASTCTargetPlatform (30)
[2017.09.07-01.21.59:008][966]LogModuleManager: Shutting down and abandoning module AndroidTargetPlatform (29)
[2017.09.07-01.21.59:008][966]LogModuleManager: Shutting down and abandoning module WindowsTargetPlatform (28)
[2017.09.07-01.21.59:009][966]LogModuleManager: Shutting down and abandoning module WindowsServerTargetPlatform (27)
[2017.09.07-01.21.59:009][966]LogModuleManager: Shutting down and abandoning module WindowsNoEditorTargetPlatform (26)
[2017.09.07-01.21.59:009][966]LogModuleManager: Shutting down and abandoning module WindowsClientTargetPlatform (25)
[2017.09.07-01.21.59:009][966]LogModuleManager: Shutting down and abandoning module AllDesktopTargetPlatform (24)
[2017.09.07-01.21.59:009][966]LogModuleManager: Shutting down and abandoning module TargetPlatform (23)
[2017.09.07-01.21.59:009][966]LogModuleManager: Shutting down and abandoning module InputCore (22)
[2017.09.07-01.21.59:009][966]LogModuleManager: Shutting down and abandoning module Settings (21)
[2017.09.07-01.21.59:009][966]LogModuleManager: Shutting down and abandoning module OnlineSubsystem (19)
[2017.09.07-01.21.59:009][966]LogModuleManager: Shutting down and abandoning module HTTP (18)
[2017.09.07-01.22.01:519][966]LogModuleManager: Shutting down and abandoning module XMPP (17)
[2017.09.07-01.22.01:519][966]LogModuleManager: Shutting down and abandoning module OculusRift (16)
[2017.09.07-01.22.01:519][966]LogModuleManager: Shutting down and abandoning module ExampleDeviceProfileSelector (15)
[2017.09.07-01.22.01:519][966]LogModuleManager: Shutting down and abandoning module TextureCompressor (14)
[2017.09.07-01.22.01:520][966]LogModuleManager: Shutting down and abandoning module ShaderCore (13)
[2017.09.07-01.22.01:520][966]LogModuleManager: Shutting down and abandoning module Landscape (12)
[2017.09.07-01.22.01:520][966]LogModuleManager: Shutting down and abandoning module SlateRHIRenderer (11)
[2017.09.07-01.22.01:529][966]LogModuleManager: Shutting down and abandoning module OpenGLDrv (10)
[2017.09.07-01.22.01:529][966]LogModuleManager: Shutting down and abandoning module D3D11RHI (9)
[2017.09.07-01.22.01:529][966]LogModuleManager: Shutting down and abandoning module AnimGraphRuntime (8)
[2017.09.07-01.22.01:529][966]LogModuleManager: Shutting down and abandoning module Renderer (7)
[2017.09.07-01.22.01:529][966]LogModuleManager: Shutting down and abandoning module Engine (6)
[2017.09.07-01.22.01:529][966]LogModuleManager: Shutting down and abandoning module CoreUObject (5)
[2017.09.07-01.22.01:529][966]LogModuleManager: Shutting down and abandoning module NetworkFile (4)
[2017.09.07-01.22.01:530][966]LogModuleManager: Shutting down and abandoning module StreamingFile (3)
[2017.09.07-01.22.01:530][966]LogModuleManager: Shutting down and abandoning module SandboxFile (2)
[2017.09.07-01.22.01:530][966]LogModuleManager: Shutting down and abandoning module PakFile (1)
[2017.09.07-01.22.01:535][966]LogExit: Exiting.
[2017.09.07-01.22.01:540][966]Log file closed, 09/06/17 20:22:01
