"../../../Engine/Content/EditorResources/S_Actor.uasset" 0
"../../../Engine/Content/EngineResources/AICON-Red.uasset" 1
"../../../Engine/Content/EngineResources/AICON-Green.uasset" 2
"../../../Engine/Content/EngineFonts/Roboto.uasset" 3
"../../../Engine/Content/Functions/Engine_MaterialFunctions01/Shading/PowerToRoughness.uasset" 4
"../../../Engine/Content/Functions/Engine_MaterialFunctions01/Shading/ConvertFromDiffSpec.uasset" 5
"../../../Engine/Content/EngineMaterials/DefaultDiffuse.uasset" 6
"../../../Engine/Content/EngineMaterials/DefaultDeferredDecalMaterial.uasset" 7
"../../../Engine/Content/EngineMaterials/DefaultLightFunctionMaterial.uasset" 8
"../../../Engine/Content/Functions/Engine_MaterialFunctions02/Utility/BreakOutFloat2Components.uasset" 9
"../../../Engine/Content/EngineMaterials/DefaultPostProcessMaterial.uasset" 10
"../../../Engine/Content/EngineResources/DefaultTexture.uasset" 11
"../../../Engine/Content/Functions/Engine_MaterialFunctions01/Texturing/ScaleUVsByCenter.uasset" 12
"../../../Engine/Content/Functions/Engine_MaterialFunctions02/ScreenResolution.uasset" 13
"../../../Engine/Content/Functions/Engine_MaterialFunctions02/Texturing/ScreenAlignedUVs.uasset" 14
"../../../Engine/Content/EngineResources/WhiteSquareTexture.uasset" 15
"../../../Engine/Content/EngineMaterials/Widget3DPassThrough.uasset" 16
"../../../Engine/Content/EngineMaterials/Widget3DPassThrough_Translucent.uasset" 17
"../../../Engine/Content/EngineMaterials/Widget3DPassThrough_Translucent_OneSided.uasset" 18
"../../../Engine/Content/EngineMaterials/Widget3DPassThrough_Opaque.uasset" 19
"../../../Engine/Content/EngineMaterials/Widget3DPassThrough_Opaque_OneSided.uasset" 20
"../../../Engine/Content/EngineMaterials/Widget3DPassThrough_Masked.uasset" 21
"../../../Engine/Content/EngineMaterials/Widget3DPassThrough_Masked_OneSided.uasset" 22
"../../../Engine/Content/Maps/Templates/Thumbnails/Default.uasset" 23
"../../../Engine/Content/Maps/Templates/Thumbnails/VR-Basic.uasset" 24
"../../../Engine/Content/EditorMaterials/ParticleSystems/PSysThumbnail_NoImage.uasset" 25
"../../../Engine/Content/EditorMaterials/ParticleSystems/PSysThumbnail_OOD.uasset" 26
"../../../Engine/Content/EditorLandscapeResources/DataLayer.uasset" 27
"../../../Engine/Content/EngineDamageTypes/DmgTypeBP_Environmental.uasset" 28
"../../../Engine/Content/EngineMeshes/Sphere.uasset" 29
"../../../Engine/Content/EngineFonts/RobotoDistanceField.uasset" 30
"../../../Engine/Content/EngineMaterials/DefaultTextMaterialOpaque.uasset" 31
"../../../Engine/Content/EditorResources/S_Trigger.uasset" 32
"../../../Engine/Content/EngineResources/GradientTexture0.uasset" 33
"../../../Engine/Content/EngineResources/Black.uasset" 34
"../../../Engine/Content/EditorMaterials/MatineeGroups/MAT_Groups_Float.uasset" 35
"../../../Engine/Content/EditorMaterials/MatineeGroups/MAT_Groups_Director.uasset" 36
"../../../Engine/Content/EditorMaterials/MatineeGroups/MAT_Groups_Event.uasset" 37
"../../../Engine/Content/EditorMaterials/MatineeGroups/MAT_Groups_Anim.uasset" 38
"../../../Engine/Content/EditorMaterials/MatineeGroups/MAT_Groups_Fade.uasset" 39
"../../../Engine/Content/EditorMaterials/MatineeGroups/MAT_Groups_Move.uasset" 40
"../../../Engine/Content/EditorMaterials/MatineeGroups/MAT_Groups_Slomo.uasset" 41
"../../../Engine/Content/EditorMaterials/MatineeGroups/MAT_ColorTrack.uasset" 42
"../../../Engine/Content/EditorMaterials/MAT_Groups_Toggle.uasset" 43
"../../../Engine/Content/EditorMaterials/MatineeGroups/MAT_Groups_AudioMaster.uasset" 44
"../../../Engine/Content/EditorMaterials/MatineeGroups/MAT_Groups_Sound.uasset" 45
"../../../Engine/Content/EditorMaterials/MatineeGroups/MAT_Groups_Vector.uasset" 46
"../../../Engine/Content/EditorMaterials/MAT_Groups_Visibility.uasset" 47
"../../../Engine/Content/EngineResources/DefaultTextureCube.uasset" 48
"../../../Engine/Content/Functions/Engine_MaterialFunctions01/Opacity/CameraDepthFade.uasset" 49
"../../../Engine/Content/EngineMaterials/T_Default_Material_Grid_M.uasset" 50
"../../../Engine/Content/EngineMaterials/T_Default_Material_Grid_N.uasset" 51
"../../../Engine/Content/EngineMaterials/DefaultMaterial.uasset" 52
"../../../Engine/Content/EngineMeshes/Cylinder.uasset" 53
"../../../Engine/Content/EngineTireTypes/DefaultTireType.uasset" 54
"../../../Engine/Content/EditorMaterials/Camera/CineMat.uasset" 55
"../../../Engine/Content/EditorMaterials/Camera/MI_CineMat_Rig.uasset" 56
"../../../Engine/Content/EditorMeshes/Camera/SM_CraneRig_Base.uasset" 57
"../../../Engine/Content/EditorMeshes/Camera/SM_CraneRig_Arm.uasset" 58
"../../../Engine/Content/EditorMeshes/Camera/SM_CraneRig_Mount.uasset" 59
"../../../Engine/Content/EditorMeshes/Camera/SM_CraneRig_Body.uasset" 60
"../../../Engine/Content/EditorMeshes/Camera/SM_RailRig_Track.uasset" 61
"../../../Engine/Content/EditorMeshes/Camera/SM_RailRig_Mount.uasset" 62
"../../../Engine/Content/VREditor/LaserPointer/VR_LaserPower_01.uasset" 63
"../../../Engine/Content/VREditor/TransformGizmo/TransformGizmoMaterial.uasset" 64
"../../../Engine/Content/VREditor/TransformGizmo/TranslucentTransformGizmoMaterial.uasset" 65
"../../../Engine/Content/VREditor/TransformGizmo/TranslationHandle.uasset" 66
"../../../Engine/Content/VREditor/TransformGizmo/PlaneTranslationHandle.uasset" 67
"../../../Engine/Content/VREditor/TransformGizmo/RotationHandle.uasset" 68
"../../../Engine/Content/VREditor/TransformGizmo/StretchingHandle.uasset" 69
"../../../Engine/Content/VREditor/TransformGizmo/BoundingBoxCorner.uasset" 70
"../../../Engine/Content/VREditor/TransformGizmo/BoundingBoxEdge.uasset" 71
"../../../Engine/Content/VREditor/TransformGizmo/UniformScaleHandle.uasset" 72
"../../../Engine/Content/VREditor/FloatingText/LineMaterial.uasset" 73
"../../../Engine/Content/VREditor/FloatingText/LineSegmentCylinder.uasset" 74
"../../../Engine/Content/VREditor/FloatingText/JointSphere.uasset" 75
"../../../Engine/Content/VREditor/Fonts/VRText_RobotoLarge.uasset" 76
"../../../Engine/Content/VREditor/Fonts/VRTextMaterial.uasset" 77
"../../../Engine/Content/VREditor/Fonts/TranslucentVRTextMaterial.uasset" 78
"../../../Engine/Content/VREditor/UI/SelectionBarMesh.uasset" 79
"../../../Engine/Content/VREditor/UI/CloseButtonMesh.uasset" 80
"../../../Engine/Content/Tutorial/ContentIntroCurve.uasset" 81
"../../../Engine/Plugins/2D/Paper2D/Content/PlaceholderTextures/DummySpriteTexture.uasset" 82
"../../../Engine/Plugins/2D/Paper2D/Content/DefaultSpriteMaterial.uasset" 83
"../../../Engine/Plugins/2D/Paper2D/Content/MaskedUnlitSpriteMaterial.uasset" 84
"../../../Engine/Plugins/2D/Paper2D/Content/OpaqueUnlitSpriteMaterial.uasset" 85
"../../../Engine/Plugins/2D/Paper2D/Content/DummySprite.uasset" 86
"../../../Engine/Plugins/2D/Paper2D/Content/DefaultPaperTerrainMaterial.uasset" 87
"../../../Engine/Content/EngineMaterials/RemoveSurfaceMaterial.uasset" 88
"../../../Engine/Content/EngineDebugMaterials/DebugMeshMaterial.uasset" 89
"../../../Engine/Content/EngineMaterials/InvalidLightmapSettings.uasset" 90
"../../../Engine/Content/EngineMaterials/M_InvalidLightmapSettings.uasset" 91
"../../../Engine/Content/EditorMaterials/GizmoMaterial.uasset" 92
"../../../Engine/Content/EngineMaterials/Good64x64TilingNoiseHighFreq.uasset" 93
"../../../Engine/Content/EngineMaterials/DefaultBokeh.uasset" 94
"../../../Engine/Content/EngineMaterials/PreintegratedSkinBRDF.uasset" 95
"../../../Engine/Content/EngineMaterials/MiniFont.uasset" 96
"../../../Engine/Content/EngineMaterials/WeightMapPlaceholderTexture.uasset" 97
"../../../Engine/Content/EngineMaterials/DefaultWhiteGrid.uasset" 98
"../../../Engine/Content/EngineFonts/RobotoTiny.uasset" 99
"../../../Engine/Content/EditorSounds/Notifications/CompileSuccess.uasset" 100
"../../../Engine/Content/EditorSounds/Notifications/CompileStart_Cue.uasset" 101
"../../../Engine/Content/EditorSounds/Notifications/CompileSuccess_Cue.uasset" 102
"../../../Engine/Content/EditorSounds/Notifications/CompileFailed.uasset" 103
"../../../Engine/Content/EditorSounds/Notifications/CompileFailed_Cue.uasset" 104
"../../../Engine/Content/MobileResources/HUD/MobileHUDButton1_off.uasset" 105
"../../../Engine/Content/MobileResources/HUD/MobileHUDDirectionPad.uasset" 106
"../../../Engine/Content/MobileResources/HUD/T_Castle_ThumbstickInner.uasset" 107
"../../../LIF_TG/Content/Proyecto/GUI/GameController_LIF_2.uasset" 108
"../../../LIF_TG/Content/Geometry/Meshes/CubeMaterial.uasset" 109
"../../../LIF_TG/Content/Geometry/Meshes/1M_Cube_Chamfer.uasset" 110
"../../../LIF_TG/Content/Geometry/Meshes/TemplateFloor.uasset" 111
"../../../LIF_TG/Content/Proyecto/GUI/BGUIC_02.uasset" 112
"../../../Engine/Content/EditorResources/EmptyActor.uasset" 113
"../../../Engine/Content/MobileResources/HUD/AnalogHat.uasset" 114
"../../../Engine/Content/MobileResources/HUD/VirtualJoystick_Background.uasset" 115
"../../../Engine/Content/MobileResources/HUD/VirtualJoystick_Thumb.uasset" 116
"../../../Engine/Content/MobileResources/HUD/DefaultVirtualJoysticks.uasset" 117
"../../../Engine/Content/MobileResources/HUD/MobileHUDButton1_on.uasset" 118
"../../../Engine/Content/MobileResources/HUD/MobileHUDButtonFire.uasset" 119
"../../../Engine/Content/MobileResources/HUD/MobileHUDDirectionPad3.uasset" 120
"../../../Engine/Content/MobileResources/HUD/T_Castle_ThumbstickOutter.uasset" 121
"../../../Engine/Content/EditorResources/AudioIcons/S_AudioComponent_AutoActivate.uasset" 122
"../../../LIF_TG/Content/FirstPerson/FPWeapon/Mesh/SK_FPGun_PhysicsAsset.uasset" 123
"../../../LIF_TG/Content/Proyecto/GUI/danio_04.uasset" 124
"../../../LIF_TG/Content/Proyecto/GUI/mat_sangre.uasset" 125
"../../../LIF_TG/Content/Proyecto/GUI/danio_02.uasset" 126
"../../../LIF_TG/Content/Proyecto/GUI/BGUIM_02.uasset" 127
"../../../Engine/Content/MobileResources/HUD/MobileHUDDirectionPad2.uasset" 128
"../../../Engine/Content/MobileResources/T_MobileMenu2.uasset" 129
"../../../Engine/Content/Functions/Engine_MaterialFunctions01/Density/ExponentialDensity.uasset" 130
"../../../Engine/Content/Functions/Engine_MaterialFunctions01/Gradient/RadialGradientExponential.uasset" 131
"../../../LIF_TG/Content/Proyecto/Particulas/recover/recoverMaterial.uasset" 132
"../../../LIF_TG/Content/Proyecto/Particulas/recover/recoverParticle.uasset" 133
"../../../LIF_TG/Content/Proyecto/Particulas/leaves/leafTexture.uasset" 134
"../../../LIF_TG/Content/FirstPerson/FPWeapon/Materials/MaterialLayers/ML_Plastic_Shiny_Beige_LOGO.uasset" 135
"../../../Engine/Content/MobileResources/HUD/MobileHUDDirectionStick.uasset" 136
"../../../Engine/Content/MobileResources/HUD/MobileHUDButton2_on.uasset" 137
"../../../LIF_TG/Content/Proyecto/Agua/OceanWater_500x500_Normal.uasset" 138
"../../../LIF_TG/Content/Proyecto/Agua/Agua_1.uasset" 139
"../../../Engine/Content/MobileResources/HUD/LeftVirtualJoystickOnly.uasset" 140
"../../../Engine/Content/MobileResources/T_MobileControls_texture.uasset" 141
"../../../LIF_TG/Content/FirstPerson/FPWeapon/Materials/MaterialLayers/T_ML_FineRubber.uasset" 142
"../../../Engine/Content/MobileResources/HUD/MobileHUDButton2_off.uasset" 143
"../../../LIF_TG/Content/Proyecto/Menu/LIF_MENU.uasset" 144
"../../../Engine/Content/MobileResources/HUD/MobileHUDButton3.uasset" 145
"../../../Engine/Content/BasicShapes/Cone.uasset" 146
"../../../Engine/Content/BasicShapes/Sphere.uasset" 147
"../../../Engine/Content/EditorMaterials/PhAT_JointLimitMaterial.uasset" 148
"../../../Engine/Content/EditorMaterials/PreviewShadowIndicator.uasset" 149
"../../../Engine/Content/EditorMaterials/PreviewShadowIndicatorMaterial.uasset" 150
"../../../Engine/Content/EditorMeshes/ColorCalibrator/M_ChromeBall.uasset" 151
"../../../Engine/Content/EditorMeshes/ColorCalibrator/M_ClearCoat.uasset" 152
"../../../Engine/Content/EditorMeshes/ColorCalibrator/M_ClearCoatBlack.uasset" 153
"../../../Engine/Content/EditorMeshes/ColorCalibrator/T_ColorGrid.uasset" 154
"../../../Engine/Content/EditorMeshes/ColorCalibrator/M_ColorGrid.uasset" 155
"../../../Engine/Content/EditorMeshes/ColorCalibrator/M_GreyBall.uasset" 156
"../../../Engine/Content/EditorMeshes/ColorCalibrator/SM_ColorCalibrator.uasset" 157
"../../../Engine/Content/EditorResources/BSPVertex.uasset" 158
"../../../Engine/Content/EngineDebugMaterials/HeatmapGradient.uasset" 159
"../../../Engine/Content/EngineDebugMaterials/BoneWeightMaterial.uasset" 160
"../../../Engine/Content/EngineDebugMaterials/GeomMaterial.uasset" 161
"../../../Engine/Content/EngineMaterials/EditorBrushMaterial.uasset" 162
"../../../Engine/Content/EngineMeshes/Cube.uasset" 163
"../../../Engine/Content/Tutorial/Basics/TutorialAssets/icon_tab_Levels_40x.uasset" 164
"../../../Engine/Content/Tutorial/BlueprintTutorials/TutorialAssets/BlueprintInterface_64x.uasset" 165
"../../../Engine/Content/Tutorial/BlueprintTutorials/TutorialAssets/BlueprintMacroLibrary_64x.uasset" 166
"../../../Engine/Content/Tutorial/BlueprintTutorials/TutorialAssets/Blueprint_64x.uasset" 167
"../../../Engine/Content/Tutorial/BlueprintTutorials/TutorialAssets/Tutorial_BP_Interface.uasset" 168
"../../../Engine/Content/Tutorial/Foliage/TutorialAssets/Foliage.uasset" 169
"../../../Engine/Content/Tutorial/Landscape/TutorialAssets/Landscape.uasset" 170
"../../../Engine/Content/Tutorial/Paper2D/TutorialAssets/Paper2DFlipbook_TutorialIcon.uasset" 171
"../../../Engine/Content/Tutorial/Paper2D/TutorialAssets/Paper2DSprite_TutorialIcon.uasset" 172
"../../../Engine/Content/Tutorial/SubEditors/TutorialAssets/icon_Editor_Preferences_General_40x.uasset" 173
"../../../Engine/Content/Tutorial/SubEditors/TutorialAssets/icon_ShowSkeletalMeshes_40x.uasset" 174
"../../../Engine/Content/Tutorial/SubEditors/TutorialAssets/TutorialMaterial.uasset" 175
"../../../Engine/Content/Tutorial/SubEditors/TutorialAssets/T_SmokeSubUV_8X8.uasset" 176
"../../../Engine/Content/Tutorial/SubEditors/TutorialAssets/T_soft_smoke.uasset" 177
"../../../Engine/Content/Tutorial/SubEditors/TutorialAssets/M_smoke_subUV_blackbody.uasset" 178
"../../../Engine/Content/Tutorial/SubEditors/TutorialAssets/TutorialParticleSystem.uasset" 179
"../../../Engine/Content/EngineMaterials/WorldGridMaterial.uasset" 180
"../../../Engine/Content/EditorMeshes/EditorCube.uasset" 181
"../../../Engine/Content/Tutorial/SubEditors/TutorialAssets/Tutorial_DM.uasset" 182
"../../../LIF_TG/Content/FirstPerson/Character/Mesh/SK_Mannequin_Arms_Skeleton.uasset" 183
"../../../LIF_TG/Content/FirstPerson/Animations/FirstPerson_Idle.uasset" 184
"../../../LIF_TG/Content/FirstPerson/Animations/FirstPerson_JumpEnd.uasset" 185
"../../../LIF_TG/Content/FirstPerson/Animations/FirstPerson_JumpLoop.uasset" 186
"../../../LIF_TG/Content/FirstPerson/Animations/FirstPerson_JumpStart.uasset" 187
"../../../LIF_TG/Content/FirstPerson/Animations/FirstPerson_Run.uasset" 188
"../../../Engine/Content/EditorBlueprintResources/StandardMacros.uasset" 189
"../../../LIF_TG/Content/FirstPerson/Animations/FirstPerson_AnimBP.uasset" 190
"../../../LIF_TG/Content/FirstPerson/Animations/FirstPerson_Fire.uasset" 191
"../../../LIF_TG/Content/FirstPerson/Animations/FirstPersonFire_Montage.uasset" 192
"../../../LIF_TG/Content/FirstPerson/Meshes/BaseMaterial.uasset" 193
"../../../LIF_TG/Content/FirstPerson/Meshes/FirstPersonProjectileMaterial.uasset" 194
"../../../LIF_TG/Content/FirstPerson/Meshes/FirstPersonProjectileMesh.uasset" 195
"../../../LIF_TG/Content/Proyecto/Objetos/phongE1.uasset" 196
"../../../LIF_TG/Content/Proyecto/Objetos/Bala_01.uasset" 197
"../../../LIF_TG/Content/FirstPersonBP/Blueprints/FirstPersonProjectile.uasset" 198
"../../../LIF_TG/Content/FirstPerson/Audio/FirstPersonTemplateWeaponFire02.uasset" 199
"../../../Engine/Content/Functions/Engine_MaterialFunctions02/Utility/BlendAngleCorrectedNormals.uasset" 200
"../../../Engine/Content/Functions/MaterialLayerFunctions/MatLayerBlend_NormalBlend.uasset" 201
"../../../Engine/Content/Functions/MaterialLayerFunctions/MatLayerBlend_Simple.uasset" 202
"../../../LIF_TG/Content/FirstPerson/Character/Materials/MaterialLayers/T_ML_Rubber_Blue_01_D.uasset" 203
"../../../LIF_TG/Content/FirstPerson/Character/Materials/MaterialLayers/T_ML_Rubber_Blue_01_N.uasset" 204
"../../../LIF_TG/Content/FirstPerson/Character/Materials/MaterialLayers/ML_GlossyBlack_Latex_UE4.uasset" 205
"../../../LIF_TG/Content/FirstPerson/Character/Materials/MaterialLayers/ML_Plastic_Shiny_Beige.uasset" 206
"../../../LIF_TG/Content/FirstPerson/Character/Textures/UE4_LOGO_CARD.uasset" 207
"../../../LIF_TG/Content/FirstPerson/Character/Materials/MaterialLayers/ML_Plastic_Shiny_Beige_LOGO.uasset" 208
"../../../LIF_TG/Content/FirstPerson/Character/Materials/MaterialLayers/T_ML_Aluminum01.uasset" 209
"../../../LIF_TG/Content/FirstPerson/Character/Materials/MaterialLayers/T_ML_Aluminum01_N.uasset" 210
"../../../LIF_TG/Content/FirstPerson/Character/Materials/MaterialLayers/ML_SoftMetal_UE4.uasset" 211
"../../../LIF_TG/Content/FirstPerson/Character/Textures/UE4_Mannequin__normals.uasset" 212
"../../../LIF_TG/Content/FirstPerson/Character/Textures/UE4_Mannequin_MAT_MASKA.uasset" 213
"../../../LIF_TG/Content/FirstPerson/Character/Materials/M_UE4Man_Body.uasset" 214
"../../../LIF_TG/Content/FirstPerson/Character/Mesh/SK_Mannequin_Arms_PhysicsAsset.uasset" 215
"../../../LIF_TG/Content/FirstPerson/Character/Mesh/SK_Mannequin_Arms.uasset" 216
"../../../LIF_TG/Content/FirstPerson/FPWeapon/Materials/MaterialLayers/T_ML_Rubber_Blue_01_D.uasset" 217
"../../../LIF_TG/Content/FirstPerson/FPWeapon/Materials/MaterialLayers/T_ML_Rubber_Blue_01_N.uasset" 218
"../../../LIF_TG/Content/FirstPerson/FPWeapon/Materials/MaterialLayers/ML_GlossyBlack_Latex_UE4.uasset" 219
"../../../LIF_TG/Content/FirstPerson/FPWeapon/Materials/MaterialLayers/ML_Plastic_Shiny_Beige.uasset" 220
"../../../LIF_TG/Content/FirstPerson/FPWeapon/Materials/MaterialLayers/ML_Screen.uasset" 221
"../../../LIF_TG/Content/FirstPerson/FPWeapon/Materials/MaterialLayers/T_ML_Aluminum01.uasset" 222
"../../../LIF_TG/Content/FirstPerson/FPWeapon/Materials/MaterialLayers/T_ML_Aluminum01_N.uasset" 223
"../../../LIF_TG/Content/FirstPerson/FPWeapon/Materials/MaterialLayers/ML_SoftMetal_UE4.uasset" 224
"../../../LIF_TG/Content/FirstPerson/FPWeapon/Textures/T_FPGun_M.uasset" 225
"../../../LIF_TG/Content/FirstPerson/FPWeapon/Textures/T_FPGun_N.uasset" 226
"../../../LIF_TG/Content/FirstPerson/FPWeapon/Materials/M_FPGun.uasset" 227
"../../../LIF_TG/Content/FirstPerson/FPWeapon/Mesh/SK_FPGun_Skeleton.uasset" 228
"../../../LIF_TG/Content/FirstPerson/FPWeapon/Mesh/SK_FPGun.uasset" 229
"../../../LIF_TG/Content/Proyecto/Menu/LIF.uasset" 230
"../../../LIF_TG/Content/Proyecto/Ganaste/GUI_GANAR.uasset" 231
"../../../LIF_TG/Content/Proyecto/GUI/BGUIC_01.uasset" 232
"../../../LIF_TG/Content/Proyecto/GUI/BGUIM_01.uasset" 233
"../../../LIF_TG/Content/Proyecto/GUI/GUI_bala_01.uasset" 234
"../../../LIF_TG/Content/Proyecto/GUI/GUI_objetivo.uasset" 235
"../../../LIF_TG/Content/Proyecto/GUI/redVersion/0.uasset" 236
"../../../LIF_TG/Content/Proyecto/GUI/redVersion/1.uasset" 237
"../../../LIF_TG/Content/Proyecto/GUI/redVersion/10.uasset" 238
"../../../LIF_TG/Content/Proyecto/GUI/redVersion/2.uasset" 239
"../../../LIF_TG/Content/Proyecto/GUI/redVersion/3.uasset" 240
"../../../LIF_TG/Content/Proyecto/GUI/redVersion/4.uasset" 241
"../../../LIF_TG/Content/Proyecto/GUI/redVersion/5.uasset" 242
"../../../LIF_TG/Content/Proyecto/GUI/redVersion/6.uasset" 243
"../../../LIF_TG/Content/Proyecto/GUI/redVersion/7.uasset" 244
"../../../LIF_TG/Content/Proyecto/GUI/redVersion/8.uasset" 245
"../../../LIF_TG/Content/Proyecto/GUI/redVersion/9.uasset" 246
"../../../LIF_TG/Content/Proyecto/GUI/Trampas.uasset" 247
"../../../LIF_TG/Content/Proyecto/Menu/GUI.uasset" 248
"../../../LIF_TG/Content/Proyecto/Menu/Logo.uasset" 249
"../../../LIF_TG/Content/Proyecto/Menu/PauseMenu/Menu_Pause.uasset" 250
"../../../LIF_TG/Content/Proyecto/Objetos/phong1.uasset" 251
"../../../LIF_TG/Content/Proyecto/Objetos/Shotgun.uasset" 252
"../../../LIF_TG/Content/FirstPersonBP/Blueprints/FirstPersonCharacter.uasset" 253
"../../../Engine/Content/EngineSky/C_Sky_Cloud_Color.uasset" 254
"../../../Engine/Content/EngineSky/C_Sky_Horizon_Color.uasset" 255
"../../../Engine/Content/EngineSky/C_Sky_Zenith_Color.uasset" 256
"../../../Engine/Content/EngineSky/T_Sky_Blue.uasset" 257
"../../../Engine/Content/EngineSky/T_Sky_Clouds_M.uasset" 258
"../../../Engine/Content/EngineSky/T_Sky_Stars.uasset" 259
"../../../Engine/Content/EngineSky/M_Sky_Panning_Clouds2.uasset" 260
"../../../Engine/Content/EngineSky/SM_SkySphere.uasset" 261
"../../../Engine/Content/EngineSky/BP_Sky_Sphere.uasset" 262
"../../../LIF_TG/Content/FirstPerson/Textures/FirstPersonCrosshair.uasset" 263
"../../../LIF_TG/Content/FirstPersonBP/Blueprints/FirstPersonHUD.uasset" 264
"../../../LIF_TG/Content/FirstPersonBP/Blueprints/FirstPersonGameMode.uasset" 265
"../../../Engine/Content/Functions/Engine_MaterialFunctions03/Procedurals/ComputeFilterWidth.uasset" 266
"../../../Engine/Content/EngineMaterials/AntiAliasedTextMaterialTranslucent.uasset" 267
"../../../LIF_TG/Content/FirstPerson/Meshes/CubeMaterialOverride.uasset" 268
"../../../LIF_TG/Content/Geometry/Meshes/1M_Cube.uasset" 269
"../../../LIF_TG/Content/FirstPersonBP/Maps/FirstPersonExampleMap.umap" 270
"../../../LIF_TG/Content/Proyecto/GUI/GameController_LIF_3.uasset" 271
"../../../LIF_TG/Content/Proyecto/imagenes_con_licencia/attribution_icon_white_x2.uasset" 272
"../../../LIF_TG/Content/Proyecto/imagenes_con_licencia/cc_icon_0.uasset" 273
"../../../LIF_TG/Content/Proyecto/imagenes_con_licencia/cc_icon_white_x2.uasset" 274
"../../../LIF_TG/Content/Proyecto/imagenes_con_licencia/Grass_e68_500x500/Grass_3004322071_69bedc5e68_o_500x500.uasset" 275
"../../../LIF_TG/Content/Proyecto/imagenes_con_licencia/Ground_38f_500x500/Ground_3088247128_e5ebfc738f_o_500x500.uasset" 276
"../../../LIF_TG/Content/Proyecto/imagenes_con_licencia/Playground_Ground_Cover_Texture_500x500/Playground_Ground_Cover_Texture.uasset" 277
"../../../LIF_TG/Content/Proyecto/Objetos/Caldero/caldero.uasset" 278
"../../../LIF_TG/Content/Proyecto/Objetos/Caldero/metal_oxidado.uasset" 279
"../../../LIF_TG/Content/Proyecto/Objetos/Caldero/negro_1.uasset" 280
"../../../LIF_TG/Content/Proyecto/Objetos/Caldero/wood-1350173_640.uasset" 281
"../../../LIF_TG/Content/Proyecto/Terreno/Arboles/Tronco.uasset" 282
"../../../LIF_TG/Content/Proyecto/Terreno/Free_texture_wood.uasset" 283
"../../../LIF_TG/Content/Proyecto/Menu/MenuPrincipal.uasset" 284
"../../../LIF_TG/Content/Proyecto/Menu/Main_Menu.umap" 285
"../../../LIF_TG/Content/Proyecto/Objetos/Bengalas/phongE1.uasset" 286
"../../../LIF_TG/Content/Proyecto/Objetos/Bengalas/Bengala_Canon_01.uasset" 287
"../../../LIF_TG/Content/Proyecto/Blueprints/Bengala_Canon_01_Blueprint.uasset" 288
"../../../LIF_TG/Content/Proyecto/Objetos/Bengalas/Bengala_Mango_01.uasset" 289
"../../../LIF_TG/Content/Proyecto/Blueprints/Bengala_Mango_01_Blueprint.uasset" 290
"../../../LIF_TG/Content/Proyecto/Objetos/InteriorCabania/Conexion.uasset" 291
"../../../LIF_TG/Content/Proyecto/Objetos/InteriorCabania/lambert2.uasset" 292
"../../../LIF_TG/Content/Proyecto/Objetos/InteriorCabania/Negro.uasset" 293
"../../../LIF_TG/Content/Proyecto/Objetos/InteriorCabania/Contacto.uasset" 294
"../../../LIF_TG/Content/Proyecto/Blueprints/Contacto2_Blueprint.uasset" 295
"../../../LIF_TG/Content/Proyecto/Objetos/Pistola.uasset" 296
"../../../LIF_TG/Content/Proyecto/Blueprints/Pistola_Blueprint.uasset" 297
"../../../LIF_TG/Content/Proyecto/Objetos/teXture_-_Metal.uasset" 298
"../../../LIF_TG/Content/Proyecto/Objetos/lambert2.uasset" 299
"../../../LIF_TG/Content/Proyecto/Objetos/Trampa_oso.uasset" 300
"../../../LIF_TG/Content/Proyecto/Objetos/Trampa_oso_DM.uasset" 301
"../../../LIF_TG/Content/Proyecto/Blueprints/Trampa_oso_DM_Blueprint.uasset" 302
"../../../LIF_TG/Content/Proyecto/Terreno/madera.uasset" 303
"../../../LIF_TG/Content/Proyecto/Terreno/Puerta_03.uasset" 304
"../../../LIF_TG/Content/Proyecto/Terreno/Puerta_03_DM.uasset" 305
"../../../LIF_TG/Content/Proyecto/Terreno/Ventana_03.uasset" 306
"../../../LIF_TG/Content/Proyecto/Terreno/Ventana_03_DM.uasset" 307
"../../../LIF_TG/Content/Proyecto/Terreno/Bosque_sharedassets/Grass_2_LayerInfo.uasset" 308
"../../../LIF_TG/Content/Proyecto/Terreno/Bosque_sharedassets/Grass_LayerInfo.uasset" 309
"../../../LIF_TG/Content/Proyecto/Terreno/Bosque_sharedassets/Ground_1_LayerInfo.uasset" 310
"../../../LIF_TG/Content/Proyecto/Agua/Agua_x.uasset" 311
"../../../LIF_TG/Content/Proyecto/Objetos/InteriorCabania/Botiquin_cerradura.uasset" 312
"../../../LIF_TG/Content/Proyecto/imagenes_con_licencia/Grass_e68_500x500/Grass_3004322071_69bedc5e68_o_500x500_AmbientOcc.uasset" 313
"../../../LIF_TG/Content/Proyecto/imagenes_con_licencia/Grass_e68_500x500/Grass_3004322071_69bedc5e68_o_500x500_Displacement.uasset" 314
"../../../LIF_TG/Content/Proyecto/imagenes_con_licencia/Grass_e68_500x500/Grass_3004322071_69bedc5e68_o_500x500_Normal.uasset" 315
"../../../LIF_TG/Content/Proyecto/imagenes_con_licencia/Grass_e68_500x500/Grass_3004322071_69bedc5e68_o_500x500_Specular.uasset" 316
"../../../LIF_TG/Content/Proyecto/imagenes_con_licencia/Ground_38f_500x500/Ground_3088247128_e5ebfc738f_o_AmbientOcc.uasset" 317
"../../../LIF_TG/Content/Proyecto/imagenes_con_licencia/Ground_38f_500x500/Ground_3088247128_e5ebfc738f_o_Displacement.uasset" 318
"../../../LIF_TG/Content/Proyecto/imagenes_con_licencia/Ground_38f_500x500/Ground_3088247128_e5ebfc738f_o_Normal.uasset" 319
"../../../LIF_TG/Content/Proyecto/imagenes_con_licencia/Ground_38f_500x500/Ground_3088247128_e5ebfc738f_o_Specular.uasset" 320
"../../../LIF_TG/Content/Proyecto/imagenes_con_licencia/Playground_Ground_Cover_Texture_500x500/Playground_Ground_Cover_Texture_Ambient_Occ.uasset" 321
"../../../LIF_TG/Content/Proyecto/imagenes_con_licencia/Playground_Ground_Cover_Texture_500x500/Playground_Ground_Cover_Texture_Displacement.uasset" 322
"../../../LIF_TG/Content/Proyecto/imagenes_con_licencia/Playground_Ground_Cover_Texture_500x500/Playground_Ground_Cover_Texture_Normal.uasset" 323
"../../../LIF_TG/Content/Proyecto/imagenes_con_licencia/Playground_Ground_Cover_Texture_500x500/Playground_Ground_Cover_Texture_Specular.uasset" 324
"../../../LIF_TG/Content/Proyecto/Terreno/mat_bosque.uasset" 325
"../../../Engine/Content/BasicShapes/Cube.uasset" 326
"../../../Engine/Content/BasicShapes/Cylinder.uasset" 327
"../../../Engine/Content/EngineMaterials/DefaultPhysicalMaterial.uasset" 328
"../../../LIF_TG/Content/Proyecto/Audio/PAJAROS_Cue.uasset" 329
"../../../LIF_TG/Content/Proyecto/Audio/SFX.uasset" 330
"../../../LIF_TG/Content/Proyecto/Audio/SFX_02__2__Cue.uasset" 331
"../../../LIF_TG/Content/Proyecto/GUI/GUI_CONTROLES.uasset" 332
"../../../LIF_TG/Content/Proyecto/Objetos/Free_texture_wood.uasset" 333
"../../../LIF_TG/Content/Proyecto/Objetos/Madera_1_Normal.uasset" 334
"../../../LIF_TG/Content/Proyecto/Objetos/madera.uasset" 335
"../../../LIF_TG/Content/Proyecto/Objetos/madera_piso.uasset" 336
"../../../LIF_TG/Content/Proyecto/Objetos/floor-1866663_640.uasset" 337
"../../../LIF_TG/Content/Proyecto/Objetos/Madera_x_Normal.uasset" 338
"../../../LIF_TG/Content/Proyecto/Objetos/madera_x.uasset" 339
"../../../LIF_TG/Content/Proyecto/Objetos/Cabania_T3.uasset" 340
"../../../LIF_TG/Content/Proyecto/Objetos/Caldero/Mat_Agarradera.uasset" 341
"../../../LIF_TG/Content/Proyecto/Objetos/Caldero/Mat_Cadena.uasset" 342
"../../../LIF_TG/Content/Proyecto/Objetos/Caldero/Mat_cuerda.uasset" 343
"../../../LIF_TG/Content/Proyecto/Objetos/Caldero/Mat_estante.uasset" 344
"../../../LIF_TG/Content/Proyecto/Objetos/Caldero/Mat_Olla.uasset" 345
"../../../LIF_TG/Content/Proyecto/Objetos/Caldero/Mat_Troncos.uasset" 346
"../../../LIF_TG/Content/Proyecto/Objetos/Caldero/Caldero_T3.uasset" 347
"../../../LIF_TG/Content/Proyecto/Objetos/InteriorCabania/Free_texture_wood.uasset" 348
"../../../LIF_TG/Content/Proyecto/Objetos/InteriorCabania/madera.uasset" 349
"../../../LIF_TG/Content/Proyecto/Objetos/InteriorCabania/Armario.uasset" 350
"../../../LIF_TG/Content/Proyecto/Objetos/InteriorCabania/Armario_puerta.uasset" 351
"../../../LIF_TG/Content/Proyecto/Objetos/InteriorCabania/Botiquin2.uasset" 352
"../../../LIF_TG/Content/Proyecto/Objetos/InteriorCabania/Botiquin_cruz.uasset" 353
"../../../LIF_TG/Content/Proyecto/Objetos/InteriorCabania/Botiquin.uasset" 354
"../../../LIF_TG/Content/Proyecto/Objetos/InteriorCabania/Cama.uasset" 355
"../../../LIF_TG/Content/Proyecto/Objetos/InteriorCabania/cuadroPared.uasset" 356
"../../../LIF_TG/Content/Proyecto/Objetos/InteriorCabania/mat_CuadroPared.uasset" 357
"../../../LIF_TG/Content/Proyecto/Objetos/InteriorCabania/Cuadro_Biza.uasset" 358
"../../../LIF_TG/Content/Proyecto/Objetos/InteriorCabania/cuadroPared_02.uasset" 359
"../../../LIF_TG/Content/Proyecto/Objetos/InteriorCabania/mat_CuadroPared_2.uasset" 360
"../../../LIF_TG/Content/Proyecto/Objetos/InteriorCabania/Cuadro_Rub.uasset" 361
"../../../LIF_TG/Content/Proyecto/Objetos/InteriorCabania/Metal.uasset" 362
"../../../LIF_TG/Content/Proyecto/Objetos/InteriorCabania/Transparencia.uasset" 363
"../../../LIF_TG/Content/Proyecto/Objetos/InteriorCabania/Foco.uasset" 364
"../../../LIF_TG/Content/Proyecto/Objetos/InteriorCabania/phongE1.uasset" 365
"../../../LIF_TG/Content/Proyecto/Objetos/InteriorCabania/phongE2.uasset" 366
"../../../LIF_TG/Content/Proyecto/Objetos/InteriorCabania/Lampara.uasset" 367
"../../../LIF_TG/Content/Proyecto/Objetos/InteriorCabania/Forro_de_libro.uasset" 368
"../../../LIF_TG/Content/Proyecto/Objetos/InteriorCabania/Hojas_de_libro.uasset" 369
"../../../LIF_TG/Content/Proyecto/Objetos/InteriorCabania/Libro.uasset" 370
"../../../LIF_TG/Content/Proyecto/Objetos/InteriorCabania/Mesa.uasset" 371
"../../../LIF_TG/Content/Proyecto/Objetos/InteriorCabania/MesaNoche.uasset" 372
"../../../LIF_TG/Content/Proyecto/Objetos/InteriorCabania/Puerta_armario_izq.uasset" 373
"../../../LIF_TG/Content/Proyecto/Objetos/InteriorCabania/Venda_1.uasset" 374
"../../../LIF_TG/Content/Proyecto/Objetos/phongE2.uasset" 375
"../../../LIF_TG/Content/Proyecto/Objetos/SniperRifle.uasset" 376
"../../../LIF_TG/Content/Proyecto/Particulas/bees/beeMaterial.uasset" 377
"../../../LIF_TG/Content/Proyecto/Particulas/bees/beeParticle.uasset" 378
"../../../LIF_TG/Content/Proyecto/Particulas/Particula.uasset" 379
"../../../LIF_TG/Content/Proyecto/Particulas/Mat_Particula.uasset" 380
"../../../LIF_TG/Content/Proyecto/Particulas/BrilloArma.uasset" 381
"../../../LIF_TG/Content/Proyecto/Particulas/fire/fireTexture.uasset" 382
"../../../LIF_TG/Content/Proyecto/Particulas/fire/fireMaterial.uasset" 383
"../../../LIF_TG/Content/Proyecto/Particulas/fire/fireParticle.uasset" 384
"../../../LIF_TG/Content/Proyecto/Particulas/leaves/leaf2.uasset" 385
"../../../LIF_TG/Content/Proyecto/Particulas/leaves/leaf.uasset" 386
"../../../LIF_TG/Content/Proyecto/Particulas/leaves/leave.uasset" 387
"../../../LIF_TG/Content/Proyecto/Particulas/leaves/leavelsMaterial.uasset" 388
"../../../LIF_TG/Content/Proyecto/Particulas/leaves/shinyTexture.uasset" 389
"../../../LIF_TG/Content/Proyecto/Particulas/leaves/shinyMaterial.uasset" 390
"../../../LIF_TG/Content/Proyecto/Particulas/leaves/leavesParticle.uasset" 391
"../../../LIF_TG/Content/Proyecto/Particulas/rain/rainMaterial.uasset" 392
"../../../LIF_TG/Content/Proyecto/Particulas/rain/rainParticle.uasset" 393
"../../../LIF_TG/Content/Proyecto/Terreno/Arboles/Hoja.uasset" 394
"../../../LIF_TG/Content/Proyecto/Terreno/Arboles/Mat_A1_Hojas.uasset" 395
"../../../LIF_TG/Content/Proyecto/Terreno/Arboles/Mat_A1_Tronco.uasset" 396
"../../../LIF_TG/Content/Proyecto/Terreno/Arboles/Arbol_01_T2.uasset" 397
"../../../LIF_TG/Content/Proyecto/Terreno/Arboles/TroncoMap.uasset" 398
"../../../LIF_TG/Content/Proyecto/Terreno/Arboles/Mat_A2_Tronco.uasset" 399
"../../../LIF_TG/Content/Proyecto/Terreno/Arboles/Arbol_02_T2.uasset" 400
"../../../LIF_TG/Content/Proyecto/Terreno/Arboles/Mat_A3_Hojas.uasset" 401
"../../../LIF_TG/Content/Proyecto/Terreno/Arboles/Mat_A3_Tronco.uasset" 402
"../../../LIF_TG/Content/Proyecto/Terreno/Arboles/Arbol_03_T2.uasset" 403
"../../../LIF_TG/Content/Proyecto/Terreno/Arboles/Mat_A4_Hojas.uasset" 404
"../../../LIF_TG/Content/Proyecto/Terreno/Arboles/Mat_A4_Tronco.uasset" 405
"../../../LIF_TG/Content/Proyecto/Terreno/Arboles/Arbol_04_T2.uasset" 406
"../../../LIF_TG/Content/Proyecto/Terreno/Arboles/Mat_A5_Hojas.uasset" 407
"../../../LIF_TG/Content/Proyecto/Terreno/Arboles/Mat_A5_Tronco.uasset" 408
"../../../LIF_TG/Content/Proyecto/Terreno/Arboles/Arbol_05_T2.uasset" 409
"../../../LIF_TG/Content/Proyecto/Terreno/Arboles/Mat_A6_Hojas.uasset" 410
"../../../LIF_TG/Content/Proyecto/Terreno/Arboles/Mat_A6_Tronco.uasset" 411
"../../../LIF_TG/Content/Proyecto/Terreno/Arboles/Arbol_06_T2.uasset" 412
"../../../LIF_TG/Content/Proyecto/Terreno/Arboles/Mat_A8_Hojas.uasset" 413
"../../../LIF_TG/Content/Proyecto/Terreno/Arboles/Mat_A8_Tronco.uasset" 414
"../../../LIF_TG/Content/Proyecto/Terreno/Arboles/Arbol_08_T2.uasset" 415
"../../../LIF_TG/Content/Proyecto/Terreno/Arboles/Mat_A9_Hojas.uasset" 416
"../../../LIF_TG/Content/Proyecto/Terreno/Arboles/Mat_A9_Tronco.uasset" 417
"../../../LIF_TG/Content/Proyecto/Terreno/Arboles/Arbol_09_T2.uasset" 418
"../../../LIF_TG/Content/Proyecto/Terreno/Arboles/Mat_A11_Hojas.uasset" 419
"../../../LIF_TG/Content/Proyecto/Terreno/Arboles/Mat_A11_Tronco.uasset" 420
"../../../LIF_TG/Content/Proyecto/Terreno/Arboles/Arbol_11_T2.uasset" 421
"../../../LIF_TG/Content/Proyecto/Terreno/Bosque_1.umap" 422
"../../../LIF_TG/Content/Proyecto/Ganaste/lvl_GANAR.umap" 423
"../../../Engine/Content/EngineMaterials/DefaultNormal.uasset" 424
"../../../Engine/Content/Maps/Entry.umap" 425
